=~=~=~=~=~=~=~=~=~=~=~= PuTTY log 2017.12.07 11:06:32 =~=~=~=~=~=~=~=~=~=~=~=

pict-01-sw2#Show cdp nei
Capability Codes: R - Router, T - Trans Bridge, B - Source Route Bridge
                  S - Switch, H - Host, I - IGMP, r - Repeater, P - Phone, 
                  D - Remote, C - CVTA, M - Two-port Mac Relay 

Device ID        Local Intrfce     Holdtme    Capability  Platform  Port ID
PICT-03-SW1.ads.westernpower.com.au
                 Gig 2/0/28        135             R S I  WS-C3750V Gig 1/0/1
PICT-01-SW3.ads.westernpower.com.au
                 Gig 2/0/21        151             R S I  WS-C3750V Gig 1/0/2
PICT-01-SW3.ads.westernpower.com.au
                 Gig 2/0/22        120             R S I  WS-C3750V Gig 2/0/2
PICT-02-SW1.ads.westernpower.com.au
                 Gig 2/0/27        129             R S I  WS-C3750V Gig 2/0/1
PICT-01-SW1.ads.westernpower.com.au
                 Gig 1/0/11        135             R S I  WS-C3850- Gig 1/0/11
PICT-01-SW1.ads.westernpower.com.au
                 Gig 1/0/12        150             R S I  WS-C3850- Gig 1/0/12
PICT-01-SW4.ads.westernpower.com.au
                 Gig 2/0/19        149             R S I  WS-C3750V Gig 1/0/3
pict-vg224-2.westernpower.com.au
                 Gig 2/0/13        173               R    VG224     Fas 0/1
pict-vg224-1.westernpower.com.au
                 Gig 2/0/12        169               R    VG224     Fas 0/1
PICT-01-R2.ads.westernpower.com.au
                 Gig 2/0/23        178            R B S I CISCO2921 Gig 0/0
pict-01-sw2#Show int status

Port      Name               Status       Vlan       Duplex  Speed Type
Gi1/0/1                      notconnect   1            auto   auto Not Present
Gi1/0/2                      notconnect   1            auto   auto Not Present
Gi1/0/3                      notconnect   1            auto   auto Not Present
Gi1/0/4                      notconnect   1            auto   auto Not Present
Gi1/0/5                      notconnect   1            auto   auto Not Present
Gi1/0/6                      notconnect   1            auto   auto Not Present
Gi1/0/7                      notconnect   1            auto   auto Not Present
Gi1/0/8                      notconnect   1            auto   auto Not Present
Gi1/0/9                      notconnect   1            auto   auto Not Present
Gi1/0/10                     notconnect   1            auto   auto Not Present
Gi1/0/11                     connected    trunk      a-full a-1000 1000BaseSX SFP
Gi1/0/12                     connected    trunk      a-full a-1000 1000BaseSX SFP
Gi2/0/1   PICT-FASSERVER02 N connected    trunk      a-full a-1000 10/100/1000BaseTX
Gi2/0/2   PICT-FASSERVER01 N connected    trunk      a-full a-1000 10/100/1000BaseTX
Gi2/0/3   pict-ESXSP04 NIC4  connected    trunk      a-full a-1000 10/100/1000BaseTX
Gi2/0/4   pict-ESXSP04 NIC3  connected    trunk      a-full a-1000 10/100/1000BaseTX
Gi2/0/5                      disabled     1            auto   auto 10/100/1000BaseTX
Gi2/0/6                      disabled     1            auto   auto 10/100/1000BaseTX
Gi2/0/7                      notconnect   1            auto   auto 10/100/1000BaseTX
Gi2/0/8   pict-ESXP03 ILO    connected    999        a-full a-1000 10/100/1000BaseTX
Gi2/0/9   pict-09-sw1 Fa1/0/ notconnect   routed       auto   auto 10/100/1000BaseTX
Gi2/0/10  PICT-FASSERVER01 N connected    trunk      a-full a-1000 10/100/1000BaseTX
Gi2/0/11  PICT-FASSERVER02 N connected    trunk      a-full a-1000 10/100/1000BaseTX
Gi2/0/12  pict-vg224-1 fa0/1 connected    routed     a-full  a-100 10/100/1000BaseTX
Gi2/0/13  pict-vg224-2 fa0/1 connected    routed     a-full  a-100 10/100/1000BaseTX
Gi2/0/14                     disabled     1            auto   auto 10/100/1000BaseTX
Gi2/0/15  pict-sanswfp01     connected    492        a-full  a-100 10/100/1000BaseTX
Gi2/0/16  pict-sanswfp02     connected    492        a-full  a-100 10/100/1000BaseTX
Gi2/0/17                     notconnect   1            auto   auto 10/100/1000BaseTX
Gi2/0/18  PICT-FASSERVER02 O connected    999        a-full  a-100 10/100/1000BaseTX
Gi2/0/19  pict-01-sw4 gi1/0/ connected    routed     a-full a-1000 10/100/1000BaseTX
Gi2/0/20  pict-ESXSP03 NIC3  connected    trunk      a-full a-1000 10/100/1000BaseTX
Gi2/0/21  pict-01-sw3 gi1/0/ connected    routed     a-full a-1000 10/100/1000BaseTX
Gi2/0/22  pict-01-sw3 gi2/0/ connected    routed     a-full a-1000 10/100/1000BaseTX
Gi2/0/23  pict-01-r2 gi0/0   connected    routed     a-full a-1000 10/100/1000BaseTX
Gi2/0/24  pict-ESXSP03 NIC4  connected    trunk      a-full a-1000 10/100/1000BaseTX
Gi2/0/27  pict-02-sw1 gi2/0/ connected    routed     a-full a-1000 1000BaseSX SFP
Gi2/0/28  pict-03-sw1 gi1/0/ connected    routed     a-full a-1000 1000BaseSX SFP
Te2/0/1                      notconnect   1            full    10G 10GBase-LRM
Po1       pict-01-sw1 po1 (C connected    trunk      a-full a-1000 
Po2       pict-01-sw3 po2    connected    routed     a-full a-1000 
Po3       pict-01-sw4 po2    connected    routed     a-full a-1000 
Po4       PICT-FASSERVER01 N connected    trunk      a-full a-1000 
Po5       PICT-FASSERVER02 N connected    trunk      a-full a-1000 
Fa0                          disabled     routed       auto   auto 10/100BaseTX
pict-01-sw2#Show ip arp
Protocol  Address          Age (min)  Hardware Addr   Type   Interface
Internet  10.71.0.1               -   0000.0c07.ac00  ARPA   Vlan499
Internet  10.71.0.2              80   00eb.d5a5.e1e9  ARPA   Vlan499
Internet  10.71.0.3               -   0025.46fb.1f53  ARPA   Vlan499
Internet  10.71.0.5               6   0050.56a1.1387  ARPA   Vlan499
Internet  10.71.0.10              1   0050.56b7.1726  ARPA   Vlan499
Internet  10.71.0.19              1   0050.56a1.71dc  ARPA   Vlan499
Internet  10.71.0.21              5   0050.56b7.5aac  ARPA   Vlan499
Internet  10.71.0.30              1   0050.56a1.6735  ARPA   Vlan499
Internet  10.71.6.1               -   0000.0c07.ac00  ARPA   Vlan493
Internet  10.71.6.2             239   00eb.d5a5.e1e6  ARPA   Vlan493
Internet  10.71.6.3               -   0025.46fb.1f52  ARPA   Vlan493
Internet  10.71.6.14             46   0050.5660.0206  ARPA   Vlan493
Internet  10.71.6.15            204   0050.5666.aff5  ARPA   Vlan493
Internet  10.71.7.1               -   0000.0c07.ac00  ARPA   Vlan492
Internet  10.71.7.2              32   00eb.d5a5.e1c3  ARPA   Vlan492
Internet  10.71.7.3               -   0025.46fb.1f51  ARPA   Vlan492
Internet  10.71.7.14             16   d89d.672c.3ee4  ARPA   Vlan492
Internet  10.71.7.15             14   d89d.672c.835c  ARPA   Vlan492
Internet  10.71.7.25              0   0005.33d5.2b84  ARPA   Vlan492
Internet  10.71.7.26              0   0005.33d5.5274  ARPA   Vlan492
Internet  10.71.7.100             8   02a0.984e.a2aa  ARPA   Vlan492
Internet  10.71.7.101             4   02a0.984e.974a  ARPA   Vlan492
Internet  10.71.10.2              -   0025.46fb.1f54  ARPA   Vlan796
Internet  10.71.11.1            167   0000.0c07.ac08  ARPA   Vlan797
Internet  10.71.11.2              -   0025.46fb.1f55  ARPA   Vlan797
Internet  10.71.11.3              7   00eb.d5a5.e1f3  ARPA   Vlan797
Internet  10.71.11.100           61   02a0.984e.a2aa  ARPA   Vlan797
Internet  10.71.11.101            3   02a0.984e.974a  ARPA   Vlan797
Internet  10.71.12.1            129   0000.0c07.ac00  ARPA   Vlan487
Internet  10.71.12.2             19   00eb.d5a5.e1d7  ARPA   Vlan487
Internet  10.71.12.3              -   0025.46fb.1f50  ARPA   Vlan487
Internet  10.71.22.1              -   0000.0c07.ac00  ARPA   Vlan799
Internet  10.71.22.2             38   00eb.d5a5.e1d4  ARPA   Vlan799
Internet  10.71.22.3              -   0025.46fb.1f56  ARPA   Vlan799
Internet  10.71.24.1              -   0000.0c07.ac00  ARPA   Vlan999
Internet  10.71.24.2            170   00eb.d5a5.e1c3  ARPA   Vlan999
Internet  10.71.24.3              -   0025.46fb.1f5a  ARPA   Vlan999
Internet  10.71.24.14             4   c8cb.b8d4.70ac  ARPA   Vlan999
Internet  10.71.24.15             5   c8cb.b8d4.9106  ARPA   Vlan999
Internet  10.71.24.100            1   00a0.984e.a2ae  ARPA   Vlan999
Internet  10.71.24.101            2   00a0.984e.974e  ARPA   Vlan999
Internet  10.71.28.1            214   0000.0c07.ac00  ARPA   Vlan998
Internet  10.71.28.2            100   00eb.d5a5.e1c7  ARPA   Vlan998
Internet  10.71.28.3              -   0025.46fb.1f59  ARPA   Vlan998
Internet  10.71.242.5            52   4c4e.3534.eb60  ARPA   GigabitEthernet2/0/23
Internet  10.71.242.6             -   0025.46fb.1f49  ARPA   GigabitEthernet2/0/23
Internet  10.71.242.17           32   00eb.d5a5.e1e8  ARPA   Vlan50
Internet  10.71.242.18            -   0025.46fb.1f4f  ARPA   Vlan50
Internet  10.71.242.61            -   0025.46fb.1f41  ARPA   Port-channel2
Internet  10.71.242.62            5   ccd5.390c.9f42  ARPA   Port-channel2
Internet  10.71.242.65            -   0025.46fb.1f42  ARPA   Port-channel3
Internet  10.71.242.66          148   8478.acfc.e0c2  ARPA   Port-channel3
Internet  10.71.242.69            -   0025.46fb.1f4c  ARPA   GigabitEthernet2/0/27
Internet  10.71.242.70          202   ccd5.390c.9e43  ARPA   GigabitEthernet2/0/27
Internet  10.71.242.73            -   0025.46fb.1f4d  ARPA   GigabitEthernet2/0/28
Internet  10.71.242.74           77   6886.a7f7.ddc1  ARPA   GigabitEthernet2/0/28
Internet  10.71.242.102           -   0025.46fb.1f43  ARPA   GigabitEthernet2/0/9
Internet  10.71.242.129           -   0025.46fb.1f44  ARPA   GigabitEthernet2/0/12
Internet  10.71.242.137           -   0025.46fb.1f45  ARPA   GigabitEthernet2/0/13
Internet  10.71.242.138         187   0024.14ae.6380  ARPA   GigabitEthernet2/0/13
Internet  10.71.254.1           251   0000.0c07.ac00  ARPA   Vlan901
Internet  10.71.254.2           147   00eb.d5a5.e1c8  ARPA   Vlan901
Internet  10.71.254.3             -   0025.46fb.1f57  ARPA   Vlan901
Internet  10.71.254.4             0   00e0.d815.9d5b  ARPA   Vlan901
pict-01-sw2#Show mac add
          Mac Address Table
-------------------------------------------

Vlan    Mac Address       Type        Ports
----    -----------       --------    -----
 All    0100.0ccc.cccc    STATIC      CPU
 All    0100.0ccc.cccd    STATIC      CPU
 All    0180.c200.0000    STATIC      CPU
 All    0180.c200.0001    STATIC      CPU
 All    0180.c200.0002    STATIC      CPU
 All    0180.c200.0003    STATIC      CPU
 All    0180.c200.0004    STATIC      CPU
 All    0180.c200.0005    STATIC      CPU
 All    0180.c200.0006    STATIC      CPU
 All    0180.c200.0007    STATIC      CPU
 All    0180.c200.0008    STATIC      CPU
 All    0180.c200.0009    STATIC      CPU
 All    0180.c200.000a    STATIC      CPU
 All    0180.c200.000b    STATIC      CPU
 All    0180.c200.000c    STATIC      CPU
 All    0180.c200.000d    STATIC      CPU
 All    0180.c200.000e    STATIC      CPU
 All    0180.c200.000f    STATIC      CPU
 All    0180.c200.0010    STATIC      CPU
 All    ffff.ffff.ffff    STATIC      CPU
 999    0000.0c07.ac00    STATIC      CPU
 999    00a0.984e.974e    DYNAMIC     Gi2/0/18
 999    00a0.984e.a2ae    DYNAMIC     Po1
 999    00eb.d5a5.e1c3    DYNAMIC     Po1
 999    c8cb.b8d4.70ac    DYNAMIC     Gi2/0/8
 999    c8cb.b8d4.9106    DYNAMIC     Po1
 492    0000.0c07.ac00    STATIC      CPU
 492    0005.33d5.2b84    DYNAMIC     Gi2/0/15
 492    0005.33d5.5274    DYNAMIC     Gi2/0/16
 492    00eb.d5a5.e1c3    DYNAMIC     Po1
 492    02a0.984e.974a    DYNAMIC     Po1
 492    02a0.984e.a2aa    DYNAMIC     Po4
 492    d89d.672c.3ee4    DYNAMIC     Gi2/0/20
 492    d89d.672c.835c    DYNAMIC     Gi2/0/3
 493    0000.0c07.ac00    STATIC      CPU
 493    00eb.d5a5.e1e6    DYNAMIC     Po1
 499    0000.0c07.ac00    STATIC      CPU
 499    0050.56a1.1387    DYNAMIC     Gi2/0/24
 499    0050.56a1.6735    DYNAMIC     Po1
 499    0050.56a1.71dc    DYNAMIC     Po1
 499    0050.56b7.1726    DYNAMIC     Po1
 499    0050.56b7.5aac    DYNAMIC     Gi2/0/24
 499    00eb.d5a5.e1e9    DYNAMIC     Po1
 796    0000.0c07.ac07    DYNAMIC     Po1
 797    0000.0c07.ac08    DYNAMIC     Po1
 797    02a0.984e.974a    DYNAMIC     Po1
 799    0000.0c07.ac00    STATIC      CPU
 799    00eb.d5a5.e1d4    DYNAMIC     Po1
  50    00eb.d5a5.e1e8    DYNAMIC     Po1
  50    c800.8471.a38b    DYNAMIC     Po1
  50    c800.8471.a38c    DYNAMIC     Po1
 487    0000.0c07.ac00    DYNAMIC     Po1
 901    0000.0c07.ac00    DYNAMIC     Po1
 901    00e0.d815.9d5b    DYNAMIC     Po1
 998    0000.0c07.ac00    DYNAMIC     Po1
Total Mac Addresses for this criterion: 55
pict-01-sw2#Show int | inc (rops|otoc)
Vlan1 is administratively down, line protocol is down 
  Input queue: 0/75/0/0 (size/max/drops/flushes); Total output drops: 0
     0 unknown protocol drops
Vlan50 is up, line protocol is up 
  Input queue: 0/75/0/0 (size/max/drops/flushes); Total output drops: 0
     0 unknown protocol drops
Vlan487 is up, line protocol is up 
  Input queue: 0/75/0/0 (size/max/drops/flushes); Total output drops: 0
     0 unknown protocol drops
Vlan492 is up, line protocol is up 
  Input queue: 0/75/0/0 (size/max/drops/flushes); Total output drops: 0
     0 unknown protocol drops
Vlan493 is up, line protocol is up 
  Input queue: 0/75/0/0 (size/max/drops/flushes); Total output drops: 0
     0 unknown protocol drops
Vlan499 is up, line protocol is up 
  Input queue: 0/75/0/0 (size/max/drops/flushes); Total output drops: 0
     0 unknown protocol drops
Vlan796 is up, line protocol is up 
  Input queue: 0/75/0/0 (size/max/drops/flushes); Total output drops: 0
     0 unknown protocol drops
Vlan797 is up, line protocol is up 
  Input queue: 0/75/0/0 (size/max/drops/flushes); Total output drops: 0
     0 unknown protocol drops
Vlan799 is up, line protocol is up 
  Input queue: 0/75/0/0 (size/max/drops/flushes); Total output drops: 0
     0 unknown protocol drops
Vlan901 is up, line protocol is up 
  Input queue: 0/75/0/0 (size/max/drops/flushes); Total output drops: 0
     0 unknown protocol drops
Vlan905 is up, line protocol is down 
  Input queue: 0/75/0/0 (size/max/drops/flushes); Total output drops: 0
     0 unknown protocol drops
Vlan998 is up, line protocol is up 
  Input queue: 0/75/0/0 (size/max/drops/flushes); Total output drops: 0
     0 unknown protocol drops
Vlan999 is up, line protocol is up 
  Input queue: 0/75/0/0 (size/max/drops/flushes); Total output drops: 0
     0 unknown protocol drops
FastEthernet0 is administratively down, line protocol is down 
  Input queue: 0/75/0/0 (size/max/drops/flushes); Total output drops: 0
     0 unknown protocol drops
GigabitEthernet1/0/1 is down, line protocol is down (notconnect) 
  Input queue: 0/75/0/0 (size/max/drops/flushes); Total output drops: 0
     0 unknown protocol drops
GigabitEthernet1/0/2 is down, line protocol is down (notconnect) 
  Input queue: 0/75/0/0 (size/max/drops/flushes); Total output drops: 0
     0 unknown protocol drops
GigabitEthernet1/0/3 is down, line protocol is down (notconnect) 
  Input queue: 0/75/0/0 (size/max/drops/flushes); Total output drops: 0
     0 unknown protocol drops
GigabitEthernet1/0/4 is down, line protocol is down (notconnect) 
  Input queue: 0/75/0/0 (size/max/drops/flushes); Total output drops: 0
     0 unknown protocol drops
GigabitEthernet1/0/5 is down, line protocol is down (notconnect) 
  Input queue: 0/75/0/0 (size/max/drops/flushes); Total output drops: 0
     0 unknown protocol drops
GigabitEthernet1/0/6 is down, line protocol is down (notconnect) 
  Input queue: 0/75/0/0 (size/max/drops/flushes); Total output drops: 0
     0 unknown protocol drops
GigabitEthernet1/0/7 is down, line protocol is down (notconnect) 
  Input queue: 0/75/0/0 (size/max/drops/flushes); Total output drops: 0
     0 unknown protocol drops
GigabitEthernet1/0/8 is down, line protocol is down (notconnect) 
  Input queue: 0/75/0/0 (size/max/drops/flushes); Total output drops: 0
     0 unknown protocol drops
GigabitEthernet1/0/9 is down, line protocol is down (notconnect) 
  Input queue: 0/75/0/0 (size/max/drops/flushes); Total output drops: 0
     0 unknown protocol drops
GigabitEthernet1/0/10 is down, line protocol is down (notconnect) 
  Input queue: 0/75/0/0 (size/max/drops/flushes); Total output drops: 0
     0 unknown protocol drops
GigabitEthernet1/0/11 is up, line protocol is up (connected) 
  Input queue: 0/75/0/0 (size/max/drops/flushes); Total output drops: 0
     0 unknown protocol drops
GigabitEthernet1/0/12 is up, line protocol is up (connected) 
  Input queue: 0/75/0/0 (size/max/drops/flushes); Total output drops: 0
     0 unknown protocol drops
GigabitEthernet1/1/1 is down, line protocol is down (notconnect) 
  Input queue: 0/75/0/0 (size/max/drops/flushes); Total output drops: 0
     0 unknown protocol drops
GigabitEthernet1/1/2 is down, line protocol is down (notconnect) 
  Input queue: 0/75/0/0 (size/max/drops/flushes); Total output drops: 0
     0 unknown protocol drops
GigabitEthernet1/1/3 is down, line protocol is down (notconnect) 
  Input queue: 0/75/0/0 (size/max/drops/flushes); Total output drops: 0
     0 unknown protocol drops
GigabitEthernet1/1/4 is down, line protocol is down (notconnect) 
  Input queue: 0/75/0/0 (size/max/drops/flushes); Total output drops: 0
     0 unknown protocol drops
TenGigabitEthernet1/1/1 is down, line protocol is down (notconnect) 
  Input queue: 0/75/0/0 (size/max/drops/flushes); Total output drops: 0
     0 unknown protocol drops
TenGigabitEthernet1/1/2 is down, line protocol is down (notconnect) 
  Input queue: 0/75/0/0 (size/max/drops/flushes); Total output drops: 0
     0 unknown protocol drops
GigabitEthernet2/0/1 is up, line protocol is up (connected) 
  Input queue: 0/75/0/0 (size/max/drops/flushes); Total output drops: 0
     0 unknown protocol drops
GigabitEthernet2/0/2 is up, line protocol is up (connected) 
  Input queue: 0/75/0/0 (size/max/drops/flushes); Total output drops: 0
     0 unknown protocol drops
GigabitEthernet2/0/3 is up, line protocol is up (connected) 
  Input queue: 0/75/0/0 (size/max/drops/flushes); Total output drops: 0
     0 unknown protocol drops
GigabitEthernet2/0/4 is up, line protocol is up (connected) 
  Input queue: 0/75/0/0 (size/max/drops/flushes); Total output drops: 0
     0 unknown protocol drops
GigabitEthernet2/0/5 is administratively down, line protocol is down (disabled) 
  Input queue: 0/75/0/0 (size/max/drops/flushes); Total output drops: 0
     0 unknown protocol drops
GigabitEthernet2/0/6 is administratively down, line protocol is down (disabled) 
  Input queue: 0/75/0/0 (size/max/drops/flushes); Total output drops: 0
     0 unknown protocol drops
GigabitEthernet2/0/7 is down, line protocol is down (notconnect) 
  Input queue: 0/75/0/0 (size/max/drops/flushes); Total output drops: 0
     0 unknown protocol drops
GigabitEthernet2/0/8 is up, line protocol is up (connected) 
  Input queue: 0/75/0/0 (size/max/drops/flushes); Total output drops: 0
     0 unknown protocol drops
GigabitEthernet2/0/9 is down, line protocol is down (notconnect) 
  Input queue: 0/75/0/0 (size/max/drops/flushes); Total output drops: 0
     0 unknown protocol drops
GigabitEthernet2/0/10 is up, line protocol is up (connected) 
  Input queue: 0/75/0/0 (size/max/drops/flushes); Total output drops: 0
     0 unknown protocol drops
GigabitEthernet2/0/11 is up, line protocol is up (connected) 
  Input queue: 0/75/0/0 (size/max/drops/flushes); Total output drops: 0
     0 unknown protocol drops
GigabitEthernet2/0/12 is up, line protocol is up (connected) 
  Input queue: 0/75/0/0 (size/max/drops/flushes); Total output drops: 0
     0 unknown protocol drops
GigabitEthernet2/0/13 is up, line protocol is up (connected) 
  Input queue: 0/75/0/0 (size/max/drops/flushes); Total output drops: 0
     0 unknown protocol drops
GigabitEthernet2/0/14 is administratively down, line protocol is down (disabled) 
  Input queue: 0/75/0/0 (size/max/drops/flushes); Total output drops: 0
     0 unknown protocol drops
GigabitEthernet2/0/15 is up, line protocol is up (connected) 
  Input queue: 0/75/0/0 (size/max/drops/flushes); Total output drops: 0
     0 unknown protocol drops
GigabitEthernet2/0/16 is up, line protocol is up (connected) 
  Input queue: 0/75/0/0 (size/max/drops/flushes); Total output drops: 0
     0 unknown protocol drops
GigabitEthernet2/0/17 is down, line protocol is down (notconnect) 
  Input queue: 0/75/0/0 (size/max/drops/flushes); Total output drops: 0
     0 unknown protocol drops
GigabitEthernet2/0/18 is up, line protocol is up (connected) 
  Input queue: 0/75/0/0 (size/max/drops/flushes); Total output drops: 0
     0 unknown protocol drops
GigabitEthernet2/0/19 is up, line protocol is up (connected) 
  Input queue: 0/75/0/0 (size/max/drops/flushes); Total output drops: 0
     0 unknown protocol drops
GigabitEthernet2/0/20 is up, line protocol is up (connected) 
  Input queue: 0/75/0/0 (size/max/drops/flushes); Total output drops: 0
     0 unknown protocol drops
GigabitEthernet2/0/21 is up, line protocol is up (connected) 
  Input queue: 0/75/0/0 (size/max/drops/flushes); Total output drops: 0
     0 unknown protocol drops
GigabitEthernet2/0/22 is up, line protocol is up (connected) 
  Input queue: 0/75/0/0 (size/max/drops/flushes); Total output drops: 0
     0 unknown protocol drops
GigabitEthernet2/0/23 is up, line protocol is up (connected) 
  Input queue: 2/75/0/0 (size/max/drops/flushes); Total output drops: 0
     0 unknown protocol drops
GigabitEthernet2/0/24 is up, line protocol is up (connected) 
  Input queue: 0/75/0/0 (size/max/drops/flushes); Total output drops: 0
     0 unknown protocol drops
GigabitEthernet2/0/25 is administratively down, line protocol is down (disabled) 
  Input queue: 0/75/0/0 (size/max/drops/flushes); Total output drops: 0
     0 unknown protocol drops
GigabitEthernet2/0/26 is administratively down, line protocol is down (disabled) 
  Input queue: 0/75/0/0 (size/max/drops/flushes); Total output drops: 0
     0 unknown protocol drops
GigabitEthernet2/0/27 is up, line protocol is up (connected) 
  Input queue: 0/75/0/0 (size/max/drops/flushes); Total output drops: 0
     0 unknown protocol drops
GigabitEthernet2/0/28 is up, line protocol is up (connected) 
  Input queue: 0/75/0/0 (size/max/drops/flushes); Total output drops: 0
     0 unknown protocol drops
TenGigabitEthernet2/0/1 is down, line protocol is down (notconnect) 
  Input queue: 0/75/0/0 (size/max/drops/flushes); Total output drops: 0
     0 unknown protocol drops
TenGigabitEthernet2/0/2 is administratively down, line protocol is down (disabled) 
  Input queue: 0/75/0/0 (size/max/drops/flushes); Total output drops: 0
     0 unknown protocol drops
Port-channel1 is up, line protocol is up (connected) 
  Input queue: 0/75/0/0 (size/max/drops/flushes); Total output drops: 0
     0 unknown protocol drops
Port-channel2 is up, line protocol is up (connected) 
  Input queue: 0/75/0/0 (size/max/drops/flushes); Total output drops: 0
     0 unknown protocol drops
Port-channel3 is up, line protocol is up (connected) 
  Input queue: 0/75/0/0 (size/max/drops/flushes); Total output drops: 0
     0 unknown protocol drops
Port-channel4 is up, line protocol is up (connected) 
  Input queue: 0/75/0/0 (size/max/drops/flushes); Total output drops: 0
     0 unknown protocol drops
Port-channel5 is up, line protocol is up (connected) 
  Input queue: 0/75/0/0 (size/max/drops/flushes); Total output drops: 0
     0 unknown protocol drops
Loopback1 is up, line protocol is up 
  Input queue: 0/75/0/0 (size/max/drops/flushes); Total output drops: 0
     0 unknown protocol drops
pict-01-sw2#Show run
Building configuration...

Current configuration : 14122 bytes
!
! Last configuration change at 10:48:15 WST Fri Nov 17 2017 by svc-empireddiscovery
! NVRAM config last updated at 10:48:11 WST Fri Nov 17 2017 by svc-empireddiscovery
!
version 15.0
no service pad
service timestamps debug datetime msec localtime
service timestamps log datetime msec localtime
service password-encryption
!
hostname pict-01-sw2
!
boot-start-marker
boot-end-marker
!
!
logging buffered 64000
no logging console
enable secret 5 $1$C7B.$K6o9ZCIgKgKBWt3OEAatb.
!
username westernpower privilege 15 secret 5 $1$y0VW$S5LxB9UUtbwmsGG0iPF2b1
aaa new-model
!
!
aaa authentication fail-message ^CC Invalid LOGIN ^C
aaa authentication login default group radius local
aaa authentication login console local
aaa authorization exec default if-authenticated 
aaa accounting send stop-record authentication failure
aaa accounting exec default start-stop group radius
!
!
!
!
!
!
aaa session-id common
clock timezone WST 8 0
switch 1 provision ws-c3750x-12s
switch 2 provision ws-c3750e-24td
system mtu routing 1500
no ip source-route
ip routing
!
!
!
no ip domain-lookup
ip domain-name ads.westernpower.com.au
ip multicast-routing distributed
login on-failure log
login on-success log
vtp domain PICT
vtp mode transparent
udld enable

!
!
!
!
!
!
spanning-tree mode pvst
spanning-tree portfast bpduguard default
spanning-tree extend system-id
!
!
!
!
!
!
!
!
!
vlan internal allocation policy ascending
!
vlan 50
 name CORE_INTERLINK
!
vlan 487
 name UNIX_SERVERS_PROD_1
!
vlan 492
 name WINTEL_SERVERS_ADMIN
!
vlan 493
 name WINTEL_SERVERS_VMOTION
!
vlan 499
 name WINTEL_SERVERS_PROD_1
!
vlan 796
 name PICT_CIFS
!
vlan 797
 name PICT_NFS
!
vlan 799
 name SERVERS_ISCSI_1
!
vlan 901
 name ANCILLIARY_MANAGEMENT
!
vlan 905
 name dummy_VLAN
!
vlan 998
 name UNIX_MANAGEMENT
!
vlan 999
 name WINTEL_MANAGEMENT
!
ip telnet source-interface Loopback1
!
! 
!
!
!
!
!
!
!
!
!
interface Loopback1
 description Management Address
 ip address 10.71.240.6 255.255.255.255
!
interface Port-channel1
 description pict-01-sw1 po1 (Cores Link)
 switchport trunk encapsulation dot1q
 switchport trunk native vlan 50
 switchport trunk allowed vlan 50,487,492,493,499,796,797,799,901,998,999
 switchport mode trunk
!
interface Port-channel2
 description pict-01-sw3 po2
 no switchport
 ip address 10.71.242.61 255.255.255.252
 ip hello-interval eigrp 71 1
 ip hold-time eigrp 71 3
!
interface Port-channel3
 description pict-01-sw4 po2
 no switchport
 ip address 10.71.242.65 255.255.255.252
 ip hello-interval eigrp 71 1
 ip hold-time eigrp 71 3
!
interface Port-channel4
 description PICT-FASSERVER01 NIC 3 and 4
 switchport trunk encapsulation dot1q
 switchport trunk allowed vlan 492,796,797,799
 switchport mode trunk
!
interface Port-channel5
 description PICT-FASSERVER02 NIC 3 and 4
 switchport trunk encapsulation dot1q
 switchport trunk allowed vlan 492,796,797,799
 switchport mode trunk
!
interface FastEthernet0
 no ip address
 no ip route-cache
 no ip mroute-cache
 shutdown
!
interface GigabitEthernet1/0/1
!
interface GigabitEthernet1/0/2
!
interface GigabitEthernet1/0/3
!
interface GigabitEthernet1/0/4
!
interface GigabitEthernet1/0/5
!
interface GigabitEthernet1/0/6
!
interface GigabitEthernet1/0/7
!
interface GigabitEthernet1/0/8
!
interface GigabitEthernet1/0/9
!
interface GigabitEthernet1/0/10
!
interface GigabitEthernet1/0/11
 switchport trunk encapsulation dot1q
 switchport trunk native vlan 50
 switchport trunk allowed vlan 50,487,492,493,499,796,797,799,901,998,999
 switchport mode trunk
 channel-group 1 mode on
!
interface GigabitEthernet1/0/12
 switchport trunk encapsulation dot1q
 switchport trunk native vlan 50
 switchport trunk allowed vlan 50,487,492,493,499,796,797,799,901,998,999
 switchport mode trunk
 channel-group 1 mode on
!
interface GigabitEthernet1/1/1
!
interface GigabitEthernet1/1/2
!
interface GigabitEthernet1/1/3
!
interface GigabitEthernet1/1/4
!
interface TenGigabitEthernet1/1/1
!
interface TenGigabitEthernet1/1/2
!
interface GigabitEthernet2/0/1
 description PICT-FASSERVER02 NIC4
 switchport trunk encapsulation dot1q
 switchport trunk allowed vlan 492,796,797,799
 switchport mode trunk
 channel-group 5 mode active
!
interface GigabitEthernet2/0/2
 description PICT-FASSERVER01 NIC3
 switchport trunk encapsulation dot1q
 switchport trunk allowed vlan 492,796,797,799
 switchport mode trunk
 channel-group 4 mode active
!
interface GigabitEthernet2/0/3
 description pict-ESXSP04 NIC4
 switchport trunk encapsulation dot1q
 switchport trunk native vlan 905
 switchport trunk allowed vlan 492,493
 switchport mode trunk
 spanning-tree portfast
 spanning-tree bpduguard enable
!
interface GigabitEthernet2/0/4
 description pict-ESXSP04 NIC3
 switchport trunk encapsulation dot1q
 switchport trunk native vlan 905
 switchport trunk allowed vlan 492,499
 switchport mode trunk
 spanning-tree portfast
 spanning-tree bpduguard enable
!
interface GigabitEthernet2/0/5
 shutdown
!
interface GigabitEthernet2/0/6
 shutdown
!
interface GigabitEthernet2/0/7
!
interface GigabitEthernet2/0/8
 description pict-ESXP03 ILO
 switchport access vlan 999
 switchport mode access
 spanning-tree portfast
 spanning-tree bpduguard enable
!
interface GigabitEthernet2/0/9
 description pict-09-sw1 Fa1/0/23
 no switchport
 ip address 10.71.242.102 255.255.255.252
 ip hello-interval eigrp 71 1
 ip hold-time eigrp 71 3
 ip pim sparse-mode
 no mdix auto
 spanning-tree portfast
 spanning-tree bpduguard enable
!
interface GigabitEthernet2/0/10
 description PICT-FASSERVER01 NIC4
 switchport trunk encapsulation dot1q
 switchport trunk allowed vlan 492,796,797,799
 switchport mode trunk
 channel-group 4 mode active
!
interface GigabitEthernet2/0/11
 description PICT-FASSERVER02 NIC3
 switchport trunk encapsulation dot1q
 switchport trunk allowed vlan 492,796,797,799
 switchport mode trunk
 channel-group 5 mode active
!
interface GigabitEthernet2/0/12
 description pict-vg224-1 fa0/1
 no switchport
 ip address 10.71.242.129 255.255.255.252
 ip hello-interval eigrp 71 1
 ip hold-time eigrp 71 3
 ip pim sparse-mode
!
interface GigabitEthernet2/0/13
 description pict-vg224-2 fa0/1
 no switchport
 ip address 10.71.242.137 255.255.255.252
 ip hello-interval eigrp 71 1
 ip hold-time eigrp 71 3
 ip pim sparse-mode
!
interface GigabitEthernet2/0/14
 shutdown
!
interface GigabitEthernet2/0/15
 description pict-sanswfp01
 switchport access vlan 492
 switchport mode access
 no mdix auto
 spanning-tree portfast
 spanning-tree bpduguard enable
!
interface GigabitEthernet2/0/16
 description pict-sanswfp02
 switchport access vlan 492
 switchport mode access
 no mdix auto
 spanning-tree portfast
 spanning-tree bpduguard enable
!
interface GigabitEthernet2/0/17
!
interface GigabitEthernet2/0/18
 description PICT-FASSERVER02 OOB MGMT
 switchport access vlan 999
 switchport mode access
!
interface GigabitEthernet2/0/19
 description pict-01-sw4 gi1/0/4
 no switchport
 no ip address
 ip pim sparse-mode
 channel-group 3 mode on
!
interface GigabitEthernet2/0/20
 description pict-ESXSP03 NIC3
 switchport trunk encapsulation dot1q
 switchport trunk native vlan 905
 switchport trunk allowed vlan 492,493
 switchport mode trunk
 spanning-tree portfast
 spanning-tree bpduguard enable
!
interface GigabitEthernet2/0/21
 description pict-01-sw3 gi1/0/2
 no switchport
 no ip address
 ip pim sparse-mode
 channel-group 2 mode on
!
interface GigabitEthernet2/0/22
 description pict-01-sw3 gi2/0/1
 no switchport
 no ip address
 ip pim sparse-mode
 channel-group 2 mode on
!
interface GigabitEthernet2/0/23
 description pict-01-r2 gi0/0
 no switchport
 ip address 10.71.242.6 255.255.255.252
 ip hello-interval eigrp 71 1
 ip hold-time eigrp 71 3
 ip pim sparse-mode
 ip summary-address eigrp 71 10.71.0.0 255.255.0.0
!
interface GigabitEthernet2/0/24
 description pict-ESXSP03 NIC4
 switchport trunk encapsulation dot1q
 switchport trunk native vlan 905
 switchport trunk allowed vlan 492,499
 switchport mode trunk
 spanning-tree portfast
 spanning-tree bpduguard enable
!
interface GigabitEthernet2/0/25
 no switchport
 no ip address
 ip pim sparse-mode
 shutdown
!
interface GigabitEthernet2/0/26
 no switchport
 no ip address
 ip pim sparse-mode
 shutdown
!
interface GigabitEthernet2/0/27
 description pict-02-sw1 gi2/0/1
 no switchport
 ip address 10.71.242.69 255.255.255.252
 ip hello-interval eigrp 71 1
 ip hold-time eigrp 71 3
 ip pim sparse-mode
!
interface GigabitEthernet2/0/28
 description pict-03-sw1 gi1/0/2
 no switchport
 ip address 10.71.242.73 255.255.255.252
 ip hello-interval eigrp 71 1
 ip hold-time eigrp 71 3
 ip pim sparse-mode
!
interface TenGigabitEthernet2/0/1
!
interface TenGigabitEthernet2/0/2
 no switchport
 no ip address
 ip pim sparse-mode
 shutdown
!
interface Vlan1
 no ip address
 shutdown
!
interface Vlan50
 description Core Interlink
 ip address 10.71.242.18 255.255.255.252
 ip hello-interval eigrp 71 1
 ip hold-time eigrp 71 3
!
interface Vlan487
 description UNIX Servers - Production 1
 ip address 10.71.12.3 255.255.255.0
 standby 0 ip 10.71.12.1
 standby 0 priority 90
 standby 0 preempt
!
interface Vlan492
 description Wintel Servers - Administration
 ip address 10.71.7.3 255.255.255.0
 standby 0 ip 10.71.7.1
 standby 0 priority 90
 standby 0 preempt
!
interface Vlan493
 description Wintel Servers - ESX VMotion
 ip address 10.71.6.3 255.255.255.0
 standby 0 ip 10.71.6.1
 standby 0 priority 90
 standby 0 preempt
!
interface Vlan499
 description Wintel Servers - Production 1
 ip address 10.71.0.3 255.255.255.0
 standby 0 ip 10.71.0.1
 standby 0 priority 90
 standby 0 preempt
!
interface Vlan796
 description PICT_CIFS
 ip address 10.71.10.2 255.255.255.0
 standby 7 ip 10.71.10.1
 standby 7 priority 90
 standby 7 preempt
!
interface Vlan797
 description PICT_NFS
 ip address 10.71.11.2 255.255.255.0
 standby 8 ip 10.71.11.1
 standby 8 priority 90
 standby 8 preempt
!
interface Vlan799
 description Servers - iSCSI 1
 ip address 10.71.22.3 255.255.255.0
 standby 0 ip 10.71.22.1
 standby 0 priority 90
 standby 0 preempt
!
interface Vlan901
 description Ancilliary Device Management
 ip address 10.71.254.3 255.255.255.0
 standby 0 ip 10.71.254.1
 standby 0 priority 90
 standby 0 preempt
!
interface Vlan905
 no ip address
!
interface Vlan998
 description UNIX Management (ALOM)
 ip address 10.71.28.3 255.255.255.0
 standby 0 ip 10.71.28.1
 standby 0 priority 90
 standby 0 preempt
!
interface Vlan999
 description Wintel Management (RIB/iLO)
 ip address 10.71.24.3 255.255.255.0
 standby 0 ip 10.71.24.1
 standby 0 priority 90
 standby 0 preempt
!
!
router eigrp 71
 network 10.71.240.0 0.0.0.255
 network 10.71.242.0 0.0.0.255
 redistribute connected
!
!
no ip http server
no ip http secure-server
!
ip pim rp-address 10.71.240.24
!
ip access-list standard APIC_EM
 remark --- APIC-EM Appliance ---
 permit 10.25.253.10
 deny   any
ip access-list standard NSG_TELNET
 permit 10.19.250.1
 permit 10.19.60.0 0.0.0.255
 permit 146.195.135.0 0.0.0.127
 permit 10.250.250.0 0.0.0.255
 permit 10.0.240.0 0.255.1.255
 permit 10.19.7.62 0.0.0.1
 deny   any log
ip access-list standard NSG_TELNET_SSH
 permit 146.195.81.24
 remark --- Nimsoft/CatTools Server Natted IP ---
 permit 146.195.81.25
 remark --- Nimsoft/CatTools Server ---
 permit 10.19.7.62
 remark --- HO Jumphost ---
 permit 172.30.0.10
 remark --- APIC EM - Controller ---
 permit 10.25.253.10
 permit 10.19.12.234
 remark --- Twister - OLD and NEW IP ---
 permit 146.195.135.0 0.0.0.127
 remark --- IT Subnet on Lvl2E ---
 permit 10.19.60.0 0.0.0.255
 remark --- SEAL WAN Subnet ---
 permit 10.250.250.0 0.0.0.255
 remark --- GWIP HO WAN Subnet ---
 permit 10.19.250.0 0.0.0.7
 remark --- Management Loopback subnet ---
 permit 10.0.240.0 0.255.0.255
 remark --- Empired Management Subnet ---
 permit 172.30.160.0 0.0.0.15
 remark --- Deny Anything Else ---
 deny   any log
ip access-list standard RO_SNMP
 remark --- Solarwinds Syslog Server ---
 permit 10.19.7.46
 remark --- Empired Management Subnet ---
 permit 172.30.160.0 0.0.0.255
 remark --- IT Subnet on Lvl2E ---
 permit 10.19.60.0 0.0.0.255
 deny   any
ip access-list standard RW_SNMP
 remark ---allow NNMi---
 permit 172.30.160.10
 deny   any
!
ip radius source-interface Loopback1 
logging trap debugging
logging source-interface Loopback1
logging host 10.19.7.46
logging host 172.30.160.11
logging host 172.30.160.10
logging host 172.30.161.10
access-list 5 permit 10.19.1.17 log
access-list 5 remark CSC Zetta - Allow Remote wakeup PC's
access-list 5 permit 10.19.7.49 log
access-list 5 permit 10.19.1.138 log
access-list 5 permit 10.19.1.134 log
!
!
snmp-server community eb6cIzuB RO RO_SNMP
snmp-server community Sp7ZyvwQ RW RW_SNMP
snmp-server community fc7cJzuC RO APIC_EM
snmp-server community gd8cKzuD RW APIC_EM
snmp-server location Picton Depot - T1 - PABX Room
snmp-server contact Network Systems x5444
snmp-server host 146.195.135.50 eb6cIzuB 
snmp ifmib ifindex persist
!
radius-server host 10.19.1.113
radius-server host 10.21.0.24
radius-server key 7 071E137C741F0C0300162E3A022F28760122732D3B1512220266787C61784D31353A6C7E005604037A1C754301405F0C235250583912050B42572E340046380729
radius-server load-balance method least-outstanding
!
!
banner motd ^C
************************************************************************
************************************************************************
WARNING
Access to this system is for authorised users and for authorised
purposes only.
Unauthorised users maybe subject to prosecution under the Crimes
Act or state legislation.
This switch is administered by Network Systems.
Contact the Help Desk on x5444 or Operations on x6547.
************************************************************************
************************************************************************
^C
!
line con 0
 exec-timeout 15 0
 logging synchronous
 login authentication console
 transport output telnet
line vty 0 4
 access-class NSG_TELNET_SSH in
 exec-timeout 15 0
 transport input ssh
 transport output telnet
line vty 5 15
 access-class NSG_TELNET_SSH in
 exec-timeout 15 0
 transport input ssh
 transport output telnet
!
ntp server 146.195.128.175
end

pict-01-sw2#Show ver
Cisco IOS Software, C3750E Software (C3750E-UNIVERSALK9-M), Version 15.0(2)SE10a, RELEASE SOFTWARE (fc3)
Technical Support: http://www.cisco.com/techsupport
Copyright (c) 1986-2016 by Cisco Systems, Inc.
Compiled Thu 03-Nov-16 13:36 by prod_rel_team

ROM: Bootstrap program is C3750E boot loader
BOOTLDR: C3750E Boot Loader (C3750E-HBOOT-M) Version 12.2(44r)SE3, RELEASE SOFTWARE (fc3)

pict-01-sw2 uptime is 16 weeks, 5 days, 14 hours, 57 minutes
System returned to ROM by power-on
System restarted at 20:19:13 WST Fri Aug 11 2017
System image file is "flash:/c3750e-universalk9-mz.150-2.SE10a.bin"


This product contains cryptographic features and is subject to United
States and local country laws governing import, export, transfer and
use. Delivery of Cisco cryptographic products does not imply
third-party authority to import, export, distribute or use encryption.
Importers, exporters, distributors and users are responsible for
compliance with U.S. and local country laws. By using this product you
agree to comply with applicable laws and regulations. If you are unable
to comply with U.S. and local laws, return this product immediately.

A summary of U.S. laws governing Cisco cryptographic products may be found at:
http://www.cisco.com/wwl/export/crypto/tool/stqrg.html

If you require further assistance please contact us by sending email to
export@cisco.com.

License Level: ipservices
License Type: Permanent
Next reload license Level: ipservices

cisco WS-C3750E-24TD (PowerPC405) processor (revision G0) with 262144K bytes of memory.
Processor board ID FDO1320R25H
Last reset from power-on
13 Virtual Ethernet interfaces
1 FastEthernet interface
44 Gigabit Ethernet interfaces
4 Ten Gigabit Ethernet interfaces
The password-recovery mechanism is enabled.

512K bytes of flash-simulated non-volatile configuration memory.
Base ethernet MAC Address       : 00:25:46:FB:1F:00
Motherboard assembly number     : 73-11177-13
Motherboard serial number       : FDO13210173
Model revision number           : G0
Motherboard revision number     : A0
Model number                    : WS-C3750E-24TD-E
Daughterboard assembly number   : 800-29737-01
Daughterboard serial number     : FDO132005CF
System serial number            : FDO1320R25H
Top Assembly Part Number        : 800-28924-01
Top Assembly Revision Number    : C0
Version ID                      : V03
CLEI Code Number                : COMSE00ARB
Hardware Board Revision Number  : 0x00


Switch Ports Model              SW Version            SW Image                 
------ ----- -----              ----------            ----------               
     1 18    WS-C3750X-12S      15.0(2)SE10a          C3750E-UNIVERSALK9-M     
*    2 30    WS-C3750E-24TD     15.0(2)SE10a          C3750E-UNIVERSALK9-M     


Switch 01
---------
Switch Uptime                   : 16 weeks, 5 days, 14 hours, 22 minutes 
Base ethernet MAC Address       : 7C:AD:74:94:F0:00
Motherboard assembly number     : 73-13329-04
Motherboard serial number       : FDO171007CW
Model revision number           : A0
Motherboard revision number     : A0
Model number                    : WS-C3750X-12S-E
Daughterboard assembly number   : 800-32727-03
Daughterboard serial number     : FDO17091DMX
System serial number            : FDO1710P0E7
Top assembly part number        : 800-35090-04
Top assembly revision number    : B0
Version ID                      : V03
CLEI Code Number                : CMMFG00ARC
License Level                   : ipservices
License Type                    : Permanent
Next reboot licensing Level     : ipservices


Configuration register is 0xF

pict-01-sw2#Show ip route
Codes: L - local, C - connected, S - static, R - RIP, M - mobile, B - BGP
       D - EIGRP, EX - EIGRP external, O - OSPF, IA - OSPF inter area 
       N1 - OSPF NSSA external type 1, N2 - OSPF NSSA external type 2
       E1 - OSPF external type 1, E2 - OSPF external type 2
       i - IS-IS, su - IS-IS summary, L1 - IS-IS level-1, L2 - IS-IS level-2
       ia - IS-IS inter area, * - candidate default, U - per-user static route
       o - ODR, P - periodic downloaded static route, H - NHRP, l - LISP
       + - replicated route, % - next hop override

Gateway of last resort is 10.71.242.5 to network 0.0.0.0

D*EX  0.0.0.0/0 [170/2562816] via 10.71.242.5, 09:13:33, GigabitEthernet2/0/23
      10.0.0.0/8 is variably subnetted, 228 subnets, 9 masks
D EX     10.18.250.0/29 [170/25603072] via 10.71.242.17, 00:16:21, Vlan50
D EX     10.19.0.0/16 
           [170/2562816] via 10.71.242.5, 09:13:33, GigabitEthernet2/0/23
D EX     10.19.240.1/32 [170/7683072] via 10.71.242.17, 00:16:20, Vlan50
D EX     10.19.240.2/32 
           [170/2562816] via 10.71.242.5, 09:13:33, GigabitEthernet2/0/23
D EX     10.19.250.0/29 [170/25603072] via 10.71.242.17, 00:16:21, Vlan50
D EX     10.21.240.1/32 [170/10243072] via 10.71.242.17, 00:16:21, Vlan50
D EX     10.21.250.0/29 [170/25603072] via 10.71.242.17, 00:16:21, Vlan50
D EX     10.25.243.136/30 
           [170/25602816] via 10.71.242.5, 00:16:22, GigabitEthernet2/0/23
D EX     10.25.252.0/28 
           [170/25602816] via 10.71.242.5, 00:16:22, GigabitEthernet2/0/23
D EX     10.65.0.0/16 
           [170/25602816] via 10.71.242.5, 00:16:22, GigabitEthernet2/0/23
D EX     10.65.240.2/32 
           [170/25602816] via 10.71.242.5, 09:13:33, GigabitEthernet2/0/23
D EX     10.65.243.136/30 
           [170/2562816] via 10.71.242.5, 09:13:33, GigabitEthernet2/0/23
D EX     10.65.250.0/29 [170/25603072] via 10.71.242.17, 00:16:21, Vlan50
D EX     10.65.252.0/28 
           [170/2562816] via 10.71.242.5, 09:13:33, GigabitEthernet2/0/23
D EX     10.66.0.0/16 [170/25603072] via 10.71.242.17, 00:16:20, Vlan50
D EX     10.66.0.0/17 [170/25603072] via 10.71.242.17, 00:16:20, Vlan50
D EX     10.66.128.0/17 [170/25603072] via 10.71.242.17, 00:16:20, Vlan50
D EX     10.66.240.1/32 [170/25603072] via 10.71.242.17, 00:16:20, Vlan50
D EX     10.66.250.0/29 [170/25603072] via 10.71.242.17, 00:16:21, Vlan50
D EX     10.67.0.0/16 
           [170/25602816] via 10.71.242.5, 00:16:22, GigabitEthernet2/0/23
D EX     10.67.240.1/32 [170/25603072] via 10.71.242.17, 00:16:20, Vlan50
D EX     10.67.240.2/32 
           [170/25602816] via 10.71.242.5, 09:13:33, GigabitEthernet2/0/23
D EX     10.67.250.0/29 [170/25603072] via 10.71.242.17, 00:16:21, Vlan50
D EX     10.68.0.0/16 
           [170/25602816] via 10.71.242.5, 00:16:22, GigabitEthernet2/0/23
D EX     10.68.240.1/32 [170/25603072] via 10.71.242.17, 00:16:20, Vlan50
D EX     10.68.240.2/32 
           [170/25602816] via 10.71.242.5, 09:13:33, GigabitEthernet2/0/23
D EX     10.68.250.0/29 [170/25603072] via 10.71.242.17, 00:16:21, Vlan50
D EX     10.69.0.0/16 
           [170/25602816] via 10.71.242.5, 00:16:22, GigabitEthernet2/0/23
D EX     10.69.240.1/32 [170/25603072] via 10.71.242.17, 00:16:20, Vlan50
D EX     10.69.240.2/32 
           [170/25602816] via 10.71.242.5, 09:13:33, GigabitEthernet2/0/23
D EX     10.69.250.0/29 [170/25603072] via 10.71.242.17, 00:16:21, Vlan50
D EX     10.70.0.0/16 [170/25603072] via 10.71.242.17, 00:16:20, Vlan50
D EX     10.70.0.0/17 [170/25603072] via 10.71.242.17, 00:16:20, Vlan50
D EX     10.70.128.0/17 [170/25603072] via 10.71.242.17, 00:16:20, Vlan50
D EX     10.70.240.1/32 [170/25603072] via 10.71.242.17, 00:16:20, Vlan50
D EX     10.70.250.0/29 [170/25603072] via 10.71.242.17, 00:16:21, Vlan50
D        10.71.0.0/16 is a summary, 7w0d, Null0
C        10.71.0.0/24 is directly connected, Vlan499
L        10.71.0.3/32 is directly connected, Vlan499
C        10.71.6.0/24 is directly connected, Vlan493
L        10.71.6.3/32 is directly connected, Vlan493
C        10.71.7.0/24 is directly connected, Vlan492
L        10.71.7.3/32 is directly connected, Vlan492
C        10.71.10.0/24 is directly connected, Vlan796
L        10.71.10.2/32 is directly connected, Vlan796
C        10.71.11.0/24 is directly connected, Vlan797
L        10.71.11.2/32 is directly connected, Vlan797
C        10.71.12.0/24 is directly connected, Vlan487
L        10.71.12.3/32 is directly connected, Vlan487
C        10.71.22.0/24 is directly connected, Vlan799
L        10.71.22.3/32 is directly connected, Vlan799
C        10.71.24.0/24 is directly connected, Vlan999
L        10.71.24.3/32 is directly connected, Vlan999
C        10.71.28.0/24 is directly connected, Vlan998
L        10.71.28.3/32 is directly connected, Vlan998
D        10.71.64.0/24 [90/3072] via 10.71.242.62, 00:16:22, Port-channel2
D        10.71.65.0/24 [90/3072] via 10.71.242.66, 00:16:22, Port-channel3
D        10.71.66.0/24 
           [90/3072] via 10.71.242.70, 00:16:22, GigabitEthernet2/0/27
D        10.71.67.0/24 
           [90/3072] via 10.71.242.74, 09:13:33, GigabitEthernet2/0/28
D        10.71.68.0/24 [90/3328] via 10.71.242.17, 00:16:20, Vlan50
D        10.71.70.0/24 
           [90/3328] via 10.71.242.74, 00:33:37, GigabitEthernet2/0/28
D        10.71.71.0/24 [90/3328] via 10.71.242.17, 00:16:20, Vlan50
D        10.71.72.0/24 
           [90/3328] via 10.71.242.70, 00:16:22, GigabitEthernet2/0/27
D        10.71.73.0/24 [90/3584] via 10.71.242.17, 00:16:20, Vlan50
D        10.71.97.0/24 [90/3072] via 10.71.242.62, 00:16:22, Port-channel2
D        10.71.98.0/24 
           [90/3328] via 10.71.242.74, 00:33:06, GigabitEthernet2/0/28
D        10.71.128.0/24 [90/3072] via 10.71.242.62, 00:16:22, Port-channel2
D        10.71.129.0/24 [90/3072] via 10.71.242.66, 00:16:22, Port-channel3
D        10.71.130.0/24 
           [90/3072] via 10.71.242.70, 00:16:22, GigabitEthernet2/0/27
D        10.71.131.0/24 
           [90/3072] via 10.71.242.74, 09:13:33, GigabitEthernet2/0/28
D        10.71.132.0/24 [90/3328] via 10.71.242.17, 00:16:20, Vlan50
D        10.71.133.0/24 
           [90/3328] via 10.71.242.74, 00:33:37, GigabitEthernet2/0/28
D        10.71.134.0/24 
           [90/3328] via 10.71.242.70, 00:16:22, GigabitEthernet2/0/27
D        10.71.135.0/24 [90/3328] via 10.71.242.17, 00:16:20, Vlan50
D        10.71.224.0/24 [90/3072] via 10.71.242.17, 00:16:20, Vlan50
D        10.71.240.1/32 [90/131072] via 10.71.242.17, 00:16:21, Vlan50
D        10.71.240.2/32 
           [90/130816] via 10.71.242.5, 4w0d, GigabitEthernet2/0/23
D        10.71.240.5/32 [90/130816] via 10.71.242.17, 00:16:21, Vlan50
C        10.71.240.6/32 is directly connected, Loopback1
D        10.71.240.8/32 [90/129536] via 10.71.242.62, 00:16:22, Port-channel2
D        10.71.240.9/32 [90/130816] via 10.71.242.66, 00:16:22, Port-channel3
D        10.71.240.10/32 
           [90/130816] via 10.71.242.70, 00:16:22, GigabitEthernet2/0/27
D        10.71.240.11/32 
           [90/130816] via 10.71.242.74, 09:13:33, GigabitEthernet2/0/28
D        10.71.240.12/32 [90/131072] via 10.71.242.17, 00:16:20, Vlan50
D        10.71.240.15/32 [90/131072] via 10.71.242.17, 00:16:20, Vlan50
D        10.71.240.17/32 
           [90/131072] via 10.71.242.74, 00:33:37, GigabitEthernet2/0/28
D        10.71.240.18/32 
           [90/131072] via 10.71.242.70, 00:16:22, GigabitEthernet2/0/27
D        10.71.240.19/32 [90/131328] via 10.71.242.17, 00:16:20, Vlan50
D        10.71.240.20/32 [90/156416] via 10.71.242.17, 00:16:20, Vlan50
D        10.71.240.21/32 
           [90/156160] via 10.71.242.138, 00:16:22, GigabitEthernet2/0/13
D        10.71.240.24/32 [90/130816] via 10.71.242.17, 00:16:21, Vlan50
D        10.71.242.0/30 [90/3072] via 10.71.242.17, 00:16:21, Vlan50
C        10.71.242.4/30 is directly connected, GigabitEthernet2/0/23
L        10.71.242.6/32 is directly connected, GigabitEthernet2/0/23
C        10.71.242.16/30 is directly connected, Vlan50
L        10.71.242.18/32 is directly connected, Vlan50
D        10.71.242.24/30 [90/1792] via 10.71.242.62, 00:16:21, Port-channel2
D        10.71.242.28/30 [90/3072] via 10.71.242.66, 00:16:21, Port-channel3
                         [90/3072] via 10.71.242.17, 00:16:21, Vlan50
D        10.71.242.32/30 
           [90/3072] via 10.71.242.70, 00:16:20, GigabitEthernet2/0/27
           [90/3072] via 10.71.242.17, 00:16:20, Vlan50
D        10.71.242.52/30 [90/3072] via 10.71.242.17, 00:16:20, Vlan50
C        10.71.242.60/30 is directly connected, Port-channel2
L        10.71.242.61/32 is directly connected, Port-channel2
C        10.71.242.64/30 is directly connected, Port-channel3
L        10.71.242.65/32 is directly connected, Port-channel3
C        10.71.242.68/30 is directly connected, GigabitEthernet2/0/27
L        10.71.242.69/32 is directly connected, GigabitEthernet2/0/27
C        10.71.242.72/30 is directly connected, GigabitEthernet2/0/28
L        10.71.242.73/32 is directly connected, GigabitEthernet2/0/28
D        10.71.242.76/30 
           [90/3072] via 10.71.242.74, 00:33:41, GigabitEthernet2/0/28
D        10.71.242.80/30 
           [90/3072] via 10.71.242.70, 00:16:22, GigabitEthernet2/0/27
D        10.71.242.84/30 [90/3328] via 10.71.242.17, 00:16:20, Vlan50
D        10.71.242.124/30 [90/28416] via 10.71.242.17, 00:16:21, Vlan50
C        10.71.242.128/30 is directly connected, GigabitEthernet2/0/12
L        10.71.242.129/32 is directly connected, GigabitEthernet2/0/12
D        10.71.242.132/30 [90/28416] via 10.71.242.17, 00:16:21, Vlan50
C        10.71.242.136/30 is directly connected, GigabitEthernet2/0/13
L        10.71.242.137/32 is directly connected, GigabitEthernet2/0/13
D        10.71.242.140/30 [90/3072] via 10.71.242.17, 00:16:20, Vlan50
D        10.71.246.32/27 [90/3072] via 10.71.242.62, 00:16:22, Port-channel2
D        10.71.246.64/27 
           [90/3328] via 10.71.242.74, 00:33:06, GigabitEthernet2/0/28
D        10.71.250.0/29 [90/54272] via 10.71.242.17, 00:16:21, Vlan50
C        10.71.254.0/24 is directly connected, Vlan901
L        10.71.254.3/32 is directly connected, Vlan901
D EX     10.72.0.0/16 [170/25603072] via 10.71.242.17, 00:16:20, Vlan50
D EX     10.72.0.0/17 [170/25603072] via 10.71.242.17, 00:16:20, Vlan50
D EX     10.72.128.0/17 [170/25603072] via 10.71.242.17, 00:16:20, Vlan50
D EX     10.72.240.1/32 [170/25603072] via 10.71.242.17, 00:16:20, Vlan50
D EX     10.72.242.128/30 [170/30976] via 10.71.242.17, 00:16:20, Vlan50
D EX     10.72.250.0/29 [170/25603072] via 10.71.242.17, 00:16:21, Vlan50
D EX     10.73.0.0/16 
           [170/25602816] via 10.71.242.5, 00:16:22, GigabitEthernet2/0/23
D EX     10.73.240.1/32 [170/25603072] via 10.71.242.17, 00:16:20, Vlan50
D EX     10.73.240.2/32 
           [170/25602816] via 10.71.242.5, 09:13:33, GigabitEthernet2/0/23
D EX     10.73.250.0/29 [170/25603072] via 10.71.242.17, 00:16:21, Vlan50
D EX     10.74.250.0/29 [170/25603072] via 10.71.242.17, 00:16:21, Vlan50
D EX     10.75.0.0/16 
           [170/25602816] via 10.71.242.5, 00:16:22, GigabitEthernet2/0/23
D EX     10.75.240.1/32 [170/25603072] via 10.71.242.17, 00:16:20, Vlan50
D EX     10.75.240.2/32 
           [170/25602816] via 10.71.242.5, 09:13:33, GigabitEthernet2/0/23
D EX     10.75.250.0/29 [170/25603072] via 10.71.242.17, 00:16:21, Vlan50
D EX     10.76.0.0/16 [170/25603072] via 10.71.242.17, 00:06:08, Vlan50
D EX     10.76.0.0/17 [170/25603072] via 10.71.242.17, 00:16:20, Vlan50
D EX     10.76.128.0/17 [170/25603072] via 10.71.242.17, 00:16:20, Vlan50
D EX     10.76.240.1/32 [170/25603072] via 10.71.242.17, 00:16:20, Vlan50
D EX     10.76.250.0/29 [170/25603072] via 10.71.242.17, 00:16:20, Vlan50
D EX     10.77.0.0/16 [170/25603072] via 10.71.242.17, 00:16:20, Vlan50
D EX     10.77.0.0/17 [170/25603072] via 10.71.242.17, 00:16:20, Vlan50
D EX     10.77.128.0/17 [170/25603072] via 10.71.242.17, 00:16:20, Vlan50
D EX     10.77.250.0/30 [170/25603072] via 10.71.242.17, 00:16:20, Vlan50
D EX     10.78.0.0/16 
           [170/25602816] via 10.71.242.5, 00:16:22, GigabitEthernet2/0/23
D EX     10.78.240.1/32 [170/25603072] via 10.71.242.17, 00:16:20, Vlan50
D EX     10.78.240.2/32 
           [170/25602816] via 10.71.242.5, 09:13:33, GigabitEthernet2/0/23
D EX     10.78.250.0/29 [170/25603072] via 10.71.242.17, 00:16:20, Vlan50
D EX     10.79.0.0/16 
           [170/25602816] via 10.71.242.5, 00:16:22, GigabitEthernet2/0/23
D EX     10.79.240.1/32 [170/25603072] via 10.71.242.17, 00:16:20, Vlan50
D EX     10.79.240.2/32 
           [170/25602816] via 10.71.242.5, 09:13:33, GigabitEthernet2/0/23
D EX     10.79.250.0/30 [170/25603072] via 10.71.242.17, 00:16:20, Vlan50
D EX     10.80.0.0/16 [170/25603072] via 10.71.242.17, 00:16:20, Vlan50
D EX     10.80.0.0/17 [170/25603072] via 10.71.242.17, 00:16:20, Vlan50
D EX     10.80.128.0/17 [170/25603072] via 10.71.242.17, 00:16:20, Vlan50
D EX     10.80.240.1/32 [170/25603072] via 10.71.242.17, 00:16:20, Vlan50
D EX     10.80.250.0/30 [170/25603072] via 10.71.242.17, 00:16:20, Vlan50
D EX     10.81.0.0/16 [170/25603072] via 10.71.242.17, 00:16:20, Vlan50
D EX     10.81.0.0/17 [170/25603072] via 10.71.242.17, 00:16:20, Vlan50
D EX     10.81.128.0/17 [170/25603072] via 10.71.242.17, 00:16:20, Vlan50
D EX     10.81.240.1/32 [170/25603072] via 10.71.242.17, 00:16:20, Vlan50
D EX     10.81.250.0/30 [170/25603072] via 10.71.242.17, 00:16:21, Vlan50
D EX     10.84.0.0/16 [170/25603072] via 10.71.242.17, 00:16:20, Vlan50
D EX     10.84.0.0/17 [170/25603072] via 10.71.242.17, 00:16:20, Vlan50
D EX     10.84.128.0/17 [170/25603072] via 10.71.242.17, 00:16:20, Vlan50
D EX     10.84.240.1/32 [170/25603072] via 10.71.242.17, 00:16:20, Vlan50
D EX     10.84.250.0/30 [170/25603072] via 10.71.242.17, 00:16:20, Vlan50
D EX     10.85.0.0/16 [170/25603072] via 10.71.242.17, 00:16:20, Vlan50
D EX     10.85.0.0/17 [170/25603072] via 10.71.242.17, 00:16:20, Vlan50
D EX     10.85.128.0/17 [170/25603072] via 10.71.242.17, 00:16:20, Vlan50
D EX     10.85.240.1/32 [170/25603072] via 10.71.242.17, 00:16:20, Vlan50
D EX     10.85.250.0/30 [170/25603072] via 10.71.242.17, 00:16:20, Vlan50
D EX     10.86.0.0/16 
           [170/25602816] via 10.71.242.5, 00:16:22, GigabitEthernet2/0/23
D EX     10.86.64.16/30 [170/25603072] via 10.71.242.17, 00:16:20, Vlan50
D EX     10.86.64.20/30 [170/25603072] via 10.71.242.17, 00:16:20, Vlan50
D EX     10.86.65.16/30 [170/25603072] via 10.71.242.17, 00:16:20, Vlan50
D EX     10.86.65.20/30 [170/25603072] via 10.71.242.17, 00:16:20, Vlan50
D EX     10.86.240.1/32 [170/25603072] via 10.71.242.17, 00:16:20, Vlan50
D EX     10.86.240.2/32 
           [170/25602816] via 10.71.242.5, 09:13:33, GigabitEthernet2/0/23
D EX     10.87.0.0/16 [170/25603072] via 10.71.242.17, 00:06:35, Vlan50
D EX     10.87.0.0/17 [170/25603072] via 10.71.242.17, 00:16:20, Vlan50
D EX     10.87.128.0/17 [170/25603072] via 10.71.242.17, 00:16:20, Vlan50
D EX     10.87.240.1/32 [170/25603072] via 10.71.242.17, 00:16:20, Vlan50
D EX     10.87.250.0/30 [170/25603072] via 10.71.242.17, 00:16:20, Vlan50
D EX     10.88.0.0/16 [170/25603072] via 10.71.242.17, 00:16:20, Vlan50
D EX     10.88.0.0/17 [170/25603072] via 10.71.242.17, 00:16:20, Vlan50
D EX     10.88.128.0/17 [170/25603072] via 10.71.242.17, 00:16:20, Vlan50
D EX     10.88.240.1/32 [170/25603072] via 10.71.242.17, 00:16:20, Vlan50
D EX     10.88.250.0/30 [170/25603072] via 10.71.242.17, 00:16:20, Vlan50
D EX     10.89.0.0/16 [170/25603072] via 10.71.242.17, 00:16:20, Vlan50
D EX     10.89.0.0/17 [170/25603072] via 10.71.242.17, 00:16:20, Vlan50
D EX     10.89.128.0/17 [170/25603072] via 10.71.242.17, 00:16:20, Vlan50
D EX     10.89.240.1/32 [170/25603072] via 10.71.242.17, 00:16:20, Vlan50
D EX     10.89.250.0/30 [170/25603072] via 10.71.242.17, 00:16:20, Vlan50
D EX     10.90.0.0/16 [170/25603072] via 10.71.242.17, 00:02:43, Vlan50
D EX     10.90.0.0/17 [170/25603072] via 10.71.242.17, 00:16:20, Vlan50
D EX     10.90.128.0/17 [170/25603072] via 10.71.242.17, 00:16:20, Vlan50
D EX     10.90.240.1/32 [170/25603072] via 10.71.242.17, 00:16:20, Vlan50
D EX     10.90.250.0/30 [170/25603072] via 10.71.242.17, 00:16:20, Vlan50
D EX     10.91.0.0/16 [170/25603072] via 10.71.242.17, 00:16:20, Vlan50
D EX     10.91.240.1/32 [170/25603072] via 10.71.242.17, 00:16:20, Vlan50
D EX     10.91.250.0/30 [170/25603072] via 10.71.242.17, 00:16:20, Vlan50
D EX     10.92.0.0/17 [170/25603072] via 10.71.242.17, 00:16:20, Vlan50
D EX     10.92.128.0/17 [170/25603072] via 10.71.242.17, 00:16:20, Vlan50
D EX     10.92.240.1/32 [170/25603072] via 10.71.242.17, 00:16:20, Vlan50
D EX     10.92.250.0/30 [170/25603072] via 10.71.242.17, 00:16:20, Vlan50
D EX     10.93.0.0/17 [170/25603072] via 10.71.242.17, 00:16:20, Vlan50
D EX     10.93.128.0/17 [170/25603072] via 10.71.242.17, 00:16:20, Vlan50
D EX     10.93.240.1/32 [170/25603072] via 10.71.242.17, 00:16:20, Vlan50
D EX     10.93.250.0/30 [170/25603072] via 10.71.242.17, 00:16:20, Vlan50
D EX     10.97.0.0/16 [170/25603072] via 10.71.242.17, 00:16:20, Vlan50
D EX     10.97.250.0/29 [170/25603072] via 10.71.242.17, 00:16:20, Vlan50
D EX     10.98.0.0/16 [170/25603072] via 10.71.242.17, 00:16:20, Vlan50
D EX     10.98.0.0/17 [170/25603072] via 10.71.242.17, 00:16:20, Vlan50
D EX     10.98.128.0/17 [170/25603072] via 10.71.242.17, 00:16:20, Vlan50
D EX     10.98.250.0/29 [170/25603072] via 10.71.242.17, 00:16:20, Vlan50
D EX     10.102.0.0/16 [170/25603072] via 10.71.242.17, 00:16:20, Vlan50
D EX     10.107.250.0/29 [170/25603072] via 10.71.242.17, 00:16:20, Vlan50
D EX     10.110.0.0/16 [170/25603072] via 10.71.242.17, 00:16:20, Vlan50
D EX     10.110.240.1/32 [170/25603072] via 10.71.242.17, 00:16:20, Vlan50
D EX     10.110.250.0/29 [170/25603072] via 10.71.242.17, 00:16:20, Vlan50
D EX     10.248.250.0/25 [170/25603072] via 10.71.242.17, 00:16:20, Vlan50
D EX     10.248.250.128/25 [170/25603072] via 10.71.242.17, 00:16:20, Vlan50
D        10.250.250.0/24 
           [90/130816] via 10.71.242.5, 4w0d, GigabitEthernet2/0/23
D EX     10.252.252.0/24 
           [170/25602816] via 10.71.242.5, 00:16:22, GigabitEthernet2/0/23
      30.0.0.0/29 is subnetted, 1 subnets
D EX     30.20.57.120 [170/25603072] via 10.71.242.17, 00:16:20, Vlan50
      144.140.0.0/16 is variably subnetted, 14 subnets, 3 masks
D EX     144.140.162.40/29 [170/25603072] via 10.71.242.17, 00:16:20, Vlan50
D EX     144.140.162.48/28 [170/25603072] via 10.71.242.17, 00:16:20, Vlan50
D EX     144.140.162.80/28 [170/25603072] via 10.71.242.17, 00:16:20, Vlan50
D EX     144.140.181.80/28 [170/25603072] via 10.71.242.17, 00:16:20, Vlan50
D EX     144.140.201.1/32 [170/25603072] via 10.71.242.17, 00:16:20, Vlan50
D EX     144.140.201.2/32 [170/25603072] via 10.71.242.17, 00:16:20, Vlan50
D EX     144.140.201.3/32 [170/25603072] via 10.71.242.17, 00:16:20, Vlan50
D EX     144.140.201.16/28 [170/25603072] via 10.71.242.17, 00:16:20, Vlan50
D EX     144.140.208.16/29 [170/25603072] via 10.71.242.17, 00:16:20, Vlan50
D EX     144.140.208.32/28 [170/25603072] via 10.71.242.17, 00:16:20, Vlan50
D EX     144.140.208.80/28 [170/25603072] via 10.71.242.17, 00:16:20, Vlan50
D EX     144.140.218.96/28 [170/25603072] via 10.71.242.17, 00:16:20, Vlan50
D EX     144.140.222.32/28 [170/25603072] via 10.71.242.17, 00:16:21, Vlan50
D EX     144.140.224.32/28 [170/25603072] via 10.71.242.17, 00:16:20, Vlan50
      146.195.0.0/16 is variably subnetted, 6 subnets, 4 masks
D EX     146.195.21.0/29 
           [170/2562816] via 10.71.242.5, 09:13:33, GigabitEthernet2/0/23
D EX     146.195.30.0/24 
           [170/2562816] via 10.71.242.5, 09:13:33, GigabitEthernet2/0/23
D EX     146.195.31.0/24 
           [170/2562816] via 10.71.242.5, 09:13:33, GigabitEthernet2/0/23
D EX     146.195.39.0/24 
           [170/2562816] via 10.71.242.5, 09:13:33, GigabitEthernet2/0/23
D EX     146.195.180.0/22 
           [170/2562816] via 10.71.242.5, 09:13:33, GigabitEthernet2/0/23
D EX     146.195.255.20/32 [170/7683072] via 10.71.242.17, 00:16:20, Vlan50
      172.16.0.0/24 is subnetted, 1 subnets
D EX     172.16.65.0 
           [170/25602816] via 10.71.242.5, 00:16:22, GigabitEthernet2/0/23
      172.17.0.0/24 is subnetted, 1 subnets
D EX     172.17.65.0 
           [170/25602816] via 10.71.242.5, 00:16:22, GigabitEthernet2/0/23
      172.24.0.0/16 is variably subnetted, 6 subnets, 3 masks
D EX     172.24.96.0/21 
           [170/25602816] via 10.71.242.5, 00:16:22, GigabitEthernet2/0/23
D EX     172.24.108.0/24 
           [170/25602816] via 10.71.242.5, 00:16:22, GigabitEthernet2/0/23
D EX     172.24.109.0/24 
           [170/25602816] via 10.71.242.5, 00:16:22, GigabitEthernet2/0/23
D EX     172.24.112.0/22 
           [170/25602816] via 10.71.242.5, 00:16:22, GigabitEthernet2/0/23
D EX     172.24.120.0/24 
           [170/25602816] via 10.71.242.5, 00:16:22, GigabitEthernet2/0/23
D EX     172.24.192.0/24 
           [170/25602816] via 10.71.242.5, 00:16:22, GigabitEthernet2/0/23
      172.25.0.0/16 is variably subnetted, 2 subnets, 2 masks
D EX     172.25.104.0/24 
           [170/25602816] via 10.71.242.5, 00:16:22, GigabitEthernet2/0/23
D EX     172.25.105.0/26 
           [170/25602816] via 10.71.242.5, 00:16:22, GigabitEthernet2/0/23
      172.27.0.0/26 is subnetted, 1 subnets
D EX     172.27.0.0 
           [170/25602816] via 10.71.242.5, 00:16:22, GigabitEthernet2/0/23
      172.28.0.0/26 is subnetted, 1 subnets
D EX     172.28.8.64 
           [170/25602816] via 10.71.242.5, 00:16:22, GigabitEthernet2/0/23
      172.29.0.0/24 is subnetted, 1 subnets
D EX     172.29.1.0 
           [170/25602816] via 10.71.242.5, 00:16:22, GigabitEthernet2/0/23
      203.41.188.0/28 is subnetted, 1 subnets
D EX     203.41.188.96 [170/25603072] via 10.71.242.17, 00:16:20, Vlan50
      203.42.70.0/28 is subnetted, 1 subnets
D EX     203.42.70.224 [170/25603072] via 10.71.242.17, 00:16:21, Vlan50
      203.52.0.0/24 is variably subnetted, 2 subnets, 2 masks
D EX     203.52.0.0/24 [170/25603072] via 10.71.242.17, 00:16:20, Vlan50
D EX     203.52.0.192/27 [170/25603072] via 10.71.242.17, 00:16:20, Vlan50
      203.52.1.0/24 is variably subnetted, 2 subnets, 2 masks
D EX     203.52.1.0/24 [170/25603072] via 10.71.242.17, 00:16:21, Vlan50
D EX     203.52.1.192/27 [170/25603072] via 10.71.242.17, 00:16:21, Vlan50
      203.52.2.0/28 is subnetted, 1 subnets
D EX     203.52.2.160 [170/25603072] via 10.71.242.17, 00:16:21, Vlan50
pict-01-sw2#Show inv
NAME: "2", DESCR: "WS-C3750E-24TD"
PID: WS-C3750E-24TD-E  , VID: V03  , SN: FDO1320R25H

NAME: "Switch 2 - Power Supply 0", DESCR: "FRU Power Supply"
PID: C3K-PWR-265WAC    , VID: V01Q , SN: QCS1303C1KJ

NAME: "TenGigabitEthernet2/0/1", DESCR: "10GBase-LRM"
PID: X2-10GB-LRM       , VID: V01  , SN: FNS13130727     

NAME: "Switch 2 - Slot 2 - TwinGig Converter Module", DESCR: "TwinGig Converter Module"
PID: 800-27645-02      , VID: B0   , SN: FDO13210966     

NAME: "GigabitEthernet2/0/27", DESCR: "1000BaseSX SFP"
PID: Unspecified       , VID:      , SN: FNS1009QNKE     

NAME: "GigabitEthernet2/0/28", DESCR: "1000BaseSX SFP"
PID: Unspecified       , VID:      , SN: AGM123512Q3     

NAME: "1", DESCR: "WS-C3750X-12S"
PID: WS-C3750X-12S-E   , VID: V03  , SN: FDO1710P0E7

NAME: "Switch 1 - Power Supply 0", DESCR: "FRU Power Supply"
PID: C3KX-PWR-350WAC   , VID: V02L , SN: LIT170815WN

NAME: "Switch 1 - Power Supply 1", DESCR: "FRU Power Supply"
PID: C3KX-PWR-350WAC   , VID: V02L , SN: LIT170815YJ

NAME: "GigabitEthernet1/0/11", DESCR: "1000BaseSX SFP"
PID: GLC-SX-MMD          , VID: V01  , SN: OPM20300688     

NAME: "GigabitEthernet1/0/12", DESCR: "1000BaseSX SFP"
PID: GLC-SX-MMD          , VID: V01  , SN: OPM2030067P     


pict-01-sw2#