=~=~=~=~=~=~=~=~=~=~=~= PuTTY log 2017.12.22 11:10:06 =~=~=~=~=~=~=~=~=~=~=~=
login as: n039941

 ********************************************************************
 * [WARNING]                                                        *
 *                                                                  *
 * This system belongs to a private organisation. If you are not    *
 * authorised to access this system, exit immediately.              *
 * Unauthorised access to this system is forbidden by company       *
 * policies, national, and international laws.                      *
 * Unauthorised users are subject to criminal and civil penalties   *
 * as well as company initiated disciplinary proceedings.           *
 * By entry into this system you acknowledge that you are           *
 * authorised access and the level of privilege you subsequently    *
 * execute on this system. You further acknowledge that by entry    *
 * into this system you expect no privacy from monitoring.          *
 *                                                                  *
 *        ALL ACCESS TO THIS SYSTEM IS MONITORED AND LOGGED         *
 *                                                                  *
 ********************************************************************

 ********************************************************************
 *             Please enter your username and password.             *
 ********************************************************************
Using keyboard-interactive authentication.
Password: 

 ********************************************************************
 * You are now logged into: WP                                      *
 * All activity is being logged for review by System Administrators *
 ********************************************************************

BRIDG-01-SW1>en
Password: 
BRIDG-01-SW1#term len 0
BRIDG-01-SW1#Show cdp nei
Capability Codes: R - Router, T - Trans Bridge, B - Source Route Bridge
                  S - Switch, H - Host, I - IGMP, r - Repeater, P - Phone, 
                  D - Remote, C - CVTA, M - Two-port Mac Relay 

Device ID        Local Intrfce     Holdtme    Capability  Platform  Port ID
BRIDG-01-R1.ads.westernpower.com.au
                 Gig 1/0/47        167             R S I  ISR4331/K Gig 0/0/0
SEP0025459576F1  Gig 1/0/6         126             H P M  IP Phone  Port 1
SEP0024C4FD3813  Gig 1/0/31        122             H P M  IP Phone  Port 1
SEP00254595ACD4  Gig 1/0/3         142             H P M  IP Phone  Port 1
SEP00254595B100  Gig 1/0/26        148             H P M  IP Phone  Port 1
SEP00235E19228E  Gig 1/0/37        154             H P M  IP Phone  Port 1
SEP002545955F8B  Gig 1/0/36        139             H P M  IP Phone  Port 1
bridg-01-ap1.ads.westernpower.com.au
                 Gig 1/0/44        150             T B I  AIR-CAP35 Gig 0
ITT10228         Gig 1/0/10        169               H    MSI on Wi Local Area Connection 2
ITT09033         Gig 1/0/34        130               H    MSI on Wi Local Area Connection
ITT05629         Gig 1/0/34        130               H    MSI on Wi Local Area Connection
ITT11866         Gig 1/0/34        130               H    MSI on Wi Local Area Connection
ITT07921         Gig 1/0/34        131               H    MSI on Wi Local Area Connection
ITT14316         Gig 1/0/1         125               H    MSI on Wi Local Area Connection
ITT12305         Gig 1/0/10        173               H    MSI on Wi Local Area Connection

Total cdp entries displayed : 15
BRIDG-01-SW1#Show int status

Port      Name               Status       Vlan       Duplex  Speed Type 
Gi1/0/1                      connected    401        a-full a-1000 10/100/1000BaseTX
Gi1/0/2                      notconnect   401          auto   auto 10/100/1000BaseTX
Gi1/0/3                      connected    401        a-full  a-100 10/100/1000BaseTX
Gi1/0/4                      notconnect   401          auto   auto 10/100/1000BaseTX
Gi1/0/5                      notconnect   401          auto   auto 10/100/1000BaseTX
Gi1/0/6                      connected    401        a-full  a-100 10/100/1000BaseTX
Gi1/0/7                      notconnect   401          auto   auto 10/100/1000BaseTX
Gi1/0/8                      notconnect   401          auto   auto 10/100/1000BaseTX
Gi1/0/9                      notconnect   401          auto   auto 10/100/1000BaseTX
Gi1/0/10                     connected    401        a-full  a-100 10/100/1000BaseTX
Gi1/0/11                     connected    401        a-full  a-100 10/100/1000BaseTX
Gi1/0/12                     notconnect   401          auto   auto 10/100/1000BaseTX
Gi1/0/13                     notconnect   401          auto   auto 10/100/1000BaseTX
Gi1/0/14                     notconnect   401          auto   auto 10/100/1000BaseTX
Gi1/0/15                     notconnect   401          auto   auto 10/100/1000BaseTX
Gi1/0/16                     notconnect   401          auto   auto 10/100/1000BaseTX
Gi1/0/17                     connected    401        a-full  a-100 10/100/1000BaseTX
Gi1/0/18                     notconnect   401          auto   auto 10/100/1000BaseTX
Gi1/0/19                     notconnect   401          auto   auto 10/100/1000BaseTX
Gi1/0/20                     notconnect   401          auto   auto 10/100/1000BaseTX
Gi1/0/21                     notconnect   401          auto   auto 10/100/1000BaseTX
Gi1/0/22                     notconnect   401          auto   auto 10/100/1000BaseTX
Gi1/0/23                     notconnect   401          auto   auto 10/100/1000BaseTX
Gi1/0/24                     connected    401        a-full  a-100 10/100/1000BaseTX
Gi1/0/25                     notconnect   401          auto   auto 10/100/1000BaseTX
Gi1/0/26                     connected    401        a-full  a-100 10/100/1000BaseTX
Gi1/0/27                     notconnect   401          auto   auto 10/100/1000BaseTX
Gi1/0/28                     notconnect   401          auto   auto 10/100/1000BaseTX
Gi1/0/29                     connected    401        a-full  a-100 10/100/1000BaseTX
Gi1/0/30                     notconnect   401          auto   auto 10/100/1000BaseTX
Gi1/0/31                     connected    401        a-full  a-100 10/100/1000BaseTX
Gi1/0/32                     connected    401        a-full  a-100 10/100/1000BaseTX
Gi1/0/33                     notconnect   401          auto   auto 10/100/1000BaseTX
Gi1/0/34                     connected    401        a-full  a-100 10/100/1000BaseTX
Gi1/0/35                     notconnect   401          auto   auto 10/100/1000BaseTX
Gi1/0/36                     connected    401        a-full  a-100 10/100/1000BaseTX
Gi1/0/37                     connected    401        a-full  a-100 10/100/1000BaseTX
Gi1/0/38                     connected    401        a-full  a-100 10/100/1000BaseTX
Gi1/0/39                     notconnect   401          auto   auto 10/100/1000BaseTX
Gi1/0/40                     notconnect   401          auto   auto 10/100/1000BaseTX
Gi1/0/41                     notconnect   401          auto   auto 10/100/1000BaseTX
Gi1/0/42  Power Quality Moni notconnect   901          auto   auto 10/100/1000BaseTX
Gi1/0/43  Power Quality Moni notconnect   901          auto   auto 10/100/1000BaseTX
Gi1/0/44  bridg-01-ap1 AP350 connected    trunk      a-full a-1000 10/100/1000BaseTX
Gi1/0/45  Cardex access      connected    480        a-full a-1000 10/100/1000BaseTX
Gi1/0/46  bridg-UPS          connected    901        a-full  a-100 10/100/1000BaseTX
Gi1/0/47  bridg-01-r1        connected    routed     a-full a-1000 10/100/1000BaseTX
Gi1/0/48  STEELHEAD_PRIMARY  connected    399        a-full a-1000 10/100/1000BaseTX
Gi1/1/1                      notconnect   1            auto   auto unknown
Gi1/1/2                      notconnect   1            auto   auto unknown
Gi1/1/3                      notconnect   1            auto   auto unknown
Gi1/1/4                      notconnect   1            auto   auto unknown
BRIDG-01-SW1#Show ip arp
Protocol  Address          Age (min)  Hardware Addr   Type   Interface
Internet  10.80.64.1              -   f40f.1ba2.d46f  ARPA   Vlan401
Internet  10.80.64.11             0   4437.e65e.1ee5  ARPA   Vlan401
Internet  10.80.64.12             0   0010.c6b0.e1fa  ARPA   Vlan401
Internet  10.80.64.13             0   20c6.eb6b.5127  ARPA   Vlan401
Internet  10.80.64.14             1   6c0b.8424.2d6d  ARPA   Vlan401
Internet  10.80.64.15             1   4437.e688.cd66  ARPA   Vlan401
Internet  10.80.64.16             4   0060.0c81.591e  ARPA   Vlan401
Internet  10.80.64.17            11   0010.c6b0.e2a4  ARPA   Vlan401
Internet  10.80.64.18             0   70f3.9505.d4db  ARPA   Vlan401
Internet  10.80.64.19             0   cc52.af4b.4c35  ARPA   Vlan401
Internet  10.80.64.20             0   001b.d3e1.06e6  ARPA   Vlan401
Internet  10.80.64.21             1   90ac.3f00.2335  ARPA   Vlan401
Internet  10.80.64.23             1   4ccc.6a1b.0e78  ARPA   Vlan401
Internet  10.80.64.26             1   90ac.3f00.2380  ARPA   Vlan401
Internet  10.80.64.31             6   0800.37b1.9380  ARPA   Vlan401
Internet  10.80.64.36             0   70f3.950e.bca7  ARPA   Vlan401
Internet  10.80.64.37            13   0800.37b1.9275  ARPA   Vlan401
Internet  10.80.64.40           172   4439.c453.7160  ARPA   Vlan401
Internet  10.80.64.55             0   fc4d.d4d2.190f  ARPA   Vlan401
Internet  10.80.64.147          131   0010.c6b1.fb32  ARPA   Vlan401
Internet  10.80.64.149            0   001b.d3e1.a10f  ARPA   Vlan401
Internet  10.80.64.150            2   001b.d3e1.0be7  ARPA   Vlan401
Internet  10.80.96.1              -   f40f.1ba2.d47e  ARPA   Vlan801
Internet  10.80.96.12             1   e82a.ea80.cb18  ARPA   Vlan801
Internet  10.80.128.1             -   f40f.1ba2.d476  ARPA   Vlan501
Internet  10.80.128.33           38   0025.4595.5f8b  ARPA   Vlan501
Internet  10.80.128.34            9   0025.4595.76f1  ARPA   Vlan501
Internet  10.80.128.35           17   0025.4595.b100  ARPA   Vlan501
Internet  10.80.128.39           17   0023.5e19.228e  ARPA   Vlan501
Internet  10.80.128.40           23   0025.4595.acd4  ARPA   Vlan501
Internet  10.80.128.41           19   0024.c4fd.3813  ARPA   Vlan501
Internet  10.80.224.1             -   f40f.1ba2.d45b  ARPA   Vlan480
Internet  10.80.224.10            0   001c.7f22.24f8  ARPA   Vlan480
Internet  10.80.241.1             -   f40f.1ba2.d44c  ARPA   Vlan399
Internet  10.80.241.5            98   000e.b64c.ea78  ARPA   Vlan399
Internet  10.80.242.1             4   00a3.d148.cc30  ARPA   GigabitEthernet1/0/47
Internet  10.80.242.2             -   f40f.1ba2.d455  ARPA   GigabitEthernet1/0/47
Internet  10.80.242.3           114   000e.b6c0.8420  ARPA   GigabitEthernet1/0/47
Internet  10.80.246.1             -   f40f.1ba2.d452  ARPA   Vlan800
Internet  10.80.246.2             0   Incomplete      ARPA   
Internet  10.80.246.3             0   0007.7d65.51d2  ARPA   Vlan800
Internet  10.80.254.1             -   f40f.1ba2.d448  ARPA   Vlan901
BRIDG-01-SW1#Show mac add
          Mac Address Table
-------------------------------------------

Vlan    Mac Address       Type        Ports
----    -----------       --------    -----
 All    0100.0ccc.cccc    STATIC      CPU
 All    0100.0ccc.cccd    STATIC      CPU
 All    0100.0ccc.ccce    STATIC      CPU
 All    0180.c200.0000    STATIC      CPU
 All    0180.c200.0001    STATIC      CPU
 All    0180.c200.0002    STATIC      CPU
 All    0180.c200.0003    STATIC      CPU
 All    0180.c200.0004    STATIC      CPU
 All    0180.c200.0005    STATIC      CPU
 All    0180.c200.0006    STATIC      CPU
 All    0180.c200.0007    STATIC      CPU
 All    0180.c200.0008    STATIC      CPU
 All    0180.c200.0009    STATIC      CPU
 All    0180.c200.000a    STATIC      CPU
 All    0180.c200.000b    STATIC      CPU
 All    0180.c200.000c    STATIC      CPU
 All    0180.c200.000d    STATIC      CPU
 All    0180.c200.000e    STATIC      CPU
 All    0180.c200.000f    STATIC      CPU
 All    0180.c200.0010    STATIC      CPU
 All    ffff.ffff.ffff    STATIC      CPU
 399    000e.b64c.ea78    DYNAMIC     Gi1/0/48
 399    f40f.1ba2.d44c    STATIC      Vl399 
 401    0010.c6b0.e1fa    DYNAMIC     Gi1/0/37
 401    0010.c6b0.e2a4    DYNAMIC     Gi1/0/34
 401    0010.c6b1.fb32    DYNAMIC     Gi1/0/31
 401    001b.d3e1.06e6    DYNAMIC     Gi1/0/10
 401    001b.d3e1.0be7    DYNAMIC     Gi1/0/10
 401    001b.d3e1.a10f    DYNAMIC     Gi1/0/10
 401    0023.5e19.228e    DYNAMIC     Gi1/0/37
 401    0024.c4fd.3813    DYNAMIC     Gi1/0/31
 401    0025.4595.5f8b    DYNAMIC     Gi1/0/36
 401    0025.4595.76f1    DYNAMIC     Gi1/0/6
 401    0025.4595.acd4    DYNAMIC     Gi1/0/3
 401    0025.4595.b100    DYNAMIC     Gi1/0/26
 401    0060.0c81.591e    DYNAMIC     Gi1/0/11
 401    0800.37b1.9275    DYNAMIC     Gi1/0/17
 401    0800.37b1.9380    DYNAMIC     Gi1/0/38
 401    20c6.eb6b.5127    DYNAMIC     Gi1/0/10
 401    4437.e65e.1ee5    DYNAMIC     Gi1/0/34
 401    4437.e688.cd66    DYNAMIC     Gi1/0/34
 401    4ccc.6a1b.0e78    DYNAMIC     Gi1/0/32
 401    6c0b.8424.2d6d    DYNAMIC     Gi1/0/6
 401    70f3.9505.d4db    DYNAMIC     Gi1/0/34
 401    70f3.950e.bca7    DYNAMIC     Gi1/0/36
 401    90ac.3f00.2335    DYNAMIC     Gi1/0/29
 401    90ac.3f00.2380    DYNAMIC     Gi1/0/24
 401    cc52.af4b.4c35    DYNAMIC     Gi1/0/10
 401    f40f.1ba2.d46f    STATIC      Vl401 
 401    fc4d.d4d2.190f    DYNAMIC     Gi1/0/1
 480    001c.7f22.24f8    DYNAMIC     Gi1/0/45
 480    f40f.1ba2.d45b    STATIC      Vl480 
 501    0023.5e19.228e    DYNAMIC     Gi1/0/37
 501    0024.c4fd.3813    DYNAMIC     Gi1/0/31
 501    0025.4595.5f8b    DYNAMIC     Gi1/0/36
 501    0025.4595.76f1    DYNAMIC     Gi1/0/6
 501    0025.4595.acd4    DYNAMIC     Gi1/0/3
 501    0025.4595.b100    DYNAMIC     Gi1/0/26
 501    f40f.1ba2.d476    STATIC      Vl501 
 800    0007.7d65.51d2    DYNAMIC     Gi1/0/44
 800    f40f.1ba2.d452    STATIC      Vl800 
 801    e82a.ea80.cb18    DYNAMIC     Gi1/0/44
 801    f40f.1ba2.d47e    STATIC      Vl801 
 901    0020.85fd.ebc7    DYNAMIC     Gi1/0/46
 901    f40f.1ba2.d448    STATIC      Vl901 
Total Mac Addresses for this criterion: 65
BRIDG-01-SW1#Show int | inc (rops|otoc)
Vlan1 is administratively down, line protocol is down 
  Input queue: 0/75/0/0 (size/max/drops/flushes); Total output drops: 0
     0 unknown protocol drops
Vlan399 is up, line protocol is up 
  Input queue: 0/75/0/0 (size/max/drops/flushes); Total output drops: 0
     0 unknown protocol drops
Vlan401 is up, line protocol is up 
  Input queue: 0/75/0/0 (size/max/drops/flushes); Total output drops: 0
     0 unknown protocol drops
Vlan480 is up, line protocol is up 
  Input queue: 0/75/0/0 (size/max/drops/flushes); Total output drops: 0
     0 unknown protocol drops
Vlan501 is up, line protocol is up 
  Input queue: 0/75/0/0 (size/max/drops/flushes); Total output drops: 0
     0 unknown protocol drops
Vlan800 is up, line protocol is up 
  Input queue: 0/75/0/0 (size/max/drops/flushes); Total output drops: 0
     0 unknown protocol drops
Vlan801 is up, line protocol is up 
  Input queue: 0/75/0/0 (size/max/drops/flushes); Total output drops: 0
     0 unknown protocol drops
Vlan901 is up, line protocol is up 
  Input queue: 0/75/0/0 (size/max/drops/flushes); Total output drops: 0
     0 unknown protocol drops
GigabitEthernet0/0 is down, line protocol is down 
  Input queue: 0/75/0/0 (size/max/drops/flushes); Total output drops: 0
     0 unknown protocol drops
GigabitEthernet1/0/1 is up, line protocol is up (connected) 
  Input queue: 0/2000/0/0 (size/max/drops/flushes); Total output drops: 0
     0 unknown protocol drops
GigabitEthernet1/0/2 is down, line protocol is down (notconnect) 
  Input queue: 0/2000/0/0 (size/max/drops/flushes); Total output drops: 0
     0 unknown protocol drops
GigabitEthernet1/0/3 is up, line protocol is up (connected) 
  Input queue: 0/2000/0/0 (size/max/drops/flushes); Total output drops: 352149323
     0 unknown protocol drops
GigabitEthernet1/0/4 is down, line protocol is down (notconnect) 
  Input queue: 0/2000/0/0 (size/max/drops/flushes); Total output drops: 26432152
     0 unknown protocol drops
GigabitEthernet1/0/5 is down, line protocol is down (notconnect) 
  Input queue: 0/2000/0/0 (size/max/drops/flushes); Total output drops: 0
     0 unknown protocol drops
GigabitEthernet1/0/6 is up, line protocol is up (connected) 
  Input queue: 0/2000/0/0 (size/max/drops/flushes); Total output drops: 145773207
     0 unknown protocol drops
GigabitEthernet1/0/7 is down, line protocol is down (notconnect) 
  Input queue: 0/2000/0/0 (size/max/drops/flushes); Total output drops: 0
     0 unknown protocol drops
GigabitEthernet1/0/8 is down, line protocol is down (notconnect) 
  Input queue: 0/2000/0/0 (size/max/drops/flushes); Total output drops: 0
     0 unknown protocol drops
GigabitEthernet1/0/9 is down, line protocol is down (notconnect) 
  Input queue: 0/2000/0/0 (size/max/drops/flushes); Total output drops: 0
     0 unknown protocol drops
GigabitEthernet1/0/10 is up, line protocol is up (connected) 
  Input queue: 0/2000/0/0 (size/max/drops/flushes); Total output drops: 64043034
     0 unknown protocol drops
GigabitEthernet1/0/11 is up, line protocol is up (connected) 
  Input queue: 0/2000/0/0 (size/max/drops/flushes); Total output drops: 0
     0 unknown protocol drops
GigabitEthernet1/0/12 is down, line protocol is down (notconnect) 
  Input queue: 0/2000/0/0 (size/max/drops/flushes); Total output drops: 0
     0 unknown protocol drops
GigabitEthernet1/0/13 is down, line protocol is down (notconnect) 
  Input queue: 0/2000/0/0 (size/max/drops/flushes); Total output drops: 0
     0 unknown protocol drops
GigabitEthernet1/0/14 is down, line protocol is down (notconnect) 
  Input queue: 0/2000/0/0 (size/max/drops/flushes); Total output drops: 462990
     0 unknown protocol drops
GigabitEthernet1/0/15 is down, line protocol is down (notconnect) 
  Input queue: 0/2000/0/0 (size/max/drops/flushes); Total output drops: 0
     0 unknown protocol drops
GigabitEthernet1/0/16 is down, line protocol is down (notconnect) 
  Input queue: 0/2000/0/0 (size/max/drops/flushes); Total output drops: 78875187
     0 unknown protocol drops
GigabitEthernet1/0/17 is up, line protocol is up (connected) 
  Input queue: 0/2000/0/0 (size/max/drops/flushes); Total output drops: 36149042
     3128 unknown protocol drops
GigabitEthernet1/0/18 is down, line protocol is down (notconnect) 
  Input queue: 0/2000/0/0 (size/max/drops/flushes); Total output drops: 0
     0 unknown protocol drops
GigabitEthernet1/0/19 is down, line protocol is down (notconnect) 
  Input queue: 0/2000/0/0 (size/max/drops/flushes); Total output drops: 34914
     65 unknown protocol drops
GigabitEthernet1/0/20 is down, line protocol is down (notconnect) 
  Input queue: 0/2000/0/0 (size/max/drops/flushes); Total output drops: 2459160
     0 unknown protocol drops
GigabitEthernet1/0/21 is down, line protocol is down (notconnect) 
  Input queue: 0/2000/0/0 (size/max/drops/flushes); Total output drops: 0
     0 unknown protocol drops
GigabitEthernet1/0/22 is down, line protocol is down (notconnect) 
  Input queue: 0/2000/0/0 (size/max/drops/flushes); Total output drops: 39065700
     0 unknown protocol drops
GigabitEthernet1/0/23 is down, line protocol is down (notconnect) 
  Input queue: 0/2000/0/0 (size/max/drops/flushes); Total output drops: 0
     0 unknown protocol drops
GigabitEthernet1/0/24 is up, line protocol is up (connected) 
  Input queue: 0/2000/0/0 (size/max/drops/flushes); Total output drops: 0
     0 unknown protocol drops
GigabitEthernet1/0/25 is down, line protocol is down (notconnect) 
  Input queue: 0/2000/0/0 (size/max/drops/flushes); Total output drops: 0
     0 unknown protocol drops
GigabitEthernet1/0/26 is up, line protocol is up (connected) 
  Input queue: 0/2000/0/0 (size/max/drops/flushes); Total output drops: 0
     0 unknown protocol drops
GigabitEthernet1/0/27 is down, line protocol is down (notconnect) 
  Input queue: 0/2000/0/0 (size/max/drops/flushes); Total output drops: 0
     0 unknown protocol drops
GigabitEthernet1/0/28 is down, line protocol is down (notconnect) 
  Input queue: 0/2000/0/0 (size/max/drops/flushes); Total output drops: 0
     0 unknown protocol drops
GigabitEthernet1/0/29 is up, line protocol is up (connected) 
  Input queue: 0/2000/0/0 (size/max/drops/flushes); Total output drops: 0
     0 unknown protocol drops
GigabitEthernet1/0/30 is down, line protocol is down (notconnect) 
  Input queue: 0/2000/0/0 (size/max/drops/flushes); Total output drops: 0
     0 unknown protocol drops
GigabitEthernet1/0/31 is up, line protocol is up (connected) 
  Input queue: 0/2000/0/0 (size/max/drops/flushes); Total output drops: 32938989
     0 unknown protocol drops
GigabitEthernet1/0/32 is up, line protocol is up (connected) 
  Input queue: 0/2000/0/0 (size/max/drops/flushes); Total output drops: 56327401
     0 unknown protocol drops
GigabitEthernet1/0/33 is down, line protocol is down (notconnect) 
  Input queue: 0/2000/0/0 (size/max/drops/flushes); Total output drops: 0
     0 unknown protocol drops
GigabitEthernet1/0/34 is up, line protocol is up (connected) 
  Input queue: 0/2000/0/0 (size/max/drops/flushes); Total output drops: 78075258
     0 unknown protocol drops
GigabitEthernet1/0/35 is down, line protocol is down (notconnect) 
  Input queue: 0/2000/0/0 (size/max/drops/flushes); Total output drops: 120194980
     0 unknown protocol drops
GigabitEthernet1/0/36 is up, line protocol is up (connected) 
  Input queue: 0/2000/0/0 (size/max/drops/flushes); Total output drops: 47569200
     0 unknown protocol drops
GigabitEthernet1/0/37 is up, line protocol is up (connected) 
  Input queue: 0/2000/0/0 (size/max/drops/flushes); Total output drops: 65822793
     0 unknown protocol drops
GigabitEthernet1/0/38 is up, line protocol is up (connected) 
  Input queue: 0/2000/0/0 (size/max/drops/flushes); Total output drops: 0
     0 unknown protocol drops
GigabitEthernet1/0/39 is down, line protocol is down (notconnect) 
  Input queue: 0/2000/0/0 (size/max/drops/flushes); Total output drops: 0
     0 unknown protocol drops
GigabitEthernet1/0/40 is down, line protocol is down (notconnect) 
  Input queue: 0/2000/0/0 (size/max/drops/flushes); Total output drops: 102015778
     0 unknown protocol drops
GigabitEthernet1/0/41 is down, line protocol is down (notconnect) 
  Input queue: 0/2000/0/0 (size/max/drops/flushes); Total output drops: 7609335
     0 unknown protocol drops
GigabitEthernet1/0/42 is down, line protocol is down (notconnect) 
  Input queue: 0/2000/0/0 (size/max/drops/flushes); Total output drops: 0
     0 unknown protocol drops
GigabitEthernet1/0/43 is down, line protocol is down (notconnect) 
  Input queue: 0/2000/0/0 (size/max/drops/flushes); Total output drops: 0
     0 unknown protocol drops
GigabitEthernet1/0/44 is up, line protocol is up (connected) 
  Input queue: 0/2000/0/0 (size/max/drops/flushes); Total output drops: 0
     0 unknown protocol drops
GigabitEthernet1/0/45 is up, line protocol is up (connected) 
  Input queue: 0/2000/0/0 (size/max/drops/flushes); Total output drops: 0
     0 unknown protocol drops
GigabitEthernet1/0/46 is up, line protocol is up (connected) 
  Input queue: 0/2000/0/0 (size/max/drops/flushes); Total output drops: 0
     0 unknown protocol drops
GigabitEthernet1/0/47 is up, line protocol is up (connected) 
  Input queue: 0/75/0/0 (size/max/drops/flushes); Total output drops: 0
     0 unknown protocol drops
GigabitEthernet1/0/48 is up, line protocol is up (connected) 
  Input queue: 0/2000/0/0 (size/max/drops/flushes); Total output drops: 0
     0 unknown protocol drops
GigabitEthernet1/1/1 is down, line protocol is down (notconnect) 
  Input queue: 0/2000/0/0 (size/max/drops/flushes); Total output drops: 0
     0 unknown protocol drops
GigabitEthernet1/1/2 is down, line protocol is down (notconnect) 
  Input queue: 0/2000/0/0 (size/max/drops/flushes); Total output drops: 0
     0 unknown protocol drops
GigabitEthernet1/1/3 is down, line protocol is down (notconnect) 
  Input queue: 0/2000/0/0 (size/max/drops/flushes); Total output drops: 0
     0 unknown protocol drops
GigabitEthernet1/1/4 is down, line protocol is down (notconnect) 
  Input queue: 0/2000/0/0 (size/max/drops/flushes); Total output drops: 0
     0 unknown protocol drops
Loopback1 is up, line protocol is up 
  Input queue: 0/75/0/0 (size/max/drops/flushes); Total output drops: 0
     0 unknown protocol drops
Loopback161 is up, line protocol is up 
  Input queue: 0/75/0/0 (size/max/drops/flushes); Total output drops: 0
     0 unknown protocol drops
BRIDG-01-SW1#Show run
Building configuration...

Current configuration : 28100 bytes
!
! Last configuration change at 16:52:29 WST Thu Dec 14 2017 by n040303
! NVRAM config last updated at 16:52:32 WST Thu Dec 14 2017 by n040303
!
version 15.2
no service pad
service tcp-keepalives-in
service tcp-keepalives-out
service timestamps debug datetime msec localtime show-timezone
service timestamps log datetime msec localtime show-timezone
service password-encryption
service compress-config
!
hostname BRIDG-01-SW1
!
boot-start-marker
boot-end-marker
!
!
vrf definition Mgmt-vrf
 !
 address-family ipv4
 exit-address-family
 !
 address-family ipv6
 exit-address-family
!
logging buffered 64000
enable secret 5 $1$neTa$bhFNtynN5ShTVqdH6f9CQ1
!
username westernpower privilege 15 secret 5 $1$pkOX$.Hor2gmzXwJA7ydjT5azE.
username anthonylam privilege 15 secret 5 $1$Pe6p$e5pA/e1rM0Rzdq7yjeRpT/
aaa new-model
!
!
aaa authentication banner ^C
 ********************************************************************
 *             Please enter your username and password.             *
 ********************************************************************
^C
aaa authentication fail-message ^C
 ********************************************************************
 *      The supplied Username and/or Password is not valid.         *
 *  This failed login attempt has been recorded for audit purposes. *
 ********************************************************************
^C
aaa authentication login default group radius enable
aaa authentication login console enable
aaa authorization exec default if-authenticated 
aaa accounting send stop-record authentication failure
aaa accounting exec default start-stop group radius
!
!
!
!
!
!
aaa session-id common
clock timezone WST 8 0
switch 1 provision ws-c3650-48ps
!
!
!
!
!
ip routing
!
ip multicast-routing 
no ip domain-lookup
ip domain-name ads.westernpower.com.au
ip dhcp snooping vlan 1,401,501
no ip dhcp snooping information option
ip dhcp snooping
!
!
login on-failure log
login on-success log
qos queue-softmax-multiplier 100
vtp domain BRIDG
vtp mode transparent
udld enable

!
table-map policed-dscp
 map from  0 to 8
 map from  10 to 8
 map from  18 to 8
 map from  24 to 8
 map from  46 to 8
 default copy
table-map AutoQos-4.0-Trust-Dscp-Table
 default copy
!
!
crypto pki trustpoint TP-self-signed-3612882689
 enrollment selfsigned
 subject-name cn=IOS-Self-Signed-Certificate-3612882689
 revocation-check none
 rsakeypair TP-self-signed-3612882689
!
!
crypto pki certificate chain TP-self-signed-3612882689
 certificate self-signed 01
  30820244 308201AD A0030201 02020101 300D0609 2A864886 F70D0101 04050030 
  31312F30 2D060355 04031326 494F532D 53656C66 2D536967 6E65642D 43657274 
  69666963 6174652D 33363132 38383236 3839301E 170D3134 30373330 30323031 
  33365A17 0D323030 31303130 30303030 305A3031 312F302D 06035504 03132649 
  4F532D53 656C662D 5369676E 65642D43 65727469 66696361 74652D33 36313238 
  38323638 3930819F 300D0609 2A864886 F70D0101 01050003 818D0030 81890281 
  8100A5CD 5A89DBC1 B2ABBA1D B6A3842C FB13E3DD 19F094D8 1753B909 1506D5BD 
  4D41E34F FC6F41CC B613637C 9D6E646B 91410A00 D23E1B89 30B9FE47 C9F8F5B5 
  5FB6430C E46A19C8 B7803F75 43A03DDA 540AD0C3 260A2614 05C8E3AD AAB76C6F 
  E371E30D 4AF44A84 09D5EF6D 669DEDF4 2D929F5F 916D20CF C343D895 B76BB9AB 
  B67B0203 010001A3 6C306A30 0F060355 1D130101 FF040530 030101FF 30170603 
  551D1104 10300E82 0C425249 44472D30 312D5357 31301F06 03551D23 04183016 
  80144A6A 7E409267 F9EEAF7A 93391760 3E610C5E 57CB301D 0603551D 0E041604 
  144A6A7E 409267F9 EEAF7A93 3917603E 610C5E57 CB300D06 092A8648 86F70D01 
  01040500 03818100 367C16E3 2E35FA48 8686F566 96E29AC7 778D26DF F5DEC549 
  51963992 17F6A10B D04364A8 BB6CAE4A 5C877A8D 25D8894B A8417625 B12E6167 
  61C54FE0 17800F48 41FF52D1 82341C22 513B859C 16792CFD 55ED2BA2 BE2BC372 
  FDB2AB89 59CB2D3A 6DED78D6 5D7BDA35 92E79C04 33BED949 F50FD977 1EA91EDF 
  C1E8EE01 14E8A3B9
  	quit
errdisable recovery cause udld
errdisable recovery interval 60
diagnostic bootup level minimal
!
spanning-tree mode rapid-pvst
spanning-tree portfast bpduguard default
spanning-tree extend system-id
hw-switch switch 1 logging onboard message level 3
!
redundancy
 mode sso
!
!
vlan 399
 name STEELHEAD_MANAGEMENT
!
vlan 401
 name USER_DATA_VLAN
!
vlan 480
 name SECURITY
!
vlan 501
 name USER_VOICE_VLAN
!
vlan 800
 name WLAN_AP_Management
!
vlan 801
 name WLAN_Corp_Clients
!
vlan 901
 name ANCILLIARY_MANAGEMENT
!
!
class-map match-any AutoQos-4.0-Output-Multimedia-Conf-Queue
 match dscp af41  af42  af43 
 match cos  4 
class-map match-any AutoQos-4.0-Output-Bulk-Data-Queue
 match dscp af11  af12  af13 
 match cos  1 
class-map match-any AutoQos-4.0-Output-Priority-Queue
 match dscp cs4  cs5  ef 
 match cos  5 
class-map match-any AutoQos-4.0-Output-Multimedia-Strm-Queue
 match dscp af31  af32  af33 
class-map match-any AutoQos-4.0-Voip-Data-CiscoPhone-Class
 match cos  5 
class-map match-any AutoQos-4.0-Voip-Signal-CiscoPhone-Class
 match cos  3 
class-map match-any non-client-nrt-class
class-map match-any AutoQos-4.0-Default-Class
 match access-group name AutoQos-4.0-Acl-Default
class-map match-any AutoQos-4.0-Output-Trans-Data-Queue
 match dscp af21  af22  af23 
 match cos  2 
class-map match-any AutoQos-4.0-Output-Scavenger-Queue
 match dscp cs1 
class-map match-any AutoQos-4.0-Output-Control-Mgmt-Queue
 match dscp cs2  cs3  cs6  cs7 
 match cos  3 
!
policy-map port_child_policy
 class non-client-nrt-class
  bandwidth remaining ratio 10
policy-map AutoQos-4.0-Output-Policy
 class AutoQos-4.0-Output-Priority-Queue
  priority level 1 percent 30
 class AutoQos-4.0-Output-Control-Mgmt-Queue
  bandwidth remaining percent 10 
  queue-limit dscp cs2 percent 80
  queue-limit dscp cs3 percent 90
  queue-limit dscp cs6 percent 100
  queue-limit dscp cs7 percent 100
  queue-buffers ratio 10
 class AutoQos-4.0-Output-Multimedia-Conf-Queue
  bandwidth remaining percent 10 
  queue-buffers ratio 10
 class AutoQos-4.0-Output-Trans-Data-Queue
  bandwidth remaining percent 10 
  queue-buffers ratio 10
 class AutoQos-4.0-Output-Bulk-Data-Queue
  bandwidth remaining percent 4 
  queue-buffers ratio 10
 class AutoQos-4.0-Output-Scavenger-Queue
  bandwidth remaining percent 1 
  queue-buffers ratio 10
 class AutoQos-4.0-Output-Multimedia-Strm-Queue
  bandwidth remaining percent 10 
  queue-buffers ratio 10
 class class-default
  bandwidth remaining percent 25 
  queue-buffers ratio 25
policy-map AutoQos-4.0-Trust-Dscp-Input-Policy
 class class-default
  set dscp dscp table AutoQos-4.0-Trust-Dscp-Table
policy-map AutoQos-4.0-CiscoPhone-Input-Policy
 class AutoQos-4.0-Voip-Data-CiscoPhone-Class
  set dscp ef
  police cir 128000 bc 8000
   conform-action transmit 
   exceed-action set-dscp-transmit dscp table policed-dscp
 class AutoQos-4.0-Voip-Signal-CiscoPhone-Class
  set dscp cs3
  police cir 32000 bc 8000
   conform-action transmit 
   exceed-action set-dscp-transmit dscp table policed-dscp
 class AutoQos-4.0-Default-Class
  set dscp default
!
! 
!
!
!
!
!
!
!
!
!
!
!
!
interface Loopback1
 description T1 management interface
 ip address 10.80.240.5 255.255.255.255
 ip mtu 1500
!
interface Loopback161
 description *** Anycast RP Address ONLY ***
 ip address 10.80.240.24 255.255.255.255
 ip mtu 1500
 ip pim sparse-mode
!
interface GigabitEthernet0/0
 vrf forwarding Mgmt-vrf
 no ip address
 negotiation auto
!
interface GigabitEthernet1/0/1
 switchport access vlan 401
 switchport mode access
 switchport voice vlan 501
 trust device cisco-phone
 auto qos voip cisco-phone 
 spanning-tree portfast
 service-policy input AutoQos-4.0-CiscoPhone-Input-Policy
 service-policy output AutoQos-4.0-Output-Policy
 ip dhcp snooping limit rate 20
!
interface GigabitEthernet1/0/2
 switchport access vlan 401
 switchport mode access
 switchport voice vlan 501
 trust device cisco-phone
 auto qos voip cisco-phone 
 spanning-tree portfast
 service-policy input AutoQos-4.0-CiscoPhone-Input-Policy
 service-policy output AutoQos-4.0-Output-Policy
 ip dhcp snooping limit rate 20
!
interface GigabitEthernet1/0/3
 switchport access vlan 401
 switchport mode access
 switchport voice vlan 501
 trust device cisco-phone
 auto qos voip cisco-phone 
 spanning-tree portfast
 service-policy input AutoQos-4.0-CiscoPhone-Input-Policy
 service-policy output AutoQos-4.0-Output-Policy
 ip dhcp snooping limit rate 20
!
interface GigabitEthernet1/0/4
 switchport access vlan 401
 switchport mode access
 switchport voice vlan 501
 trust device cisco-phone
 auto qos voip cisco-phone 
 spanning-tree portfast
 service-policy input AutoQos-4.0-CiscoPhone-Input-Policy
 service-policy output AutoQos-4.0-Output-Policy
 ip dhcp snooping limit rate 20
!
interface GigabitEthernet1/0/5
 switchport access vlan 401
 switchport mode access
 switchport voice vlan 501
 trust device cisco-phone
 auto qos voip cisco-phone 
 spanning-tree portfast
 service-policy input AutoQos-4.0-CiscoPhone-Input-Policy
 service-policy output AutoQos-4.0-Output-Policy
 ip dhcp snooping limit rate 20
!
interface GigabitEthernet1/0/6
 switchport access vlan 401
 switchport mode access
 switchport voice vlan 501
 trust device cisco-phone
 auto qos voip cisco-phone 
 spanning-tree portfast
 service-policy input AutoQos-4.0-CiscoPhone-Input-Policy
 service-policy output AutoQos-4.0-Output-Policy
 ip dhcp snooping limit rate 20
!
interface GigabitEthernet1/0/7
 switchport access vlan 401
 switchport mode access
 switchport voice vlan 501
 trust device cisco-phone
 auto qos voip cisco-phone 
 spanning-tree portfast
 service-policy input AutoQos-4.0-CiscoPhone-Input-Policy
 service-policy output AutoQos-4.0-Output-Policy
 ip dhcp snooping limit rate 20
!
interface GigabitEthernet1/0/8
 switchport access vlan 401
 switchport mode access
 switchport voice vlan 501
 trust device cisco-phone
 auto qos voip cisco-phone 
 spanning-tree portfast
 service-policy input AutoQos-4.0-CiscoPhone-Input-Policy
 service-policy output AutoQos-4.0-Output-Policy
 ip dhcp snooping limit rate 20
!
interface GigabitEthernet1/0/9
 switchport access vlan 401
 switchport mode access
 switchport voice vlan 501
 trust device cisco-phone
 auto qos voip cisco-phone 
 spanning-tree portfast
 service-policy input AutoQos-4.0-CiscoPhone-Input-Policy
 service-policy output AutoQos-4.0-Output-Policy
 ip dhcp snooping limit rate 20
!
interface GigabitEthernet1/0/10
 switchport access vlan 401
 switchport mode access
 switchport voice vlan 501
 trust device cisco-phone
 auto qos voip cisco-phone 
 spanning-tree portfast
 service-policy input AutoQos-4.0-CiscoPhone-Input-Policy
 service-policy output AutoQos-4.0-Output-Policy
 ip dhcp snooping limit rate 20
!
interface GigabitEthernet1/0/11
 switchport access vlan 401
 switchport mode access
 switchport voice vlan 501
 trust device cisco-phone
 auto qos voip cisco-phone 
 spanning-tree portfast
 service-policy input AutoQos-4.0-CiscoPhone-Input-Policy
 service-policy output AutoQos-4.0-Output-Policy
 ip dhcp snooping limit rate 20
!
interface GigabitEthernet1/0/12
 switchport access vlan 401
 switchport mode access
 switchport voice vlan 501
 trust device cisco-phone
 auto qos voip cisco-phone 
 spanning-tree portfast
 service-policy input AutoQos-4.0-CiscoPhone-Input-Policy
 service-policy output AutoQos-4.0-Output-Policy
 ip dhcp snooping limit rate 20
!
interface GigabitEthernet1/0/13
 switchport access vlan 401
 switchport mode access
 switchport voice vlan 501
 trust device cisco-phone
 auto qos voip cisco-phone 
 spanning-tree portfast
 service-policy input AutoQos-4.0-CiscoPhone-Input-Policy
 service-policy output AutoQos-4.0-Output-Policy
 ip dhcp snooping limit rate 20
!
interface GigabitEthernet1/0/14
 switchport access vlan 401
 switchport mode access
 switchport voice vlan 501
 trust device cisco-phone
 auto qos voip cisco-phone 
 spanning-tree portfast
 service-policy input AutoQos-4.0-CiscoPhone-Input-Policy
 service-policy output AutoQos-4.0-Output-Policy
 ip dhcp snooping limit rate 20
!
interface GigabitEthernet1/0/15
 switchport access vlan 401
 switchport mode access
 switchport voice vlan 501
 trust device cisco-phone
 auto qos voip cisco-phone 
 spanning-tree portfast
 service-policy input AutoQos-4.0-CiscoPhone-Input-Policy
 service-policy output AutoQos-4.0-Output-Policy
 ip dhcp snooping limit rate 20
!
interface GigabitEthernet1/0/16
 switchport access vlan 401
 switchport mode access
 switchport voice vlan 501
 trust device cisco-phone
 auto qos voip cisco-phone 
 spanning-tree portfast
 service-policy input AutoQos-4.0-CiscoPhone-Input-Policy
 service-policy output AutoQos-4.0-Output-Policy
 ip dhcp snooping limit rate 20
!
interface GigabitEthernet1/0/17
 switchport access vlan 401
 switchport mode access
 switchport voice vlan 501
 trust device cisco-phone
 auto qos voip cisco-phone 
 spanning-tree portfast
 service-policy input AutoQos-4.0-CiscoPhone-Input-Policy
 service-policy output AutoQos-4.0-Output-Policy
 ip dhcp snooping limit rate 20
!
interface GigabitEthernet1/0/18
 switchport access vlan 401
 switchport mode access
 switchport voice vlan 501
 trust device cisco-phone
 auto qos voip cisco-phone 
 spanning-tree portfast
 service-policy input AutoQos-4.0-CiscoPhone-Input-Policy
 service-policy output AutoQos-4.0-Output-Policy
 ip dhcp snooping limit rate 20
!
interface GigabitEthernet1/0/19
 switchport access vlan 401
 switchport mode access
 switchport voice vlan 501
 trust device cisco-phone
 auto qos voip cisco-phone 
 spanning-tree portfast
 service-policy input AutoQos-4.0-CiscoPhone-Input-Policy
 service-policy output AutoQos-4.0-Output-Policy
 ip dhcp snooping limit rate 20
!
interface GigabitEthernet1/0/20
 switchport access vlan 401
 switchport mode access
 switchport voice vlan 501
 trust device cisco-phone
 auto qos voip cisco-phone 
 spanning-tree portfast
 service-policy input AutoQos-4.0-CiscoPhone-Input-Policy
 service-policy output AutoQos-4.0-Output-Policy
 ip dhcp snooping limit rate 20
!
interface GigabitEthernet1/0/21
 switchport access vlan 401
 switchport mode access
 switchport voice vlan 501
 trust device cisco-phone
 auto qos voip cisco-phone 
 spanning-tree portfast
 service-policy input AutoQos-4.0-CiscoPhone-Input-Policy
 service-policy output AutoQos-4.0-Output-Policy
 ip dhcp snooping limit rate 20
!
interface GigabitEthernet1/0/22
 switchport access vlan 401
 switchport mode access
 switchport voice vlan 501
 trust device cisco-phone
 auto qos voip cisco-phone 
 spanning-tree portfast
 service-policy input AutoQos-4.0-CiscoPhone-Input-Policy
 service-policy output AutoQos-4.0-Output-Policy
 ip dhcp snooping limit rate 20
!
interface GigabitEthernet1/0/23
 switchport access vlan 401
 switchport mode access
 switchport voice vlan 501
 trust device cisco-phone
 auto qos voip cisco-phone 
 spanning-tree portfast
 service-policy input AutoQos-4.0-CiscoPhone-Input-Policy
 service-policy output AutoQos-4.0-Output-Policy
 ip dhcp snooping limit rate 20
!
interface GigabitEthernet1/0/24
 switchport access vlan 401
 switchport mode access
 switchport voice vlan 501
 trust device cisco-phone
 auto qos voip cisco-phone 
 spanning-tree portfast
 service-policy input AutoQos-4.0-CiscoPhone-Input-Policy
 service-policy output AutoQos-4.0-Output-Policy
 ip dhcp snooping limit rate 20
!
interface GigabitEthernet1/0/25
 switchport access vlan 401
 switchport mode access
 switchport voice vlan 501
 trust device cisco-phone
 auto qos voip cisco-phone 
 spanning-tree portfast
 service-policy input AutoQos-4.0-CiscoPhone-Input-Policy
 service-policy output AutoQos-4.0-Output-Policy
 ip dhcp snooping limit rate 20
!
interface GigabitEthernet1/0/26
 switchport access vlan 401
 switchport mode access
 switchport voice vlan 501
 trust device cisco-phone
 auto qos voip cisco-phone 
 spanning-tree portfast
 service-policy input AutoQos-4.0-CiscoPhone-Input-Policy
 service-policy output AutoQos-4.0-Output-Policy
 ip dhcp snooping limit rate 20
!
interface GigabitEthernet1/0/27
 switchport access vlan 401
 switchport mode access
 switchport voice vlan 501
 trust device cisco-phone
 auto qos voip cisco-phone 
 spanning-tree portfast
 service-policy input AutoQos-4.0-CiscoPhone-Input-Policy
 service-policy output AutoQos-4.0-Output-Policy
 ip dhcp snooping limit rate 20
!
interface GigabitEthernet1/0/28
 switchport access vlan 401
 switchport mode access
 switchport voice vlan 501
 trust device cisco-phone
 auto qos voip cisco-phone 
 spanning-tree portfast
 service-policy input AutoQos-4.0-CiscoPhone-Input-Policy
 service-policy output AutoQos-4.0-Output-Policy
 ip dhcp snooping limit rate 20
!
interface GigabitEthernet1/0/29
 switchport access vlan 401
 switchport mode access
 switchport voice vlan 501
 trust device cisco-phone
 auto qos voip cisco-phone 
 spanning-tree portfast
 service-policy input AutoQos-4.0-CiscoPhone-Input-Policy
 service-policy output AutoQos-4.0-Output-Policy
 ip dhcp snooping limit rate 20
!
interface GigabitEthernet1/0/30
 switchport access vlan 401
 switchport mode access
 switchport voice vlan 501
 trust device cisco-phone
 auto qos voip cisco-phone 
 spanning-tree portfast
 service-policy input AutoQos-4.0-CiscoPhone-Input-Policy
 service-policy output AutoQos-4.0-Output-Policy
 ip dhcp snooping limit rate 20
!
interface GigabitEthernet1/0/31
 switchport access vlan 401
 switchport mode access
 switchport voice vlan 501
 trust device cisco-phone
 auto qos voip cisco-phone 
 spanning-tree portfast
 service-policy input AutoQos-4.0-CiscoPhone-Input-Policy
 service-policy output AutoQos-4.0-Output-Policy
 ip dhcp snooping limit rate 20
!
interface GigabitEthernet1/0/32
 switchport access vlan 401
 switchport mode access
 switchport voice vlan 501
 trust device cisco-phone
 auto qos voip cisco-phone 
 spanning-tree portfast
 service-policy input AutoQos-4.0-CiscoPhone-Input-Policy
 service-policy output AutoQos-4.0-Output-Policy
 ip dhcp snooping limit rate 20
!
interface GigabitEthernet1/0/33
 switchport access vlan 401
 switchport mode access
 switchport voice vlan 501
 trust device cisco-phone
 auto qos voip cisco-phone 
 spanning-tree portfast
 service-policy input AutoQos-4.0-CiscoPhone-Input-Policy
 service-policy output AutoQos-4.0-Output-Policy
 ip dhcp snooping limit rate 20
!
interface GigabitEthernet1/0/34
 switchport access vlan 401
 switchport mode access
 switchport voice vlan 501
 trust device cisco-phone
 auto qos voip cisco-phone 
 spanning-tree portfast
 service-policy input AutoQos-4.0-CiscoPhone-Input-Policy
 service-policy output AutoQos-4.0-Output-Policy
 ip dhcp snooping limit rate 20
!
interface GigabitEthernet1/0/35
 switchport access vlan 401
 switchport mode access
 switchport voice vlan 501
 trust device cisco-phone
 auto qos voip cisco-phone 
 spanning-tree portfast
 service-policy input AutoQos-4.0-CiscoPhone-Input-Policy
 service-policy output AutoQos-4.0-Output-Policy
 ip dhcp snooping limit rate 20
!
interface GigabitEthernet1/0/36
 switchport access vlan 401
 switchport mode access
 switchport voice vlan 501
 trust device cisco-phone
 auto qos voip cisco-phone 
 spanning-tree portfast
 service-policy input AutoQos-4.0-CiscoPhone-Input-Policy
 service-policy output AutoQos-4.0-Output-Policy
 ip dhcp snooping limit rate 20
!
interface GigabitEthernet1/0/37
 switchport access vlan 401
 switchport mode access
 switchport voice vlan 501
 trust device cisco-phone
 auto qos voip cisco-phone 
 spanning-tree portfast
 service-policy input AutoQos-4.0-CiscoPhone-Input-Policy
 service-policy output AutoQos-4.0-Output-Policy
 ip dhcp snooping limit rate 20
!
interface GigabitEthernet1/0/38
 switchport access vlan 401
 switchport mode access
 switchport voice vlan 501
 trust device cisco-phone
 auto qos voip cisco-phone 
 spanning-tree portfast
 service-policy input AutoQos-4.0-CiscoPhone-Input-Policy
 service-policy output AutoQos-4.0-Output-Policy
 ip dhcp snooping limit rate 20
!
interface GigabitEthernet1/0/39
 switchport access vlan 401
 switchport mode access
 switchport voice vlan 501
 trust device cisco-phone
 auto qos voip cisco-phone 
 spanning-tree portfast
 service-policy input AutoQos-4.0-CiscoPhone-Input-Policy
 service-policy output AutoQos-4.0-Output-Policy
 ip dhcp snooping limit rate 20
!
interface GigabitEthernet1/0/40
 switchport access vlan 401
 switchport mode access
 switchport voice vlan 501
 trust device cisco-phone
 auto qos voip cisco-phone 
 spanning-tree portfast
 service-policy input AutoQos-4.0-CiscoPhone-Input-Policy
 service-policy output AutoQos-4.0-Output-Policy
 ip dhcp snooping limit rate 20
!
interface GigabitEthernet1/0/41
 switchport access vlan 401
 switchport mode access
 switchport voice vlan 501
 trust device cisco-phone
 auto qos voip cisco-phone 
 spanning-tree portfast
 service-policy input AutoQos-4.0-CiscoPhone-Input-Policy
 service-policy output AutoQos-4.0-Output-Policy
 ip dhcp snooping limit rate 20
!
interface GigabitEthernet1/0/42
 description Power Quality Monitoring sc744765
 switchport access vlan 901
 switchport mode access
 power inline never
 spanning-tree portfast
!
interface GigabitEthernet1/0/43
 description Power Quality Monitoring sc744765
 switchport access vlan 901
 switchport mode access
 power inline never
 spanning-tree portfast
!
interface GigabitEthernet1/0/44
 description bridg-01-ap1 AP3502
 switchport trunk native vlan 800
 switchport trunk allowed vlan 800,801
 switchport mode trunk
!
interface GigabitEthernet1/0/45
 description Cardex access
 switchport access vlan 480
 switchport mode access
 spanning-tree portfast
 spanning-tree bpduguard enable
!
interface GigabitEthernet1/0/46
 description bridg-UPS
 switchport access vlan 901
 spanning-tree portfast
!
interface GigabitEthernet1/0/47
 description bridg-01-r1
 no switchport
 ip address 10.80.242.2 255.255.255.248
 ip pim sparse-mode
 ip summary-address eigrp 80 10.80.0.0 255.255.128.0
 ip summary-address eigrp 80 10.80.128.0 255.255.128.0
 auto qos trust 
 service-policy input AutoQos-4.0-Trust-Dscp-Input-Policy
 service-policy output AutoQos-4.0-Output-Policy
!
interface GigabitEthernet1/0/48
 description STEELHEAD_PRIMARY
 switchport access vlan 399
 spanning-tree portfast
!
interface GigabitEthernet1/1/1
 ip dhcp snooping limit rate 20
!
interface GigabitEthernet1/1/2
 ip dhcp snooping limit rate 20
!
interface GigabitEthernet1/1/3
 ip dhcp snooping limit rate 20
!
interface GigabitEthernet1/1/4
 ip dhcp snooping limit rate 20
!
interface Vlan1
 no ip address
 shutdown
!
interface Vlan399
 description STEELHEAD_MANAGEMENT
 ip address 10.80.241.1 255.255.255.248
!
interface Vlan401
 description T1 data
 ip address 10.80.64.1 255.255.255.0
 ip helper-address 10.19.7.43
 ip helper-address 10.19.0.66
 ip helper-address 10.21.0.66
 ip helper-address 10.19.1.18
 ip directed-broadcast 5
!
interface Vlan480
 description SECURITY
 ip address 10.80.224.1 255.255.255.0
!
interface Vlan501
 description T1 voice
 ip address 10.80.128.1 255.255.255.0
 ip helper-address 10.19.0.66
 ip helper-address 10.21.0.66
!
interface Vlan800
 description bridg-wlan-ap-management
 ip address 10.80.246.1 255.255.255.224
 ip helper-address 10.19.0.66
 ip helper-address 10.21.0.66
!
interface Vlan801
 description bridg-wlan-corporate-clients
 ip address 10.80.96.1 255.255.255.0
 ip helper-address 10.19.0.66
 ip helper-address 10.21.0.66
!
interface Vlan901
 description Ancilliary Device Management
 ip address 10.80.254.1 255.255.255.0
!
!
router eigrp 80
 network 10.0.0.0
 passive-interface default
 no passive-interface GigabitEthernet1/0/47
 eigrp router-id 10.80.240.5
 eigrp stub connected summary
!
ip forward-protocol nd
no ip http server
ip http authentication local
no ip http secure-server
ip ssh version 2
!
ip access-list standard APIC_EM
 remark --- APIC-EM Appliance ---
 permit 10.25.253.10
 deny   any
ip access-list standard NSG_TELNET_SSH
 permit 146.195.81.24
 remark --- Nimsoft/CatTools Server Natted IP ---
 permit 146.195.81.25
 remark --- Nimsoft/CatTools Server ---
 permit 10.19.7.62
 remark --- HO Jumphost ---
 permit 172.30.0.10
 remark --- APIC EM - Controller ---
 permit 10.25.253.10
 permit 10.19.12.234
 remark --- Twister - OLD and NEW IP ---
 permit 146.195.135.0 0.0.0.127
 remark --- IT Subnet on Lvl2E ---
 permit 10.19.60.0 0.0.0.255
 remark --- SEAL WAN Subnet ---
 permit 10.250.250.0 0.0.0.255
 remark --- GWIP HO WAN Subnet ---
 permit 10.19.250.0 0.0.0.7
 remark --- Management Loopback subnet ---
 permit 10.0.240.0 0.255.0.255
 remark --- Empired Management Subnet ---
 permit 172.30.160.0 0.0.0.15
 remark --- Deny Anything Else ---
 deny   any log
ip access-list standard RO_SNMP
 remark --- Solarwinds Syslog Server ---
 permit 10.19.7.46
 remark --- Empired Management Subnet ---
 permit 172.30.160.0 0.0.0.255
 remark --- IT Subnet on Lvl2E ---
 permit 10.19.60.0 0.0.0.255
 deny   any
ip access-list standard RW_SNMP
 remark ---allow NNMi---
 permit 172.30.160.10
 deny   any
!
ip access-list extended AutoQos-4.0-Acl-Default
 permit ip any any
!
ip radius source-interface Loopback1 
logging trap debugging
logging source-interface Loopback1
logging host 10.19.7.46
logging host 172.30.160.11
logging host 172.30.160.10
logging host 172.30.161.10
access-list 5 permit 10.19.1.17 log
access-list 5 remark CSC Zetta - Allow Remote wakeup PC's
access-list 5 permit 10.19.7.49 log
access-list 5 permit 10.19.1.138 log
access-list 5 permit 10.19.1.134 log
!
snmp-server community eb6cIzuB RO RO_SNMP
snmp-server community Sp7ZyvwQ RW RW_SNMP
snmp-server community fc7cJzuC RO APIC_EM
snmp-server community gd8cKzuD RW APIC_EM
snmp-server location BRIDG T1
snmp-server contact Western Power IT Network
snmp ifmib ifindex persist
radius-server host 10.19.1.113
radius-server host 10.21.0.24
radius-server key 7 035250121E1F3B425A5833003632090A153F3D0F2A650D3A1B0D31110E72097C584E4B16303F4376400A54115A326F11245C5B121E5E5170191C2D316E4F1B5A10
radius-server load-balance method least-outstanding
!
!
!
banner exec ^C
 ********************************************************************
 * You are now logged into: WP                                      *
 * All activity is being logged for review by System Administrators *
 ********************************************************************
^C
banner login ^C
 ********************************************************************
 * [WARNING]                                                        *
 *                                                                  *
 * This system belongs to a private organisation. If you are not    *
 * authorised to access this system, exit immediately.              *
 * Unauthorised access to this system is forbidden by company       *
 * policies, national, and international laws.                      *
 * Unauthorised users are subject to criminal and civil penalties   *
 * as well as company initiated disciplinary proceedings.           *
 * By entry into this system you acknowledge that you are           *
 * authorised access and the level of privilege you subsequently    *
 * execute on this system. You further acknowledge that by entry    *
 * into this system you expect no privacy from monitoring.          *
 *                                                                  *
 *        ALL ACCESS TO THIS SYSTEM IS MONITORED AND LOGGED         *
 *                                                                  *
 ********************************************************************
^C
!
line con 0
 stopbits 1
line aux 0
 stopbits 1
line vty 0 4
 access-class NSG_TELNET_SSH in
 exec-timeout 15 0
 logging synchronous
 length 0
 transport input ssh
line vty 5 15
 access-class NSG_TELNET_SSH in
 exec-timeout 15 0
 logging synchronous
 transport input ssh
!
ntp server 146.195.128.175
wsma agent exec
 profile httplistener
 profile httpslistener
!
wsma agent config
 profile httplistener
 profile httpslistener
!
wsma agent filesys
 profile httplistener
 profile httpslistener
!
wsma agent notify
 profile httplistener
 profile httpslistener
!
!
wsma profile listener httplistener
 transport http
!
wsma profile listener httpslistener
 transport https
!
ap group default-group
end

BRIDG-01-SW1#Show ver
Cisco IOS Software, IOS-XE Software, Catalyst L3 Switch Software (CAT3K_CAA-UNIVERSALK9-M), Version 03.06.05E RELEASE SOFTWARE (fc2)
Technical Support: http://www.cisco.com/techsupport
Copyright (c) 1986-2016 by Cisco Systems, Inc.
Compiled Thu 02-Jun-16 09:03 by prod_rel_team



Cisco IOS-XE software, Copyright (c) 2005-2015 by cisco Systems, Inc.
All rights reserved.  Certain components of Cisco IOS-XE software are
licensed under the GNU General Public License ("GPL") Version 2.0.  The
software code licensed under GPL Version 2.0 is free software that comes
with ABSOLUTELY NO WARRANTY.  You can redistribute and/or modify such
GPL code under the terms of GPL Version 2.0.
(http://www.gnu.org/licenses/gpl-2.0.html) For more details, see the
documentation or "License Notice" file accompanying the IOS-XE software,
or the applicable URL provided on the flyer accompanying the IOS-XE
software.



ROM: IOS-XE ROMMON
BOOTLDR: CAT3K_CAA Boot Loader (CAT3K_CAA-HBOOT-M) Version 1.2, RELEASE SOFTWARE (P)

BRIDG-01-SW1 uptime is 45 weeks, 3 days, 13 hours, 10 minutes
Uptime for this control processor is 45 weeks, 3 days, 13 hours, 13 minutes
System returned to ROM by Power Failure
System restarted at 22:00:58 WST Mon Feb 6 2017
System image file is "flash:packages.conf"
Last reload reason: Power Failure



This product contains cryptographic features and is subject to United
States and local country laws governing import, export, transfer and
use. Delivery of Cisco cryptographic products does not imply
third-party authority to import, export, distribute or use encryption.
Importers, exporters, distributors and users are responsible for
compliance with U.S. and local country laws. By using this product you
agree to comply with applicable laws and regulations. If you are unable
to comply with U.S. and local laws, return this product immediately.

A summary of U.S. laws governing Cisco cryptographic products may be found at:
http://www.cisco.com/wwl/export/crypto/tool/stqrg.html

If you require further assistance please contact us by sending email to
export@cisco.com.

License Level: Ipbase
License Type: Permanent
Next reload license Level: Ipbase

cisco WS-C3650-48PS (MIPS) processor with 4194304K bytes of physical memory.
Processor board ID FDO1820Q1K5
8 Virtual Ethernet interfaces
52 Gigabit Ethernet interfaces
2048K bytes of non-volatile configuration memory.
4194304K bytes of physical memory.
257008K bytes of Crash Files at crashinfo:.
1550272K bytes of Flash at flash:.
0K bytes of Dummy USB Flash at usbflash0:.
0K bytes of  at webui:.

Base Ethernet MAC Address          : f4:0f:1b:a2:d4:00
Motherboard Assembly Number        : 73-15131-05
Motherboard Serial Number          : FDO1820153Z
Model Revision Number              : A0
Motherboard Revision Number        : A0
Model Number                       : WS-C3650-48PS
System Serial Number               : FDO1820Q1K5


Switch Ports Model              SW Version        SW Image              Mode   
------ ----- -----              ----------        ----------            ----   
*    1 52    WS-C3650-48PS      03.06.05E         cat3k_caa-universalk9 INSTALL


Configuration register is 0x102

BRIDG-01-SW1#Show ip route
Codes: L - local, C - connected, S - static, R - RIP, M - mobile, B - BGP
       D - EIGRP, EX - EIGRP external, O - OSPF, IA - OSPF inter area 
       N1 - OSPF NSSA external type 1, N2 - OSPF NSSA external type 2
       E1 - OSPF external type 1, E2 - OSPF external type 2
       i - IS-IS, su - IS-IS summary, L1 - IS-IS level-1, L2 - IS-IS level-2
       ia - IS-IS inter area, * - candidate default, U - per-user static route
       o - ODR, P - periodic downloaded static route, H - NHRP, l - LISP
       + - replicated route, % - next hop override

Gateway of last resort is 10.80.242.1 to network 0.0.0.0

D*EX  0.0.0.0/0 [170/2562816] via 10.80.242.1, 5w3d, GigabitEthernet1/0/47
      10.0.0.0/8 is variably subnetted, 150 subnets, 9 masks
D EX     10.18.250.0/29 
           [170/25602816] via 10.80.242.1, 7w0d, GigabitEthernet1/0/47
D EX     10.19.0.0/16 
           [170/2562816] via 10.80.242.1, 7w0d, GigabitEthernet1/0/47
D EX     10.19.240.1/32 
           [170/2562816] via 10.80.242.1, 7w0d, GigabitEthernet1/0/47
D EX     10.19.250.0/29 
           [170/25602816] via 10.80.242.1, 7w0d, GigabitEthernet1/0/47
D EX     10.21.240.1/32 
           [170/5122816] via 10.80.242.1, 5w3d, GigabitEthernet1/0/47
D EX     10.21.250.0/29 
           [170/25602816] via 10.80.242.1, 5w3d, GigabitEthernet1/0/47
D EX     10.25.243.136/30 
           [170/25602816] via 10.80.242.1, 2w5d, GigabitEthernet1/0/47
D EX     10.25.252.0/28 
           [170/25602816] via 10.80.242.1, 2w5d, GigabitEthernet1/0/47
D EX     10.65.0.0/16 
           [170/25602816] via 10.80.242.1, 2w5d, GigabitEthernet1/0/47
D EX     10.65.243.136/30 
           [170/2562816] via 10.80.242.1, 7w0d, GigabitEthernet1/0/47
D EX     10.65.250.0/29 
           [170/25602816] via 10.80.242.1, 7w0d, GigabitEthernet1/0/47
D EX     10.65.252.0/28 
           [170/2562816] via 10.80.242.1, 7w0d, GigabitEthernet1/0/47
D EX     10.66.0.0/16 
           [170/25602816] via 10.80.242.1, 3d23h, GigabitEthernet1/0/47
D EX     10.66.0.0/17 
           [170/25602816] via 10.80.242.1, 7w0d, GigabitEthernet1/0/47
D EX     10.66.128.0/17 
           [170/25602816] via 10.80.242.1, 7w0d, GigabitEthernet1/0/47
D EX     10.66.240.1/32 
           [170/25602816] via 10.80.242.1, 7w0d, GigabitEthernet1/0/47
D EX     10.66.250.0/29 
           [170/25602816] via 10.80.242.1, 7w0d, GigabitEthernet1/0/47
D EX     10.67.0.0/16 
           [170/25602816] via 10.80.242.1, 7w0d, GigabitEthernet1/0/47
D EX     10.67.240.1/32 
           [170/25602816] via 10.80.242.1, 7w0d, GigabitEthernet1/0/47
D EX     10.67.250.0/29 
           [170/25602816] via 10.80.242.1, 7w0d, GigabitEthernet1/0/47
D EX     10.68.0.0/16 
           [170/25602816] via 10.80.242.1, 7w0d, GigabitEthernet1/0/47
D EX     10.68.240.1/32 
           [170/25602816] via 10.80.242.1, 7w0d, GigabitEthernet1/0/47
D EX     10.68.250.0/29 
           [170/25602816] via 10.80.242.1, 7w0d, GigabitEthernet1/0/47
D EX     10.69.0.0/16 
           [170/25602816] via 10.80.242.1, 6w0d, GigabitEthernet1/0/47
D EX     10.69.240.1/32 
           [170/25602816] via 10.80.242.1, 7w0d, GigabitEthernet1/0/47
D EX     10.69.250.0/29 
           [170/25602816] via 10.80.242.1, 7w0d, GigabitEthernet1/0/47
D EX     10.70.0.0/16 
           [170/25602816] via 10.80.242.1, 00:08:51, GigabitEthernet1/0/47
D EX     10.70.0.0/17 
           [170/25602816] via 10.80.242.1, 7w0d, GigabitEthernet1/0/47
D EX     10.70.128.0/17 
           [170/25602816] via 10.80.242.1, 7w0d, GigabitEthernet1/0/47
D EX     10.70.240.1/32 
           [170/25602816] via 10.80.242.1, 7w0d, GigabitEthernet1/0/47
D EX     10.70.250.0/29 
           [170/25602816] via 10.80.242.1, 7w0d, GigabitEthernet1/0/47
D EX     10.71.0.0/16 
           [170/25602816] via 10.80.242.1, 7w0d, GigabitEthernet1/0/47
D EX     10.71.240.1/32 
           [170/25602816] via 10.80.242.1, 7w0d, GigabitEthernet1/0/47
D EX     10.71.250.0/29 
           [170/25602816] via 10.80.242.1, 7w0d, GigabitEthernet1/0/47
D EX     10.72.0.0/16 
           [170/25602816] via 10.80.242.1, 00:47:51, GigabitEthernet1/0/47
D EX     10.72.0.0/17 
           [170/25602816] via 10.80.242.1, 7w0d, GigabitEthernet1/0/47
D EX     10.72.128.0/17 
           [170/25602816] via 10.80.242.1, 7w0d, GigabitEthernet1/0/47
D EX     10.72.240.1/32 
           [170/25602816] via 10.80.242.1, 7w0d, GigabitEthernet1/0/47
D EX     10.72.250.0/29 
           [170/25602816] via 10.80.242.1, 7w0d, GigabitEthernet1/0/47
D EX     10.73.0.0/16 
           [170/25602816] via 10.80.242.1, 7w0d, GigabitEthernet1/0/47
D EX     10.73.240.1/32 
           [170/25602816] via 10.80.242.1, 7w0d, GigabitEthernet1/0/47
D EX     10.73.250.0/29 
           [170/25602816] via 10.80.242.1, 7w0d, GigabitEthernet1/0/47
D EX     10.74.250.0/29 
           [170/25602816] via 10.80.242.1, 7w0d, GigabitEthernet1/0/47
D EX     10.75.0.0/16 
           [170/25602816] via 10.80.242.1, 7w0d, GigabitEthernet1/0/47
D EX     10.75.240.1/32 
           [170/25602816] via 10.80.242.1, 7w0d, GigabitEthernet1/0/47
D EX     10.75.250.0/29 
           [170/25602816] via 10.80.242.1, 7w0d, GigabitEthernet1/0/47
D EX     10.76.0.0/16 
           [170/25602816] via 10.80.242.1, 00:09:35, GigabitEthernet1/0/47
D EX     10.76.0.0/17 
           [170/25602816] via 10.80.242.1, 1w3d, GigabitEthernet1/0/47
D EX     10.76.128.0/17 
           [170/25602816] via 10.80.242.1, 1w3d, GigabitEthernet1/0/47
D EX     10.76.240.1/32 
           [170/25602816] via 10.80.242.1, 4w5d, GigabitEthernet1/0/47
D EX     10.76.250.0/29 
           [170/25602816] via 10.80.242.1, 7w0d, GigabitEthernet1/0/47
D EX     10.77.0.0/16 
           [170/25602816] via 10.80.242.1, 01:15:31, GigabitEthernet1/0/47
D EX     10.77.0.0/17 
           [170/25602816] via 10.80.242.1, 5w1d, GigabitEthernet1/0/47
D EX     10.77.128.0/17 
           [170/25602816] via 10.80.242.1, 5w1d, GigabitEthernet1/0/47
D EX     10.77.250.0/30 
           [170/25602816] via 10.80.242.1, 5w1d, GigabitEthernet1/0/47
D EX     10.78.0.0/16 
           [170/25602816] via 10.80.242.1, 7w0d, GigabitEthernet1/0/47
D EX     10.78.240.1/32 
           [170/25602816] via 10.80.242.1, 7w0d, GigabitEthernet1/0/47
D EX     10.78.250.0/29 
           [170/25602816] via 10.80.242.1, 7w0d, GigabitEthernet1/0/47
D EX     10.79.0.0/16 
           [170/25602816] via 10.80.242.1, 1w2d, GigabitEthernet1/0/47
D EX     10.79.240.1/32 
           [170/25602816] via 10.80.242.1, 2w1d, GigabitEthernet1/0/47
D EX     10.79.250.0/30 
           [170/25602816] via 10.80.242.1, 2w1d, GigabitEthernet1/0/47
D EX     10.80.0.0/16 
           [170/25602816] via 10.80.242.1, 00:18:26, GigabitEthernet1/0/47
D        10.80.0.0/17 is a summary, 7w0d, Null0
C        10.80.64.0/24 is directly connected, Vlan401
L        10.80.64.1/32 is directly connected, Vlan401
C        10.80.96.0/24 is directly connected, Vlan801
L        10.80.96.1/32 is directly connected, Vlan801
D        10.80.128.0/17 is a summary, 7w0d, Null0
C        10.80.128.0/24 is directly connected, Vlan501
L        10.80.128.1/32 is directly connected, Vlan501
C        10.80.224.0/24 is directly connected, Vlan480
L        10.80.224.1/32 is directly connected, Vlan480
D        10.80.240.1/32 
           [90/130816] via 10.80.242.1, 7w0d, GigabitEthernet1/0/47
C        10.80.240.5/32 is directly connected, Loopback1
C        10.80.240.24/32 is directly connected, Loopback161
C        10.80.241.0/29 is directly connected, Vlan399
L        10.80.241.1/32 is directly connected, Vlan399
C        10.80.242.0/29 is directly connected, GigabitEthernet1/0/47
L        10.80.242.2/32 is directly connected, GigabitEthernet1/0/47
C        10.80.246.0/27 is directly connected, Vlan800
L        10.80.246.1/32 is directly connected, Vlan800
D        10.80.250.0/30 
           [90/281856] via 10.80.242.1, 7w0d, GigabitEthernet1/0/47
C        10.80.254.0/24 is directly connected, Vlan901
L        10.80.254.1/32 is directly connected, Vlan901
D EX     10.81.0.0/16 
           [170/25602816] via 10.80.242.1, 00:48:16, GigabitEthernet1/0/47
D EX     10.81.0.0/17 
           [170/25602816] via 10.80.242.1, 5w3d, GigabitEthernet1/0/47
D EX     10.81.128.0/17 
           [170/25602816] via 10.80.242.1, 5w3d, GigabitEthernet1/0/47
D EX     10.81.240.1/32 
           [170/25602816] via 10.80.242.1, 5w3d, GigabitEthernet1/0/47
D EX     10.81.250.0/30 
           [170/25602816] via 10.80.242.1, 5w3d, GigabitEthernet1/0/47
D EX     10.84.0.0/16 
           [170/25602816] via 10.80.242.1, 1d14h, GigabitEthernet1/0/47
D EX     10.84.0.0/17 
           [170/25602816] via 10.80.242.1, 1d14h, GigabitEthernet1/0/47
D EX     10.84.128.0/17 
           [170/25602816] via 10.80.242.1, 1d14h, GigabitEthernet1/0/47
D EX     10.84.240.1/32 
           [170/25602816] via 10.80.242.1, 1d14h, GigabitEthernet1/0/47
D EX     10.84.250.0/30 
           [170/25602816] via 10.80.242.1, 3w1d, GigabitEthernet1/0/47
D EX     10.85.0.0/16 
           [170/25602816] via 10.80.242.1, 00:16:01, GigabitEthernet1/0/47
D EX     10.85.0.0/17 
           [170/25602816] via 10.80.242.1, 2w3d, GigabitEthernet1/0/47
D EX     10.85.128.0/17 
           [170/25602816] via 10.80.242.1, 2w3d, GigabitEthernet1/0/47
D EX     10.85.240.1/32 
           [170/25602816] via 10.80.242.1, 2w3d, GigabitEthernet1/0/47
D EX     10.85.250.0/30 
           [170/25602816] via 10.80.242.1, 2w3d, GigabitEthernet1/0/47
D EX     10.86.0.0/16 
           [170/25602816] via 10.80.242.1, 7w0d, GigabitEthernet1/0/47
D EX     10.86.64.16/30 
           [170/25602816] via 10.80.242.1, 7w0d, GigabitEthernet1/0/47
D EX     10.86.64.20/30 
           [170/25602816] via 10.80.242.1, 7w0d, GigabitEthernet1/0/47
D EX     10.86.65.16/30 
           [170/25602816] via 10.80.242.1, 7w0d, GigabitEthernet1/0/47
D EX     10.86.65.20/30 
           [170/25602816] via 10.80.242.1, 7w0d, GigabitEthernet1/0/47
D EX     10.86.240.1/32 
           [170/25602816] via 10.80.242.1, 7w0d, GigabitEthernet1/0/47
D EX     10.87.0.0/16 
           [170/25602816] via 10.80.242.1, 00:21:56, GigabitEthernet1/0/47
D EX     10.87.0.0/17 
           [170/25602816] via 10.80.242.1, 7w0d, GigabitEthernet1/0/47
D EX     10.87.128.0/17 
           [170/25602816] via 10.80.242.1, 7w0d, GigabitEthernet1/0/47
D EX     10.87.240.1/32 
           [170/25602816] via 10.80.242.1, 7w0d, GigabitEthernet1/0/47
D EX     10.87.250.0/30 
           [170/25602816] via 10.80.242.1, 7w0d, GigabitEthernet1/0/47
D EX     10.88.0.0/16 
           [170/25602816] via 10.80.242.1, 21:15:37, GigabitEthernet1/0/47
D EX     10.88.0.0/17 
           [170/25602816] via 10.80.242.1, 7w0d, GigabitEthernet1/0/47
D EX     10.88.128.0/17 
           [170/25602816] via 10.80.242.1, 7w0d, GigabitEthernet1/0/47
D EX     10.88.240.1/32 
           [170/25602816] via 10.80.242.1, 7w0d, GigabitEthernet1/0/47
D EX     10.88.250.0/30 
           [170/25602816] via 10.80.242.1, 7w0d, GigabitEthernet1/0/47
D EX     10.89.0.0/16 
           [170/25602816] via 10.80.242.1, 00:19:01, GigabitEthernet1/0/47
D EX     10.89.0.0/17 
           [170/25602816] via 10.80.242.1, 7w0d, GigabitEthernet1/0/47
D EX     10.89.128.0/17 
           [170/25602816] via 10.80.242.1, 7w0d, GigabitEthernet1/0/47
D EX     10.89.240.1/32 
           [170/25602816] via 10.80.242.1, 7w0d, GigabitEthernet1/0/47
D EX     10.89.250.0/30 
           [170/25602816] via 10.80.242.1, 7w0d, GigabitEthernet1/0/47
D EX     10.90.0.0/16 
           [170/25602816] via 10.80.242.1, 00:17:41, GigabitEthernet1/0/47
D EX     10.90.0.0/17 
           [170/25602816] via 10.80.242.1, 2w3d, GigabitEthernet1/0/47
D EX     10.90.128.0/17 
           [170/25602816] via 10.80.242.1, 2w3d, GigabitEthernet1/0/47
D EX     10.90.240.1/32 
           [170/25602816] via 10.80.242.1, 2w3d, GigabitEthernet1/0/47
D EX     10.90.250.0/30 
           [170/25602816] via 10.80.242.1, 2w3d, GigabitEthernet1/0/47
D EX     10.91.0.0/16 
           [170/25602816] via 10.80.242.1, 2w3d, GigabitEthernet1/0/47
D EX     10.91.240.1/32 
           [170/25602816] via 10.80.242.1, 2w3d, GigabitEthernet1/0/47
D EX     10.91.250.0/30 
           [170/25602816] via 10.80.242.1, 2w3d, GigabitEthernet1/0/47
D EX     10.92.0.0/17 
           [170/25602816] via 10.80.242.1, 1w3d, GigabitEthernet1/0/47
D EX     10.92.128.0/17 
           [170/25602816] via 10.80.242.1, 5w5d, GigabitEthernet1/0/47
D EX     10.92.240.1/32 
           [170/25602816] via 10.80.242.1, 5w5d, GigabitEthernet1/0/47
D EX     10.92.250.0/30 
           [170/25602816] via 10.80.242.1, 5w5d, GigabitEthernet1/0/47
D EX     10.93.0.0/17 
           [170/25602816] via 10.80.242.1, 7w0d, GigabitEthernet1/0/47
D EX     10.93.128.0/17 
           [170/25602816] via 10.80.242.1, 7w0d, GigabitEthernet1/0/47
D EX     10.93.240.1/32 
           [170/25602816] via 10.80.242.1, 7w0d, GigabitEthernet1/0/47
D EX     10.93.250.0/30 
           [170/25602816] via 10.80.242.1, 7w0d, GigabitEthernet1/0/47
D EX     10.97.0.0/16 
           [170/25602816] via 10.80.242.1, 2w4d, GigabitEthernet1/0/47
D EX     10.97.250.0/29 
           [170/25602816] via 10.80.242.1, 2w4d, GigabitEthernet1/0/47
D EX     10.98.0.0/16 
           [170/25602816] via 10.80.242.1, 00:47:36, GigabitEthernet1/0/47
D EX     10.98.0.0/17 
           [170/25602816] via 10.80.242.1, 7w0d, GigabitEthernet1/0/47
D EX     10.98.128.0/17 
           [170/25602816] via 10.80.242.1, 7w0d, GigabitEthernet1/0/47
D EX     10.98.250.0/29 
           [170/25602816] via 10.80.242.1, 7w0d, GigabitEthernet1/0/47
D EX     10.107.250.0/29 
           [170/25602816] via 10.80.242.1, 7w0d, GigabitEthernet1/0/47
D EX     10.110.0.0/16 
           [170/25602816] via 10.80.242.1, 3w4d, GigabitEthernet1/0/47
D EX     10.110.240.1/32 
           [170/25602816] via 10.80.242.1, 3w4d, GigabitEthernet1/0/47
D EX     10.110.250.0/29 
           [170/25602816] via 10.80.242.1, 7w0d, GigabitEthernet1/0/47
D EX     10.248.250.0/25 
           [170/25602816] via 10.80.242.1, 7w0d, GigabitEthernet1/0/47
D        10.248.250.18/32 
           [90/563456] via 10.80.242.1, 00:18:16, GigabitEthernet1/0/47
D EX     10.248.250.128/25 
           [170/25602816] via 10.80.242.1, 7w0d, GigabitEthernet1/0/47
D EX     10.252.252.0/24 
           [170/25602816] via 10.80.242.1, 2w5d, GigabitEthernet1/0/47
      30.0.0.0/29 is subnetted, 1 subnets
D EX     30.20.57.120 
           [170/25602816] via 10.80.242.1, 7w0d, GigabitEthernet1/0/47
      144.140.0.0/16 is variably subnetted, 14 subnets, 3 masks
D EX     144.140.162.40/29 
           [170/25602816] via 10.80.242.1, 7w0d, GigabitEthernet1/0/47
D EX     144.140.162.48/28 
           [170/25602816] via 10.80.242.1, 7w0d, GigabitEthernet1/0/47
D EX     144.140.162.80/28 
           [170/25602816] via 10.80.242.1, 7w0d, GigabitEthernet1/0/47
D EX     144.140.181.80/28 
           [170/25602816] via 10.80.242.1, 7w0d, GigabitEthernet1/0/47
D EX     144.140.201.1/32 
           [170/25602816] via 10.80.242.1, 2w3d, GigabitEthernet1/0/47
D EX     144.140.201.2/32 
           [170/25602816] via 10.80.242.1, 2w3d, GigabitEthernet1/0/47
D EX     144.140.201.3/32 
           [170/25602816] via 10.80.242.1, 2w3d, GigabitEthernet1/0/47
D EX     144.140.201.16/28 
           [170/25602816] via 10.80.242.1, 2w3d, GigabitEthernet1/0/47
D EX     144.140.208.16/29 
           [170/25602816] via 10.80.242.1, 7w0d, GigabitEthernet1/0/47
D EX     144.140.208.32/28 
           [170/25602816] via 10.80.242.1, 7w0d, GigabitEthernet1/0/47
D EX     144.140.208.80/28 
           [170/25602816] via 10.80.242.1, 7w0d, GigabitEthernet1/0/47
D EX     144.140.218.96/28 
           [170/25602816] via 10.80.242.1, 7w0d, GigabitEthernet1/0/47
D EX     144.140.222.32/28 
           [170/25602816] via 10.80.242.1, 7w0d, GigabitEthernet1/0/47
D EX     144.140.224.32/28 
           [170/25602816] via 10.80.242.1, 7w0d, GigabitEthernet1/0/47
      146.195.0.0/16 is variably subnetted, 6 subnets, 4 masks
D EX     146.195.21.0/29 
           [170/25602816] via 10.80.242.1, 2w5d, GigabitEthernet1/0/47
D EX     146.195.30.0/24 
           [170/25602816] via 10.80.242.1, 2w5d, GigabitEthernet1/0/47
D EX     146.195.31.0/24 
           [170/25602816] via 10.80.242.1, 2w5d, GigabitEthernet1/0/47
D EX     146.195.39.0/24 
           [170/25602816] via 10.80.242.1, 2w5d, GigabitEthernet1/0/47
D EX     146.195.180.0/22 
           [170/25602816] via 10.80.242.1, 2w5d, GigabitEthernet1/0/47
D EX     146.195.255.20/32 
           [170/2562816] via 10.80.242.1, 7w0d, GigabitEthernet1/0/47
      172.16.0.0/24 is subnetted, 1 subnets
D EX     172.16.65.0 
           [170/25602816] via 10.80.242.1, 2w5d, GigabitEthernet1/0/47
      172.17.0.0/24 is subnetted, 1 subnets
D EX     172.17.65.0 
           [170/25602816] via 10.80.242.1, 2w5d, GigabitEthernet1/0/47
      172.24.0.0/16 is variably subnetted, 6 subnets, 3 masks
D EX     172.24.96.0/21 
           [170/25602816] via 10.80.242.1, 2w5d, GigabitEthernet1/0/47
D EX     172.24.108.0/24 
           [170/25602816] via 10.80.242.1, 2w5d, GigabitEthernet1/0/47
D EX     172.24.109.0/24 
           [170/25602816] via 10.80.242.1, 2w5d, GigabitEthernet1/0/47
D EX     172.24.112.0/22 
           [170/25602816] via 10.80.242.1, 2w5d, GigabitEthernet1/0/47
D EX     172.24.120.0/24 
           [170/25602816] via 10.80.242.1, 2w5d, GigabitEthernet1/0/47
D EX     172.24.192.0/24 
           [170/25602816] via 10.80.242.1, 2w5d, GigabitEthernet1/0/47
      172.25.0.0/16 is variably subnetted, 2 subnets, 2 masks
D EX     172.25.104.0/24 
           [170/25602816] via 10.80.242.1, 2w5d, GigabitEthernet1/0/47
D EX     172.25.105.0/26 
           [170/25602816] via 10.80.242.1, 2w5d, GigabitEthernet1/0/47
      172.27.0.0/26 is subnetted, 1 subnets
D EX     172.27.0.0 
           [170/25602816] via 10.80.242.1, 2w5d, GigabitEthernet1/0/47
      172.28.0.0/26 is subnetted, 1 subnets
D EX     172.28.8.64 
           [170/25602816] via 10.80.242.1, 2w5d, GigabitEthernet1/0/47
      172.29.0.0/24 is subnetted, 1 subnets
D EX     172.29.1.0 
           [170/25602816] via 10.80.242.1, 6w0d, GigabitEthernet1/0/47
      203.41.188.0/28 is subnetted, 1 subnets
D EX     203.41.188.96 
           [170/25602816] via 10.80.242.1, 7w0d, GigabitEthernet1/0/47
      203.42.70.0/28 is subnetted, 1 subnets
D EX     203.42.70.224 
           [170/25602816] via 10.80.242.1, 7w0d, GigabitEthernet1/0/47
      203.52.0.0/24 is variably subnetted, 2 subnets, 2 masks
D EX     203.52.0.0/24 
           [170/25602816] via 10.80.242.1, 7w0d, GigabitEthernet1/0/47
D EX     203.52.0.192/27 
           [170/25602816] via 10.80.242.1, 7w0d, GigabitEthernet1/0/47
      203.52.1.0/24 is variably subnetted, 2 subnets, 2 masks
D EX     203.52.1.0/24 
           [170/25602816] via 10.80.242.1, 7w0d, GigabitEthernet1/0/47
D EX     203.52.1.192/27 
           [170/25602816] via 10.80.242.1, 7w0d, GigabitEthernet1/0/47
      203.52.2.0/28 is subnetted, 1 subnets
D EX     203.52.2.160 
           [170/25602816] via 10.80.242.1, 7w0d, GigabitEthernet1/0/47
BRIDG-01-SW1#Show inv
NAME: "c36xx Stack", DESCR: "c36xx Stack"
PID: WS-C3650-48PS     , VID: V01  , SN: FDO1820Q1K5

NAME: "Switch 1", DESCR: "WS-C3650-48PS-S"
PID: WS-C3650-48PS-S   , VID: V01  , SN: FDO1820Q1K5

NAME: "Switch 1 - Power Supply A", DESCR: "Switch 1 - Power Supply A"
PID: PWR-C2-640WAC     , VID: V01  , SN: LIT18160L8E


BRIDG-01-SW1#exit
