=~=~=~=~=~=~=~=~=~=~=~= PuTTY log 2017.12.22 11:12:50 =~=~=~=~=~=~=~=~=~=~=~=
login as: n039941

 ********************************************************************
 * [WARNING]                                                        *
 *                                                                  *
 * This system belongs to a private organisation. If you are not    *
 * authorised to access this system, exit immediately.              *
 * Unauthorised access to this system is forbidden by company       *
 * policies, national, and international laws.                      *
 * Unauthorised users are subject to criminal and civil penalties   *
 * as well as company initiated disciplinary proceedings.           *
 * By entry into this system you acknowledge that you are           *
 * authorised access and the level of privilege you subsequently    *
 * execute on this system. You further acknowledge that by entry    *
 * into this system you expect no privacy from monitoring.          *
 *                                                                  *
 *        ALL ACCESS TO THIS SYSTEM IS MONITORED AND LOGGED         *
 *                                                                  *
 ********************************************************************

 ********************************************************************
 *             Please enter your username and password.             *
 ********************************************************************
Using keyboard-interactive authentication.
Password: 

 ********************************************************************
 * You are now logged into: WP                                      *
 * All activity is being logged for review by System Administrators *
 ********************************************************************

colli-02-sw1>en
Password: 
colli-02-sw1#term len 0
colli-02-sw1#Show cdp nei
Capability Codes: R - Router, T - Trans Bridge, B - Source Route Bridge
                  S - Switch, H - Host, I - IGMP, r - Repeater, P - Phone, 
                  D - Remote, C - CVTA, M - Two-port Mac Relay 

Device ID        Local Intrfce     Holdtme    Capability  Platform  Port ID
SEP0C2724310461  Fas 1/0/1         157             H P M  IP Phone  Port 1
COLLI-01-SW1.ads.westernpower.com.au
                 Gig 1/0/2         148             R S I  WS-C3750V Gig 1/0/2
COLLI-01-SW1.ads.westernpower.com.au
                 Gig 1/0/1         148             R S I  WS-C3750V Gig 1/0/1
colli-02-sw1#Show int status

Port      Name               Status       Vlan       Duplex  Speed Type
Fa1/0/1   data_and_voice     connected    401        a-full  a-100 10/100BaseTX
Fa1/0/2   data_and_voice     connected    401        a-full  a-100 10/100BaseTX
Fa1/0/3   data_and_voice     notconnect   401          auto   auto 10/100BaseTX
Fa1/0/4   data_and_voice     notconnect   401          auto   auto 10/100BaseTX
Fa1/0/5   data_and_voice     notconnect   401          auto   auto 10/100BaseTX
Fa1/0/6   data_and_voice     notconnect   401          auto   auto 10/100BaseTX
Fa1/0/7   data_and_voice     notconnect   401          auto   auto 10/100BaseTX
Fa1/0/8   data_and_voice     notconnect   401          auto   auto 10/100BaseTX
Fa1/0/9   data_and_voice     notconnect   401          auto   auto 10/100BaseTX
Fa1/0/10  data_and_voice     notconnect   401          auto   auto 10/100BaseTX
Fa1/0/11  data_and_voice     notconnect   401          auto   auto 10/100BaseTX
Fa1/0/12  data_and_voice     notconnect   401          auto   auto 10/100BaseTX
Fa1/0/13  data_and_voice     notconnect   401          auto   auto 10/100BaseTX
Fa1/0/14  data_and_voice     notconnect   401          auto   auto 10/100BaseTX
Fa1/0/15  data_and_voice     notconnect   401          auto   auto 10/100BaseTX
Fa1/0/16  data_and_voice     notconnect   401          auto   auto 10/100BaseTX
Fa1/0/17  data_and_voice     notconnect   401          auto   auto 10/100BaseTX
Fa1/0/18  data_and_voice     notconnect   401          auto   auto 10/100BaseTX
Fa1/0/19  data_and_voice     notconnect   401          auto   auto 10/100BaseTX
Fa1/0/20  data_and_voice     notconnect   401          auto   auto 10/100BaseTX
Fa1/0/21  data_and_voice     notconnect   401          auto   auto 10/100BaseTX
Fa1/0/22  data_and_voice     notconnect   401          auto   auto 10/100BaseTX
Fa1/0/23  data_and_voice     notconnect   401          auto   auto 10/100BaseTX
Fa1/0/24  data_and_voice     notconnect   401          auto   auto 10/100BaseTX
Gi1/0/1   colli-01-sw1 G1/0/ connected    routed     a-full a-1000 1000BaseSX SFP
Gi1/0/2   colli-01-sw1 G 1/0 connected    routed     a-full a-1000 1000BaseSX SFP
colli-02-sw1#Show ip arp
Protocol  Address          Age (min)  Hardware Addr   Type   Interface
Internet  10.98.65.1              -   34bd.c883.03c3  ARPA   Vlan401
Internet  10.98.65.13            28   0000.aace.b59c  ARPA   Vlan401
Internet  10.98.129.1             -   34bd.c883.03c4  ARPA   Vlan501
Internet  10.98.129.11            2   0c27.2431.0461  ARPA   Vlan501
Internet  10.98.242.9            24   0c27.24b0.c2c2  ARPA   GigabitEthernet1/0/1
Internet  10.98.242.10            -   34bd.c883.03c1  ARPA   GigabitEthernet1/0/1
Internet  10.98.242.13          236   0c27.24b0.c2c3  ARPA   GigabitEthernet1/0/2
Internet  10.98.242.14            -   34bd.c883.03c2  ARPA   GigabitEthernet1/0/2
colli-02-sw1#Show mac add
          Mac Address Table
-------------------------------------------

Vlan    Mac Address       Type        Ports
----    -----------       --------    -----
 All    0100.0ccc.cccc    STATIC      CPU
 All    0100.0ccc.cccd    STATIC      CPU
 All    0180.c200.0000    STATIC      CPU
 All    0180.c200.0001    STATIC      CPU
 All    0180.c200.0002    STATIC      CPU
 All    0180.c200.0003    STATIC      CPU
 All    0180.c200.0004    STATIC      CPU
 All    0180.c200.0005    STATIC      CPU
 All    0180.c200.0006    STATIC      CPU
 All    0180.c200.0007    STATIC      CPU
 All    0180.c200.0008    STATIC      CPU
 All    0180.c200.0009    STATIC      CPU
 All    0180.c200.000a    STATIC      CPU
 All    0180.c200.000b    STATIC      CPU
 All    0180.c200.000c    STATIC      CPU
 All    0180.c200.000d    STATIC      CPU
 All    0180.c200.000e    STATIC      CPU
 All    0180.c200.000f    STATIC      CPU
 All    0180.c200.0010    STATIC      CPU
 All    ffff.ffff.ffff    STATIC      CPU
 401    0000.aace.b59c    DYNAMIC     Fa1/0/2
 401    0c27.2431.0461    DYNAMIC     Fa1/0/1
 501    0c27.2431.0461    DYNAMIC     Fa1/0/1
Total Mac Addresses for this criterion: 23
colli-02-sw1#Show int | inc (rops|otoc)
Vlan1 is administratively down, line protocol is down 
  Input queue: 0/75/0/0 (size/max/drops/flushes); Total output drops: 0
     0 unknown protocol drops
Vlan401 is up, line protocol is up 
  Input queue: 0/75/0/0 (size/max/drops/flushes); Total output drops: 0
     0 unknown protocol drops
Vlan501 is up, line protocol is up 
  Input queue: 0/75/0/0 (size/max/drops/flushes); Total output drops: 0
     0 unknown protocol drops
FastEthernet1/0/1 is up, line protocol is up (connected) 
  Input queue: 0/75/0/0 (size/max/drops/flushes); Total output drops: 0
     0 unknown protocol drops
FastEthernet1/0/2 is up, line protocol is up (connected) 
  Input queue: 0/75/0/0 (size/max/drops/flushes); Total output drops: 0
     0 unknown protocol drops
FastEthernet1/0/3 is down, line protocol is down (notconnect) 
  Input queue: 0/75/0/0 (size/max/drops/flushes); Total output drops: 0
     0 unknown protocol drops
FastEthernet1/0/4 is down, line protocol is down (notconnect) 
  Input queue: 0/75/0/0 (size/max/drops/flushes); Total output drops: 0
     0 unknown protocol drops
FastEthernet1/0/5 is down, line protocol is down (notconnect) 
  Input queue: 0/75/0/0 (size/max/drops/flushes); Total output drops: 0
     0 unknown protocol drops
FastEthernet1/0/6 is down, line protocol is down (notconnect) 
  Input queue: 0/75/0/0 (size/max/drops/flushes); Total output drops: 0
     0 unknown protocol drops
FastEthernet1/0/7 is down, line protocol is down (notconnect) 
  Input queue: 0/75/0/0 (size/max/drops/flushes); Total output drops: 0
     0 unknown protocol drops
FastEthernet1/0/8 is down, line protocol is down (notconnect) 
  Input queue: 0/75/0/0 (size/max/drops/flushes); Total output drops: 0
     0 unknown protocol drops
FastEthernet1/0/9 is down, line protocol is down (notconnect) 
  Input queue: 0/75/0/0 (size/max/drops/flushes); Total output drops: 0
     0 unknown protocol drops
FastEthernet1/0/10 is down, line protocol is down (notconnect) 
  Input queue: 0/75/0/0 (size/max/drops/flushes); Total output drops: 0
     0 unknown protocol drops
FastEthernet1/0/11 is down, line protocol is down (notconnect) 
  Input queue: 0/75/0/0 (size/max/drops/flushes); Total output drops: 0
     0 unknown protocol drops
FastEthernet1/0/12 is down, line protocol is down (notconnect) 
  Input queue: 0/75/0/0 (size/max/drops/flushes); Total output drops: 0
     0 unknown protocol drops
FastEthernet1/0/13 is down, line protocol is down (notconnect) 
  Input queue: 0/75/0/0 (size/max/drops/flushes); Total output drops: 0
     0 unknown protocol drops
FastEthernet1/0/14 is down, line protocol is down (notconnect) 
  Input queue: 0/75/0/0 (size/max/drops/flushes); Total output drops: 0
     0 unknown protocol drops
FastEthernet1/0/15 is down, line protocol is down (notconnect) 
  Input queue: 0/75/0/0 (size/max/drops/flushes); Total output drops: 0
     0 unknown protocol drops
FastEthernet1/0/16 is down, line protocol is down (notconnect) 
  Input queue: 0/75/0/0 (size/max/drops/flushes); Total output drops: 0
     0 unknown protocol drops
FastEthernet1/0/17 is down, line protocol is down (notconnect) 
  Input queue: 0/75/0/0 (size/max/drops/flushes); Total output drops: 0
     0 unknown protocol drops
FastEthernet1/0/18 is down, line protocol is down (notconnect) 
  Input queue: 0/75/0/0 (size/max/drops/flushes); Total output drops: 0
     0 unknown protocol drops
FastEthernet1/0/19 is down, line protocol is down (notconnect) 
  Input queue: 0/75/0/0 (size/max/drops/flushes); Total output drops: 0
     0 unknown protocol drops
FastEthernet1/0/20 is down, line protocol is down (notconnect) 
  Input queue: 0/75/0/0 (size/max/drops/flushes); Total output drops: 0
     0 unknown protocol drops
FastEthernet1/0/21 is down, line protocol is down (notconnect) 
  Input queue: 0/75/0/0 (size/max/drops/flushes); Total output drops: 0
     0 unknown protocol drops
FastEthernet1/0/22 is down, line protocol is down (notconnect) 
  Input queue: 0/75/0/0 (size/max/drops/flushes); Total output drops: 0
     0 unknown protocol drops
FastEthernet1/0/23 is down, line protocol is down (notconnect) 
  Input queue: 0/75/0/0 (size/max/drops/flushes); Total output drops: 0
     0 unknown protocol drops
FastEthernet1/0/24 is down, line protocol is down (notconnect) 
  Input queue: 0/75/0/0 (size/max/drops/flushes); Total output drops: 0
     0 unknown protocol drops
GigabitEthernet1/0/1 is up, line protocol is up (connected) 
  Input queue: 0/75/0/0 (size/max/drops/flushes); Total output drops: 0
     0 unknown protocol drops
GigabitEthernet1/0/2 is up, line protocol is up (connected) 
  Input queue: 0/75/0/0 (size/max/drops/flushes); Total output drops: 0
     0 unknown protocol drops
Loopback1 is up, line protocol is up 
  Input queue: 0/75/0/0 (size/max/drops/flushes); Total output drops: 0
     0 unknown protocol drops
colli-02-sw1#Show run
Building configuration...

Current configuration : 20864 bytes
!
! Last configuration change at 10:37:24 WST Fri Nov 17 2017 by svc-empireddiscovery
! NVRAM config last updated at 10:37:33 WST Fri Nov 17 2017 by svc-empireddiscovery
!
version 15.0
no service pad
service tcp-keepalives-in
service tcp-keepalives-out
service timestamps debug datetime msec localtime show-timezone
service timestamps log datetime msec localtime show-timezone
service password-encryption
!
hostname colli-02-sw1
!
boot-start-marker
boot-end-marker
!
logging buffered 64000
no logging console
enable secret 4 26Y5WbmBWDgWHIvNLDC6rcFPZFfZmn/Bmjb2/s10MhI
!
username westernpower privilege 15 secret 4 26Y5WbmBWDgWHIvNLDC6rcFPZFfZmn/Bmjb2/s10MhI
aaa new-model
!
!
aaa authentication banner ^C
 ********************************************************************
 *             Please enter your username and password.             *
 ********************************************************************
^C
aaa authentication fail-message ^C
 ********************************************************************
 *      The supplied Username and/or Password is not valid.         *
 *  This failed login attempt has been recorded for audit purposes. *
 ********************************************************************
^C
aaa authentication login default group radius enable
aaa authentication login console enable
aaa authorization exec default if-authenticated 
aaa accounting send stop-record authentication failure
aaa accounting exec default start-stop group radius
!
!
!
!
!
!
aaa session-id common
clock timezone WST 8 0
switch 1 provision ws-c3750v2-24ps
system mtu routing 1500
vtp domain colli
vtp mode transparent
udld enable

no ip source-route
ip routing
no ip domain-lookup
ip domain-name ads.westernpower.com.au
!
!
ip multicast-routing distributed
login on-failure log
login on-success log
!
mls qos map policed-dscp  0 10 18 24 46 to 8
mls qos map cos-dscp 0 8 16 24 32 46 48 56
mls qos srr-queue input bandwidth 70 30
mls qos srr-queue input threshold 1 80 90
mls qos srr-queue input priority-queue 2 bandwidth 30
mls qos srr-queue input cos-map queue 1 threshold 2 3
mls qos srr-queue input cos-map queue 1 threshold 3 6 7
mls qos srr-queue input cos-map queue 2 threshold 1 4
mls qos srr-queue input dscp-map queue 1 threshold 2 24
mls qos srr-queue input dscp-map queue 1 threshold 3 48 49 50 51 52 53 54 55
mls qos srr-queue input dscp-map queue 1 threshold 3 56 57 58 59 60 61 62 63
mls qos srr-queue input dscp-map queue 2 threshold 3 32 33 40 41 42 43 44 45
mls qos srr-queue input dscp-map queue 2 threshold 3 46 47
mls qos srr-queue output cos-map queue 1 threshold 3 4 5
mls qos srr-queue output cos-map queue 2 threshold 1 2
mls qos srr-queue output cos-map queue 2 threshold 2 3
mls qos srr-queue output cos-map queue 2 threshold 3 6 7
mls qos srr-queue output cos-map queue 3 threshold 3 0
mls qos srr-queue output cos-map queue 4 threshold 3 1
mls qos srr-queue output dscp-map queue 1 threshold 3 32 33 40 41 42 43 44 45
mls qos srr-queue output dscp-map queue 1 threshold 3 46 47
mls qos srr-queue output dscp-map queue 2 threshold 1 16 17 18 19 20 21 22 23
mls qos srr-queue output dscp-map queue 2 threshold 1 26 27 28 29 30 31 34 35
mls qos srr-queue output dscp-map queue 2 threshold 1 36 37 38 39
mls qos srr-queue output dscp-map queue 2 threshold 2 24
mls qos srr-queue output dscp-map queue 2 threshold 3 48 49 50 51 52 53 54 55
mls qos srr-queue output dscp-map queue 2 threshold 3 56 57 58 59 60 61 62 63
mls qos srr-queue output dscp-map queue 3 threshold 3 0 1 2 3 4 5 6 7
mls qos srr-queue output dscp-map queue 4 threshold 1 8 9 11 13 15
mls qos srr-queue output dscp-map queue 4 threshold 2 10 12 14
mls qos queue-set output 1 threshold 1 100 100 50 200
mls qos queue-set output 1 threshold 2 125 125 100 400
mls qos queue-set output 1 threshold 3 100 100 100 400
mls qos queue-set output 1 threshold 4 60 150 50 200
mls qos queue-set output 1 buffers 15 25 40 20
mls qos
!
crypto pki trustpoint TP-self-signed-3364029312
 enrollment selfsigned
 subject-name cn=IOS-Self-Signed-Certificate-3364029312
 revocation-check none
 rsakeypair TP-self-signed-3364029312
!
!
crypto pki certificate chain TP-self-signed-3364029312
 certificate self-signed 01
  3082025E 308201C7 A0030201 02020101 300D0609 2A864886 F70D0101 04050030 
  31312F30 2D060355 04031326 494F532D 53656C66 2D536967 6E65642D 43657274 
  69666963 6174652D 33333634 30323933 3132301E 170D3933 30333031 30303037 
  32355A17 0D323030 31303130 30303030 305A3031 312F302D 06035504 03132649 
  4F532D53 656C662D 5369676E 65642D43 65727469 66696361 74652D33 33363430 
  32393331 3230819F 300D0609 2A864886 F70D0101 01050003 818D0030 81890281 
  8100C343 318044B1 507B30CF 6A3D2702 767DB0E9 5672367F 786E6881 60A1EC53 
  657AA732 7806B61F 358D1793 20872CAF 6A1A3425 D795B9D7 F0846A3C 35DF4600 
  32E9072B F798983C 65435E62 C9207E39 9F8DF33D 012E298D 7974DDB2 E7A977D2 
  7CDEE501 262EACA8 478497E4 D435CE7F DF805F1B 08E182B1 BCB97EF0 AAE51B17 
  3D1F0203 010001A3 81853081 82300F06 03551D13 0101FF04 05300301 01FF302F 
  0603551D 11042830 26822463 6F6C6C69 2D30322D 7377312E 6164732E 77657374 
  65726E70 6F776572 2E636F6D 2E617530 1F060355 1D230418 30168014 FD6483F4 
  D46BEA82 0D79EA2F 32455B21 7AE4EEDA 301D0603 551D0E04 160414FD 6483F4D4 
  6BEA820D 79EA2F32 455B217A E4EEDA30 0D06092A 864886F7 0D010104 05000381 
  81001699 E45FFCC9 E0210A38 DBD5015C 96766BDF 37E7BDDE 3BB6DAA2 B09DF05B 
  26A35987 5205EAAC D4500799 C1B8FD87 33CD1B8B 6AD8C6B8 D6D136BF 9E0042C9 
  50DFBBD7 6B21A628 2931D6DE C9EE544E ECDDF86B B1EA3E6B 6357C7C6 13127142 
  88BD742D E234F793 20E7C912 9D9A3002 AB1818BF 816590C7 626EC31A 4777B210 E5F4
  	quit
!
!
!
!
!
errdisable recovery cause udld
errdisable recovery interval 60
!
spanning-tree mode rapid-pvst
spanning-tree portfast bpduguard default
spanning-tree extend system-id
!
vlan internal allocation policy ascending
!
vlan 401
 name USER_DATA_VLAN
!
vlan 501
 name USER_VOICE_VLAN
!
ip telnet source-interface Loopback1
ip ssh version 2
!
class-map match-all AUTOQOS_VOIP_DATA_CLASS
  match ip dscp ef 
class-map match-all AUTOQOS_DEFAULT_CLASS
  match access-group name AUTOQOS-ACL-DEFAULT
class-map match-all AUTOQOS_VOIP_SIGNAL_CLASS
  match ip dscp cs3 
!
policy-map AUTOQOS-SRND4-CISCOPHONE-POLICY
 class AUTOQOS_VOIP_DATA_CLASS
   set dscp ef
  police 128000 8000 exceed-action policed-dscp-transmit
 class AUTOQOS_VOIP_SIGNAL_CLASS
   set dscp cs3
  police 32000 8000 exceed-action policed-dscp-transmit
 class AUTOQOS_DEFAULT_CLASS
   set dscp default
  police 10000000 8000 exceed-action policed-dscp-transmit
!
!
! 
!
!
!
!
!
!
!
!
!
!
!
interface Loopback1
 description T1 management interface
 ip address 10.98.240.6 255.255.255.255
!
interface FastEthernet1/0/1
 description data_and_voice
 switchport access vlan 401
 switchport mode access
 switchport voice vlan 501
 srr-queue bandwidth share 1 30 35 5
 priority-queue out 
 mls qos trust device cisco-phone
 mls qos trust cos
 no snmp trap link-status
 no mdix auto
 spanning-tree portfast
 service-policy input AUTOQOS-SRND4-CISCOPHONE-POLICY
!
interface FastEthernet1/0/2
 description data_and_voice
 switchport access vlan 401
 switchport mode access
 switchport voice vlan 501
 srr-queue bandwidth share 1 30 35 5
 priority-queue out 
 mls qos trust device cisco-phone
 mls qos trust cos
 no snmp trap link-status
 no mdix auto
 spanning-tree portfast
 service-policy input AUTOQOS-SRND4-CISCOPHONE-POLICY
!
interface FastEthernet1/0/3
 description data_and_voice
 switchport access vlan 401
 switchport mode access
 switchport voice vlan 501
 srr-queue bandwidth share 1 30 35 5
 priority-queue out 
 mls qos trust device cisco-phone
 mls qos trust cos
 no snmp trap link-status
 no mdix auto
 spanning-tree portfast
 service-policy input AUTOQOS-SRND4-CISCOPHONE-POLICY
!
interface FastEthernet1/0/4
 description data_and_voice
 switchport access vlan 401
 switchport mode access
 switchport voice vlan 501
 srr-queue bandwidth share 1 30 35 5
 priority-queue out 
 mls qos trust device cisco-phone
 mls qos trust cos
 no snmp trap link-status
 no mdix auto
 spanning-tree portfast
 service-policy input AUTOQOS-SRND4-CISCOPHONE-POLICY
!
interface FastEthernet1/0/5
 description data_and_voice
 switchport access vlan 401
 switchport mode access
 switchport voice vlan 501
 srr-queue bandwidth share 1 30 35 5
 priority-queue out 
 mls qos trust device cisco-phone
 mls qos trust cos
 no snmp trap link-status
 no mdix auto
 spanning-tree portfast
 service-policy input AUTOQOS-SRND4-CISCOPHONE-POLICY
!
interface FastEthernet1/0/6
 description data_and_voice
 switchport access vlan 401
 switchport mode access
 switchport voice vlan 501
 srr-queue bandwidth share 1 30 35 5
 priority-queue out 
 mls qos trust device cisco-phone
 mls qos trust cos
 no snmp trap link-status
 no mdix auto
 spanning-tree portfast
 service-policy input AUTOQOS-SRND4-CISCOPHONE-POLICY
!
interface FastEthernet1/0/7
 description data_and_voice
 switchport access vlan 401
 switchport mode access
 switchport voice vlan 501
 srr-queue bandwidth share 1 30 35 5
 priority-queue out 
 mls qos trust device cisco-phone
 mls qos trust cos
 no snmp trap link-status
 no mdix auto
 spanning-tree portfast
 service-policy input AUTOQOS-SRND4-CISCOPHONE-POLICY
!
interface FastEthernet1/0/8
 description data_and_voice
 switchport access vlan 401
 switchport mode access
 switchport voice vlan 501
 srr-queue bandwidth share 1 30 35 5
 priority-queue out 
 mls qos trust device cisco-phone
 mls qos trust cos
 no snmp trap link-status
 no mdix auto
 spanning-tree portfast
 service-policy input AUTOQOS-SRND4-CISCOPHONE-POLICY
!
interface FastEthernet1/0/9
 description data_and_voice
 switchport access vlan 401
 switchport mode access
 switchport voice vlan 501
 srr-queue bandwidth share 1 30 35 5
 priority-queue out 
 mls qos trust device cisco-phone
 mls qos trust cos
 no snmp trap link-status
 no mdix auto
 spanning-tree portfast
 service-policy input AUTOQOS-SRND4-CISCOPHONE-POLICY
!
interface FastEthernet1/0/10
 description data_and_voice
 switchport access vlan 401
 switchport mode access
 switchport voice vlan 501
 srr-queue bandwidth share 1 30 35 5
 priority-queue out 
 mls qos trust device cisco-phone
 mls qos trust cos
 no snmp trap link-status
 no mdix auto
 spanning-tree portfast
 service-policy input AUTOQOS-SRND4-CISCOPHONE-POLICY
!
interface FastEthernet1/0/11
 description data_and_voice
 switchport access vlan 401
 switchport mode access
 switchport voice vlan 501
 srr-queue bandwidth share 1 30 35 5
 priority-queue out 
 mls qos trust device cisco-phone
 mls qos trust cos
 no snmp trap link-status
 no mdix auto
 spanning-tree portfast
 service-policy input AUTOQOS-SRND4-CISCOPHONE-POLICY
!
interface FastEthernet1/0/12
 description data_and_voice
 switchport access vlan 401
 switchport mode access
 switchport voice vlan 501
 srr-queue bandwidth share 1 30 35 5
 priority-queue out 
 mls qos trust device cisco-phone
 mls qos trust cos
 no snmp trap link-status
 no mdix auto
 spanning-tree portfast
 service-policy input AUTOQOS-SRND4-CISCOPHONE-POLICY
!
interface FastEthernet1/0/13
 description data_and_voice
 switchport access vlan 401
 switchport mode access
 switchport voice vlan 501
 srr-queue bandwidth share 1 30 35 5
 priority-queue out 
 mls qos trust device cisco-phone
 mls qos trust cos
 no snmp trap link-status
 no mdix auto
 spanning-tree portfast
 service-policy input AUTOQOS-SRND4-CISCOPHONE-POLICY
!
interface FastEthernet1/0/14
 description data_and_voice
 switchport access vlan 401
 switchport mode access
 switchport voice vlan 501
 srr-queue bandwidth share 1 30 35 5
 priority-queue out 
 mls qos trust device cisco-phone
 mls qos trust cos
 no snmp trap link-status
 no mdix auto
 spanning-tree portfast
 service-policy input AUTOQOS-SRND4-CISCOPHONE-POLICY
!
interface FastEthernet1/0/15
 description data_and_voice
 switchport access vlan 401
 switchport mode access
 switchport voice vlan 501
 srr-queue bandwidth share 1 30 35 5
 priority-queue out 
 mls qos trust device cisco-phone
 mls qos trust cos
 no snmp trap link-status
 no mdix auto
 spanning-tree portfast
 service-policy input AUTOQOS-SRND4-CISCOPHONE-POLICY
!
interface FastEthernet1/0/16
 description data_and_voice
 switchport access vlan 401
 switchport mode access
 switchport voice vlan 501
 srr-queue bandwidth share 1 30 35 5
 priority-queue out 
 mls qos trust device cisco-phone
 mls qos trust cos
 no snmp trap link-status
 no mdix auto
 spanning-tree portfast
 service-policy input AUTOQOS-SRND4-CISCOPHONE-POLICY
!
interface FastEthernet1/0/17
 description data_and_voice
 switchport access vlan 401
 switchport mode access
 switchport voice vlan 501
 srr-queue bandwidth share 1 30 35 5
 priority-queue out 
 mls qos trust device cisco-phone
 mls qos trust cos
 no snmp trap link-status
 no mdix auto
 spanning-tree portfast
 service-policy input AUTOQOS-SRND4-CISCOPHONE-POLICY
!
interface FastEthernet1/0/18
 description data_and_voice
 switchport access vlan 401
 switchport mode access
 switchport voice vlan 501
 srr-queue bandwidth share 1 30 35 5
 priority-queue out 
 mls qos trust device cisco-phone
 mls qos trust cos
 no snmp trap link-status
 no mdix auto
 spanning-tree portfast
 service-policy input AUTOQOS-SRND4-CISCOPHONE-POLICY
!
interface FastEthernet1/0/19
 description data_and_voice
 switchport access vlan 401
 switchport mode access
 switchport voice vlan 501
 srr-queue bandwidth share 1 30 35 5
 priority-queue out 
 mls qos trust device cisco-phone
 mls qos trust cos
 no snmp trap link-status
 no mdix auto
 spanning-tree portfast
 service-policy input AUTOQOS-SRND4-CISCOPHONE-POLICY
!
interface FastEthernet1/0/20
 description data_and_voice
 switchport access vlan 401
 switchport mode access
 switchport voice vlan 501
 srr-queue bandwidth share 1 30 35 5
 priority-queue out 
 mls qos trust device cisco-phone
 mls qos trust cos
 no snmp trap link-status
 no mdix auto
 spanning-tree portfast
 service-policy input AUTOQOS-SRND4-CISCOPHONE-POLICY
!
interface FastEthernet1/0/21
 description data_and_voice
 switchport access vlan 401
 switchport mode access
 switchport voice vlan 501
 srr-queue bandwidth share 1 30 35 5
 priority-queue out 
 mls qos trust device cisco-phone
 mls qos trust cos
 no snmp trap link-status
 no mdix auto
 spanning-tree portfast
 service-policy input AUTOQOS-SRND4-CISCOPHONE-POLICY
!
interface FastEthernet1/0/22
 description data_and_voice
 switchport access vlan 401
 switchport mode access
 switchport voice vlan 501
 srr-queue bandwidth share 1 30 35 5
 priority-queue out 
 mls qos trust device cisco-phone
 mls qos trust cos
 no snmp trap link-status
 no mdix auto
 spanning-tree portfast
 service-policy input AUTOQOS-SRND4-CISCOPHONE-POLICY
!
interface FastEthernet1/0/23
 description data_and_voice
 switchport access vlan 401
 switchport mode access
 switchport voice vlan 501
 srr-queue bandwidth share 1 30 35 5
 priority-queue out 
 mls qos trust device cisco-phone
 mls qos trust cos
 no snmp trap link-status
 no mdix auto
 spanning-tree portfast
 service-policy input AUTOQOS-SRND4-CISCOPHONE-POLICY
!
interface FastEthernet1/0/24
 description data_and_voice
 switchport access vlan 401
 switchport mode access
 switchport voice vlan 501
 srr-queue bandwidth share 1 30 35 5
 priority-queue out 
 mls qos trust device cisco-phone
 mls qos trust cos
 no snmp trap link-status
 no mdix auto
 spanning-tree portfast
 service-policy input AUTOQOS-SRND4-CISCOPHONE-POLICY
!
interface GigabitEthernet1/0/1
 description colli-01-sw1 G1/0/1
 no switchport
 ip address 10.98.242.10 255.255.255.252
 ip hello-interval eigrp 81 1
 ip hold-time eigrp 81 3
 ip pim sparse-mode
 srr-queue bandwidth share 1 30 35 5
 priority-queue out 
 mls qos trust dscp
 auto qos trust 
!
interface GigabitEthernet1/0/2
 description colli-01-sw1 G 1/0/2
 no switchport
 ip address 10.98.242.14 255.255.255.252
 ip hello-interval eigrp 81 1
 ip hold-time eigrp 81 3
 ip pim sparse-mode
 srr-queue bandwidth share 1 30 35 5
 priority-queue out 
 mls qos trust dscp
 auto qos trust 
!
interface Vlan1
 no ip address
 shutdown
!
interface Vlan401
 description T2 data
 ip address 10.98.65.1 255.255.255.0
 ip helper-address 10.19.0.66
 ip helper-address 10.21.0.66
 ip helper-address 10.19.1.18
 ip directed-broadcast 5
!
interface Vlan501
 description T2 voice
 ip address 10.98.129.1 255.255.255.0
 ip helper-address 10.19.0.66
 ip helper-address 10.21.0.66
 ip pim passive
!
!
router eigrp 98
 network 10.0.0.0
 passive-interface default
 no passive-interface GigabitEthernet1/0/1
 no passive-interface GigabitEthernet1/0/2
 eigrp router-id 10.98.240.6
 eigrp stub connected summary
!
no ip http server
no ip http secure-server
!
ip pim rp-address 10.98.240.24
!
ip access-list standard APIC_EM
 remark --- APIC-EM Appliance ---
 permit 10.25.253.10
 deny   any
ip access-list standard NSG_TELNET_SSH
 permit 146.195.81.24
 remark --- Nimsoft/CatTools Server Natted IP ---
 permit 146.195.81.25
 remark --- Nimsoft/CatTools Server ---
 permit 10.19.7.62
 remark --- HO Jumphost ---
 permit 172.30.0.10
 remark --- APIC EM - Controller ---
 permit 10.25.253.10
 permit 10.19.12.234
 remark --- Twister - OLD and NEW IP ---
 permit 146.195.135.0 0.0.0.127
 remark --- IT Subnet on Lvl2E ---
 permit 10.19.60.0 0.0.0.255
 remark --- SEAL WAN Subnet ---
 permit 10.250.250.0 0.0.0.255
 remark --- GWIP HO WAN Subnet ---
 permit 10.19.250.0 0.0.0.7
 remark --- Management Loopback subnet ---
 permit 10.0.240.0 0.255.0.255
 remark --- Empired Management Subnet ---
 permit 172.30.160.0 0.0.0.15
 remark --- Deny Anything Else ---
 deny   any log
ip access-list standard RO_SNMP
 remark --- Solarwinds Syslog Server ---
 permit 10.19.7.46
 remark --- Empired Management Subnet ---
 permit 172.30.160.0 0.0.0.255
 remark --- IT Subnet on Lvl2E ---
 permit 10.19.60.0 0.0.0.255
 deny   any
ip access-list standard RW_SNMP
 remark ---allow NNMi---
 permit 172.30.160.10
 deny   any
!
ip access-list extended AUTOQOS-ACL-DEFAULT
 permit ip any any
!
ip radius source-interface Loopback1 
logging trap debugging
logging source-interface Loopback1
logging host 10.19.7.46
logging host 172.30.160.11
logging host 172.30.160.10
logging host 172.30.161.10
access-list 5 permit 10.19.1.17 log
access-list 5 remark CSC Zetta - Allow Remote wakeup PC's
access-list 5 permit 10.19.7.49 log
access-list 5 permit 10.19.1.138 log
access-list 5 permit 10.19.1.134 log
snmp-server community eb6cIzuB RO RO_SNMP
snmp-server community Sp7ZyvwQ RW RW_SNMP
snmp-server community fc7cJzuC RO APIC_EM
snmp-server community gd8cKzuD RW APIC_EM
snmp-server location 1347 Patstone Road, Collie, WA 6225
snmp-server contact Western Power IT Network
snmp-server enable traps envmon fan shutdown supply temperature status
snmp ifmib ifindex persist
!
radius-server host 10.19.1.113
radius-server host 10.21.0.24
radius-server key 7 120D2E27050D295C7833250E3D3101040F572B0D5F6A0C6D7E3E11341D7B6D43707C0D59084E2F2D71060A16312F422C012B2D7942263C10420B1E06221D3E293D
radius-server load-balance method least-outstanding
!
!
banner exec ^C
 ********************************************************************
 * You are now logged into: WP                                      *
 * All activity is being logged for review by System Administrators *
 ********************************************************************
^C
banner login ^C
 ********************************************************************
 * [WARNING]                                                        *
 *                                                                  *
 * This system belongs to a private organisation. If you are not    *
 * authorised to access this system, exit immediately.              *
 * Unauthorised access to this system is forbidden by company       *
 * policies, national, and international laws.                      *
 * Unauthorised users are subject to criminal and civil penalties   *
 * as well as company initiated disciplinary proceedings.           *
 * By entry into this system you acknowledge that you are           *
 * authorised access and the level of privilege you subsequently    *
 * execute on this system. You further acknowledge that by entry    *
 * into this system you expect no privacy from monitoring.          *
 *                                                                  *
 *        ALL ACCESS TO THIS SYSTEM IS MONITORED AND LOGGED         *
 *                                                                  *
 ********************************************************************
^C
!
line con 0
 exec-timeout 15 0
line vty 0 4
 access-class NSG_TELNET_SSH in
 exec-timeout 15 0
 logging synchronous
 transport input ssh
line vty 5 15
 access-class NSG_TELNET_SSH in
 exec-timeout 15 0
 logging synchronous
 transport input ssh
!
ntp server 146.195.128.175
end

colli-02-sw1#Show ver
Cisco IOS Software, C3750 Software (C3750-IPBASEK9-M), Version 15.0(2)SE10, RELEASE SOFTWARE (fc2)
Technical Support: http://www.cisco.com/techsupport
Copyright (c) 1986-2016 by Cisco Systems, Inc.
Compiled Mon 18-Jul-16 02:11 by prod_rel_team

ROM: Bootstrap program is C3750 boot loader
BOOTLDR: C3750 Boot Loader (C3750-HBOOT-M) Version 12.2(53r)SEY4, RELEASE SOFTWARE (fc1)

colli-02-sw1 uptime is 5 weeks, 1 day, 51 minutes
System returned to ROM by power-on
System restarted at 10:23:25 WST Thu Nov 16 2017
System image file is "flash:/c3750-ipbasek9-mz.150-2.SE10.bin"


This product contains cryptographic features and is subject to United
States and local country laws governing import, export, transfer and
use. Delivery of Cisco cryptographic products does not imply
third-party authority to import, export, distribute or use encryption.
Importers, exporters, distributors and users are responsible for
compliance with U.S. and local country laws. By using this product you
agree to comply with applicable laws and regulations. If you are unable
to comply with U.S. and local laws, return this product immediately.

A summary of U.S. laws governing Cisco cryptographic products may be found at:
http://www.cisco.com/wwl/export/crypto/tool/stqrg.html

If you require further assistance please contact us by sending email to
export@cisco.com.

cisco WS-C3750V2-24PS (PowerPC405) processor (revision S0) with 131072K bytes of memory.
Processor board ID FDO1629X1WV
Last reset from power-on
3 Virtual Ethernet interfaces
24 FastEthernet interfaces
2 Gigabit Ethernet interfaces
The password-recovery mechanism is enabled.

512K bytes of flash-simulated non-volatile configuration memory.
Base ethernet MAC Address       : 34:BD:C8:83:03:80
Motherboard assembly number     : 73-12633-01
Power supply part number        : 341-0266-03
Motherboard serial number       : FDO162912L0
Power supply serial number      : LIT16190MZP
Model revision number           : S0
Motherboard revision number     : E0
Model number                    : WS-C3750V2-24PS-S
System serial number            : FDO1629X1WV
Top Assembly Part Number        : 800-33158-03
Top Assembly Revision Number    : A0
Version ID                      : V08
CLEI Code Number                : CMMEE00BRB
Hardware Board Revision Number  : 0x02


Switch Ports Model              SW Version            SW Image                 
------ ----- -----              ----------            ----------               
*    1 26    WS-C3750V2-24PS    15.0(2)SE10           C3750-IPBASEK9-M         


Configuration register is 0xF

colli-02-sw1#Show ip route
Codes: L - local, C - connected, S - static, R - RIP, M - mobile, B - BGP
       D - EIGRP, EX - EIGRP external, O - OSPF, IA - OSPF inter area 
       N1 - OSPF NSSA external type 1, N2 - OSPF NSSA external type 2
       E1 - OSPF external type 1, E2 - OSPF external type 2
       i - IS-IS, su - IS-IS summary, L1 - IS-IS level-1, L2 - IS-IS level-2
       ia - IS-IS inter area, * - candidate default, U - per-user static route
       o - ODR, P - periodic downloaded static route, H - NHRP, l - LISP
       + - replicated route, % - next hop override

Gateway of last resort is 10.98.242.13 to network 0.0.0.0

D*EX  0.0.0.0/0 [170/2588416] via 10.98.242.13, 5w1d, GigabitEthernet1/0/2
                [170/2588416] via 10.98.242.9, 5w1d, GigabitEthernet1/0/1
      10.0.0.0/8 is variably subnetted, 150 subnets, 9 masks
D EX     10.18.250.0/29 
           [170/25628416] via 10.98.242.13, 5w1d, GigabitEthernet1/0/2
           [170/25628416] via 10.98.242.9, 5w1d, GigabitEthernet1/0/1
D EX     10.19.0.0/16 
           [170/2588416] via 10.98.242.13, 5w1d, GigabitEthernet1/0/2
           [170/2588416] via 10.98.242.9, 5w1d, GigabitEthernet1/0/1
D EX     10.19.240.1/32 
           [170/2588416] via 10.98.242.13, 5w1d, GigabitEthernet1/0/2
           [170/2588416] via 10.98.242.9, 5w1d, GigabitEthernet1/0/1
D EX     10.19.250.0/29 
           [170/25628416] via 10.98.242.13, 5w1d, GigabitEthernet1/0/2
           [170/25628416] via 10.98.242.9, 5w1d, GigabitEthernet1/0/1
D EX     10.21.240.1/32 
           [170/5148416] via 10.98.242.13, 5w1d, GigabitEthernet1/0/2
           [170/5148416] via 10.98.242.9, 5w1d, GigabitEthernet1/0/1
D EX     10.21.250.0/29 
           [170/25628416] via 10.98.242.13, 5w1d, GigabitEthernet1/0/2
           [170/25628416] via 10.98.242.9, 5w1d, GigabitEthernet1/0/1
D EX     10.25.243.136/30 
           [170/25628416] via 10.98.242.13, 2w5d, GigabitEthernet1/0/2
           [170/25628416] via 10.98.242.9, 2w5d, GigabitEthernet1/0/1
D EX     10.25.252.0/28 
           [170/25628416] via 10.98.242.13, 2w5d, GigabitEthernet1/0/2
           [170/25628416] via 10.98.242.9, 2w5d, GigabitEthernet1/0/1
D EX     10.65.0.0/16 
           [170/25628416] via 10.98.242.13, 2w5d, GigabitEthernet1/0/2
           [170/25628416] via 10.98.242.9, 2w5d, GigabitEthernet1/0/1
D EX     10.65.243.136/30 
           [170/2588416] via 10.98.242.13, 5w1d, GigabitEthernet1/0/2
           [170/2588416] via 10.98.242.9, 5w1d, GigabitEthernet1/0/1
D EX     10.65.250.0/29 
           [170/25628416] via 10.98.242.13, 5w1d, GigabitEthernet1/0/2
           [170/25628416] via 10.98.242.9, 5w1d, GigabitEthernet1/0/1
D EX     10.65.252.0/28 
           [170/2588416] via 10.98.242.13, 5w1d, GigabitEthernet1/0/2
           [170/2588416] via 10.98.242.9, 5w1d, GigabitEthernet1/0/1
D EX     10.66.0.0/16 
           [170/25628416] via 10.98.242.13, 3d23h, GigabitEthernet1/0/2
           [170/25628416] via 10.98.242.9, 3d23h, GigabitEthernet1/0/1
D EX     10.66.0.0/17 
           [170/25628416] via 10.98.242.13, 5w1d, GigabitEthernet1/0/2
           [170/25628416] via 10.98.242.9, 5w1d, GigabitEthernet1/0/1
D EX     10.66.128.0/17 
           [170/25628416] via 10.98.242.13, 5w1d, GigabitEthernet1/0/2
           [170/25628416] via 10.98.242.9, 5w1d, GigabitEthernet1/0/1
D EX     10.66.240.1/32 
           [170/25628416] via 10.98.242.13, 5w1d, GigabitEthernet1/0/2
           [170/25628416] via 10.98.242.9, 5w1d, GigabitEthernet1/0/1
D EX     10.66.250.0/29 
           [170/25628416] via 10.98.242.13, 5w1d, GigabitEthernet1/0/2
           [170/25628416] via 10.98.242.9, 5w1d, GigabitEthernet1/0/1
D EX     10.67.0.0/16 
           [170/25628416] via 10.98.242.13, 5w1d, GigabitEthernet1/0/2
           [170/25628416] via 10.98.242.9, 5w1d, GigabitEthernet1/0/1
D EX     10.67.240.1/32 
           [170/25628416] via 10.98.242.13, 5w1d, GigabitEthernet1/0/2
           [170/25628416] via 10.98.242.9, 5w1d, GigabitEthernet1/0/1
D EX     10.67.250.0/29 
           [170/25628416] via 10.98.242.13, 5w1d, GigabitEthernet1/0/2
           [170/25628416] via 10.98.242.9, 5w1d, GigabitEthernet1/0/1
D EX     10.68.0.0/16 
           [170/25628416] via 10.98.242.13, 5w1d, GigabitEthernet1/0/2
           [170/25628416] via 10.98.242.9, 5w1d, GigabitEthernet1/0/1
D EX     10.68.240.1/32 
           [170/25628416] via 10.98.242.13, 5w1d, GigabitEthernet1/0/2
           [170/25628416] via 10.98.242.9, 5w1d, GigabitEthernet1/0/1
D EX     10.68.250.0/29 
           [170/25628416] via 10.98.242.13, 5w1d, GigabitEthernet1/0/2
           [170/25628416] via 10.98.242.9, 5w1d, GigabitEthernet1/0/1
D EX     10.69.0.0/16 
           [170/25628416] via 10.98.242.13, 5w1d, GigabitEthernet1/0/2
           [170/25628416] via 10.98.242.9, 5w1d, GigabitEthernet1/0/1
D EX     10.69.240.1/32 
           [170/25628416] via 10.98.242.13, 5w1d, GigabitEthernet1/0/2
           [170/25628416] via 10.98.242.9, 5w1d, GigabitEthernet1/0/1
D EX     10.69.250.0/29 
           [170/25628416] via 10.98.242.13, 5w1d, GigabitEthernet1/0/2
           [170/25628416] via 10.98.242.9, 5w1d, GigabitEthernet1/0/1
D EX     10.70.0.0/16 
           [170/25628416] via 10.98.242.13, 00:12:33, GigabitEthernet1/0/2
           [170/25628416] via 10.98.242.9, 00:12:33, GigabitEthernet1/0/1
D EX     10.70.0.0/17 
           [170/25628416] via 10.98.242.13, 5w1d, GigabitEthernet1/0/2
           [170/25628416] via 10.98.242.9, 5w1d, GigabitEthernet1/0/1
D EX     10.70.128.0/17 
           [170/25628416] via 10.98.242.13, 5w1d, GigabitEthernet1/0/2
           [170/25628416] via 10.98.242.9, 5w1d, GigabitEthernet1/0/1
D EX     10.70.240.1/32 
           [170/25628416] via 10.98.242.13, 5w1d, GigabitEthernet1/0/2
           [170/25628416] via 10.98.242.9, 5w1d, GigabitEthernet1/0/1
D EX     10.70.250.0/29 
           [170/25628416] via 10.98.242.13, 5w1d, GigabitEthernet1/0/2
           [170/25628416] via 10.98.242.9, 5w1d, GigabitEthernet1/0/1
D EX     10.71.0.0/16 
           [170/25628416] via 10.98.242.13, 5w1d, GigabitEthernet1/0/2
           [170/25628416] via 10.98.242.9, 5w1d, GigabitEthernet1/0/1
D EX     10.71.240.1/32 
           [170/25628416] via 10.98.242.13, 5w1d, GigabitEthernet1/0/2
           [170/25628416] via 10.98.242.9, 5w1d, GigabitEthernet1/0/1
D EX     10.71.250.0/29 
           [170/25628416] via 10.98.242.13, 5w1d, GigabitEthernet1/0/2
           [170/25628416] via 10.98.242.9, 5w1d, GigabitEthernet1/0/1
D EX     10.72.0.0/16 
           [170/25628416] via 10.98.242.13, 00:51:33, GigabitEthernet1/0/2
           [170/25628416] via 10.98.242.9, 00:51:33, GigabitEthernet1/0/1
D EX     10.72.0.0/17 
           [170/25628416] via 10.98.242.13, 5w1d, GigabitEthernet1/0/2
           [170/25628416] via 10.98.242.9, 5w1d, GigabitEthernet1/0/1
D EX     10.72.128.0/17 
           [170/25628416] via 10.98.242.13, 5w1d, GigabitEthernet1/0/2
           [170/25628416] via 10.98.242.9, 5w1d, GigabitEthernet1/0/1
D EX     10.72.240.1/32 
           [170/25628416] via 10.98.242.13, 5w1d, GigabitEthernet1/0/2
           [170/25628416] via 10.98.242.9, 5w1d, GigabitEthernet1/0/1
D EX     10.72.250.0/29 
           [170/25628416] via 10.98.242.13, 5w1d, GigabitEthernet1/0/2
           [170/25628416] via 10.98.242.9, 5w1d, GigabitEthernet1/0/1
D EX     10.73.0.0/16 
           [170/25628416] via 10.98.242.13, 5w1d, GigabitEthernet1/0/2
           [170/25628416] via 10.98.242.9, 5w1d, GigabitEthernet1/0/1
D EX     10.73.240.1/32 
           [170/25628416] via 10.98.242.13, 5w1d, GigabitEthernet1/0/2
           [170/25628416] via 10.98.242.9, 5w1d, GigabitEthernet1/0/1
D EX     10.73.250.0/29 
           [170/25628416] via 10.98.242.13, 5w1d, GigabitEthernet1/0/2
           [170/25628416] via 10.98.242.9, 5w1d, GigabitEthernet1/0/1
D EX     10.74.250.0/29 
           [170/25628416] via 10.98.242.13, 5w1d, GigabitEthernet1/0/2
           [170/25628416] via 10.98.242.9, 5w1d, GigabitEthernet1/0/1
D EX     10.75.0.0/16 
           [170/25628416] via 10.98.242.13, 5w1d, GigabitEthernet1/0/2
           [170/25628416] via 10.98.242.9, 5w1d, GigabitEthernet1/0/1
D EX     10.75.240.1/32 
           [170/25628416] via 10.98.242.13, 5w1d, GigabitEthernet1/0/2
           [170/25628416] via 10.98.242.9, 5w1d, GigabitEthernet1/0/1
D EX     10.75.250.0/29 
           [170/25628416] via 10.98.242.13, 5w1d, GigabitEthernet1/0/2
           [170/25628416] via 10.98.242.9, 5w1d, GigabitEthernet1/0/1
D EX     10.76.0.0/16 
           [170/25628416] via 10.98.242.13, 00:13:17, GigabitEthernet1/0/2
           [170/25628416] via 10.98.242.9, 00:13:17, GigabitEthernet1/0/1
D EX     10.76.0.0/17 
           [170/25628416] via 10.98.242.13, 1w3d, GigabitEthernet1/0/2
           [170/25628416] via 10.98.242.9, 1w3d, GigabitEthernet1/0/1
D EX     10.76.128.0/17 
           [170/25628416] via 10.98.242.13, 1w3d, GigabitEthernet1/0/2
           [170/25628416] via 10.98.242.9, 1w3d, GigabitEthernet1/0/1
D EX     10.76.240.1/32 
           [170/25628416] via 10.98.242.13, 4w5d, GigabitEthernet1/0/2
           [170/25628416] via 10.98.242.9, 4w5d, GigabitEthernet1/0/1
D EX     10.76.250.0/29 
           [170/25628416] via 10.98.242.13, 5w1d, GigabitEthernet1/0/2
           [170/25628416] via 10.98.242.9, 5w1d, GigabitEthernet1/0/1
D EX     10.77.0.0/16 
           [170/25628416] via 10.98.242.13, 01:19:13, GigabitEthernet1/0/2
           [170/25628416] via 10.98.242.9, 01:19:13, GigabitEthernet1/0/1
D EX     10.77.0.0/17 
           [170/25628416] via 10.98.242.13, 5w1d, GigabitEthernet1/0/2
           [170/25628416] via 10.98.242.9, 5w1d, GigabitEthernet1/0/1
D EX     10.77.128.0/17 
           [170/25628416] via 10.98.242.13, 5w1d, GigabitEthernet1/0/2
           [170/25628416] via 10.98.242.9, 5w1d, GigabitEthernet1/0/1
D EX     10.77.250.0/30 
           [170/25628416] via 10.98.242.13, 5w1d, GigabitEthernet1/0/2
           [170/25628416] via 10.98.242.9, 5w1d, GigabitEthernet1/0/1
D EX     10.78.0.0/16 
           [170/25628416] via 10.98.242.13, 5w1d, GigabitEthernet1/0/2
           [170/25628416] via 10.98.242.9, 5w1d, GigabitEthernet1/0/1
D EX     10.78.240.1/32 
           [170/25628416] via 10.98.242.13, 5w1d, GigabitEthernet1/0/2
           [170/25628416] via 10.98.242.9, 5w1d, GigabitEthernet1/0/1
D EX     10.78.250.0/29 
           [170/25628416] via 10.98.242.13, 5w1d, GigabitEthernet1/0/2
           [170/25628416] via 10.98.242.9, 5w1d, GigabitEthernet1/0/1
D EX     10.79.0.0/16 
           [170/25628416] via 10.98.242.13, 1w2d, GigabitEthernet1/0/2
           [170/25628416] via 10.98.242.9, 1w2d, GigabitEthernet1/0/1
D EX     10.79.240.1/32 
           [170/25628416] via 10.98.242.13, 2w1d, GigabitEthernet1/0/2
           [170/25628416] via 10.98.242.9, 2w1d, GigabitEthernet1/0/1
D EX     10.79.250.0/30 
           [170/25628416] via 10.98.242.13, 2w1d, GigabitEthernet1/0/2
           [170/25628416] via 10.98.242.9, 2w1d, GigabitEthernet1/0/1
D EX     10.80.0.0/16 
           [170/25628416] via 10.98.242.13, 00:22:09, GigabitEthernet1/0/2
           [170/25628416] via 10.98.242.9, 00:22:09, GigabitEthernet1/0/1
D EX     10.80.0.0/17 
           [170/25628416] via 10.98.242.13, 5w1d, GigabitEthernet1/0/2
           [170/25628416] via 10.98.242.9, 5w1d, GigabitEthernet1/0/1
D EX     10.80.128.0/17 
           [170/25628416] via 10.98.242.13, 5w1d, GigabitEthernet1/0/2
           [170/25628416] via 10.98.242.9, 5w1d, GigabitEthernet1/0/1
D EX     10.80.240.1/32 
           [170/25628416] via 10.98.242.13, 5w1d, GigabitEthernet1/0/2
           [170/25628416] via 10.98.242.9, 5w1d, GigabitEthernet1/0/1
D EX     10.80.250.0/30 
           [170/25628416] via 10.98.242.13, 5w1d, GigabitEthernet1/0/2
           [170/25628416] via 10.98.242.9, 5w1d, GigabitEthernet1/0/1
D EX     10.81.0.0/16 
           [170/25628416] via 10.98.242.13, 00:51:59, GigabitEthernet1/0/2
           [170/25628416] via 10.98.242.9, 00:51:59, GigabitEthernet1/0/1
D EX     10.81.0.0/17 
           [170/25628416] via 10.98.242.13, 5w1d, GigabitEthernet1/0/2
           [170/25628416] via 10.98.242.9, 5w1d, GigabitEthernet1/0/1
D EX     10.81.128.0/17 
           [170/25628416] via 10.98.242.13, 5w1d, GigabitEthernet1/0/2
           [170/25628416] via 10.98.242.9, 5w1d, GigabitEthernet1/0/1
D EX     10.81.240.1/32 
           [170/25628416] via 10.98.242.13, 5w1d, GigabitEthernet1/0/2
           [170/25628416] via 10.98.242.9, 5w1d, GigabitEthernet1/0/1
D EX     10.81.250.0/30 
           [170/25628416] via 10.98.242.13, 5w1d, GigabitEthernet1/0/2
           [170/25628416] via 10.98.242.9, 5w1d, GigabitEthernet1/0/1
D EX     10.84.0.0/16 
           [170/25628416] via 10.98.242.13, 1d14h, GigabitEthernet1/0/2
           [170/25628416] via 10.98.242.9, 1d14h, GigabitEthernet1/0/1
D EX     10.84.0.0/17 
           [170/25628416] via 10.98.242.13, 1d14h, GigabitEthernet1/0/2
           [170/25628416] via 10.98.242.9, 1d14h, GigabitEthernet1/0/1
D EX     10.84.128.0/17 
           [170/25628416] via 10.98.242.13, 1d14h, GigabitEthernet1/0/2
           [170/25628416] via 10.98.242.9, 1d14h, GigabitEthernet1/0/1
D EX     10.84.240.1/32 
           [170/25628416] via 10.98.242.13, 1d14h, GigabitEthernet1/0/2
           [170/25628416] via 10.98.242.9, 1d14h, GigabitEthernet1/0/1
D EX     10.84.250.0/30 
           [170/25628416] via 10.98.242.13, 3w1d, GigabitEthernet1/0/2
           [170/25628416] via 10.98.242.9, 3w1d, GigabitEthernet1/0/1
D EX     10.85.0.0/16 
           [170/25628416] via 10.98.242.13, 00:19:44, GigabitEthernet1/0/2
           [170/25628416] via 10.98.242.9, 00:19:44, GigabitEthernet1/0/1
D EX     10.85.0.0/17 
           [170/25628416] via 10.98.242.13, 2w3d, GigabitEthernet1/0/2
           [170/25628416] via 10.98.242.9, 2w3d, GigabitEthernet1/0/1
D EX     10.85.128.0/17 
           [170/25628416] via 10.98.242.13, 2w3d, GigabitEthernet1/0/2
           [170/25628416] via 10.98.242.9, 2w3d, GigabitEthernet1/0/1
D EX     10.85.240.1/32 
           [170/25628416] via 10.98.242.13, 2w3d, GigabitEthernet1/0/2
           [170/25628416] via 10.98.242.9, 2w3d, GigabitEthernet1/0/1
D EX     10.85.250.0/30 
           [170/25628416] via 10.98.242.13, 2w3d, GigabitEthernet1/0/2
           [170/25628416] via 10.98.242.9, 2w3d, GigabitEthernet1/0/1
D EX     10.86.0.0/16 
           [170/25628416] via 10.98.242.13, 5w1d, GigabitEthernet1/0/2
           [170/25628416] via 10.98.242.9, 5w1d, GigabitEthernet1/0/1
D EX     10.86.64.16/30 
           [170/25628416] via 10.98.242.13, 5w1d, GigabitEthernet1/0/2
           [170/25628416] via 10.98.242.9, 5w1d, GigabitEthernet1/0/1
D EX     10.86.64.20/30 
           [170/25628416] via 10.98.242.13, 5w1d, GigabitEthernet1/0/2
           [170/25628416] via 10.98.242.9, 5w1d, GigabitEthernet1/0/1
D EX     10.86.65.16/30 
           [170/25628416] via 10.98.242.13, 5w1d, GigabitEthernet1/0/2
           [170/25628416] via 10.98.242.9, 5w1d, GigabitEthernet1/0/1
D EX     10.86.65.20/30 
           [170/25628416] via 10.98.242.13, 5w1d, GigabitEthernet1/0/2
           [170/25628416] via 10.98.242.9, 5w1d, GigabitEthernet1/0/1
D EX     10.86.240.1/32 
           [170/25628416] via 10.98.242.13, 5w1d, GigabitEthernet1/0/2
           [170/25628416] via 10.98.242.9, 5w1d, GigabitEthernet1/0/1
D EX     10.87.0.0/16 
           [170/25628416] via 10.98.242.13, 00:25:39, GigabitEthernet1/0/2
           [170/25628416] via 10.98.242.9, 00:25:39, GigabitEthernet1/0/1
D EX     10.87.0.0/17 
           [170/25628416] via 10.98.242.13, 5w1d, GigabitEthernet1/0/2
           [170/25628416] via 10.98.242.9, 5w1d, GigabitEthernet1/0/1
D EX     10.87.128.0/17 
           [170/25628416] via 10.98.242.13, 5w1d, GigabitEthernet1/0/2
           [170/25628416] via 10.98.242.9, 5w1d, GigabitEthernet1/0/1
D EX     10.87.240.1/32 
           [170/25628416] via 10.98.242.13, 5w1d, GigabitEthernet1/0/2
           [170/25628416] via 10.98.242.9, 5w1d, GigabitEthernet1/0/1
D EX     10.87.250.0/30 
           [170/25628416] via 10.98.242.13, 5w1d, GigabitEthernet1/0/2
           [170/25628416] via 10.98.242.9, 5w1d, GigabitEthernet1/0/1
D EX     10.88.0.0/16 
           [170/25628416] via 10.98.242.13, 21:19:20, GigabitEthernet1/0/2
           [170/25628416] via 10.98.242.9, 21:19:20, GigabitEthernet1/0/1
D EX     10.88.0.0/17 
           [170/25628416] via 10.98.242.13, 5w1d, GigabitEthernet1/0/2
           [170/25628416] via 10.98.242.9, 5w1d, GigabitEthernet1/0/1
D EX     10.88.128.0/17 
           [170/25628416] via 10.98.242.13, 5w1d, GigabitEthernet1/0/2
           [170/25628416] via 10.98.242.9, 5w1d, GigabitEthernet1/0/1
D EX     10.88.240.1/32 
           [170/25628416] via 10.98.242.13, 5w1d, GigabitEthernet1/0/2
           [170/25628416] via 10.98.242.9, 5w1d, GigabitEthernet1/0/1
D EX     10.88.250.0/30 
           [170/25628416] via 10.98.242.13, 5w1d, GigabitEthernet1/0/2
           [170/25628416] via 10.98.242.9, 5w1d, GigabitEthernet1/0/1
D EX     10.89.0.0/16 
           [170/25628416] via 10.98.242.13, 00:22:44, GigabitEthernet1/0/2
           [170/25628416] via 10.98.242.9, 00:22:44, GigabitEthernet1/0/1
D EX     10.89.0.0/17 
           [170/25628416] via 10.98.242.13, 5w1d, GigabitEthernet1/0/2
           [170/25628416] via 10.98.242.9, 5w1d, GigabitEthernet1/0/1
D EX     10.89.128.0/17 
           [170/25628416] via 10.98.242.13, 5w1d, GigabitEthernet1/0/2
           [170/25628416] via 10.98.242.9, 5w1d, GigabitEthernet1/0/1
D EX     10.89.240.1/32 
           [170/25628416] via 10.98.242.13, 5w1d, GigabitEthernet1/0/2
           [170/25628416] via 10.98.242.9, 5w1d, GigabitEthernet1/0/1
D EX     10.89.250.0/30 
           [170/25628416] via 10.98.242.13, 5w1d, GigabitEthernet1/0/2
           [170/25628416] via 10.98.242.9, 5w1d, GigabitEthernet1/0/1
D EX     10.90.0.0/16 
           [170/25628416] via 10.98.242.13, 00:21:24, GigabitEthernet1/0/2
           [170/25628416] via 10.98.242.9, 00:21:24, GigabitEthernet1/0/1
D EX     10.90.0.0/17 
           [170/25628416] via 10.98.242.13, 2w3d, GigabitEthernet1/0/2
           [170/25628416] via 10.98.242.9, 2w3d, GigabitEthernet1/0/1
D EX     10.90.128.0/17 
           [170/25628416] via 10.98.242.13, 2w3d, GigabitEthernet1/0/2
           [170/25628416] via 10.98.242.9, 2w3d, GigabitEthernet1/0/1
D EX     10.90.240.1/32 
           [170/25628416] via 10.98.242.13, 2w3d, GigabitEthernet1/0/2
           [170/25628416] via 10.98.242.9, 2w3d, GigabitEthernet1/0/1
D EX     10.90.250.0/30 
           [170/25628416] via 10.98.242.13, 2w3d, GigabitEthernet1/0/2
           [170/25628416] via 10.98.242.9, 2w3d, GigabitEthernet1/0/1
D EX     10.91.0.0/16 
           [170/25628416] via 10.98.242.13, 2w3d, GigabitEthernet1/0/2
           [170/25628416] via 10.98.242.9, 2w3d, GigabitEthernet1/0/1
D EX     10.91.240.1/32 
           [170/25628416] via 10.98.242.13, 2w3d, GigabitEthernet1/0/2
           [170/25628416] via 10.98.242.9, 2w3d, GigabitEthernet1/0/1
D EX     10.91.250.0/30 
           [170/25628416] via 10.98.242.13, 2w3d, GigabitEthernet1/0/2
           [170/25628416] via 10.98.242.9, 2w3d, GigabitEthernet1/0/1
D EX     10.92.0.0/17 
           [170/25628416] via 10.98.242.13, 1w3d, GigabitEthernet1/0/2
           [170/25628416] via 10.98.242.9, 1w3d, GigabitEthernet1/0/1
D EX     10.92.128.0/17 
           [170/25628416] via 10.98.242.13, 5w1d, GigabitEthernet1/0/2
           [170/25628416] via 10.98.242.9, 5w1d, GigabitEthernet1/0/1
D EX     10.92.240.1/32 
           [170/25628416] via 10.98.242.13, 5w1d, GigabitEthernet1/0/2
           [170/25628416] via 10.98.242.9, 5w1d, GigabitEthernet1/0/1
D EX     10.92.250.0/30 
           [170/25628416] via 10.98.242.13, 5w1d, GigabitEthernet1/0/2
           [170/25628416] via 10.98.242.9, 5w1d, GigabitEthernet1/0/1
D EX     10.93.0.0/17 
           [170/25628416] via 10.98.242.13, 5w1d, GigabitEthernet1/0/2
           [170/25628416] via 10.98.242.9, 5w1d, GigabitEthernet1/0/1
D EX     10.93.128.0/17 
           [170/25628416] via 10.98.242.13, 5w1d, GigabitEthernet1/0/2
           [170/25628416] via 10.98.242.9, 5w1d, GigabitEthernet1/0/1
D EX     10.93.240.1/32 
           [170/25628416] via 10.98.242.13, 5w1d, GigabitEthernet1/0/2
           [170/25628416] via 10.98.242.9, 5w1d, GigabitEthernet1/0/1
D EX     10.93.250.0/30 
           [170/25628416] via 10.98.242.13, 5w1d, GigabitEthernet1/0/2
           [170/25628416] via 10.98.242.9, 5w1d, GigabitEthernet1/0/1
D EX     10.97.0.0/16 
           [170/25628416] via 10.98.242.13, 2w4d, GigabitEthernet1/0/2
           [170/25628416] via 10.98.242.9, 2w4d, GigabitEthernet1/0/1
D EX     10.97.250.0/29 
           [170/25628416] via 10.98.242.13, 2w4d, GigabitEthernet1/0/2
           [170/25628416] via 10.98.242.9, 2w4d, GigabitEthernet1/0/1
D EX     10.98.0.0/16 
           [170/25628416] via 10.98.242.13, 00:51:19, GigabitEthernet1/0/2
           [170/25628416] via 10.98.242.9, 00:51:19, GigabitEthernet1/0/1
D        10.98.64.0/24 [90/3072] via 10.98.242.13, 5w1d, GigabitEthernet1/0/2
                       [90/3072] via 10.98.242.9, 5w1d, GigabitEthernet1/0/1
C        10.98.65.0/24 is directly connected, Vlan401
L        10.98.65.1/32 is directly connected, Vlan401
D        10.98.96.0/24 [90/3072] via 10.98.242.13, 5w1d, GigabitEthernet1/0/2
                       [90/3072] via 10.98.242.9, 5w1d, GigabitEthernet1/0/1
D        10.98.128.0/24 [90/3072] via 10.98.242.13, 5w1d, GigabitEthernet1/0/2
                        [90/3072] via 10.98.242.9, 5w1d, GigabitEthernet1/0/1
C        10.98.129.0/24 is directly connected, Vlan501
L        10.98.129.1/32 is directly connected, Vlan501
D        10.98.224.0/24 [90/3072] via 10.98.242.13, 5w1d, GigabitEthernet1/0/2
                        [90/3072] via 10.98.242.9, 5w1d, GigabitEthernet1/0/1
D        10.98.240.1/32 
           [90/156416] via 10.98.242.13, 5w1d, GigabitEthernet1/0/2
           [90/156416] via 10.98.242.9, 5w1d, GigabitEthernet1/0/1
D        10.98.240.5/32 
           [90/130816] via 10.98.242.13, 5w1d, GigabitEthernet1/0/2
           [90/130816] via 10.98.242.9, 5w1d, GigabitEthernet1/0/1
C        10.98.240.6/32 is directly connected, Loopback1
D        10.98.240.24/32 
           [90/130816] via 10.98.242.13, 5w1d, GigabitEthernet1/0/2
           [90/130816] via 10.98.242.9, 5w1d, GigabitEthernet1/0/1
D        10.98.241.0/29 [90/3072] via 10.98.242.13, 5w1d, GigabitEthernet1/0/2
                        [90/3072] via 10.98.242.9, 5w1d, GigabitEthernet1/0/1
D        10.98.242.0/29 
           [90/28416] via 10.98.242.13, 5w1d, GigabitEthernet1/0/2
           [90/28416] via 10.98.242.9, 5w1d, GigabitEthernet1/0/1
C        10.98.242.8/30 is directly connected, GigabitEthernet1/0/1
L        10.98.242.10/32 is directly connected, GigabitEthernet1/0/1
C        10.98.242.12/30 is directly connected, GigabitEthernet1/0/2
L        10.98.242.14/32 is directly connected, GigabitEthernet1/0/2
D        10.98.246.0/27 [90/3072] via 10.98.242.13, 5w1d, GigabitEthernet1/0/2
                        [90/3072] via 10.98.242.9, 5w1d, GigabitEthernet1/0/1
D        10.98.250.0/29 
           [90/1285376] via 10.98.242.13, 5w1d, GigabitEthernet1/0/2
           [90/1285376] via 10.98.242.9, 5w1d, GigabitEthernet1/0/1
D        10.98.254.0/24 [90/3072] via 10.98.242.13, 5w1d, GigabitEthernet1/0/2
                        [90/3072] via 10.98.242.9, 5w1d, GigabitEthernet1/0/1
D EX     10.107.250.0/29 
           [170/25628416] via 10.98.242.13, 5w1d, GigabitEthernet1/0/2
           [170/25628416] via 10.98.242.9, 5w1d, GigabitEthernet1/0/1
D EX     10.110.0.0/16 
           [170/25628416] via 10.98.242.13, 3w4d, GigabitEthernet1/0/2
           [170/25628416] via 10.98.242.9, 3w4d, GigabitEthernet1/0/1
D EX     10.110.240.1/32 
           [170/25628416] via 10.98.242.13, 3w4d, GigabitEthernet1/0/2
           [170/25628416] via 10.98.242.9, 3w4d, GigabitEthernet1/0/1
D EX     10.110.250.0/29 
           [170/25628416] via 10.98.242.13, 5w1d, GigabitEthernet1/0/2
           [170/25628416] via 10.98.242.9, 5w1d, GigabitEthernet1/0/1
D EX     10.248.250.0/25 
           [170/25628416] via 10.98.242.13, 5w1d, GigabitEthernet1/0/2
           [170/25628416] via 10.98.242.9, 5w1d, GigabitEthernet1/0/1
D        10.248.250.22/32 
           [90/566016] via 10.98.242.13, 00:21:01, GigabitEthernet1/0/2
           [90/566016] via 10.98.242.9, 00:21:01, GigabitEthernet1/0/1
D EX     10.248.250.128/25 
           [170/25628416] via 10.98.242.13, 5w1d, GigabitEthernet1/0/2
           [170/25628416] via 10.98.242.9, 5w1d, GigabitEthernet1/0/1
D EX     10.252.252.0/24 
           [170/25628416] via 10.98.242.13, 2w5d, GigabitEthernet1/0/2
           [170/25628416] via 10.98.242.9, 2w5d, GigabitEthernet1/0/1
      30.0.0.0/29 is subnetted, 1 subnets
D EX     30.20.57.120 
           [170/25628416] via 10.98.242.13, 5w1d, GigabitEthernet1/0/2
           [170/25628416] via 10.98.242.9, 5w1d, GigabitEthernet1/0/1
      144.140.0.0/16 is variably subnetted, 14 subnets, 3 masks
D EX     144.140.162.40/29 
           [170/25628416] via 10.98.242.13, 5w1d, GigabitEthernet1/0/2
           [170/25628416] via 10.98.242.9, 5w1d, GigabitEthernet1/0/1
D EX     144.140.162.48/28 
           [170/25628416] via 10.98.242.13, 5w1d, GigabitEthernet1/0/2
           [170/25628416] via 10.98.242.9, 5w1d, GigabitEthernet1/0/1
D EX     144.140.162.80/28 
           [170/25628416] via 10.98.242.13, 5w1d, GigabitEthernet1/0/2
           [170/25628416] via 10.98.242.9, 5w1d, GigabitEthernet1/0/1
D EX     144.140.181.80/28 
           [170/25628416] via 10.98.242.13, 5w1d, GigabitEthernet1/0/2
           [170/25628416] via 10.98.242.9, 5w1d, GigabitEthernet1/0/1
D EX     144.140.201.1/32 
           [170/25628416] via 10.98.242.13, 2w3d, GigabitEthernet1/0/2
           [170/25628416] via 10.98.242.9, 2w3d, GigabitEthernet1/0/1
D EX     144.140.201.2/32 
           [170/25628416] via 10.98.242.13, 2w3d, GigabitEthernet1/0/2
           [170/25628416] via 10.98.242.9, 2w3d, GigabitEthernet1/0/1
D EX     144.140.201.3/32 
           [170/25628416] via 10.98.242.13, 2w3d, GigabitEthernet1/0/2
           [170/25628416] via 10.98.242.9, 2w3d, GigabitEthernet1/0/1
D EX     144.140.201.16/28 
           [170/25628416] via 10.98.242.13, 2w3d, GigabitEthernet1/0/2
           [170/25628416] via 10.98.242.9, 2w3d, GigabitEthernet1/0/1
D EX     144.140.208.16/29 
           [170/25628416] via 10.98.242.13, 5w1d, GigabitEthernet1/0/2
           [170/25628416] via 10.98.242.9, 5w1d, GigabitEthernet1/0/1
D EX     144.140.208.32/28 
           [170/25628416] via 10.98.242.13, 5w1d, GigabitEthernet1/0/2
           [170/25628416] via 10.98.242.9, 5w1d, GigabitEthernet1/0/1
D EX     144.140.208.80/28 
           [170/25628416] via 10.98.242.13, 5w1d, GigabitEthernet1/0/2
           [170/25628416] via 10.98.242.9, 5w1d, GigabitEthernet1/0/1
D EX     144.140.218.96/28 
           [170/25628416] via 10.98.242.13, 5w1d, GigabitEthernet1/0/2
           [170/25628416] via 10.98.242.9, 5w1d, GigabitEthernet1/0/1
D EX     144.140.222.32/28 
           [170/25628416] via 10.98.242.13, 5w1d, GigabitEthernet1/0/2
           [170/25628416] via 10.98.242.9, 5w1d, GigabitEthernet1/0/1
D EX     144.140.224.32/28 
           [170/25628416] via 10.98.242.13, 5w1d, GigabitEthernet1/0/2
           [170/25628416] via 10.98.242.9, 5w1d, GigabitEthernet1/0/1
      146.195.0.0/16 is variably subnetted, 6 subnets, 4 masks
D EX     146.195.21.0/29 
           [170/25628416] via 10.98.242.13, 2w5d, GigabitEthernet1/0/2
           [170/25628416] via 10.98.242.9, 2w5d, GigabitEthernet1/0/1
D EX     146.195.30.0/24 
           [170/25628416] via 10.98.242.13, 2w5d, GigabitEthernet1/0/2
           [170/25628416] via 10.98.242.9, 2w5d, GigabitEthernet1/0/1
D EX     146.195.31.0/24 
           [170/25628416] via 10.98.242.13, 2w5d, GigabitEthernet1/0/2
           [170/25628416] via 10.98.242.9, 2w5d, GigabitEthernet1/0/1
D EX     146.195.39.0/24 
           [170/25628416] via 10.98.242.13, 2w5d, GigabitEthernet1/0/2
           [170/25628416] via 10.98.242.9, 2w5d, GigabitEthernet1/0/1
D EX     146.195.180.0/22 
           [170/25628416] via 10.98.242.13, 2w5d, GigabitEthernet1/0/2
           [170/25628416] via 10.98.242.9, 2w5d, GigabitEthernet1/0/1
D EX     146.195.255.20/32 
           [170/2588416] via 10.98.242.13, 5w1d, GigabitEthernet1/0/2
           [170/2588416] via 10.98.242.9, 5w1d, GigabitEthernet1/0/1
      172.16.0.0/24 is subnetted, 1 subnets
D EX     172.16.65.0 
           [170/25628416] via 10.98.242.13, 2w5d, GigabitEthernet1/0/2
           [170/25628416] via 10.98.242.9, 2w5d, GigabitEthernet1/0/1
      172.17.0.0/24 is subnetted, 1 subnets
D EX     172.17.65.0 
           [170/25628416] via 10.98.242.13, 2w5d, GigabitEthernet1/0/2
           [170/25628416] via 10.98.242.9, 2w5d, GigabitEthernet1/0/1
      172.24.0.0/16 is variably subnetted, 6 subnets, 3 masks
D EX     172.24.96.0/21 
           [170/25628416] via 10.98.242.13, 2w5d, GigabitEthernet1/0/2
           [170/25628416] via 10.98.242.9, 2w5d, GigabitEthernet1/0/1
D EX     172.24.108.0/24 
           [170/25628416] via 10.98.242.13, 2w5d, GigabitEthernet1/0/2
           [170/25628416] via 10.98.242.9, 2w5d, GigabitEthernet1/0/1
D EX     172.24.109.0/24 
           [170/25628416] via 10.98.242.13, 2w5d, GigabitEthernet1/0/2
           [170/25628416] via 10.98.242.9, 2w5d, GigabitEthernet1/0/1
D EX     172.24.112.0/22 
           [170/25628416] via 10.98.242.13, 2w5d, GigabitEthernet1/0/2
           [170/25628416] via 10.98.242.9, 2w5d, GigabitEthernet1/0/1
D EX     172.24.120.0/24 
           [170/25628416] via 10.98.242.13, 2w5d, GigabitEthernet1/0/2
           [170/25628416] via 10.98.242.9, 2w5d, GigabitEthernet1/0/1
D EX     172.24.192.0/24 
           [170/25628416] via 10.98.242.13, 2w5d, GigabitEthernet1/0/2
           [170/25628416] via 10.98.242.9, 2w5d, GigabitEthernet1/0/1
      172.25.0.0/16 is variably subnetted, 2 subnets, 2 masks
D EX     172.25.104.0/24 
           [170/25628416] via 10.98.242.13, 2w5d, GigabitEthernet1/0/2
           [170/25628416] via 10.98.242.9, 2w5d, GigabitEthernet1/0/1
D EX     172.25.105.0/26 
           [170/25628416] via 10.98.242.13, 2w5d, GigabitEthernet1/0/2
           [170/25628416] via 10.98.242.9, 2w5d, GigabitEthernet1/0/1
      172.27.0.0/26 is subnetted, 1 subnets
D EX     172.27.0.0 
           [170/25628416] via 10.98.242.13, 2w5d, GigabitEthernet1/0/2
           [170/25628416] via 10.98.242.9, 2w5d, GigabitEthernet1/0/1
      172.28.0.0/26 is subnetted, 1 subnets
D EX     172.28.8.64 
           [170/25628416] via 10.98.242.13, 2w5d, GigabitEthernet1/0/2
           [170/25628416] via 10.98.242.9, 2w5d, GigabitEthernet1/0/1
      172.29.0.0/24 is subnetted, 1 subnets
D EX     172.29.1.0 
           [170/25628416] via 10.98.242.13, 5w1d, GigabitEthernet1/0/2
           [170/25628416] via 10.98.242.9, 5w1d, GigabitEthernet1/0/1
      203.41.188.0/28 is subnetted, 1 subnets
D EX     203.41.188.96 
           [170/25628416] via 10.98.242.13, 5w1d, GigabitEthernet1/0/2
           [170/25628416] via 10.98.242.9, 5w1d, GigabitEthernet1/0/1
      203.42.70.0/28 is subnetted, 1 subnets
D EX     203.42.70.224 
           [170/25628416] via 10.98.242.13, 5w1d, GigabitEthernet1/0/2
           [170/25628416] via 10.98.242.9, 5w1d, GigabitEthernet1/0/1
      203.52.0.0/24 is variably subnetted, 2 subnets, 2 masks
D EX     203.52.0.0/24 
           [170/25628416] via 10.98.242.13, 5w1d, GigabitEthernet1/0/2
           [170/25628416] via 10.98.242.9, 5w1d, GigabitEthernet1/0/1
D EX     203.52.0.192/27 
           [170/25628416] via 10.98.242.13, 5w1d, GigabitEthernet1/0/2
           [170/25628416] via 10.98.242.9, 5w1d, GigabitEthernet1/0/1
      203.52.1.0/24 is variably subnetted, 2 subnets, 2 masks
D EX     203.52.1.0/24 
           [170/25628416] via 10.98.242.13, 5w1d, GigabitEthernet1/0/2
           [170/25628416] via 10.98.242.9, 5w1d, GigabitEthernet1/0/1
D EX     203.52.1.192/27 
           [170/25628416] via 10.98.242.13, 5w1d, GigabitEthernet1/0/2
           [170/25628416] via 10.98.242.9, 5w1d, GigabitEthernet1/0/1
      203.52.2.0/28 is subnetted, 1 subnets
D EX     203.52.2.160 
           [170/25628416] via 10.98.242.13, 5w1d, GigabitEthernet1/0/2
           [170/25628416] via 10.98.242.9, 5w1d, GigabitEthernet1/0/1
colli-02-sw1#Show inv
NAME: "1", DESCR: "WS-C3750V2-24PS"
PID: WS-C3750V2-24PS-S , VID: V08  , SN: FDO1629X1WV

NAME: "GigabitEthernet1/0/1", DESCR: "1000BaseSX SFP"
PID: GLC-SX-MMD          , VID: V01  , SN: FNS171705KT     

NAME: "GigabitEthernet1/0/2", DESCR: "1000BaseSX SFP"
PID: Unspecified       , VID:      , SN: AGS100353TL     


colli-02-sw1#
colli-02-sw1#exit
