=~=~=~=~=~=~=~=~=~=~=~= PuTTY log 2017.12.22 11:10:15 =~=~=~=~=~=~=~=~=~=~=~=
login as: n039941
CC
 ********************************************************************
 * [WARNING]                                                        *
 *                                                                  *
 * This system belongs to a private organisation. If you are not    *
 * authorised to access this system, exit immediately.              *
 * Unauthorised access to this system is forbidden by company       *
 * policies, national, and international laws.                      *
 * Unauthorised users are subject to criminal and civil penalties   *
 * as well as company initiated disciplinary proceedings.           *
 * By entry into this system you acknowledge that you are           *
 * authorised access and the level of privilege you subsequently    *
 * execute on this system. You further acknowledge that by entry    *
 * into this system you expect no privacy from monitoring.          *
 *                                                                  *
 *        ALL ACCESS TO THIS SYSTEM IS MONITORED AND LOGGED         *
 *                                                                  *
 ********************************************************************
CC
 ********************************************************************
 *             Please enter your username and password.             *
 ********************************************************************
Using keyboard-interactive authentication.
Password: 
CC
 ********************************************************************
 * You are now logged into: WP                                      *
 * All activity is being logged for review by System Administrators *
 ********************************************************************

COLLI-01-SW1>en
Password: 
COLLI-01-SW1#term len 0
COLLI-01-SW1#Show cdp nei
Capability Codes: R - Router, T - Trans Bridge, B - Source Route Bridge
                  S - Switch, H - Host, I - IGMP, r - Repeater, P - Phone, 
                  D - Remote, C - CVTA, M - Two-port Mac Relay 

Device ID        Local Intrfce     Holdtme    Capability  Platform  Port ID
SEPF41FC2665503  Fas 1/0/1         153             H P M  IP Phone  Port 1
SEP0C2724310464  Fas 1/0/10        143             H P M  IP Phone  Port 1
SEPF41FC2665489  Fas 1/0/4         127             H P M  IP Phone  Port 1
COLLI-01-R1.ads.westernpower.com.au
                 Fas 1/0/23        167             R S I  ISR4331/K Gig 0/0/0
colli-02-sw1.ads.westernpower.com.au
                 Gig 1/0/2         137             R S I  WS-C3750V Gig 1/0/2
colli-02-sw1.ads.westernpower.com.au
                 Gig 1/0/1         137             R S I  WS-C3750V Gig 1/0/1
SEPF41FC266559B  Fas 1/0/3         124             H P M  IP Phone  Port 1
SEPF41FC266559A  Fas 1/0/8         144             H P M  IP Phone  Port 1
colli-01-ap1.ads.westernpower.com.au
                 Fas 1/0/22        164             T B I  AIR-CAP35 Gig 0
COLLI-01-SW1#Show int status

Port      Name               Status       Vlan       Duplex  Speed Type
Fa1/0/1                      connected    401        a-full  a-100 10/100BaseTX
Fa1/0/2                      notconnect   401          auto   auto 10/100BaseTX
Fa1/0/3                      connected    401        a-full  a-100 10/100BaseTX
Fa1/0/4                      connected    401        a-full  a-100 10/100BaseTX
Fa1/0/5                      notconnect   401          auto   auto 10/100BaseTX
Fa1/0/6                      notconnect   401          auto   auto 10/100BaseTX
Fa1/0/7                      connected    401        a-full  a-100 10/100BaseTX
Fa1/0/8                      connected    401        a-full  a-100 10/100BaseTX
Fa1/0/9                      connected    401        a-full  a-100 10/100BaseTX
Fa1/0/10                     connected    401        a-full  a-100 10/100BaseTX
Fa1/0/11                     notconnect   401          auto   auto 10/100BaseTX
Fa1/0/12                     notconnect   401          auto   auto 10/100BaseTX
Fa1/0/13                     notconnect   401          auto   auto 10/100BaseTX
Fa1/0/14                     notconnect   401          auto   auto 10/100BaseTX
Fa1/0/15                     notconnect   401          auto   auto 10/100BaseTX
Fa1/0/16                     notconnect   401          auto   auto 10/100BaseTX
Fa1/0/17                     notconnect   401          auto   auto 10/100BaseTX
Fa1/0/18                     notconnect   401          auto   auto 10/100BaseTX
Fa1/0/19                     connected    901        a-full  a-100 10/100BaseTX
Fa1/0/20  CSC PC             notconnect   401          auto   auto 10/100BaseTX
Fa1/0/21  STEELHEAD_PRIMARY  connected    399        a-full  a-100 10/100BaseTX
Fa1/0/22  colli-01-AP1       connected    trunk      a-full  a-100 10/100BaseTX
Fa1/0/23  colli-01-r1 SH_LAN connected    routed     a-full  a-100 10/100BaseTX
Fa1/0/24  cardex             connected    480        a-full  a-100 10/100BaseTX
Gi1/0/1                      connected    routed     a-full a-1000 1000BaseSX SFP
Gi1/0/2                      connected    routed     a-full a-1000 1000BaseSX SFP
COLLI-01-SW1#Show ip arp
Protocol  Address          Age (min)  Hardware Addr   Type   Interface
Internet  10.98.64.1              -   0c27.24b0.c2c5  ARPA   Vlan401
Internet  10.98.64.9              0   Incomplete      ARPA   
Internet  10.98.64.11            14   c033.5eca.7893  ARPA   Vlan401
Internet  10.98.64.17            75   0800.37b1.97b6  ARPA   Vlan401
Internet  10.98.64.21             2   70f3.9505.9f18  ARPA   Vlan401
Internet  10.98.64.22             0   c033.5eca.98c3  ARPA   Vlan401
Internet  10.98.64.28             4   90ac.3f00.236f  ARPA   Vlan401
Internet  10.98.64.138            5   6c0b.8424.281c  ARPA   Vlan401
Internet  10.98.96.1              -   0c27.24b0.c2c9  ARPA   Vlan801
Internet  10.98.128.1             -   0c27.24b0.c2c7  ARPA   Vlan501
Internet  10.98.128.11            8   f41f.c266.559a  ARPA   Vlan501
Internet  10.98.128.14            8   f41f.c266.5503  ARPA   Vlan501
Internet  10.98.128.15            9   0c27.2431.0464  ARPA   Vlan501
Internet  10.98.128.16            9   f41f.c266.5489  ARPA   Vlan501
Internet  10.98.128.17            9   f41f.c266.559b  ARPA   Vlan501
Internet  10.98.224.1             -   0c27.24b0.c2c6  ARPA   Vlan480
Internet  10.98.224.10            0   001c.7f22.2372  ARPA   Vlan480
Internet  10.98.241.1             -   0c27.24b0.c2c4  ARPA   Vlan399
Internet  10.98.241.5            15   000e.b65d.e248  ARPA   Vlan399
Internet  10.98.242.1           143   00f8.2cee.7590  ARPA   FastEthernet1/0/23
Internet  10.98.242.2             -   0c27.24b0.c2c1  ARPA   FastEthernet1/0/23
Internet  10.98.242.9             -   0c27.24b0.c2c2  ARPA   GigabitEthernet1/0/1
Internet  10.98.242.10           20   34bd.c883.03c1  ARPA   GigabitEthernet1/0/1
Internet  10.98.242.13            -   0c27.24b0.c2c3  ARPA   GigabitEthernet1/0/2
Internet  10.98.242.14          232   34bd.c883.03c2  ARPA   GigabitEthernet1/0/2
Internet  10.98.246.1             -   0c27.24b0.c2c8  ARPA   Vlan800
Internet  10.98.246.3             0   0007.7d80.70a7  ARPA   Vlan800
Internet  10.98.254.1             -   0c27.24b0.c2ca  ARPA   Vlan901
Internet  10.98.254.4            69   0020.85f5.f62e  ARPA   Vlan901
COLLI-01-SW1#Show mac add
          Mac Address Table
-------------------------------------------

Vlan    Mac Address       Type        Ports
----    -----------       --------    -----
 All    0100.0ccc.cccc    STATIC      CPU
 All    0100.0ccc.cccd    STATIC      CPU
 All    0180.c200.0000    STATIC      CPU
 All    0180.c200.0001    STATIC      CPU
 All    0180.c200.0002    STATIC      CPU
 All    0180.c200.0003    STATIC      CPU
 All    0180.c200.0004    STATIC      CPU
 All    0180.c200.0005    STATIC      CPU
 All    0180.c200.0006    STATIC      CPU
 All    0180.c200.0007    STATIC      CPU
 All    0180.c200.0008    STATIC      CPU
 All    0180.c200.0009    STATIC      CPU
 All    0180.c200.000a    STATIC      CPU
 All    0180.c200.000b    STATIC      CPU
 All    0180.c200.000c    STATIC      CPU
 All    0180.c200.000d    STATIC      CPU
 All    0180.c200.000e    STATIC      CPU
 All    0180.c200.000f    STATIC      CPU
 All    0180.c200.0010    STATIC      CPU
 All    ffff.ffff.ffff    STATIC      CPU
 401    0800.37b1.97b6    DYNAMIC     Fa1/0/7
 401    0c27.2431.0464    DYNAMIC     Fa1/0/10
 401    6c0b.8424.281c    DYNAMIC     Fa1/0/3
 401    70f3.9505.9f18    DYNAMIC     Fa1/0/8
 401    90ac.3f00.236f    DYNAMIC     Fa1/0/9
 401    c033.5eca.98c3    DYNAMIC     Fa1/0/4
 401    f41f.c266.5489    DYNAMIC     Fa1/0/4
 401    f41f.c266.5503    DYNAMIC     Fa1/0/1
 401    f41f.c266.559a    DYNAMIC     Fa1/0/8
 401    f41f.c266.559b    DYNAMIC     Fa1/0/3
 501    0c27.2431.0464    DYNAMIC     Fa1/0/10
 501    f41f.c266.5489    DYNAMIC     Fa1/0/4
 501    f41f.c266.5503    DYNAMIC     Fa1/0/1
 501    f41f.c266.559a    DYNAMIC     Fa1/0/8
 501    f41f.c266.559b    DYNAMIC     Fa1/0/3
 480    001c.7f22.2372    DYNAMIC     Fa1/0/24
 901    0020.85f5.f62e    DYNAMIC     Fa1/0/19
 399    000e.b65d.e248    DYNAMIC     Fa1/0/21
 800    0007.7d80.70a7    DYNAMIC     Fa1/0/22
Total Mac Addresses for this criterion: 39
COLLI-01-SW1#Show int | inc (rops|otoc)
Vlan1 is up, line protocol is down 
  Input queue: 0/75/0/0 (size/max/drops/flushes); Total output drops: 0
     0 unknown protocol drops
Vlan399 is up, line protocol is up 
  Input queue: 0/75/0/0 (size/max/drops/flushes); Total output drops: 0
     0 unknown protocol drops
Vlan401 is up, line protocol is up 
  Input queue: 0/75/0/0 (size/max/drops/flushes); Total output drops: 0
     0 unknown protocol drops
Vlan480 is up, line protocol is up 
  Input queue: 0/75/0/0 (size/max/drops/flushes); Total output drops: 0
     0 unknown protocol drops
Vlan501 is up, line protocol is up 
  Input queue: 0/75/0/0 (size/max/drops/flushes); Total output drops: 0
     0 unknown protocol drops
Vlan800 is up, line protocol is up 
  Input queue: 0/75/0/0 (size/max/drops/flushes); Total output drops: 0
     0 unknown protocol drops
Vlan801 is up, line protocol is up 
  Input queue: 0/75/0/0 (size/max/drops/flushes); Total output drops: 0
     0 unknown protocol drops
Vlan901 is up, line protocol is up 
  Input queue: 0/75/0/0 (size/max/drops/flushes); Total output drops: 0
     0 unknown protocol drops
FastEthernet1/0/1 is up, line protocol is up (connected) 
  Input queue: 0/75/0/0 (size/max/drops/flushes); Total output drops: 0
     0 unknown protocol drops
FastEthernet1/0/2 is down, line protocol is down (notconnect) 
  Input queue: 0/75/0/0 (size/max/drops/flushes); Total output drops: 0
     0 unknown protocol drops
FastEthernet1/0/3 is up, line protocol is up (connected) 
  Input queue: 0/75/0/0 (size/max/drops/flushes); Total output drops: 0
     0 unknown protocol drops
FastEthernet1/0/4 is up, line protocol is up (connected) 
  Input queue: 0/75/0/0 (size/max/drops/flushes); Total output drops: 0
     0 unknown protocol drops
FastEthernet1/0/5 is down, line protocol is down (notconnect) 
  Input queue: 0/75/0/0 (size/max/drops/flushes); Total output drops: 0
     0 unknown protocol drops
FastEthernet1/0/6 is down, line protocol is down (notconnect) 
  Input queue: 0/75/0/0 (size/max/drops/flushes); Total output drops: 0
     0 unknown protocol drops
FastEthernet1/0/7 is up, line protocol is up (connected) 
  Input queue: 0/75/0/0 (size/max/drops/flushes); Total output drops: 0
     0 unknown protocol drops
FastEthernet1/0/8 is up, line protocol is up (connected) 
  Input queue: 0/75/0/0 (size/max/drops/flushes); Total output drops: 0
     0 unknown protocol drops
FastEthernet1/0/9 is up, line protocol is up (connected) 
  Input queue: 0/75/0/0 (size/max/drops/flushes); Total output drops: 0
     0 unknown protocol drops
FastEthernet1/0/10 is up, line protocol is up (connected) 
  Input queue: 0/75/0/0 (size/max/drops/flushes); Total output drops: 0
     0 unknown protocol drops
FastEthernet1/0/11 is down, line protocol is down (notconnect) 
  Input queue: 0/75/0/0 (size/max/drops/flushes); Total output drops: 0
     0 unknown protocol drops
FastEthernet1/0/12 is down, line protocol is down (notconnect) 
  Input queue: 0/75/0/0 (size/max/drops/flushes); Total output drops: 0
     0 unknown protocol drops
FastEthernet1/0/13 is down, line protocol is down (notconnect) 
  Input queue: 0/75/0/0 (size/max/drops/flushes); Total output drops: 0
     0 unknown protocol drops
FastEthernet1/0/14 is down, line protocol is down (notconnect) 
  Input queue: 0/75/0/0 (size/max/drops/flushes); Total output drops: 0
     0 unknown protocol drops
FastEthernet1/0/15 is down, line protocol is down (notconnect) 
  Input queue: 0/75/0/0 (size/max/drops/flushes); Total output drops: 0
     0 unknown protocol drops
FastEthernet1/0/16 is down, line protocol is down (notconnect) 
  Input queue: 0/75/0/0 (size/max/drops/flushes); Total output drops: 0
     0 unknown protocol drops
FastEthernet1/0/17 is down, line protocol is down (notconnect) 
  Input queue: 0/75/0/0 (size/max/drops/flushes); Total output drops: 0
     0 unknown protocol drops
FastEthernet1/0/18 is down, line protocol is down (notconnect) 
  Input queue: 0/75/0/0 (size/max/drops/flushes); Total output drops: 0
     0 unknown protocol drops
FastEthernet1/0/19 is up, line protocol is up (connected) 
  Input queue: 0/75/0/0 (size/max/drops/flushes); Total output drops: 0
     0 unknown protocol drops
FastEthernet1/0/20 is down, line protocol is down (notconnect) 
  Input queue: 0/75/0/0 (size/max/drops/flushes); Total output drops: 0
     0 unknown protocol drops
FastEthernet1/0/21 is up, line protocol is up (connected) 
  Input queue: 0/75/0/0 (size/max/drops/flushes); Total output drops: 0
     0 unknown protocol drops
FastEthernet1/0/22 is up, line protocol is up (connected) 
  Input queue: 0/75/0/0 (size/max/drops/flushes); Total output drops: 0
     0 unknown protocol drops
FastEthernet1/0/23 is up, line protocol is up (connected) 
  Input queue: 0/75/0/0 (size/max/drops/flushes); Total output drops: 3485
     0 unknown protocol drops
FastEthernet1/0/24 is up, line protocol is up (connected) 
  Input queue: 0/75/0/0 (size/max/drops/flushes); Total output drops: 0
     0 unknown protocol drops
GigabitEthernet1/0/1 is up, line protocol is up (connected) 
  Input queue: 0/75/0/0 (size/max/drops/flushes); Total output drops: 0
     0 unknown protocol drops
GigabitEthernet1/0/2 is up, line protocol is up (connected) 
  Input queue: 0/75/0/0 (size/max/drops/flushes); Total output drops: 0
     0 unknown protocol drops
Loopback1 is up, line protocol is up 
  Input queue: 0/75/0/0 (size/max/drops/flushes); Total output drops: 0
     0 unknown protocol drops
Loopback161 is up, line protocol is up 
  Input queue: 0/75/0/0 (size/max/drops/flushes); Total output drops: 0
     0 unknown protocol drops
COLLI-01-SW1#Show run
Building configuration...

Current configuration : 17458 bytes
!
! Last configuration change at 10:31:00 WST Fri Nov 17 2017 by svc-empireddiscovery
! NVRAM config last updated at 10:31:08 WST Fri Nov 17 2017 by svc-empireddiscovery
!
version 15.0
no service pad
service tcp-keepalives-in
service tcp-keepalives-out
service timestamps debug datetime msec localtime show-timezone
service timestamps log datetime msec localtime show-timezone
service password-encryption
!
hostname COLLI-01-SW1
!
boot-start-marker
boot-end-marker
!
!
logging buffered 64000
enable secret 4 26Y5WbmBWDgWHIvNLDC6rcFPZFfZmn/Bmjb2/s10MhI
!
username westernpower privilege 15 secret 4 26Y5WbmBWDgWHIvNLDC6rcFPZFfZmn/Bmjb2/s10MhI
username anthonylam privilege 15 secret 5 $1$P/fc$XFs2BP.dbI2FTbUfWEH3t1
aaa new-model
!
!
aaa authentication banner ^CCC
 ********************************************************************
 *             Please enter your username and password.             *
 ********************************************************************
^C
aaa authentication fail-message ^CCC
 ********************************************************************
 *      The supplied Username and/or Password is not valid.         *
 *  This failed login attempt has been recorded for audit purposes. *
 ********************************************************************
^C
aaa authentication login default group radius enable
aaa authentication login console enable
aaa authorization exec default if-authenticated 
aaa accounting send stop-record authentication failure
aaa accounting exec default start-stop group radius
!
!
!
!
!
!
aaa session-id common
clock timezone WST 8 0
switch 1 provision ws-c3750v2-24ps
system mtu routing 1500
vtp domain COLLI
vtp mode transparent
ip routing
no ip domain-lookup
ip domain-name ads.westernpower.com.au
!
!
!
ip multicast-routing distributed
login on-failure log
login on-success log
!
mls qos map policed-dscp  0 10 18 24 46 to 8
mls qos map cos-dscp 0 8 16 24 32 46 48 56
mls qos srr-queue input bandwidth 70 30
mls qos srr-queue input threshold 1 80 90
mls qos srr-queue input priority-queue 2 bandwidth 30
mls qos srr-queue input cos-map queue 1 threshold 2 3
mls qos srr-queue input cos-map queue 1 threshold 3 6 7
mls qos srr-queue input cos-map queue 2 threshold 1 4
mls qos srr-queue input dscp-map queue 1 threshold 2 24
mls qos srr-queue input dscp-map queue 1 threshold 3 48 49 50 51 52 53 54 55
mls qos srr-queue input dscp-map queue 1 threshold 3 56 57 58 59 60 61 62 63
mls qos srr-queue input dscp-map queue 2 threshold 3 32 33 40 41 42 43 44 45
mls qos srr-queue input dscp-map queue 2 threshold 3 46 47
mls qos srr-queue output cos-map queue 1 threshold 3 4 5
mls qos srr-queue output cos-map queue 2 threshold 1 2
mls qos srr-queue output cos-map queue 2 threshold 2 3
mls qos srr-queue output cos-map queue 2 threshold 3 6 7
mls qos srr-queue output cos-map queue 3 threshold 3 0
mls qos srr-queue output cos-map queue 4 threshold 3 1
mls qos srr-queue output dscp-map queue 1 threshold 3 32 33 40 41 42 43 44 45
mls qos srr-queue output dscp-map queue 1 threshold 3 46 47
mls qos srr-queue output dscp-map queue 2 threshold 1 16 17 18 19 20 21 22 23
mls qos srr-queue output dscp-map queue 2 threshold 1 26 27 28 29 30 31 34 35
mls qos srr-queue output dscp-map queue 2 threshold 1 36 37 38 39
mls qos srr-queue output dscp-map queue 2 threshold 2 24
mls qos srr-queue output dscp-map queue 2 threshold 3 48 49 50 51 52 53 54 55
mls qos srr-queue output dscp-map queue 2 threshold 3 56 57 58 59 60 61 62 63
mls qos srr-queue output dscp-map queue 3 threshold 3 0 1 2 3 4 5 6 7
mls qos srr-queue output dscp-map queue 4 threshold 1 8 9 11 13 15
mls qos srr-queue output dscp-map queue 4 threshold 2 10 12 14
mls qos queue-set output 1 threshold 1 100 100 50 200
mls qos queue-set output 1 threshold 2 125 125 100 400
mls qos queue-set output 1 threshold 3 100 100 100 400
mls qos queue-set output 1 threshold 4 60 150 50 200
mls qos queue-set output 1 buffers 15 25 40 20
mls qos
!
!
!
!
!
!
!
errdisable recovery cause udld
errdisable recovery interval 60
!
spanning-tree mode rapid-pvst
spanning-tree portfast bpduguard default
spanning-tree extend system-id
!
vlan internal allocation policy ascending
!
vlan 399
 name RIVERBED_MGT
!
vlan 401
 name USER_DATA_VLAN
!
vlan 480
 name SECURITY
!
vlan 501
 name USER_VOICE_VLAN
!
vlan 800
 name WLAN_AP_Management
!
vlan 801
 name WLAN_Corp_Clients
!
vlan 901
 name Ancilliary_equipment
!
!
class-map match-all AUTOQOS_VOIP_DATA_CLASS
  match ip dscp ef 
class-map match-all AUTOQOS_DEFAULT_CLASS
  match access-group name AUTOQOS-ACL-DEFAULT
class-map match-all AUTOQOS_VOIP_SIGNAL_CLASS
  match ip dscp cs3 
!
policy-map AUTOQOS-SRND4-CISCOPHONE-POLICY
 class AUTOQOS_VOIP_DATA_CLASS
   set dscp ef
  police 128000 8000 exceed-action policed-dscp-transmit
 class AUTOQOS_VOIP_SIGNAL_CLASS
   set dscp cs3
  police 32000 8000 exceed-action policed-dscp-transmit
 class AUTOQOS_DEFAULT_CLASS
   set dscp default
  police 10000000 8000 exceed-action policed-dscp-transmit
!
!
! 
!
!
!
!
!
!
!
!
!
!
!
!
interface Loopback1
 ip address 10.98.240.5 255.255.255.255
!
interface Loopback161
 ip address 10.98.240.24 255.255.255.255
 ip pim sparse-mode
!
interface FastEthernet1/0/1
 switchport access vlan 401
 switchport mode access
 switchport voice vlan 501
 srr-queue bandwidth share 1 30 35 5
 priority-queue out 
 mls qos trust device cisco-phone
 mls qos trust cos
 spanning-tree portfast
 service-policy input AUTOQOS-SRND4-CISCOPHONE-POLICY
!
interface FastEthernet1/0/2
 switchport access vlan 401
 switchport mode access
 switchport voice vlan 501
 srr-queue bandwidth share 1 30 35 5
 priority-queue out 
 mls qos trust device cisco-phone
 mls qos trust cos
 spanning-tree portfast
 service-policy input AUTOQOS-SRND4-CISCOPHONE-POLICY
!
interface FastEthernet1/0/3
 switchport access vlan 401
 switchport mode access
 switchport voice vlan 501
 srr-queue bandwidth share 1 30 35 5
 priority-queue out 
 mls qos trust device cisco-phone
 mls qos trust cos
 spanning-tree portfast
 service-policy input AUTOQOS-SRND4-CISCOPHONE-POLICY
!
interface FastEthernet1/0/4
 switchport access vlan 401
 switchport mode access
 switchport voice vlan 501
 srr-queue bandwidth share 1 30 35 5
 priority-queue out 
 mls qos trust device cisco-phone
 mls qos trust cos
 spanning-tree portfast
 service-policy input AUTOQOS-SRND4-CISCOPHONE-POLICY
!
interface FastEthernet1/0/5
 switchport access vlan 401
 switchport mode access
 switchport voice vlan 501
 srr-queue bandwidth share 1 30 35 5
 priority-queue out 
 mls qos trust device cisco-phone
 mls qos trust cos
 spanning-tree portfast
 service-policy input AUTOQOS-SRND4-CISCOPHONE-POLICY
!
interface FastEthernet1/0/6
 switchport access vlan 401
 switchport mode access
 switchport voice vlan 501
 srr-queue bandwidth share 1 30 35 5
 priority-queue out 
 mls qos trust device cisco-phone
 mls qos trust cos
 spanning-tree portfast
 service-policy input AUTOQOS-SRND4-CISCOPHONE-POLICY
!
interface FastEthernet1/0/7
 switchport access vlan 401
 switchport mode access
 switchport voice vlan 501
 srr-queue bandwidth share 1 30 35 5
 priority-queue out 
 mls qos trust device cisco-phone
 mls qos trust cos
 spanning-tree portfast
 service-policy input AUTOQOS-SRND4-CISCOPHONE-POLICY
!
interface FastEthernet1/0/8
 switchport access vlan 401
 switchport mode access
 switchport voice vlan 501
 srr-queue bandwidth share 1 30 35 5
 priority-queue out 
 mls qos trust device cisco-phone
 mls qos trust cos
 spanning-tree portfast
 service-policy input AUTOQOS-SRND4-CISCOPHONE-POLICY
!
interface FastEthernet1/0/9
 switchport access vlan 401
 switchport mode access
 switchport voice vlan 501
 srr-queue bandwidth share 1 30 35 5
 priority-queue out 
 mls qos trust device cisco-phone
 mls qos trust cos
 spanning-tree portfast
 service-policy input AUTOQOS-SRND4-CISCOPHONE-POLICY
!
interface FastEthernet1/0/10
 switchport access vlan 401
 switchport mode access
 switchport voice vlan 501
 srr-queue bandwidth share 1 30 35 5
 priority-queue out 
 mls qos trust device cisco-phone
 mls qos trust cos
 spanning-tree portfast
 service-policy input AUTOQOS-SRND4-CISCOPHONE-POLICY
!
interface FastEthernet1/0/11
 switchport access vlan 401
 switchport mode access
 switchport voice vlan 501
 srr-queue bandwidth share 1 30 35 5
 priority-queue out 
 mls qos trust device cisco-phone
 mls qos trust cos
 spanning-tree portfast
 service-policy input AUTOQOS-SRND4-CISCOPHONE-POLICY
!
interface FastEthernet1/0/12
 switchport access vlan 401
 switchport mode access
 switchport voice vlan 501
 srr-queue bandwidth share 1 30 35 5
 priority-queue out 
 mls qos trust device cisco-phone
 mls qos trust cos
 spanning-tree portfast
 service-policy input AUTOQOS-SRND4-CISCOPHONE-POLICY
!
interface FastEthernet1/0/13
 switchport access vlan 401
 switchport mode access
 switchport voice vlan 501
 srr-queue bandwidth share 1 30 35 5
 priority-queue out 
 mls qos trust device cisco-phone
 mls qos trust cos
 spanning-tree portfast
 service-policy input AUTOQOS-SRND4-CISCOPHONE-POLICY
!
interface FastEthernet1/0/14
 switchport access vlan 401
 switchport mode access
 switchport voice vlan 501
 srr-queue bandwidth share 1 30 35 5
 priority-queue out 
 mls qos trust device cisco-phone
 mls qos trust cos
 spanning-tree portfast
 service-policy input AUTOQOS-SRND4-CISCOPHONE-POLICY
!
interface FastEthernet1/0/15
 switchport access vlan 401
 switchport mode access
 switchport voice vlan 501
 srr-queue bandwidth share 1 30 35 5
 priority-queue out 
 mls qos trust device cisco-phone
 mls qos trust cos
 spanning-tree portfast
 service-policy input AUTOQOS-SRND4-CISCOPHONE-POLICY
!
interface FastEthernet1/0/16
 switchport access vlan 401
 switchport mode access
 switchport voice vlan 501
 srr-queue bandwidth share 1 30 35 5
 priority-queue out 
 mls qos trust device cisco-phone
 mls qos trust cos
 spanning-tree portfast
 service-policy input AUTOQOS-SRND4-CISCOPHONE-POLICY
!
interface FastEthernet1/0/17
 switchport access vlan 401
 switchport mode access
 switchport voice vlan 501
 srr-queue bandwidth share 1 30 35 5
 priority-queue out 
 mls qos trust device cisco-phone
 mls qos trust cos
 spanning-tree portfast
 service-policy input AUTOQOS-SRND4-CISCOPHONE-POLICY
!
interface FastEthernet1/0/18
 switchport access vlan 401
 switchport mode access
 switchport voice vlan 501
 srr-queue bandwidth share 1 30 35 5
 priority-queue out 
 mls qos trust device cisco-phone
 mls qos trust cos
 spanning-tree portfast
 service-policy input AUTOQOS-SRND4-CISCOPHONE-POLICY
!
interface FastEthernet1/0/19
 switchport access vlan 901
 switchport mode access
 srr-queue bandwidth share 1 30 35 5
 priority-queue out 
 mls qos trust device cisco-phone
 mls qos trust cos
 spanning-tree portfast
 service-policy input AUTOQOS-SRND4-CISCOPHONE-POLICY
!
interface FastEthernet1/0/20
 description CSC PC
 switchport access vlan 401
 switchport mode access
 switchport voice vlan 501
 srr-queue bandwidth share 1 30 35 5
 priority-queue out 
 mls qos trust device cisco-phone
 mls qos trust cos
 spanning-tree portfast
 service-policy input AUTOQOS-SRND4-CISCOPHONE-POLICY
!
interface FastEthernet1/0/21
 description STEELHEAD_PRIMARY
 switchport access vlan 399
 switchport mode access
 spanning-tree portfast
!
interface FastEthernet1/0/22
 description colli-01-AP1
 switchport trunk encapsulation dot1q
 switchport trunk native vlan 800
 switchport trunk allowed vlan 800,801
 switchport mode trunk
 no mdix auto
!
interface FastEthernet1/0/23
 description colli-01-r1 SH_LAN0_0
 no switchport
 ip address 10.98.242.2 255.255.255.248
 ip pim sparse-mode
 ip summary-address eigrp 98 10.98.0.0 255.255.128.0
 ip summary-address eigrp 98 10.98.128.0 255.255.128.0
 srr-queue bandwidth share 1 30 35 5
 priority-queue out 
 mls qos trust dscp
 auto qos trust 
!
interface FastEthernet1/0/24
 description cardex
 switchport access vlan 480
 switchport mode access
 spanning-tree portfast
!
interface GigabitEthernet1/0/1
 no switchport
 ip address 10.98.242.9 255.255.255.252
 ip pim sparse-mode
 srr-queue bandwidth share 1 30 35 5
 priority-queue out 
 mls qos trust dscp
 auto qos trust 
!
interface GigabitEthernet1/0/2
 no switchport
 ip address 10.98.242.13 255.255.255.252
 ip pim sparse-mode
 srr-queue bandwidth share 1 30 35 5
 priority-queue out 
 mls qos trust dscp
 auto qos trust 
!
interface Vlan1
 no ip address
!
interface Vlan399
 description STEELHEAD_MANAGEMENT
 ip address 10.98.241.1 255.255.255.248
!
interface Vlan401
 description DATA_VLAN
 ip address 10.98.64.1 255.255.255.0
 ip helper-address 10.19.0.66
 ip helper-address 10.21.0.66
 ip helper-address 10.19.1.18
 ip directed-broadcast 5
!
interface Vlan480
 description SECURITY
 ip address 10.98.224.1 255.255.255.0
!
interface Vlan501
 description VOIP_VLAN
 ip address 10.98.128.1 255.255.255.0
 ip helper-address 10.19.0.66
 ip helper-address 10.21.0.66
 ip pim passive
!
interface Vlan800
 description colli-wlan-ap-management
 ip address 10.98.246.1 255.255.255.224
 ip helper-address 10.19.0.66
 ip helper-address 10.21.0.66
!
interface Vlan801
 description colli-wlan-corporate-clients
 ip address 10.98.96.1 255.255.255.0
 ip helper-address 10.19.0.66
 ip helper-address 10.21.0.66
!
interface Vlan901
 description Ancilliary_equipment
 ip address 10.98.254.1 255.255.255.0
!
!
router eigrp 98
 network 10.0.0.0
 eigrp router-id 10.98.240.5
!
no ip http server
no ip http secure-server
!
!
ip pim rp-address 10.98.240.24
!
ip access-list standard APIC_EM
 remark --- APIC-EM Appliance ---
 permit 10.25.253.10
 deny   any
ip access-list standard NSG_TELNET_SSH
 permit 146.195.81.24
 remark --- Nimsoft/CatTools Server Natted IP ---
 permit 146.195.81.25
 remark --- Nimsoft/CatTools Server ---
 permit 10.19.7.62
 remark --- HO Jumphost ---
 permit 172.30.0.10
 remark --- APIC EM - Controller ---
 permit 10.25.253.10
 permit 10.19.12.234
 remark --- Twister - OLD and NEW IP ---
 permit 146.195.135.0 0.0.0.127
 remark --- IT Subnet on Lvl2E ---
 permit 10.19.60.0 0.0.0.255
 remark --- SEAL WAN Subnet ---
 permit 10.250.250.0 0.0.0.255
 remark --- GWIP HO WAN Subnet ---
 permit 10.19.250.0 0.0.0.7
 remark --- Management Loopback subnet ---
 permit 10.0.240.0 0.255.0.255
 remark --- Empired Management Subnet ---
 permit 172.30.160.0 0.0.0.15
 remark --- Deny Anything Else ---
 deny   any log
ip access-list standard RO_SNMP
 remark --- Solarwinds Syslog Server ---
 permit 10.19.7.46
 remark --- Empired Management Subnet ---
 permit 172.30.160.0 0.0.0.255
 remark --- IT Subnet on Lvl2E ---
 permit 10.19.60.0 0.0.0.255
 deny   any
ip access-list standard RW_SNMP
 remark ---allow NNMi---
 permit 172.30.160.10
 deny   any
!
ip access-list extended AUTOQOS-ACL-DEFAULT
 permit ip any any
!
logging trap debugging
logging source-interface Loopback1
logging host 10.19.7.46
logging host 172.30.160.11
logging host 172.30.160.10
logging host 172.30.161.10
access-list 5 permit 10.19.1.17 log
access-list 5 remark CSC Zetta - Allow Remote wakeup PC's
access-list 5 permit 10.19.7.49 log
access-list 5 permit 10.19.1.138 log
access-list 5 permit 10.19.1.134 log
!
snmp-server community eb6cIzuB RO RO_SNMP
snmp-server community Sp7ZyvwQ RW RW_SNMP
snmp-server community fc7cJzuC RO APIC_EM
snmp-server community gd8cKzuD RW APIC_EM
snmp-server location Collie T1
snmp-server contact Western Power IT Network
snmp ifmib ifindex persist
radius-server host 10.19.1.113
radius-server host 10.21.0.24
radius-server key 7 120D2E27050D295C7833250E3D3101040F572B0D5F6A0C6D7E3E11341D7B6D43707C0D59084E2F2D71060A16312F422C012B2D7942263C10420B1E06221D3E293D
radius-server load-balance method least-outstanding
!
!
!
banner exec ^CCC
 ********************************************************************
 * You are now logged into: WP                                      *
 * All activity is being logged for review by System Administrators *
 ********************************************************************
^C
banner login ^CCC
 ********************************************************************
 * [WARNING]                                                        *
 *                                                                  *
 * This system belongs to a private organisation. If you are not    *
 * authorised to access this system, exit immediately.              *
 * Unauthorised access to this system is forbidden by company       *
 * policies, national, and international laws.                      *
 * Unauthorised users are subject to criminal and civil penalties   *
 * as well as company initiated disciplinary proceedings.           *
 * By entry into this system you acknowledge that you are           *
 * authorised access and the level of privilege you subsequently    *
 * execute on this system. You further acknowledge that by entry    *
 * into this system you expect no privacy from monitoring.          *
 *                                                                  *
 *        ALL ACCESS TO THIS SYSTEM IS MONITORED AND LOGGED         *
 *                                                                  *
 ********************************************************************
^C
!
line con 0
line vty 0 4
 access-class NSG_TELNET_SSH in
 exec-timeout 15 0
 logging synchronous
 transport input ssh
 transport output telnet
line vty 5 15
 access-class NSG_TELNET_SSH in
 exec-timeout 15 0
 logging synchronous
 transport input ssh
!
ntp server 146.195.128.175
end

COLLI-01-SW1#Show ver
Cisco IOS Software, C3750 Software (C3750-IPSERVICESK9-M), Version 15.0(2)SE10, RELEASE SOFTWARE (fc2)
Technical Support: http://www.cisco.com/techsupport
Copyright (c) 1986-2016 by Cisco Systems, Inc.
Compiled Mon 18-Jul-16 02:11 by prod_rel_team

ROM: Bootstrap program is C3750 boot loader
BOOTLDR: C3750 Boot Loader (C3750-HBOOT-M) Version 12.2(53r)SEY4, RELEASE SOFTWARE (fc1)

COLLI-01-SW1 uptime is 10 weeks, 6 days, 19 hours, 54 minutes
System returned to ROM by power-on
System restarted at 15:14:45 WST Fri Oct 6 2017
System image file is "flash:/c3750-ipservicesk9-mz.150-2.SE10.bin"


This product contains cryptographic features and is subject to United
States and local country laws governing import, export, transfer and
use. Delivery of Cisco cryptographic products does not imply
third-party authority to import, export, distribute or use encryption.
Importers, exporters, distributors and users are responsible for
compliance with U.S. and local country laws. By using this product you
agree to comply with applicable laws and regulations. If you are unable
to comply with U.S. and local laws, return this product immediately.

A summary of U.S. laws governing Cisco cryptographic products may be found at:
http://www.cisco.com/wwl/export/crypto/tool/stqrg.html

If you require further assistance please contact us by sending email to
export@cisco.com.

cisco WS-C3750V2-24PS (PowerPC405) processor (revision S0) with 131072K bytes of memory.
Processor board ID FDO1718Y102
Last reset from power-on
8 Virtual Ethernet interfaces
24 FastEthernet interfaces
2 Gigabit Ethernet interfaces
The password-recovery mechanism is enabled.

512K bytes of flash-simulated non-volatile configuration memory.
Base ethernet MAC Address       : 0C:27:24:B0:C2:80
Motherboard assembly number     : 73-12633-01
Power supply part number        : 341-0266-03
Motherboard serial number       : FDO171805XN
Power supply serial number      : LIT171410MQ
Model revision number           : S0
Motherboard revision number     : F0
Model number                    : WS-C3750V2-24PS-S
System serial number            : FDO1718Y102
Top Assembly Part Number        : 800-33158-03
Top Assembly Revision Number    : B0
Version ID                      : V08
CLEI Code Number                : CMMEE00BRB
Hardware Board Revision Number  : 0x02


Switch Ports Model              SW Version            SW Image                 
------ ----- -----              ----------            ----------               
*    1 26    WS-C3750V2-24PS    15.0(2)SE10           C3750-IPSERVICESK9-M     


Configuration register is 0xF

COLLI-01-SW1#Show ip route
Codes: L - local, C - connected, S - static, R - RIP, M - mobile, B - BGP
       D - EIGRP, EX - EIGRP external, O - OSPF, IA - OSPF inter area 
       N1 - OSPF NSSA external type 1, N2 - OSPF NSSA external type 2
       E1 - OSPF external type 1, E2 - OSPF external type 2
       i - IS-IS, su - IS-IS summary, L1 - IS-IS level-1, L2 - IS-IS level-2
       ia - IS-IS inter area, * - candidate default, U - per-user static route
       o - ODR, P - periodic downloaded static route, H - NHRP, l - LISP
       + - replicated route, % - next hop override

Gateway of last resort is 10.98.242.1 to network 0.0.0.0

D*EX  0.0.0.0/0 [170/2588160] via 10.98.242.1, 5w3d, FastEthernet1/0/23
      10.0.0.0/8 is variably subnetted, 158 subnets, 9 masks
D EX     10.18.250.0/29 
           [170/25628160] via 10.98.242.1, 7w0d, FastEthernet1/0/23
D EX     10.19.0.0/16 [170/2588160] via 10.98.242.1, 7w0d, FastEthernet1/0/23
D EX     10.19.240.1/32 
           [170/2588160] via 10.98.242.1, 7w0d, FastEthernet1/0/23
D EX     10.19.250.0/29 
           [170/25628160] via 10.98.242.1, 7w0d, FastEthernet1/0/23
D EX     10.21.240.1/32 
           [170/5148160] via 10.98.242.1, 5w3d, FastEthernet1/0/23
D EX     10.21.250.0/29 
           [170/25628160] via 10.98.242.1, 5w3d, FastEthernet1/0/23
D EX     10.25.243.136/30 
           [170/25628160] via 10.98.242.1, 2w5d, FastEthernet1/0/23
D EX     10.25.252.0/28 
           [170/25628160] via 10.98.242.1, 2w5d, FastEthernet1/0/23
D EX     10.65.0.0/16 [170/25628160] via 10.98.242.1, 2w5d, FastEthernet1/0/23
D EX     10.65.243.136/30 
           [170/2588160] via 10.98.242.1, 7w0d, FastEthernet1/0/23
D EX     10.65.250.0/29 
           [170/25628160] via 10.98.242.1, 7w0d, FastEthernet1/0/23
D EX     10.65.252.0/28 
           [170/2588160] via 10.98.242.1, 7w0d, FastEthernet1/0/23
D EX     10.66.0.0/16 
           [170/25628160] via 10.98.242.1, 3d23h, FastEthernet1/0/23
D EX     10.66.0.0/17 [170/25628160] via 10.98.242.1, 7w0d, FastEthernet1/0/23
D EX     10.66.128.0/17 
           [170/25628160] via 10.98.242.1, 7w0d, FastEthernet1/0/23
D EX     10.66.240.1/32 
           [170/25628160] via 10.98.242.1, 7w0d, FastEthernet1/0/23
D EX     10.66.250.0/29 
           [170/25628160] via 10.98.242.1, 7w0d, FastEthernet1/0/23
D EX     10.67.0.0/16 [170/25628160] via 10.98.242.1, 7w0d, FastEthernet1/0/23
D EX     10.67.240.1/32 
           [170/25628160] via 10.98.242.1, 7w0d, FastEthernet1/0/23
D EX     10.67.250.0/29 
           [170/25628160] via 10.98.242.1, 7w0d, FastEthernet1/0/23
D EX     10.68.0.0/16 [170/25628160] via 10.98.242.1, 7w0d, FastEthernet1/0/23
D EX     10.68.240.1/32 
           [170/25628160] via 10.98.242.1, 7w0d, FastEthernet1/0/23
D EX     10.68.250.0/29 
           [170/25628160] via 10.98.242.1, 7w0d, FastEthernet1/0/23
D EX     10.69.0.0/16 [170/25628160] via 10.98.242.1, 6w0d, FastEthernet1/0/23
D EX     10.69.240.1/32 
           [170/25628160] via 10.98.242.1, 7w0d, FastEthernet1/0/23
D EX     10.69.250.0/29 
           [170/25628160] via 10.98.242.1, 7w0d, FastEthernet1/0/23
D EX     10.70.0.0/16 
           [170/25628160] via 10.98.242.1, 00:08:55, FastEthernet1/0/23
D EX     10.70.0.0/17 [170/25628160] via 10.98.242.1, 7w0d, FastEthernet1/0/23
D EX     10.70.128.0/17 
           [170/25628160] via 10.98.242.1, 7w0d, FastEthernet1/0/23
D EX     10.70.240.1/32 
           [170/25628160] via 10.98.242.1, 7w0d, FastEthernet1/0/23
D EX     10.70.250.0/29 
           [170/25628160] via 10.98.242.1, 7w0d, FastEthernet1/0/23
D EX     10.71.0.0/16 [170/25628160] via 10.98.242.1, 7w0d, FastEthernet1/0/23
D EX     10.71.240.1/32 
           [170/25628160] via 10.98.242.1, 7w0d, FastEthernet1/0/23
D EX     10.71.250.0/29 
           [170/25628160] via 10.98.242.1, 7w0d, FastEthernet1/0/23
D EX     10.72.0.0/16 
           [170/25628160] via 10.98.242.1, 00:47:55, FastEthernet1/0/23
D EX     10.72.0.0/17 [170/25628160] via 10.98.242.1, 7w0d, FastEthernet1/0/23
D EX     10.72.128.0/17 
           [170/25628160] via 10.98.242.1, 7w0d, FastEthernet1/0/23
D EX     10.72.240.1/32 
           [170/25628160] via 10.98.242.1, 7w0d, FastEthernet1/0/23
D EX     10.72.250.0/29 
           [170/25628160] via 10.98.242.1, 7w0d, FastEthernet1/0/23
D EX     10.73.0.0/16 [170/25628160] via 10.98.242.1, 7w0d, FastEthernet1/0/23
D EX     10.73.240.1/32 
           [170/25628160] via 10.98.242.1, 7w0d, FastEthernet1/0/23
D EX     10.73.250.0/29 
           [170/25628160] via 10.98.242.1, 7w0d, FastEthernet1/0/23
D EX     10.74.250.0/29 
           [170/25628160] via 10.98.242.1, 7w0d, FastEthernet1/0/23
D EX     10.75.0.0/16 [170/25628160] via 10.98.242.1, 7w0d, FastEthernet1/0/23
D EX     10.75.240.1/32 
           [170/25628160] via 10.98.242.1, 7w0d, FastEthernet1/0/23
D EX     10.75.250.0/29 
           [170/25628160] via 10.98.242.1, 7w0d, FastEthernet1/0/23
D EX     10.76.0.0/16 
           [170/25628160] via 10.98.242.1, 00:09:39, FastEthernet1/0/23
D EX     10.76.0.0/17 [170/25628160] via 10.98.242.1, 1w3d, FastEthernet1/0/23
D EX     10.76.128.0/17 
           [170/25628160] via 10.98.242.1, 1w3d, FastEthernet1/0/23
D EX     10.76.240.1/32 
           [170/25628160] via 10.98.242.1, 4w5d, FastEthernet1/0/23
D EX     10.76.250.0/29 
           [170/25628160] via 10.98.242.1, 7w0d, FastEthernet1/0/23
D EX     10.77.0.0/16 
           [170/25628160] via 10.98.242.1, 01:15:35, FastEthernet1/0/23
D EX     10.77.0.0/17 [170/25628160] via 10.98.242.1, 5w1d, FastEthernet1/0/23
D EX     10.77.128.0/17 
           [170/25628160] via 10.98.242.1, 5w1d, FastEthernet1/0/23
D EX     10.77.250.0/30 
           [170/25628160] via 10.98.242.1, 5w1d, FastEthernet1/0/23
D EX     10.78.0.0/16 [170/25628160] via 10.98.242.1, 7w0d, FastEthernet1/0/23
D EX     10.78.240.1/32 
           [170/25628160] via 10.98.242.1, 7w0d, FastEthernet1/0/23
D EX     10.78.250.0/29 
           [170/25628160] via 10.98.242.1, 7w0d, FastEthernet1/0/23
D EX     10.79.0.0/16 [170/25628160] via 10.98.242.1, 1w2d, FastEthernet1/0/23
D EX     10.79.240.1/32 
           [170/25628160] via 10.98.242.1, 2w1d, FastEthernet1/0/23
D EX     10.79.250.0/30 
           [170/25628160] via 10.98.242.1, 2w1d, FastEthernet1/0/23
D EX     10.80.0.0/16 
           [170/25628160] via 10.98.242.1, 00:18:30, FastEthernet1/0/23
D EX     10.80.0.0/17 [170/25628160] via 10.98.242.1, 7w0d, FastEthernet1/0/23
D EX     10.80.128.0/17 
           [170/25628160] via 10.98.242.1, 7w0d, FastEthernet1/0/23
D EX     10.80.240.1/32 
           [170/25628160] via 10.98.242.1, 7w0d, FastEthernet1/0/23
D EX     10.80.250.0/30 
           [170/25628160] via 10.98.242.1, 7w0d, FastEthernet1/0/23
D EX     10.81.0.0/16 
           [170/25628160] via 10.98.242.1, 00:48:20, FastEthernet1/0/23
D EX     10.81.0.0/17 [170/25628160] via 10.98.242.1, 5w3d, FastEthernet1/0/23
D EX     10.81.128.0/17 
           [170/25628160] via 10.98.242.1, 5w3d, FastEthernet1/0/23
D EX     10.81.240.1/32 
           [170/25628160] via 10.98.242.1, 5w3d, FastEthernet1/0/23
D EX     10.81.250.0/30 
           [170/25628160] via 10.98.242.1, 5w3d, FastEthernet1/0/23
D EX     10.84.0.0/16 
           [170/25628160] via 10.98.242.1, 1d14h, FastEthernet1/0/23
D EX     10.84.0.0/17 
           [170/25628160] via 10.98.242.1, 1d14h, FastEthernet1/0/23
D EX     10.84.128.0/17 
           [170/25628160] via 10.98.242.1, 1d14h, FastEthernet1/0/23
D EX     10.84.240.1/32 
           [170/25628160] via 10.98.242.1, 1d14h, FastEthernet1/0/23
D EX     10.84.250.0/30 
           [170/25628160] via 10.98.242.1, 3w1d, FastEthernet1/0/23
D EX     10.85.0.0/16 
           [170/25628160] via 10.98.242.1, 00:16:05, FastEthernet1/0/23
D EX     10.85.0.0/17 [170/25628160] via 10.98.242.1, 2w3d, FastEthernet1/0/23
D EX     10.85.128.0/17 
           [170/25628160] via 10.98.242.1, 2w3d, FastEthernet1/0/23
D EX     10.85.240.1/32 
           [170/25628160] via 10.98.242.1, 2w3d, FastEthernet1/0/23
D EX     10.85.250.0/30 
           [170/25628160] via 10.98.242.1, 2w3d, FastEthernet1/0/23
D EX     10.86.0.0/16 [170/25628160] via 10.98.242.1, 7w0d, FastEthernet1/0/23
D EX     10.86.64.16/30 
           [170/25628160] via 10.98.242.1, 7w0d, FastEthernet1/0/23
D EX     10.86.64.20/30 
           [170/25628160] via 10.98.242.1, 7w0d, FastEthernet1/0/23
D EX     10.86.65.16/30 
           [170/25628160] via 10.98.242.1, 7w0d, FastEthernet1/0/23
D EX     10.86.65.20/30 
           [170/25628160] via 10.98.242.1, 7w0d, FastEthernet1/0/23
D EX     10.86.240.1/32 
           [170/25628160] via 10.98.242.1, 7w0d, FastEthernet1/0/23
D EX     10.87.0.0/16 
           [170/25628160] via 10.98.242.1, 00:22:00, FastEthernet1/0/23
D EX     10.87.0.0/17 [170/25628160] via 10.98.242.1, 7w0d, FastEthernet1/0/23
D EX     10.87.128.0/17 
           [170/25628160] via 10.98.242.1, 7w0d, FastEthernet1/0/23
D EX     10.87.240.1/32 
           [170/25628160] via 10.98.242.1, 7w0d, FastEthernet1/0/23
D EX     10.87.250.0/30 
           [170/25628160] via 10.98.242.1, 7w0d, FastEthernet1/0/23
D EX     10.88.0.0/16 
           [170/25628160] via 10.98.242.1, 21:15:40, FastEthernet1/0/23
D EX     10.88.0.0/17 [170/25628160] via 10.98.242.1, 7w0d, FastEthernet1/0/23
D EX     10.88.128.0/17 
           [170/25628160] via 10.98.242.1, 7w0d, FastEthernet1/0/23
D EX     10.88.240.1/32 
           [170/25628160] via 10.98.242.1, 7w0d, FastEthernet1/0/23
D EX     10.88.250.0/30 
           [170/25628160] via 10.98.242.1, 7w0d, FastEthernet1/0/23
D EX     10.89.0.0/16 
           [170/25628160] via 10.98.242.1, 00:19:05, FastEthernet1/0/23
D EX     10.89.0.0/17 [170/25628160] via 10.98.242.1, 7w0d, FastEthernet1/0/23
D EX     10.89.128.0/17 
           [170/25628160] via 10.98.242.1, 7w0d, FastEthernet1/0/23
D EX     10.89.240.1/32 
           [170/25628160] via 10.98.242.1, 7w0d, FastEthernet1/0/23
D EX     10.89.250.0/30 
           [170/25628160] via 10.98.242.1, 7w0d, FastEthernet1/0/23
D EX     10.90.0.0/16 
           [170/25628160] via 10.98.242.1, 00:17:45, FastEthernet1/0/23
D EX     10.90.0.0/17 [170/25628160] via 10.98.242.1, 2w3d, FastEthernet1/0/23
D EX     10.90.128.0/17 
           [170/25628160] via 10.98.242.1, 2w3d, FastEthernet1/0/23
D EX     10.90.240.1/32 
           [170/25628160] via 10.98.242.1, 2w3d, FastEthernet1/0/23
D EX     10.90.250.0/30 
           [170/25628160] via 10.98.242.1, 2w3d, FastEthernet1/0/23
D EX     10.91.0.0/16 [170/25628160] via 10.98.242.1, 2w3d, FastEthernet1/0/23
D EX     10.91.240.1/32 
           [170/25628160] via 10.98.242.1, 2w3d, FastEthernet1/0/23
D EX     10.91.250.0/30 
           [170/25628160] via 10.98.242.1, 2w3d, FastEthernet1/0/23
D EX     10.92.0.0/17 [170/25628160] via 10.98.242.1, 1w3d, FastEthernet1/0/23
D EX     10.92.128.0/17 
           [170/25628160] via 10.98.242.1, 5w5d, FastEthernet1/0/23
D EX     10.92.240.1/32 
           [170/25628160] via 10.98.242.1, 5w5d, FastEthernet1/0/23
D EX     10.92.250.0/30 
           [170/25628160] via 10.98.242.1, 5w5d, FastEthernet1/0/23
D EX     10.93.0.0/17 [170/25628160] via 10.98.242.1, 7w0d, FastEthernet1/0/23
D EX     10.93.128.0/17 
           [170/25628160] via 10.98.242.1, 7w0d, FastEthernet1/0/23
D EX     10.93.240.1/32 
           [170/25628160] via 10.98.242.1, 7w0d, FastEthernet1/0/23
D EX     10.93.250.0/30 
           [170/25628160] via 10.98.242.1, 7w0d, FastEthernet1/0/23
D EX     10.97.0.0/16 [170/25628160] via 10.98.242.1, 2w4d, FastEthernet1/0/23
D EX     10.97.250.0/29 
           [170/25628160] via 10.98.242.1, 2w4d, FastEthernet1/0/23
D EX     10.98.0.0/16 
           [170/25628160] via 10.98.242.1, 00:47:40, FastEthernet1/0/23
D        10.98.0.0/17 is a summary, 7w0d, Null0
C        10.98.64.0/24 is directly connected, Vlan401
L        10.98.64.1/32 is directly connected, Vlan401
D        10.98.65.0/24 [90/3072] via 10.98.242.14, 5w1d, GigabitEthernet1/0/2
                       [90/3072] via 10.98.242.10, 5w1d, GigabitEthernet1/0/1
C        10.98.96.0/24 is directly connected, Vlan801
L        10.98.96.1/32 is directly connected, Vlan801
D        10.98.128.0/17 is a summary, 7w0d, Null0
C        10.98.128.0/24 is directly connected, Vlan501
L        10.98.128.1/32 is directly connected, Vlan501
D        10.98.129.0/24 [90/3072] via 10.98.242.14, 5w1d, GigabitEthernet1/0/2
                        [90/3072] via 10.98.242.10, 5w1d, GigabitEthernet1/0/1
C        10.98.224.0/24 is directly connected, Vlan480
L        10.98.224.1/32 is directly connected, Vlan480
D        10.98.240.1/32 [90/156160] via 10.98.242.1, 7w0d, FastEthernet1/0/23
C        10.98.240.5/32 is directly connected, Loopback1
D        10.98.240.6/32 
           [90/130816] via 10.98.242.14, 5w1d, GigabitEthernet1/0/2
           [90/130816] via 10.98.242.10, 5w1d, GigabitEthernet1/0/1
C        10.98.240.24/32 is directly connected, Loopback161
C        10.98.241.0/29 is directly connected, Vlan399
L        10.98.241.1/32 is directly connected, Vlan399
C        10.98.242.0/29 is directly connected, FastEthernet1/0/23
L        10.98.242.2/32 is directly connected, FastEthernet1/0/23
C        10.98.242.8/30 is directly connected, GigabitEthernet1/0/1
L        10.98.242.9/32 is directly connected, GigabitEthernet1/0/1
C        10.98.242.12/30 is directly connected, GigabitEthernet1/0/2
L        10.98.242.13/32 is directly connected, GigabitEthernet1/0/2
C        10.98.246.0/27 is directly connected, Vlan800
L        10.98.246.1/32 is directly connected, Vlan800
D        10.98.250.0/29 [90/1285120] via 10.98.242.1, 7w0d, FastEthernet1/0/23
C        10.98.254.0/24 is directly connected, Vlan901
L        10.98.254.1/32 is directly connected, Vlan901
D EX     10.107.250.0/29 
           [170/25628160] via 10.98.242.1, 7w0d, FastEthernet1/0/23
D EX     10.110.0.0/16 
           [170/25628160] via 10.98.242.1, 3w4d, FastEthernet1/0/23
D EX     10.110.240.1/32 
           [170/25628160] via 10.98.242.1, 3w4d, FastEthernet1/0/23
D EX     10.110.250.0/29 
           [170/25628160] via 10.98.242.1, 7w0d, FastEthernet1/0/23
D EX     10.248.250.0/25 
           [170/25628160] via 10.98.242.1, 7w0d, FastEthernet1/0/23
D        10.248.250.22/32 
           [90/565760] via 10.98.242.1, 00:17:22, FastEthernet1/0/23
D EX     10.248.250.128/25 
           [170/25628160] via 10.98.242.1, 7w0d, FastEthernet1/0/23
D EX     10.252.252.0/24 
           [170/25628160] via 10.98.242.1, 2w5d, FastEthernet1/0/23
      30.0.0.0/29 is subnetted, 1 subnets
D EX     30.20.57.120 [170/25628160] via 10.98.242.1, 7w0d, FastEthernet1/0/23
      144.140.0.0/16 is variably subnetted, 14 subnets, 3 masks
D EX     144.140.162.40/29 
           [170/25628160] via 10.98.242.1, 7w0d, FastEthernet1/0/23
D EX     144.140.162.48/28 
           [170/25628160] via 10.98.242.1, 7w0d, FastEthernet1/0/23
D EX     144.140.162.80/28 
           [170/25628160] via 10.98.242.1, 7w0d, FastEthernet1/0/23
D EX     144.140.181.80/28 
           [170/25628160] via 10.98.242.1, 7w0d, FastEthernet1/0/23
D EX     144.140.201.1/32 
           [170/25628160] via 10.98.242.1, 2w3d, FastEthernet1/0/23
D EX     144.140.201.2/32 
           [170/25628160] via 10.98.242.1, 2w3d, FastEthernet1/0/23
D EX     144.140.201.3/32 
           [170/25628160] via 10.98.242.1, 2w3d, FastEthernet1/0/23
D EX     144.140.201.16/28 
           [170/25628160] via 10.98.242.1, 2w3d, FastEthernet1/0/23
D EX     144.140.208.16/29 
           [170/25628160] via 10.98.242.1, 7w0d, FastEthernet1/0/23
D EX     144.140.208.32/28 
           [170/25628160] via 10.98.242.1, 7w0d, FastEthernet1/0/23
D EX     144.140.208.80/28 
           [170/25628160] via 10.98.242.1, 7w0d, FastEthernet1/0/23
D EX     144.140.218.96/28 
           [170/25628160] via 10.98.242.1, 7w0d, FastEthernet1/0/23
D EX     144.140.222.32/28 
           [170/25628160] via 10.98.242.1, 7w0d, FastEthernet1/0/23
D EX     144.140.224.32/28 
           [170/25628160] via 10.98.242.1, 7w0d, FastEthernet1/0/23
      146.195.0.0/16 is variably subnetted, 6 subnets, 4 masks
D EX     146.195.21.0/29 
           [170/25628160] via 10.98.242.1, 2w5d, FastEthernet1/0/23
D EX     146.195.30.0/24 
           [170/25628160] via 10.98.242.1, 2w5d, FastEthernet1/0/23
D EX     146.195.31.0/24 
           [170/25628160] via 10.98.242.1, 2w5d, FastEthernet1/0/23
D EX     146.195.39.0/24 
           [170/25628160] via 10.98.242.1, 2w5d, FastEthernet1/0/23
D EX     146.195.180.0/22 
           [170/25628160] via 10.98.242.1, 2w5d, FastEthernet1/0/23
D EX     146.195.255.20/32 
           [170/2588160] via 10.98.242.1, 7w0d, FastEthernet1/0/23
      172.16.0.0/24 is subnetted, 1 subnets
D EX     172.16.65.0 [170/25628160] via 10.98.242.1, 2w5d, FastEthernet1/0/23
      172.17.0.0/24 is subnetted, 1 subnets
D EX     172.17.65.0 [170/25628160] via 10.98.242.1, 2w5d, FastEthernet1/0/23
      172.24.0.0/16 is variably subnetted, 6 subnets, 3 masks
D EX     172.24.96.0/21 
           [170/25628160] via 10.98.242.1, 2w5d, FastEthernet1/0/23
D EX     172.24.108.0/24 
           [170/25628160] via 10.98.242.1, 2w5d, FastEthernet1/0/23
D EX     172.24.109.0/24 
           [170/25628160] via 10.98.242.1, 2w5d, FastEthernet1/0/23
D EX     172.24.112.0/22 
           [170/25628160] via 10.98.242.1, 2w5d, FastEthernet1/0/23
D EX     172.24.120.0/24 
           [170/25628160] via 10.98.242.1, 2w5d, FastEthernet1/0/23
D EX     172.24.192.0/24 
           [170/25628160] via 10.98.242.1, 2w5d, FastEthernet1/0/23
      172.25.0.0/16 is variably subnetted, 2 subnets, 2 masks
D EX     172.25.104.0/24 
           [170/25628160] via 10.98.242.1, 2w5d, FastEthernet1/0/23
D EX     172.25.105.0/26 
           [170/25628160] via 10.98.242.1, 2w5d, FastEthernet1/0/23
      172.27.0.0/26 is subnetted, 1 subnets
D EX     172.27.0.0 [170/25628160] via 10.98.242.1, 2w5d, FastEthernet1/0/23
      172.28.0.0/26 is subnetted, 1 subnets
D EX     172.28.8.64 [170/25628160] via 10.98.242.1, 2w5d, FastEthernet1/0/23
      172.29.0.0/24 is subnetted, 1 subnets
D EX     172.29.1.0 [170/25628160] via 10.98.242.1, 6w0d, FastEthernet1/0/23
      203.41.188.0/28 is subnetted, 1 subnets
D EX     203.41.188.96 
           [170/25628160] via 10.98.242.1, 7w0d, FastEthernet1/0/23
      203.42.70.0/28 is subnetted, 1 subnets
D EX     203.42.70.224 
           [170/25628160] via 10.98.242.1, 7w0d, FastEthernet1/0/23
      203.52.0.0/24 is variably subnetted, 2 subnets, 2 masks
D EX     203.52.0.0/24 
           [170/25628160] via 10.98.242.1, 7w0d, FastEthernet1/0/23
D EX     203.52.0.192/27 
           [170/25628160] via 10.98.242.1, 7w0d, FastEthernet1/0/23
      203.52.1.0/24 is variably subnetted, 2 subnets, 2 masks
D EX     203.52.1.0/24 
           [170/25628160] via 10.98.242.1, 7w0d, FastEthernet1/0/23
D EX     203.52.1.192/27 
           [170/25628160] via 10.98.242.1, 7w0d, FastEthernet1/0/23
      203.52.2.0/28 is subnetted, 1 subnets
D EX     203.52.2.160 [170/25628160] via 10.98.242.1, 7w0d, FastEthernet1/0/23
COLLI-01-SW1#Show inv
NAME: "1", DESCR: "WS-C3750V2-24PS"
PID: WS-C3750V2-24PS-S , VID: V08  , SN: FDO1718Y102

NAME: "GigabitEthernet1/0/1", DESCR: "1000BaseSX SFP"
PID: GLC-SX-MMD          , VID: V01  , SN: FNS171702D9     

NAME: "GigabitEthernet1/0/2", DESCR: "1000BaseSX SFP"
PID: SFP-GE-S            , VID: V01  , SN: FNS15100RCB     


COLLI-01-SW1#exit
