=~=~=~=~=~=~=~=~=~=~=~= PuTTY log 2017.12.22 10:57:05 =~=~=~=~=~=~=~=~=~=~=~=
login as: n039941
CC
 ********************************************************************
 * [WARNING]                                                        *
 *                                                                  *
 * This system belongs to a private organisation. If you are not    *
 * authorised to access this system, exit immediately.              *
 * Unauthorised access to this system is forbidden by company       *
 * policies, national, and international laws.                      *
 * Unauthorised users are subject to criminal and civil penalties   *
 * as well as company initiated disciplinary proceedings.           *
 * By entry into this system you acknowledge that you are           *
 * authorised access and the level of privilege you subsequently    *
 * execute on this system. You further acknowledge that by entry    *
 * into this system you expect no privacy from monitoring.          *
 *                                                                  *
 *        ALL ACCESS TO THIS SYSTEM IS MONITORED AND LOGGED         *
 *                                                                  *
 ********************************************************************
CC
 ********************************************************************
 *             Please enter your username and password.             *
 ********************************************************************
Using keyboard-interactive authentication.
Password: 
CC
 ********************************************************************
 * You are now logged into: WP                                      *
 * All activity is being logged for review by System Administrators *
 ********************************************************************

GERN-02-SW1>en
Password: 
GERN-02-SW1#term len 0
GERN-02-SW1#Show cdp nei
Capability Codes: R - Router, T - Trans Bridge, B - Source Route Bridge
                  S - Switch, H - Host, I - IGMP, r - Repeater, P - Phone, 
                  D - Remote, C - CVTA, M - Two-port Mac Relay 

Device ID        Local Intrfce     Holdtme    Capability  Platform  Port ID
gern-02-ap1.ads.westernpower.com.au
                 Fas 1/0/24        135             T B I  AIR-LAP12 Gig 0
SEP0024C4FD3B2D  Fas 1/0/2         122             H P M  IP Phone  Port 1
SEP0024C4FD3DE2  Fas 1/0/3         156             H P M  IP Phone  Port 1
GERN-01-SW1.ads.westernpower.com.au
                 Gig 1/0/2         143             R S I  WS-C3750X Gig 1/1/2
GERN-01-SW1.ads.westernpower.com.au
                 Gig 1/0/1         143             R S I  WS-C3750X Gig 1/1/1
SEP0024C4FD3C07  Fas 1/0/1         165             H P M  IP Phone  Port 1
ITT07281         Fas 1/0/9         157               H    MSI on Wi Local Area Connection
ITT03915         Fas 1/0/8         122               H    MSI on Wi Local Area Connection
GERN-02-SW1#Show int status

Port      Name               Status       Vlan       Duplex  Speed Type
Fa1/0/1                      connected    401        a-full  a-100 10/100BaseTX
Fa1/0/2                      connected    401        a-full  a-100 10/100BaseTX
Fa1/0/3                      connected    401        a-full  a-100 10/100BaseTX
Fa1/0/4                      notconnect   401          auto   auto 10/100BaseTX
Fa1/0/5                      notconnect   401          auto   auto 10/100BaseTX
Fa1/0/6                      connected    401        a-full  a-100 10/100BaseTX
Fa1/0/7                      notconnect   401          auto   auto 10/100BaseTX
Fa1/0/8                      connected    401        a-full  a-100 10/100BaseTX
Fa1/0/9                      connected    401        a-full  a-100 10/100BaseTX
Fa1/0/10                     notconnect   401          auto   auto 10/100BaseTX
Fa1/0/11                     notconnect   401          auto   auto 10/100BaseTX
Fa1/0/12                     notconnect   401          auto   auto 10/100BaseTX
Fa1/0/13                     notconnect   401          auto   auto 10/100BaseTX
Fa1/0/14                     notconnect   401          auto   auto 10/100BaseTX
Fa1/0/15                     notconnect   401          auto   auto 10/100BaseTX
Fa1/0/16                     notconnect   401          auto   auto 10/100BaseTX
Fa1/0/17                     notconnect   401          auto   auto 10/100BaseTX
Fa1/0/18                     notconnect   401          auto   auto 10/100BaseTX
Fa1/0/19                     notconnect   401          auto   auto 10/100BaseTX
Fa1/0/20                     notconnect   401          auto   auto 10/100BaseTX
Fa1/0/21                     notconnect   401          auto   auto 10/100BaseTX
Fa1/0/22                     notconnect   401          auto   auto 10/100BaseTX
Fa1/0/23                     notconnect   401          auto   auto 10/100BaseTX
Fa1/0/24  gern-02-ap1 AP1252 connected    trunk      a-full  a-100 10/100BaseTX
Gi1/0/1   GERN-01-SW1        connected    routed     a-full a-1000 1000BaseSX SFP
Gi1/0/2   GERN-01-SW1        connected    routed     a-full a-1000 1000BaseSX SFP
GERN-02-SW1#Show ip arp
Protocol  Address          Age (min)  Hardware Addr   Type   Interface
Internet  10.66.65.1              -   e8ed.f3e2.8243  ARPA   Vlan401
Internet  10.66.65.5              0   0800.37c8.0fd9  ARPA   Vlan401
Internet  10.66.65.6              0   c033.5ec9.1f95  ARPA   Vlan401
Internet  10.66.65.9              0   70f3.9517.b5e7  ARPA   Vlan401
Internet  10.66.65.10             1   0024.7e0b.9a46  ARPA   Vlan401
Internet  10.66.65.11           161   c033.5eca.9d60  ARPA   Vlan401
Internet  10.66.97.1              -   e8ed.f3e2.8246  ARPA   Vlan801
Internet  10.66.129.1             -   e8ed.f3e2.8244  ARPA   Vlan501
Internet  10.66.129.4             8   0024.c4fd.3c07  ARPA   Vlan501
Internet  10.66.129.5            38   0024.c4fd.3b2d  ARPA   Vlan501
Internet  10.66.129.6            31   0024.c4fd.3de2  ARPA   Vlan501
Internet  10.66.242.29            2   e4c7.22c3.b6c5  ARPA   GigabitEthernet1/0/1
Internet  10.66.242.30            -   e8ed.f3e2.8241  ARPA   GigabitEthernet1/0/1
Internet  10.66.242.37          194   e4c7.22c3.b6c6  ARPA   GigabitEthernet1/0/2
Internet  10.66.242.38            -   e8ed.f3e2.8242  ARPA   GigabitEthernet1/0/2
Internet  10.66.246.33            -   e8ed.f3e2.8245  ARPA   Vlan800
Internet  10.66.246.34            0   0023.0410.5aca  ARPA   Vlan800
GERN-02-SW1#Show mac add
          Mac Address Table
-------------------------------------------

Vlan    Mac Address       Type        Ports
----    -----------       --------    -----
 All    0100.0ccc.cccc    STATIC      CPU
 All    0100.0ccc.cccd    STATIC      CPU
 All    0180.c200.0000    STATIC      CPU
 All    0180.c200.0001    STATIC      CPU
 All    0180.c200.0002    STATIC      CPU
 All    0180.c200.0003    STATIC      CPU
 All    0180.c200.0004    STATIC      CPU
 All    0180.c200.0005    STATIC      CPU
 All    0180.c200.0006    STATIC      CPU
 All    0180.c200.0007    STATIC      CPU
 All    0180.c200.0008    STATIC      CPU
 All    0180.c200.0009    STATIC      CPU
 All    0180.c200.000a    STATIC      CPU
 All    0180.c200.000b    STATIC      CPU
 All    0180.c200.000c    STATIC      CPU
 All    0180.c200.000d    STATIC      CPU
 All    0180.c200.000e    STATIC      CPU
 All    0180.c200.000f    STATIC      CPU
 All    0180.c200.0010    STATIC      CPU
 All    ffff.ffff.ffff    STATIC      CPU
 401    0024.7e0b.9a46    DYNAMIC     Fa1/0/8
 401    0024.c4fd.3b2d    DYNAMIC     Fa1/0/2
 401    0024.c4fd.3c07    DYNAMIC     Fa1/0/1
 401    0024.c4fd.3de2    DYNAMIC     Fa1/0/3
 401    0800.37c8.0fd9    DYNAMIC     Fa1/0/6
 401    70f3.9517.b5e7    DYNAMIC     Fa1/0/9
 401    c033.5ec9.1f95    DYNAMIC     Fa1/0/1
 501    0024.c4fd.3b2d    DYNAMIC     Fa1/0/2
 501    0024.c4fd.3c07    DYNAMIC     Fa1/0/1
 501    0024.c4fd.3de2    DYNAMIC     Fa1/0/3
 800    0023.0410.5aca    DYNAMIC     Fa1/0/24
Total Mac Addresses for this criterion: 31
GERN-02-SW1#Show int | inc (rops|otoc)
Vlan1 is administratively down, line protocol is down 
  Input queue: 0/75/0/0 (size/max/drops/flushes); Total output drops: 0
     0 unknown protocol drops
Vlan401 is up, line protocol is up 
  Input queue: 0/75/0/0 (size/max/drops/flushes); Total output drops: 0
     0 unknown protocol drops
Vlan501 is up, line protocol is up 
  Input queue: 0/75/0/0 (size/max/drops/flushes); Total output drops: 0
     0 unknown protocol drops
Vlan800 is up, line protocol is up 
  Input queue: 0/75/0/0 (size/max/drops/flushes); Total output drops: 0
     0 unknown protocol drops
Vlan801 is up, line protocol is up 
  Input queue: 0/75/0/0 (size/max/drops/flushes); Total output drops: 0
     0 unknown protocol drops
FastEthernet1/0/1 is up, line protocol is up (connected) 
  Input queue: 0/75/0/0 (size/max/drops/flushes); Total output drops: 24095
     0 unknown protocol drops
FastEthernet1/0/2 is up, line protocol is up (connected) 
  Input queue: 0/75/0/0 (size/max/drops/flushes); Total output drops: 58254
     0 unknown protocol drops
FastEthernet1/0/3 is up, line protocol is up (connected) 
  Input queue: 0/75/0/0 (size/max/drops/flushes); Total output drops: 0
     0 unknown protocol drops
FastEthernet1/0/4 is down, line protocol is down (notconnect) 
  Input queue: 0/75/0/0 (size/max/drops/flushes); Total output drops: 0
     0 unknown protocol drops
FastEthernet1/0/5 is down, line protocol is down (notconnect) 
  Input queue: 0/75/0/0 (size/max/drops/flushes); Total output drops: 0
     0 unknown protocol drops
FastEthernet1/0/6 is up, line protocol is up (connected) 
  Input queue: 0/75/0/0 (size/max/drops/flushes); Total output drops: 0
     0 unknown protocol drops
FastEthernet1/0/7 is down, line protocol is down (notconnect) 
  Input queue: 0/75/0/0 (size/max/drops/flushes); Total output drops: 0
     0 unknown protocol drops
FastEthernet1/0/8 is up, line protocol is up (connected) 
  Input queue: 0/75/0/0 (size/max/drops/flushes); Total output drops: 75239
     0 unknown protocol drops
FastEthernet1/0/9 is up, line protocol is up (connected) 
  Input queue: 0/75/0/0 (size/max/drops/flushes); Total output drops: 97260
     0 unknown protocol drops
FastEthernet1/0/10 is down, line protocol is down (notconnect) 
  Input queue: 0/75/0/0 (size/max/drops/flushes); Total output drops: 0
     0 unknown protocol drops
FastEthernet1/0/11 is down, line protocol is down (notconnect) 
  Input queue: 0/75/0/0 (size/max/drops/flushes); Total output drops: 0
     0 unknown protocol drops
FastEthernet1/0/12 is down, line protocol is down (notconnect) 
  Input queue: 0/75/0/0 (size/max/drops/flushes); Total output drops: 0
     0 unknown protocol drops
FastEthernet1/0/13 is down, line protocol is down (notconnect) 
  Input queue: 0/75/0/0 (size/max/drops/flushes); Total output drops: 0
     0 unknown protocol drops
FastEthernet1/0/14 is down, line protocol is down (notconnect) 
  Input queue: 0/75/0/0 (size/max/drops/flushes); Total output drops: 0
     0 unknown protocol drops
FastEthernet1/0/15 is down, line protocol is down (notconnect) 
  Input queue: 0/75/0/0 (size/max/drops/flushes); Total output drops: 0
     0 unknown protocol drops
FastEthernet1/0/16 is down, line protocol is down (notconnect) 
  Input queue: 0/75/0/0 (size/max/drops/flushes); Total output drops: 0
     0 unknown protocol drops
FastEthernet1/0/17 is down, line protocol is down (notconnect) 
  Input queue: 0/75/0/0 (size/max/drops/flushes); Total output drops: 0
     0 unknown protocol drops
FastEthernet1/0/18 is down, line protocol is down (notconnect) 
  Input queue: 0/75/0/0 (size/max/drops/flushes); Total output drops: 0
     0 unknown protocol drops
FastEthernet1/0/19 is down, line protocol is down (notconnect) 
  Input queue: 0/75/0/0 (size/max/drops/flushes); Total output drops: 0
     0 unknown protocol drops
FastEthernet1/0/20 is down, line protocol is down (notconnect) 
  Input queue: 0/75/0/0 (size/max/drops/flushes); Total output drops: 0
     0 unknown protocol drops
FastEthernet1/0/21 is down, line protocol is down (notconnect) 
  Input queue: 0/75/0/0 (size/max/drops/flushes); Total output drops: 0
     0 unknown protocol drops
FastEthernet1/0/22 is down, line protocol is down (notconnect) 
  Input queue: 0/75/0/0 (size/max/drops/flushes); Total output drops: 0
     0 unknown protocol drops
FastEthernet1/0/23 is down, line protocol is down (notconnect) 
  Input queue: 0/75/0/0 (size/max/drops/flushes); Total output drops: 0
     0 unknown protocol drops
FastEthernet1/0/24 is up, line protocol is up (connected) 
  Input queue: 0/75/0/0 (size/max/drops/flushes); Total output drops: 0
     0 unknown protocol drops
GigabitEthernet1/0/1 is up, line protocol is up (connected) 
  Input queue: 0/75/0/0 (size/max/drops/flushes); Total output drops: 0
     0 unknown protocol drops
GigabitEthernet1/0/2 is up, line protocol is up (connected) 
  Input queue: 0/75/0/0 (size/max/drops/flushes); Total output drops: 0
     0 unknown protocol drops
Loopback1 is up, line protocol is up 
  Input queue: 0/75/0/0 (size/max/drops/flushes); Total output drops: 0
     0 unknown protocol drops
GERN-02-SW1#Show run
Building configuration...

Current configuration : 20572 bytes
!
! Last configuration change at 16:56:06 WST Thu Dec 14 2017 by n040303
! NVRAM config last updated at 16:56:10 WST Thu Dec 14 2017 by n040303
!
version 15.0
no service pad
service tcp-keepalives-in
service tcp-keepalives-out
service timestamps debug datetime msec localtime show-timezone
service timestamps log datetime msec localtime show-timezone
service password-encryption
!
hostname GERN-02-SW1
!
boot-start-marker
boot-end-marker
!
logging buffered 64000
enable secret 4 26Y5WbmBWDgWHIvNLDC6rcFPZFfZmn/Bmjb2/s10MhI
!
username westernpower privilege 15 secret 4 26Y5WbmBWDgWHIvNLDC6rcFPZFfZmn/Bmjb2/s10MhI
aaa new-model
!
!
aaa authentication banner ^CCC
 ********************************************************************
 *             Please enter your username and password.             *
 ********************************************************************
^C
aaa authentication fail-message ^CCC
 ********************************************************************
 *      The supplied Username and/or Password is not valid.         *
 *  This failed login attempt has been recorded for audit purposes. *
 ********************************************************************
^C
aaa authentication login default group radius enable
aaa authentication login console enable
aaa authorization exec default if-authenticated 
aaa accounting send stop-record authentication failure
aaa accounting exec default start-stop group radius
!
!
!
!
!
!
aaa session-id common
clock timezone WST 8 0
switch 1 provision ws-c3750v2-24ps
system mtu routing 1500
vtp domain GERN
vtp mode transparent
udld enable

ip routing
no ip domain-lookup
ip domain-name ads.westernpower.com.au
!
!
ip dhcp snooping vlan 1,401,501
no ip dhcp snooping information option
ip dhcp snooping
ip multicast-routing distributed
login on-failure log
login on-success log
!
mls qos map policed-dscp  0 10 18 24 46 to 8
mls qos map cos-dscp 0 8 16 24 32 46 48 56
mls qos srr-queue input bandwidth 70 30
mls qos srr-queue input threshold 1 80 90
mls qos srr-queue input priority-queue 2 bandwidth 30
mls qos srr-queue input cos-map queue 1 threshold 2 3
mls qos srr-queue input cos-map queue 1 threshold 3 6 7
mls qos srr-queue input cos-map queue 2 threshold 1 4
mls qos srr-queue input dscp-map queue 1 threshold 2 24
mls qos srr-queue input dscp-map queue 1 threshold 3 48 49 50 51 52 53 54 55
mls qos srr-queue input dscp-map queue 1 threshold 3 56 57 58 59 60 61 62 63
mls qos srr-queue input dscp-map queue 2 threshold 3 32 33 40 41 42 43 44 45
mls qos srr-queue input dscp-map queue 2 threshold 3 46 47
mls qos srr-queue output cos-map queue 1 threshold 3 4 5
mls qos srr-queue output cos-map queue 2 threshold 1 2
mls qos srr-queue output cos-map queue 2 threshold 2 3
mls qos srr-queue output cos-map queue 2 threshold 3 6 7
mls qos srr-queue output cos-map queue 3 threshold 3 0
mls qos srr-queue output cos-map queue 4 threshold 3 1
mls qos srr-queue output dscp-map queue 1 threshold 3 32 33 40 41 42 43 44 45
mls qos srr-queue output dscp-map queue 1 threshold 3 46 47
mls qos srr-queue output dscp-map queue 2 threshold 1 16 17 18 19 20 21 22 23
mls qos srr-queue output dscp-map queue 2 threshold 1 26 27 28 29 30 31 34 35
mls qos srr-queue output dscp-map queue 2 threshold 1 36 37 38 39
mls qos srr-queue output dscp-map queue 2 threshold 2 24
mls qos srr-queue output dscp-map queue 2 threshold 3 48 49 50 51 52 53 54 55
mls qos srr-queue output dscp-map queue 2 threshold 3 56 57 58 59 60 61 62 63
mls qos srr-queue output dscp-map queue 3 threshold 3 0 1 2 3 4 5 6 7
mls qos srr-queue output dscp-map queue 4 threshold 1 8 9 11 13 15
mls qos srr-queue output dscp-map queue 4 threshold 2 10 12 14
mls qos queue-set output 1 threshold 1 100 100 50 200
mls qos queue-set output 1 threshold 2 125 125 100 400
mls qos queue-set output 1 threshold 3 100 100 100 400
mls qos queue-set output 1 threshold 4 60 150 50 200
mls qos queue-set output 1 buffers 15 25 40 20
mls qos
!
crypto pki trustpoint TP-self-signed-4091707904
 enrollment selfsigned
 subject-name cn=IOS-Self-Signed-Certificate-4091707904
 revocation-check none
 rsakeypair TP-self-signed-4091707904
!
!
crypto pki certificate chain TP-self-signed-4091707904
 certificate self-signed 01
  3082023E 308201A7 A0030201 02020101 300D0609 2A864886 F70D0101 04050030 
  31312F30 2D060355 04031326 494F532D 53656C66 2D536967 6E65642D 43657274 
  69666963 6174652D 34303931 37303739 3034301E 170D3933 30333031 30303032 
  31325A17 0D323030 31303130 30303030 305A3031 312F302D 06035504 03132649 
  4F532D53 656C662D 5369676E 65642D43 65727469 66696361 74652D34 30393137 
  30373930 3430819F 300D0609 2A864886 F70D0101 01050003 818D0030 81890281 
  8100B645 5F4726DC FF136254 4D268777 BB672D38 1A757B69 1A7FFA03 67940BA1 
  87505CD3 C82D2E6D 74197BE2 9FAE2820 E22A568A 5BE57BB0 66A5F016 FEA86E5C 
  B45E7B65 55F39244 502C832B 10DECE2A 3E07D1B4 DE4F29B6 2AAF96A7 93777FF7 
  C91AF30E 9936BA67 D2AF5EF2 ED88E1F0 9639D2C6 21138B80 86B0904C 3CD0DC6F 
  58730203 010001A3 66306430 0F060355 1D130101 FF040530 030101FF 30110603 
  551D1104 0A300882 06537769 74636830 1F060355 1D230418 30168014 EE9CD6DD 
  5E9DE129 DCF6E95C 75F6C205 1C3D0296 301D0603 551D0E04 160414EE 9CD6DD5E 
  9DE129DC F6E95C75 F6C2051C 3D029630 0D06092A 864886F7 0D010104 05000381 
  81004C4F CE43C09D BDCB82EA D3321B47 9093C1FF EBD2707E 5C14C1CD E47AF032 
  FC0AEA7B A5FE0A06 7CB7F1C1 9FC1D247 9E47B3A5 31E2F5DB 828A6EEE AB66E5E6 
  FD87BB85 B480AA49 AD0979E6 8353D6AE 1DA79979 A03D247B 24CE38DB B18C26A0 
  35FAB71D 03B2497F 23C5A1F6 3D11974C FDCFB6D4 7AB74CBE E8FFF927 BBD1D627 2CFB
  	quit
!
!
!
!
!
errdisable recovery cause udld
errdisable recovery interval 60
!
spanning-tree mode rapid-pvst
spanning-tree portfast bpduguard default
spanning-tree extend system-id
!
vlan internal allocation policy ascending
!
vlan 401
 name USER_DATA_VLAN
!
vlan 501
 name USER_VOICE_VLAN
!
vlan 800
 name WLAN_AP_Management
!
vlan 801
 name WLAN_Corp_Clients
!
ip telnet source-interface Loopback1
ip ssh version 2
!
class-map match-all AUTOQOS_VOIP_DATA_CLASS
  match ip dscp ef 
class-map match-all AUTOQOS_DEFAULT_CLASS
  match access-group name AUTOQOS-ACL-DEFAULT
class-map match-all AUTOQOS_VOIP_SIGNAL_CLASS
  match ip dscp cs3 
!
policy-map AUTOQOS-SRND4-CISCOPHONE-POLICY
 class AUTOQOS_VOIP_DATA_CLASS
   set dscp ef
  police 128000 8000 exceed-action policed-dscp-transmit
 class AUTOQOS_VOIP_SIGNAL_CLASS
   set dscp cs3
  police 32000 8000 exceed-action policed-dscp-transmit
 class AUTOQOS_DEFAULT_CLASS
   set dscp default
  police 10000000 8000 exceed-action policed-dscp-transmit
!
!
! 
!
!
!
!
!
!
!
!
!
!
!
interface Loopback1
 description T1 management interface
 ip address 10.66.240.9 255.255.255.255
!
interface FastEthernet1/0/1
 switchport access vlan 401
 switchport mode access
 switchport voice vlan 501
 srr-queue bandwidth share 1 30 35 5
 priority-queue out 
 mls qos trust device cisco-phone
 mls qos trust cos
 auto qos voip cisco-phone 
 spanning-tree portfast
 service-policy input AUTOQOS-SRND4-CISCOPHONE-POLICY
 ip dhcp snooping limit rate 20
!
interface FastEthernet1/0/2
 switchport access vlan 401
 switchport mode access
 switchport voice vlan 501
 srr-queue bandwidth share 1 30 35 5
 priority-queue out 
 mls qos trust device cisco-phone
 mls qos trust cos
 auto qos voip cisco-phone 
 spanning-tree portfast
 service-policy input AUTOQOS-SRND4-CISCOPHONE-POLICY
 ip dhcp snooping limit rate 20
!
interface FastEthernet1/0/3
 switchport access vlan 401
 switchport mode access
 switchport voice vlan 501
 srr-queue bandwidth share 1 30 35 5
 priority-queue out 
 mls qos trust device cisco-phone
 mls qos trust cos
 auto qos voip cisco-phone 
 spanning-tree portfast
 service-policy input AUTOQOS-SRND4-CISCOPHONE-POLICY
 ip dhcp snooping limit rate 20
!
interface FastEthernet1/0/4
 switchport access vlan 401
 switchport mode access
 switchport voice vlan 501
 srr-queue bandwidth share 1 30 35 5
 priority-queue out 
 mls qos trust device cisco-phone
 mls qos trust cos
 auto qos voip cisco-phone 
 spanning-tree portfast
 service-policy input AUTOQOS-SRND4-CISCOPHONE-POLICY
 ip dhcp snooping limit rate 20
!
interface FastEthernet1/0/5
 switchport access vlan 401
 switchport mode access
 switchport voice vlan 501
 srr-queue bandwidth share 1 30 35 5
 priority-queue out 
 mls qos trust device cisco-phone
 mls qos trust cos
 auto qos voip cisco-phone 
 spanning-tree portfast
 service-policy input AUTOQOS-SRND4-CISCOPHONE-POLICY
 ip dhcp snooping limit rate 20
!
interface FastEthernet1/0/6
 switchport access vlan 401
 switchport mode access
 switchport voice vlan 501
 srr-queue bandwidth share 1 30 35 5
 priority-queue out 
 mls qos trust device cisco-phone
 mls qos trust cos
 auto qos voip cisco-phone 
 spanning-tree portfast
 service-policy input AUTOQOS-SRND4-CISCOPHONE-POLICY
 ip dhcp snooping limit rate 20
!
interface FastEthernet1/0/7
 switchport access vlan 401
 switchport mode access
 switchport voice vlan 501
 srr-queue bandwidth share 1 30 35 5
 priority-queue out 
 mls qos trust device cisco-phone
 mls qos trust cos
 auto qos voip cisco-phone 
 spanning-tree portfast
 service-policy input AUTOQOS-SRND4-CISCOPHONE-POLICY
 ip dhcp snooping limit rate 20
!
interface FastEthernet1/0/8
 switchport access vlan 401
 switchport mode access
 switchport voice vlan 501
 srr-queue bandwidth share 1 30 35 5
 priority-queue out 
 mls qos trust device cisco-phone
 mls qos trust cos
 auto qos voip cisco-phone 
 spanning-tree portfast
 service-policy input AUTOQOS-SRND4-CISCOPHONE-POLICY
 ip dhcp snooping limit rate 20
!
interface FastEthernet1/0/9
 switchport access vlan 401
 switchport mode access
 switchport voice vlan 501
 srr-queue bandwidth share 1 30 35 5
 priority-queue out 
 mls qos trust device cisco-phone
 mls qos trust cos
 auto qos voip cisco-phone 
 spanning-tree portfast
 service-policy input AUTOQOS-SRND4-CISCOPHONE-POLICY
 ip dhcp snooping limit rate 20
!
interface FastEthernet1/0/10
 switchport access vlan 401
 switchport mode access
 switchport voice vlan 501
 srr-queue bandwidth share 1 30 35 5
 priority-queue out 
 mls qos trust device cisco-phone
 mls qos trust cos
 auto qos voip cisco-phone 
 spanning-tree portfast
 service-policy input AUTOQOS-SRND4-CISCOPHONE-POLICY
 ip dhcp snooping limit rate 20
!
interface FastEthernet1/0/11
 switchport access vlan 401
 switchport mode access
 switchport voice vlan 501
 srr-queue bandwidth share 1 30 35 5
 priority-queue out 
 mls qos trust device cisco-phone
 mls qos trust cos
 auto qos voip cisco-phone 
 spanning-tree portfast
 service-policy input AUTOQOS-SRND4-CISCOPHONE-POLICY
 ip dhcp snooping limit rate 20
!
interface FastEthernet1/0/12
 switchport access vlan 401
 switchport mode access
 switchport voice vlan 501
 srr-queue bandwidth share 1 30 35 5
 priority-queue out 
 mls qos trust device cisco-phone
 mls qos trust cos
 auto qos voip cisco-phone 
 spanning-tree portfast
 service-policy input AUTOQOS-SRND4-CISCOPHONE-POLICY
 ip dhcp snooping limit rate 20
!
interface FastEthernet1/0/13
 switchport access vlan 401
 switchport mode access
 switchport voice vlan 501
 srr-queue bandwidth share 1 30 35 5
 priority-queue out 
 mls qos trust device cisco-phone
 mls qos trust cos
 auto qos voip cisco-phone 
 spanning-tree portfast
 service-policy input AUTOQOS-SRND4-CISCOPHONE-POLICY
 ip dhcp snooping limit rate 20
!
interface FastEthernet1/0/14
 switchport access vlan 401
 switchport mode access
 switchport voice vlan 501
 srr-queue bandwidth share 1 30 35 5
 priority-queue out 
 mls qos trust device cisco-phone
 mls qos trust cos
 auto qos voip cisco-phone 
 spanning-tree portfast
 service-policy input AUTOQOS-SRND4-CISCOPHONE-POLICY
 ip dhcp snooping limit rate 20
!
interface FastEthernet1/0/15
 switchport access vlan 401
 switchport mode access
 switchport voice vlan 501
 srr-queue bandwidth share 1 30 35 5
 priority-queue out 
 mls qos trust device cisco-phone
 mls qos trust cos
 auto qos voip cisco-phone 
 spanning-tree portfast
 service-policy input AUTOQOS-SRND4-CISCOPHONE-POLICY
 ip dhcp snooping limit rate 20
!
interface FastEthernet1/0/16
 switchport access vlan 401
 switchport mode access
 switchport voice vlan 501
 srr-queue bandwidth share 1 30 35 5
 priority-queue out 
 mls qos trust device cisco-phone
 mls qos trust cos
 auto qos voip cisco-phone 
 spanning-tree portfast
 service-policy input AUTOQOS-SRND4-CISCOPHONE-POLICY
 ip dhcp snooping limit rate 20
!
interface FastEthernet1/0/17
 switchport access vlan 401
 switchport mode access
 switchport voice vlan 501
 srr-queue bandwidth share 1 30 35 5
 priority-queue out 
 mls qos trust device cisco-phone
 mls qos trust cos
 auto qos voip cisco-phone 
 spanning-tree portfast
 service-policy input AUTOQOS-SRND4-CISCOPHONE-POLICY
 ip dhcp snooping limit rate 20
!
interface FastEthernet1/0/18
 switchport access vlan 401
 switchport mode access
 switchport voice vlan 501
 srr-queue bandwidth share 1 30 35 5
 priority-queue out 
 mls qos trust device cisco-phone
 mls qos trust cos
 auto qos voip cisco-phone 
 spanning-tree portfast
 service-policy input AUTOQOS-SRND4-CISCOPHONE-POLICY
 ip dhcp snooping limit rate 20
!
interface FastEthernet1/0/19
 switchport access vlan 401
 switchport mode access
 switchport voice vlan 501
 srr-queue bandwidth share 1 30 35 5
 priority-queue out 
 mls qos trust device cisco-phone
 mls qos trust cos
 auto qos voip cisco-phone 
 spanning-tree portfast
 service-policy input AUTOQOS-SRND4-CISCOPHONE-POLICY
 ip dhcp snooping limit rate 20
!
interface FastEthernet1/0/20
 switchport access vlan 401
 switchport mode access
 switchport voice vlan 501
 srr-queue bandwidth share 1 30 35 5
 priority-queue out 
 mls qos trust device cisco-phone
 mls qos trust cos
 auto qos voip cisco-phone 
 spanning-tree portfast
 service-policy input AUTOQOS-SRND4-CISCOPHONE-POLICY
 ip dhcp snooping limit rate 20
!
interface FastEthernet1/0/21
 switchport access vlan 401
 switchport mode access
 switchport voice vlan 501
 srr-queue bandwidth share 1 30 35 5
 priority-queue out 
 mls qos trust device cisco-phone
 mls qos trust cos
 auto qos voip cisco-phone 
 spanning-tree portfast
 service-policy input AUTOQOS-SRND4-CISCOPHONE-POLICY
 ip dhcp snooping limit rate 20
!
interface FastEthernet1/0/22
 switchport access vlan 401
 switchport mode access
 switchport voice vlan 501
 srr-queue bandwidth share 1 30 35 5
 priority-queue out 
 mls qos trust device cisco-phone
 mls qos trust cos
 auto qos voip cisco-phone 
 spanning-tree portfast
 service-policy input AUTOQOS-SRND4-CISCOPHONE-POLICY
 ip dhcp snooping limit rate 20
!
interface FastEthernet1/0/23
 switchport access vlan 401
 switchport mode access
 switchport voice vlan 501
 srr-queue bandwidth share 1 30 35 5
 priority-queue out 
 mls qos trust device cisco-phone
 mls qos trust cos
 auto qos voip cisco-phone 
 spanning-tree portfast
 service-policy input AUTOQOS-SRND4-CISCOPHONE-POLICY
 ip dhcp snooping limit rate 20
!
interface FastEthernet1/0/24
 description gern-02-ap1 AP1252
 switchport trunk encapsulation dot1q
 switchport trunk native vlan 800
 switchport trunk allowed vlan 800,801
 switchport mode trunk
!
interface GigabitEthernet1/0/1
 description GERN-01-SW1
 no switchport
 ip address 10.66.242.30 255.255.255.252
 ip hello-interval eigrp 66 1
 ip hold-time eigrp 66 3
 ip pim sparse-mode
!
interface GigabitEthernet1/0/2
 description GERN-01-SW1
 no switchport
 ip address 10.66.242.38 255.255.255.252
 ip hello-interval eigrp 66 1
 ip hold-time eigrp 66 3
 ip pim sparse-mode
!
interface Vlan1
 no ip address
 shutdown
!
interface Vlan401
 description T2 data
 ip address 10.66.65.1 255.255.255.0
 ip helper-address 10.66.0.5
 ip helper-address 10.66.0.19
 ip helper-address 10.66.0.20
 ip directed-broadcast 5
!
interface Vlan501
 description T2 voice
 ip address 10.66.129.1 255.255.255.0
 ip helper-address 10.66.0.5
!
interface Vlan800
 description gern-wlan-ap-management
 ip address 10.66.246.33 255.255.255.224
 ip helper-address 10.66.0.5
 ip helper-address 10.19.0.108
 ip helper-address 10.19.0.109
!
interface Vlan801
 description gern-wlan-corporate-clients
 ip address 10.66.97.1 255.255.255.0
 ip helper-address 10.66.0.5
 ip helper-address 10.19.0.108
 ip helper-address 10.19.0.109
!
!
router eigrp 66
 network 10.0.0.0
 passive-interface default
 no passive-interface GigabitEthernet1/0/1
 no passive-interface GigabitEthernet1/0/2
 eigrp router-id 10.66.240.9
 eigrp stub connected summary
!
no ip http server
no ip http secure-server
!
ip pim rp-address 10.66.240.24
!
ip access-list standard APIC_EM
 remark --- APIC-EM Appliance ---
 permit 10.25.253.10
 deny   any
ip access-list standard NSG_TELNET_SSH
 permit 146.195.81.24
 remark --- Nimsoft/CatTools Server Natted IP ---
 permit 146.195.81.25
 remark --- Nimsoft/CatTools Server ---
 permit 10.19.7.62
 remark --- HO Jumphost ---
 permit 172.30.0.10
 remark --- APIC EM - Controller ---
 permit 10.25.253.10
 permit 10.19.12.234
 remark --- Twister - OLD and NEW IP ---
 permit 146.195.135.0 0.0.0.127
 remark --- IT Subnet on Lvl2E ---
 permit 10.19.60.0 0.0.0.255
 remark --- SEAL WAN Subnet ---
 permit 10.250.250.0 0.0.0.255
 remark --- GWIP HO WAN Subnet ---
 permit 10.19.250.0 0.0.0.7
 remark --- Management Loopback subnet ---
 permit 10.0.240.0 0.255.0.255
 remark --- Empired Management Subnet ---
 permit 172.30.160.0 0.0.0.15
 remark --- Deny Anything Else ---
 deny   any log
ip access-list standard RO_SNMP
 remark --- Solarwinds Syslog Server ---
 permit 10.19.7.46
 remark --- Empired Management Subnet ---
 permit 172.30.160.0 0.0.0.255
 remark --- IT Subnet on Lvl2E ---
 permit 10.19.60.0 0.0.0.255
 deny   any
ip access-list standard RW_SNMP
 remark ---allow NNMi---
 permit 172.30.160.10
 deny   any
!
ip access-list extended AUTOQOS-ACL-DEFAULT
 permit ip any any
!
ip radius source-interface Loopback1 
logging trap debugging
logging source-interface Loopback1
logging host 10.19.7.46
logging host 172.30.160.11
logging host 172.30.160.10
logging host 172.30.161.10
access-list 5 permit 10.19.1.17 log
access-list 5 remark CSC Zetta - Allow Remote wakeup PC's
access-list 5 permit 10.19.7.49 log
access-list 5 permit 10.19.1.138 log
access-list 5 permit 10.19.1.134 log
snmp-server community eb6cIzuB RO RO_SNMP
snmp-server community Sp7ZyvwQ RW RW_SNMP
snmp-server community fc7cJzuC RO APIC_EM
snmp-server community gd8cKzuD RW APIC_EM
snmp-server location GERN T2
snmp-server contact Western Power IT Network
snmp ifmib ifindex persist
!
radius-server host 10.19.1.113
radius-server host 10.21.0.24
radius-server key 7 041A3E015E2E6962281A25222C003F0A737C07003A2211120C3E19286178755177370D0D3C730E057D5D6D45127B0C3672143625040E7E1B0402336A5E4A3D0400
radius-server load-balance method least-outstanding
!
!
banner exec ^CCC
 ********************************************************************
 * You are now logged into: WP                                      *
 * All activity is being logged for review by System Administrators *
 ********************************************************************
^C
banner login ^CCC
 ********************************************************************
 * [WARNING]                                                        *
 *                                                                  *
 * This system belongs to a private organisation. If you are not    *
 * authorised to access this system, exit immediately.              *
 * Unauthorised access to this system is forbidden by company       *
 * policies, national, and international laws.                      *
 * Unauthorised users are subject to criminal and civil penalties   *
 * as well as company initiated disciplinary proceedings.           *
 * By entry into this system you acknowledge that you are           *
 * authorised access and the level of privilege you subsequently    *
 * execute on this system. You further acknowledge that by entry    *
 * into this system you expect no privacy from monitoring.          *
 *                                                                  *
 *        ALL ACCESS TO THIS SYSTEM IS MONITORED AND LOGGED         *
 *                                                                  *
 ********************************************************************
^C
!
line con 0
 logging synchronous
line vty 0 4
 access-class NSG_TELNET_SSH in
 exec-timeout 15 0
 logging synchronous
 length 0
 transport input ssh
line vty 5 15
 access-class NSG_TELNET_SSH in
 exec-timeout 15 0
 logging synchronous
 transport input ssh
!
ntp server 146.195.128.175
end

GERN-02-SW1#Show ver
Cisco IOS Software, C3750 Software (C3750-IPBASEK9-M), Version 15.0(2)SE10, RELEASE SOFTWARE (fc2)
Technical Support: http://www.cisco.com/techsupport
Copyright (c) 1986-2016 by Cisco Systems, Inc.
Compiled Mon 18-Jul-16 02:11 by prod_rel_team

ROM: Bootstrap program is C3750 boot loader
BOOTLDR: C3750 Boot Loader (C3750-HBOOT-M) Version 12.2(53r)SEY4, RELEASE SOFTWARE (fc1)

GERN-02-SW1 uptime is 14 weeks, 2 days, 44 minutes
System returned to ROM by power-on
System restarted at 10:12:36 WST Wed Sep 13 2017
System image file is "flash:/c3750-ipbasek9-mz.150-2.SE10.bin"


This product contains cryptographic features and is subject to United
States and local country laws governing import, export, transfer and
use. Delivery of Cisco cryptographic products does not imply
third-party authority to import, export, distribute or use encryption.
Importers, exporters, distributors and users are responsible for
compliance with U.S. and local country laws. By using this product you
agree to comply with applicable laws and regulations. If you are unable
to comply with U.S. and local laws, return this product immediately.

A summary of U.S. laws governing Cisco cryptographic products may be found at:
http://www.cisco.com/wwl/export/crypto/tool/stqrg.html

If you require further assistance please contact us by sending email to
export@cisco.com.

cisco WS-C3750V2-24PS (PowerPC405) processor (revision S0) with 131072K bytes of memory.
Processor board ID FDO1736Y0V8
Last reset from power-on
5 Virtual Ethernet interfaces
24 FastEthernet interfaces
2 Gigabit Ethernet interfaces
The password-recovery mechanism is enabled.

512K bytes of flash-simulated non-volatile configuration memory.
Base ethernet MAC Address       : E8:ED:F3:E2:82:00
Motherboard assembly number     : 73-12633-01
Power supply part number        : 341-0266-03
Motherboard serial number       : FDO1736063P
Power supply serial number      : LIT17300AMJ
Model revision number           : S0
Motherboard revision number     : G0
Model number                    : WS-C3750V2-24PS-S
System serial number            : FDO1736Y0V8
Top Assembly Part Number        : 800-33158-03
Top Assembly Revision Number    : C0
Version ID                      : V08
CLEI Code Number                : CMMEE00BRB
Hardware Board Revision Number  : 0x02


Switch Ports Model              SW Version            SW Image                 
------ ----- -----              ----------            ----------               
*    1 26    WS-C3750V2-24PS    15.0(2)SE10           C3750-IPBASEK9-M         


Configuration register is 0xF

GERN-02-SW1#Show ip route
Codes: L - local, C - connected, S - static, R - RIP, M - mobile, B - BGP
       D - EIGRP, EX - EIGRP external, O - OSPF, IA - OSPF inter area 
       N1 - OSPF NSSA external type 1, N2 - OSPF NSSA external type 2
       E1 - OSPF external type 1, E2 - OSPF external type 2
       i - IS-IS, su - IS-IS summary, L1 - IS-IS level-1, L2 - IS-IS level-2
       ia - IS-IS inter area, * - candidate default, U - per-user static route
       o - ODR, P - periodic downloaded static route, H - NHRP, l - LISP
       + - replicated route, % - next hop override

Gateway of last resort is 10.66.242.37 to network 0.0.0.0

D*EX  0.0.0.0/0 [170/2563072] via 10.66.242.37, 5w3d, GigabitEthernet1/0/2
                [170/2563072] via 10.66.242.29, 5w3d, GigabitEthernet1/0/1
      10.0.0.0/8 is variably subnetted, 162 subnets, 9 masks
D EX     10.18.250.0/29 
           [170/25603072] via 10.66.242.37, 7w0d, GigabitEthernet1/0/2
           [170/25603072] via 10.66.242.29, 7w0d, GigabitEthernet1/0/1
D EX     10.19.0.0/16 
           [170/2563072] via 10.66.242.37, 7w0d, GigabitEthernet1/0/2
           [170/2563072] via 10.66.242.29, 7w0d, GigabitEthernet1/0/1
D EX     10.19.240.1/32 
           [170/2563072] via 10.66.242.37, 7w0d, GigabitEthernet1/0/2
           [170/2563072] via 10.66.242.29, 7w0d, GigabitEthernet1/0/1
D EX     10.19.250.0/29 
           [170/25603072] via 10.66.242.37, 7w0d, GigabitEthernet1/0/2
           [170/25603072] via 10.66.242.29, 7w0d, GigabitEthernet1/0/1
D EX     10.21.240.1/32 
           [170/5123072] via 10.66.242.37, 5w3d, GigabitEthernet1/0/2
           [170/5123072] via 10.66.242.29, 5w3d, GigabitEthernet1/0/1
D EX     10.21.250.0/29 
           [170/25603072] via 10.66.242.37, 5w3d, GigabitEthernet1/0/2
           [170/25603072] via 10.66.242.29, 5w3d, GigabitEthernet1/0/1
D EX     10.25.243.136/30 
           [170/25603072] via 10.66.242.37, 2w5d, GigabitEthernet1/0/2
           [170/25603072] via 10.66.242.29, 2w5d, GigabitEthernet1/0/1
D EX     10.25.252.0/28 
           [170/25603072] via 10.66.242.37, 2w5d, GigabitEthernet1/0/2
           [170/25603072] via 10.66.242.29, 2w5d, GigabitEthernet1/0/1
D EX     10.65.0.0/16 
           [170/25603072] via 10.66.242.37, 2w5d, GigabitEthernet1/0/2
           [170/25603072] via 10.66.242.29, 2w5d, GigabitEthernet1/0/1
D EX     10.65.243.136/30 
           [170/2563072] via 10.66.242.37, 7w0d, GigabitEthernet1/0/2
           [170/2563072] via 10.66.242.29, 7w0d, GigabitEthernet1/0/1
D EX     10.65.250.0/29 
           [170/25603072] via 10.66.242.37, 7w0d, GigabitEthernet1/0/2
           [170/25603072] via 10.66.242.29, 7w0d, GigabitEthernet1/0/1
D EX     10.65.252.0/28 
           [170/2563072] via 10.66.242.37, 7w0d, GigabitEthernet1/0/2
           [170/2563072] via 10.66.242.29, 7w0d, GigabitEthernet1/0/1
D EX     10.66.0.0/16 
           [170/25603072] via 10.66.242.37, 3d23h, GigabitEthernet1/0/2
           [170/25603072] via 10.66.242.29, 3d23h, GigabitEthernet1/0/1
D        10.66.0.0/24 [90/3072] via 10.66.242.37, 7w0d, GigabitEthernet1/0/2
                      [90/3072] via 10.66.242.29, 7w0d, GigabitEthernet1/0/1
D        10.66.6.0/24 [90/3072] via 10.66.242.37, 7w0d, GigabitEthernet1/0/2
                      [90/3072] via 10.66.242.29, 7w0d, GigabitEthernet1/0/1
D        10.66.7.0/24 [90/3072] via 10.66.242.37, 7w0d, GigabitEthernet1/0/2
                      [90/3072] via 10.66.242.29, 7w0d, GigabitEthernet1/0/1
D        10.66.24.0/24 [90/3072] via 10.66.242.37, 7w0d, GigabitEthernet1/0/2
                       [90/3072] via 10.66.242.29, 7w0d, GigabitEthernet1/0/1
D        10.66.64.0/24 [90/3328] via 10.66.242.37, 7w0d, GigabitEthernet1/0/2
                       [90/3328] via 10.66.242.29, 7w0d, GigabitEthernet1/0/1
C        10.66.65.0/24 is directly connected, Vlan401
L        10.66.65.1/32 is directly connected, Vlan401
D        10.66.96.0/24 [90/3072] via 10.66.242.37, 6w1d, GigabitEthernet1/0/2
                       [90/3072] via 10.66.242.29, 6w1d, GigabitEthernet1/0/1
C        10.66.97.0/24 is directly connected, Vlan801
L        10.66.97.1/32 is directly connected, Vlan801
D        10.66.128.0/24 [90/3328] via 10.66.242.37, 7w0d, GigabitEthernet1/0/2
                        [90/3328] via 10.66.242.29, 7w0d, GigabitEthernet1/0/1
C        10.66.129.0/24 is directly connected, Vlan501
L        10.66.129.1/32 is directly connected, Vlan501
D        10.66.224.0/24 [90/3072] via 10.66.242.37, 1w5d, GigabitEthernet1/0/2
                        [90/3072] via 10.66.242.29, 1w5d, GigabitEthernet1/0/1
D        10.66.240.1/32 
           [90/131072] via 10.66.242.37, 7w0d, GigabitEthernet1/0/2
           [90/131072] via 10.66.242.29, 7w0d, GigabitEthernet1/0/1
D        10.66.240.5/32 
           [90/130816] via 10.66.242.37, 7w0d, GigabitEthernet1/0/2
           [90/130816] via 10.66.242.29, 7w0d, GigabitEthernet1/0/1
D        10.66.240.7/32 
           [90/156416] via 10.66.242.37, 7w0d, GigabitEthernet1/0/2
           [90/156416] via 10.66.242.29, 7w0d, GigabitEthernet1/0/1
D        10.66.240.8/32 
           [90/131072] via 10.66.242.37, 7w0d, GigabitEthernet1/0/2
           [90/131072] via 10.66.242.29, 7w0d, GigabitEthernet1/0/1
C        10.66.240.9/32 is directly connected, Loopback1
D        10.66.240.24/32 
           [90/130816] via 10.66.242.37, 7w0d, GigabitEthernet1/0/2
           [90/130816] via 10.66.242.29, 7w0d, GigabitEthernet1/0/1
D        10.66.241.0/29 [90/3072] via 10.66.242.37, 7w0d, GigabitEthernet1/0/2
                        [90/3072] via 10.66.242.29, 7w0d, GigabitEthernet1/0/1
D        10.66.242.0/29 [90/3072] via 10.66.242.37, 7w0d, GigabitEthernet1/0/2
                        [90/3072] via 10.66.242.29, 7w0d, GigabitEthernet1/0/1
D        10.66.242.20/30 
           [90/28416] via 10.66.242.37, 7w0d, GigabitEthernet1/0/2
           [90/28416] via 10.66.242.29, 7w0d, GigabitEthernet1/0/1
D        10.66.242.24/30 
           [90/3072] via 10.66.242.37, 7w0d, GigabitEthernet1/0/2
           [90/3072] via 10.66.242.29, 7w0d, GigabitEthernet1/0/1
C        10.66.242.28/30 is directly connected, GigabitEthernet1/0/1
L        10.66.242.30/32 is directly connected, GigabitEthernet1/0/1
D        10.66.242.32/30 
           [90/3072] via 10.66.242.37, 7w0d, GigabitEthernet1/0/2
           [90/3072] via 10.66.242.29, 7w0d, GigabitEthernet1/0/1
C        10.66.242.36/30 is directly connected, GigabitEthernet1/0/2
L        10.66.242.38/32 is directly connected, GigabitEthernet1/0/2
D        10.66.246.0/27 [90/3072] via 10.66.242.37, 6w1d, GigabitEthernet1/0/2
                        [90/3072] via 10.66.242.29, 6w1d, GigabitEthernet1/0/1
C        10.66.246.32/27 is directly connected, Vlan800
L        10.66.246.33/32 is directly connected, Vlan800
D        10.66.250.0/29 
           [90/259072] via 10.66.242.37, 7w0d, GigabitEthernet1/0/2
           [90/259072] via 10.66.242.29, 7w0d, GigabitEthernet1/0/1
D        10.66.254.0/24 [90/3072] via 10.66.242.37, 7w0d, GigabitEthernet1/0/2
                        [90/3072] via 10.66.242.29, 7w0d, GigabitEthernet1/0/1
D EX     10.67.0.0/16 
           [170/25603072] via 10.66.242.37, 7w0d, GigabitEthernet1/0/2
           [170/25603072] via 10.66.242.29, 7w0d, GigabitEthernet1/0/1
D EX     10.67.240.1/32 
           [170/25603072] via 10.66.242.37, 7w0d, GigabitEthernet1/0/2
           [170/25603072] via 10.66.242.29, 7w0d, GigabitEthernet1/0/1
D EX     10.67.250.0/29 
           [170/25603072] via 10.66.242.37, 7w0d, GigabitEthernet1/0/2
           [170/25603072] via 10.66.242.29, 7w0d, GigabitEthernet1/0/1
D EX     10.68.0.0/16 
           [170/25603072] via 10.66.242.37, 7w0d, GigabitEthernet1/0/2
           [170/25603072] via 10.66.242.29, 7w0d, GigabitEthernet1/0/1
D EX     10.68.240.1/32 
           [170/25603072] via 10.66.242.37, 7w0d, GigabitEthernet1/0/2
           [170/25603072] via 10.66.242.29, 7w0d, GigabitEthernet1/0/1
D EX     10.68.250.0/29 
           [170/25603072] via 10.66.242.37, 7w0d, GigabitEthernet1/0/2
           [170/25603072] via 10.66.242.29, 7w0d, GigabitEthernet1/0/1
D EX     10.69.0.0/16 
           [170/25603072] via 10.66.242.37, 6w0d, GigabitEthernet1/0/2
           [170/25603072] via 10.66.242.29, 6w0d, GigabitEthernet1/0/1
D EX     10.69.240.1/32 
           [170/25603072] via 10.66.242.37, 7w0d, GigabitEthernet1/0/2
           [170/25603072] via 10.66.242.29, 7w0d, GigabitEthernet1/0/1
D EX     10.69.250.0/29 
           [170/25603072] via 10.66.242.37, 7w0d, GigabitEthernet1/0/2
           [170/25603072] via 10.66.242.29, 7w0d, GigabitEthernet1/0/1
D EX     10.70.0.0/16 
           [170/25603072] via 10.66.242.37, 00:25:10, GigabitEthernet1/0/2
           [170/25603072] via 10.66.242.29, 00:25:10, GigabitEthernet1/0/1
D EX     10.70.0.0/17 
           [170/25603072] via 10.66.242.37, 7w0d, GigabitEthernet1/0/2
           [170/25603072] via 10.66.242.29, 7w0d, GigabitEthernet1/0/1
D EX     10.70.128.0/17 
           [170/25603072] via 10.66.242.37, 7w0d, GigabitEthernet1/0/2
           [170/25603072] via 10.66.242.29, 7w0d, GigabitEthernet1/0/1
D EX     10.70.240.1/32 
           [170/25603072] via 10.66.242.37, 7w0d, GigabitEthernet1/0/2
           [170/25603072] via 10.66.242.29, 7w0d, GigabitEthernet1/0/1
D EX     10.70.250.0/29 
           [170/25603072] via 10.66.242.37, 7w0d, GigabitEthernet1/0/2
           [170/25603072] via 10.66.242.29, 7w0d, GigabitEthernet1/0/1
D EX     10.71.0.0/16 
           [170/25603072] via 10.66.242.37, 7w0d, GigabitEthernet1/0/2
           [170/25603072] via 10.66.242.29, 7w0d, GigabitEthernet1/0/1
D EX     10.71.240.1/32 
           [170/25603072] via 10.66.242.37, 7w0d, GigabitEthernet1/0/2
           [170/25603072] via 10.66.242.29, 7w0d, GigabitEthernet1/0/1
D EX     10.71.250.0/29 
           [170/25603072] via 10.66.242.37, 7w0d, GigabitEthernet1/0/2
           [170/25603072] via 10.66.242.29, 7w0d, GigabitEthernet1/0/1
D EX     10.72.0.0/16 
           [170/25603072] via 10.66.242.37, 00:34:05, GigabitEthernet1/0/2
           [170/25603072] via 10.66.242.29, 00:34:05, GigabitEthernet1/0/1
D EX     10.72.0.0/17 
           [170/25603072] via 10.66.242.37, 7w0d, GigabitEthernet1/0/2
           [170/25603072] via 10.66.242.29, 7w0d, GigabitEthernet1/0/1
D EX     10.72.128.0/17 
           [170/25603072] via 10.66.242.37, 7w0d, GigabitEthernet1/0/2
           [170/25603072] via 10.66.242.29, 7w0d, GigabitEthernet1/0/1
D EX     10.72.240.1/32 
           [170/25603072] via 10.66.242.37, 7w0d, GigabitEthernet1/0/2
           [170/25603072] via 10.66.242.29, 7w0d, GigabitEthernet1/0/1
D EX     10.72.250.0/29 
           [170/25603072] via 10.66.242.37, 7w0d, GigabitEthernet1/0/2
           [170/25603072] via 10.66.242.29, 7w0d, GigabitEthernet1/0/1
D EX     10.73.0.0/16 
           [170/25603072] via 10.66.242.37, 7w0d, GigabitEthernet1/0/2
           [170/25603072] via 10.66.242.29, 7w0d, GigabitEthernet1/0/1
D EX     10.73.240.1/32 
           [170/25603072] via 10.66.242.37, 7w0d, GigabitEthernet1/0/2
           [170/25603072] via 10.66.242.29, 7w0d, GigabitEthernet1/0/1
D EX     10.73.250.0/29 
           [170/25603072] via 10.66.242.37, 7w0d, GigabitEthernet1/0/2
           [170/25603072] via 10.66.242.29, 7w0d, GigabitEthernet1/0/1
D EX     10.74.250.0/29 
           [170/25603072] via 10.66.242.37, 7w0d, GigabitEthernet1/0/2
           [170/25603072] via 10.66.242.29, 7w0d, GigabitEthernet1/0/1
D EX     10.75.0.0/16 
           [170/25603072] via 10.66.242.37, 7w0d, GigabitEthernet1/0/2
           [170/25603072] via 10.66.242.29, 7w0d, GigabitEthernet1/0/1
D EX     10.75.240.1/32 
           [170/25603072] via 10.66.242.37, 7w0d, GigabitEthernet1/0/2
           [170/25603072] via 10.66.242.29, 7w0d, GigabitEthernet1/0/1
D EX     10.75.250.0/29 
           [170/25603072] via 10.66.242.37, 7w0d, GigabitEthernet1/0/2
           [170/25603072] via 10.66.242.29, 7w0d, GigabitEthernet1/0/1
D EX     10.76.0.0/16 
           [170/25603072] via 10.66.242.37, 00:26:10, GigabitEthernet1/0/2
           [170/25603072] via 10.66.242.29, 00:26:10, GigabitEthernet1/0/1
D EX     10.76.0.0/17 
           [170/25603072] via 10.66.242.37, 1w3d, GigabitEthernet1/0/2
           [170/25603072] via 10.66.242.29, 1w3d, GigabitEthernet1/0/1
D EX     10.76.128.0/17 
           [170/25603072] via 10.66.242.37, 1w3d, GigabitEthernet1/0/2
           [170/25603072] via 10.66.242.29, 1w3d, GigabitEthernet1/0/1
D EX     10.76.240.1/32 
           [170/25603072] via 10.66.242.37, 4w5d, GigabitEthernet1/0/2
           [170/25603072] via 10.66.242.29, 4w5d, GigabitEthernet1/0/1
D EX     10.76.250.0/29 
           [170/25603072] via 10.66.242.37, 7w0d, GigabitEthernet1/0/2
           [170/25603072] via 10.66.242.29, 7w0d, GigabitEthernet1/0/1
D EX     10.77.0.0/16 
           [170/25603072] via 10.66.242.37, 01:01:46, GigabitEthernet1/0/2
           [170/25603072] via 10.66.242.29, 01:01:46, GigabitEthernet1/0/1
D EX     10.77.0.0/17 
           [170/25603072] via 10.66.242.37, 5w1d, GigabitEthernet1/0/2
           [170/25603072] via 10.66.242.29, 5w1d, GigabitEthernet1/0/1
D EX     10.77.128.0/17 
           [170/25603072] via 10.66.242.37, 5w1d, GigabitEthernet1/0/2
           [170/25603072] via 10.66.242.29, 5w1d, GigabitEthernet1/0/1
D EX     10.77.250.0/30 
           [170/25603072] via 10.66.242.37, 5w1d, GigabitEthernet1/0/2
           [170/25603072] via 10.66.242.29, 5w1d, GigabitEthernet1/0/1
D EX     10.78.0.0/16 
           [170/25603072] via 10.66.242.37, 7w0d, GigabitEthernet1/0/2
           [170/25603072] via 10.66.242.29, 7w0d, GigabitEthernet1/0/1
D EX     10.78.240.1/32 
           [170/25603072] via 10.66.242.37, 7w0d, GigabitEthernet1/0/2
           [170/25603072] via 10.66.242.29, 7w0d, GigabitEthernet1/0/1
D EX     10.78.250.0/29 
           [170/25603072] via 10.66.242.37, 7w0d, GigabitEthernet1/0/2
           [170/25603072] via 10.66.242.29, 7w0d, GigabitEthernet1/0/1
D EX     10.79.0.0/16 
           [170/25603072] via 10.66.242.37, 1w2d, GigabitEthernet1/0/2
           [170/25603072] via 10.66.242.29, 1w2d, GigabitEthernet1/0/1
D EX     10.79.240.1/32 
           [170/25603072] via 10.66.242.37, 2w1d, GigabitEthernet1/0/2
           [170/25603072] via 10.66.242.29, 2w1d, GigabitEthernet1/0/1
D EX     10.79.250.0/30 
           [170/25603072] via 10.66.242.37, 2w1d, GigabitEthernet1/0/2
           [170/25603072] via 10.66.242.29, 2w1d, GigabitEthernet1/0/1
D EX     10.80.0.0/16 
           [170/25603072] via 10.66.242.37, 00:04:40, GigabitEthernet1/0/2
           [170/25603072] via 10.66.242.29, 00:04:40, GigabitEthernet1/0/1
D EX     10.80.0.0/17 
           [170/25603072] via 10.66.242.37, 7w0d, GigabitEthernet1/0/2
           [170/25603072] via 10.66.242.29, 7w0d, GigabitEthernet1/0/1
D EX     10.80.128.0/17 
           [170/25603072] via 10.66.242.37, 7w0d, GigabitEthernet1/0/2
           [170/25603072] via 10.66.242.29, 7w0d, GigabitEthernet1/0/1
D EX     10.80.240.1/32 
           [170/25603072] via 10.66.242.37, 7w0d, GigabitEthernet1/0/2
           [170/25603072] via 10.66.242.29, 7w0d, GigabitEthernet1/0/1
D EX     10.80.250.0/30 
           [170/25603072] via 10.66.242.37, 7w0d, GigabitEthernet1/0/2
           [170/25603072] via 10.66.242.29, 7w0d, GigabitEthernet1/0/1
D EX     10.81.0.0/16 
           [170/25603072] via 10.66.242.37, 00:34:31, GigabitEthernet1/0/2
           [170/25603072] via 10.66.242.29, 00:34:31, GigabitEthernet1/0/1
D EX     10.81.0.0/17 
           [170/25603072] via 10.66.242.37, 5w3d, GigabitEthernet1/0/2
           [170/25603072] via 10.66.242.29, 5w3d, GigabitEthernet1/0/1
D EX     10.81.128.0/17 
           [170/25603072] via 10.66.242.37, 5w3d, GigabitEthernet1/0/2
           [170/25603072] via 10.66.242.29, 5w3d, GigabitEthernet1/0/1
D EX     10.81.240.1/32 
           [170/25603072] via 10.66.242.37, 5w3d, GigabitEthernet1/0/2
           [170/25603072] via 10.66.242.29, 5w3d, GigabitEthernet1/0/1
D EX     10.81.250.0/30 
           [170/25603072] via 10.66.242.37, 5w3d, GigabitEthernet1/0/2
           [170/25603072] via 10.66.242.29, 5w3d, GigabitEthernet1/0/1
D EX     10.84.0.0/16 
           [170/25603072] via 10.66.242.37, 1d14h, GigabitEthernet1/0/2
           [170/25603072] via 10.66.242.29, 1d14h, GigabitEthernet1/0/1
D EX     10.84.0.0/17 
           [170/25603072] via 10.66.242.37, 1d14h, GigabitEthernet1/0/2
           [170/25603072] via 10.66.242.29, 1d14h, GigabitEthernet1/0/1
D EX     10.84.128.0/17 
           [170/25603072] via 10.66.242.37, 1d14h, GigabitEthernet1/0/2
           [170/25603072] via 10.66.242.29, 1d14h, GigabitEthernet1/0/1
D EX     10.84.240.1/32 
           [170/25603072] via 10.66.242.37, 1d14h, GigabitEthernet1/0/2
           [170/25603072] via 10.66.242.29, 1d14h, GigabitEthernet1/0/1
D EX     10.84.250.0/30 
           [170/25603072] via 10.66.242.37, 3w1d, GigabitEthernet1/0/2
           [170/25603072] via 10.66.242.29, 3w1d, GigabitEthernet1/0/1
D EX     10.85.0.0/16 
           [170/25603072] via 10.66.242.37, 00:02:16, GigabitEthernet1/0/2
           [170/25603072] via 10.66.242.29, 00:02:16, GigabitEthernet1/0/1
D EX     10.85.0.0/17 
           [170/25603072] via 10.66.242.37, 2w3d, GigabitEthernet1/0/2
           [170/25603072] via 10.66.242.29, 2w3d, GigabitEthernet1/0/1
D EX     10.85.128.0/17 
           [170/25603072] via 10.66.242.37, 2w3d, GigabitEthernet1/0/2
           [170/25603072] via 10.66.242.29, 2w3d, GigabitEthernet1/0/1
D EX     10.85.240.1/32 
           [170/25603072] via 10.66.242.37, 2w3d, GigabitEthernet1/0/2
           [170/25603072] via 10.66.242.29, 2w3d, GigabitEthernet1/0/1
D EX     10.85.250.0/30 
           [170/25603072] via 10.66.242.37, 2w3d, GigabitEthernet1/0/2
           [170/25603072] via 10.66.242.29, 2w3d, GigabitEthernet1/0/1
D EX     10.86.0.0/16 
           [170/25603072] via 10.66.242.37, 7w0d, GigabitEthernet1/0/2
           [170/25603072] via 10.66.242.29, 7w0d, GigabitEthernet1/0/1
D EX     10.86.64.16/30 
           [170/25603072] via 10.66.242.37, 7w0d, GigabitEthernet1/0/2
           [170/25603072] via 10.66.242.29, 7w0d, GigabitEthernet1/0/1
D EX     10.86.64.20/30 
           [170/25603072] via 10.66.242.37, 7w0d, GigabitEthernet1/0/2
           [170/25603072] via 10.66.242.29, 7w0d, GigabitEthernet1/0/1
D EX     10.86.65.16/30 
           [170/25603072] via 10.66.242.37, 7w0d, GigabitEthernet1/0/2
           [170/25603072] via 10.66.242.29, 7w0d, GigabitEthernet1/0/1
D EX     10.86.65.20/30 
           [170/25603072] via 10.66.242.37, 7w0d, GigabitEthernet1/0/2
           [170/25603072] via 10.66.242.29, 7w0d, GigabitEthernet1/0/1
D EX     10.86.240.1/32 
           [170/25603072] via 10.66.242.37, 7w0d, GigabitEthernet1/0/2
           [170/25603072] via 10.66.242.29, 7w0d, GigabitEthernet1/0/1
D EX     10.87.0.0/16 
           [170/25603072] via 10.66.242.37, 00:08:10, GigabitEthernet1/0/2
           [170/25603072] via 10.66.242.29, 00:08:10, GigabitEthernet1/0/1
D EX     10.87.0.0/17 
           [170/25603072] via 10.66.242.37, 7w0d, GigabitEthernet1/0/2
           [170/25603072] via 10.66.242.29, 7w0d, GigabitEthernet1/0/1
D EX     10.87.128.0/17 
           [170/25603072] via 10.66.242.37, 7w0d, GigabitEthernet1/0/2
           [170/25603072] via 10.66.242.29, 7w0d, GigabitEthernet1/0/1
D EX     10.87.240.1/32 
           [170/25603072] via 10.66.242.37, 7w0d, GigabitEthernet1/0/2
           [170/25603072] via 10.66.242.29, 7w0d, GigabitEthernet1/0/1
D EX     10.87.250.0/30 
           [170/25603072] via 10.66.242.37, 7w0d, GigabitEthernet1/0/2
           [170/25603072] via 10.66.242.29, 7w0d, GigabitEthernet1/0/1
D EX     10.88.0.0/16 
           [170/25603072] via 10.66.242.37, 21:01:51, GigabitEthernet1/0/2
           [170/25603072] via 10.66.242.29, 21:01:51, GigabitEthernet1/0/1
D EX     10.88.0.0/17 
           [170/25603072] via 10.66.242.37, 7w0d, GigabitEthernet1/0/2
           [170/25603072] via 10.66.242.29, 7w0d, GigabitEthernet1/0/1
D EX     10.88.128.0/17 
           [170/25603072] via 10.66.242.37, 7w0d, GigabitEthernet1/0/2
           [170/25603072] via 10.66.242.29, 7w0d, GigabitEthernet1/0/1
D EX     10.88.240.1/32 
           [170/25603072] via 10.66.242.37, 7w0d, GigabitEthernet1/0/2
           [170/25603072] via 10.66.242.29, 7w0d, GigabitEthernet1/0/1
D EX     10.88.250.0/30 
           [170/25603072] via 10.66.242.37, 7w0d, GigabitEthernet1/0/2
           [170/25603072] via 10.66.242.29, 7w0d, GigabitEthernet1/0/1
D EX     10.89.0.0/16 
           [170/25603072] via 10.66.242.37, 00:05:15, GigabitEthernet1/0/2
           [170/25603072] via 10.66.242.29, 00:05:15, GigabitEthernet1/0/1
D EX     10.89.0.0/17 
           [170/25603072] via 10.66.242.37, 7w0d, GigabitEthernet1/0/2
           [170/25603072] via 10.66.242.29, 7w0d, GigabitEthernet1/0/1
D EX     10.89.128.0/17 
           [170/25603072] via 10.66.242.37, 7w0d, GigabitEthernet1/0/2
           [170/25603072] via 10.66.242.29, 7w0d, GigabitEthernet1/0/1
D EX     10.89.240.1/32 
           [170/25603072] via 10.66.242.37, 7w0d, GigabitEthernet1/0/2
           [170/25603072] via 10.66.242.29, 7w0d, GigabitEthernet1/0/1
D EX     10.89.250.0/30 
           [170/25603072] via 10.66.242.37, 7w0d, GigabitEthernet1/0/2
           [170/25603072] via 10.66.242.29, 7w0d, GigabitEthernet1/0/1
D EX     10.90.0.0/16 
           [170/25603072] via 10.66.242.37, 00:03:56, GigabitEthernet1/0/2
           [170/25603072] via 10.66.242.29, 00:03:56, GigabitEthernet1/0/1
D EX     10.90.0.0/17 
           [170/25603072] via 10.66.242.37, 2w3d, GigabitEthernet1/0/2
           [170/25603072] via 10.66.242.29, 2w3d, GigabitEthernet1/0/1
D EX     10.90.128.0/17 
           [170/25603072] via 10.66.242.37, 2w3d, GigabitEthernet1/0/2
           [170/25603072] via 10.66.242.29, 2w3d, GigabitEthernet1/0/1
D EX     10.90.240.1/32 
           [170/25603072] via 10.66.242.37, 2w3d, GigabitEthernet1/0/2
           [170/25603072] via 10.66.242.29, 2w3d, GigabitEthernet1/0/1
D EX     10.90.250.0/30 
           [170/25603072] via 10.66.242.37, 2w3d, GigabitEthernet1/0/2
           [170/25603072] via 10.66.242.29, 2w3d, GigabitEthernet1/0/1
D EX     10.91.0.0/16 
           [170/25603072] via 10.66.242.37, 2w3d, GigabitEthernet1/0/2
           [170/25603072] via 10.66.242.29, 2w3d, GigabitEthernet1/0/1
D EX     10.91.240.1/32 
           [170/25603072] via 10.66.242.37, 2w3d, GigabitEthernet1/0/2
           [170/25603072] via 10.66.242.29, 2w3d, GigabitEthernet1/0/1
D EX     10.91.250.0/30 
           [170/25603072] via 10.66.242.37, 2w3d, GigabitEthernet1/0/2
           [170/25603072] via 10.66.242.29, 2w3d, GigabitEthernet1/0/1
D EX     10.92.0.0/17 
           [170/25603072] via 10.66.242.37, 1w3d, GigabitEthernet1/0/2
           [170/25603072] via 10.66.242.29, 1w3d, GigabitEthernet1/0/1
D EX     10.92.128.0/17 
           [170/25603072] via 10.66.242.37, 5w5d, GigabitEthernet1/0/2
           [170/25603072] via 10.66.242.29, 5w5d, GigabitEthernet1/0/1
D EX     10.92.240.1/32 
           [170/25603072] via 10.66.242.37, 5w5d, GigabitEthernet1/0/2
           [170/25603072] via 10.66.242.29, 5w5d, GigabitEthernet1/0/1
D EX     10.92.250.0/30 
           [170/25603072] via 10.66.242.37, 5w5d, GigabitEthernet1/0/2
           [170/25603072] via 10.66.242.29, 5w5d, GigabitEthernet1/0/1
D EX     10.93.0.0/17 
           [170/25603072] via 10.66.242.37, 7w0d, GigabitEthernet1/0/2
           [170/25603072] via 10.66.242.29, 7w0d, GigabitEthernet1/0/1
D EX     10.93.128.0/17 
           [170/25603072] via 10.66.242.37, 7w0d, GigabitEthernet1/0/2
           [170/25603072] via 10.66.242.29, 7w0d, GigabitEthernet1/0/1
D EX     10.93.240.1/32 
           [170/25603072] via 10.66.242.37, 7w0d, GigabitEthernet1/0/2
           [170/25603072] via 10.66.242.29, 7w0d, GigabitEthernet1/0/1
D EX     10.93.250.0/30 
           [170/25603072] via 10.66.242.37, 7w0d, GigabitEthernet1/0/2
           [170/25603072] via 10.66.242.29, 7w0d, GigabitEthernet1/0/1
D EX     10.97.0.0/16 
           [170/25603072] via 10.66.242.37, 2w4d, GigabitEthernet1/0/2
           [170/25603072] via 10.66.242.29, 2w4d, GigabitEthernet1/0/1
D EX     10.97.250.0/29 
           [170/25603072] via 10.66.242.37, 2w4d, GigabitEthernet1/0/2
           [170/25603072] via 10.66.242.29, 2w4d, GigabitEthernet1/0/1
D EX     10.98.0.0/16 
           [170/25603072] via 10.66.242.37, 00:33:51, GigabitEthernet1/0/2
           [170/25603072] via 10.66.242.29, 00:33:51, GigabitEthernet1/0/1
D EX     10.98.0.0/17 
           [170/25603072] via 10.66.242.37, 7w0d, GigabitEthernet1/0/2
           [170/25603072] via 10.66.242.29, 7w0d, GigabitEthernet1/0/1
D EX     10.98.128.0/17 
           [170/25603072] via 10.66.242.37, 7w0d, GigabitEthernet1/0/2
           [170/25603072] via 10.66.242.29, 7w0d, GigabitEthernet1/0/1
D EX     10.98.250.0/29 
           [170/25603072] via 10.66.242.37, 7w0d, GigabitEthernet1/0/2
           [170/25603072] via 10.66.242.29, 7w0d, GigabitEthernet1/0/1
D EX     10.107.250.0/29 
           [170/25603072] via 10.66.242.37, 7w0d, GigabitEthernet1/0/2
           [170/25603072] via 10.66.242.29, 7w0d, GigabitEthernet1/0/1
D EX     10.110.0.0/16 
           [170/25603072] via 10.66.242.37, 3w4d, GigabitEthernet1/0/2
           [170/25603072] via 10.66.242.29, 3w4d, GigabitEthernet1/0/1
D EX     10.110.240.1/32 
           [170/25603072] via 10.66.242.37, 3w4d, GigabitEthernet1/0/2
           [170/25603072] via 10.66.242.29, 3w4d, GigabitEthernet1/0/1
D EX     10.110.250.0/29 
           [170/25603072] via 10.66.242.37, 7w0d, GigabitEthernet1/0/2
           [170/25603072] via 10.66.242.29, 7w0d, GigabitEthernet1/0/1
D EX     10.248.250.0/25 
           [170/25603072] via 10.66.242.37, 7w0d, GigabitEthernet1/0/2
           [170/25603072] via 10.66.242.29, 7w0d, GigabitEthernet1/0/1
D        10.248.250.6/32 
           [90/46226688] via 10.66.242.37, 3d23h, GigabitEthernet1/0/2
           [90/46226688] via 10.66.242.29, 3d23h, GigabitEthernet1/0/1
D EX     10.248.250.128/25 
           [170/25603072] via 10.66.242.37, 7w0d, GigabitEthernet1/0/2
           [170/25603072] via 10.66.242.29, 7w0d, GigabitEthernet1/0/1
D EX     10.252.252.0/24 
           [170/25603072] via 10.66.242.37, 2w5d, GigabitEthernet1/0/2
           [170/25603072] via 10.66.242.29, 2w5d, GigabitEthernet1/0/1
      30.0.0.0/29 is subnetted, 1 subnets
D EX     30.20.57.120 
           [170/25603072] via 10.66.242.37, 7w0d, GigabitEthernet1/0/2
           [170/25603072] via 10.66.242.29, 7w0d, GigabitEthernet1/0/1
      144.140.0.0/16 is variably subnetted, 14 subnets, 3 masks
D EX     144.140.162.40/29 
           [170/25603072] via 10.66.242.37, 7w0d, GigabitEthernet1/0/2
           [170/25603072] via 10.66.242.29, 7w0d, GigabitEthernet1/0/1
D EX     144.140.162.48/28 
           [170/25603072] via 10.66.242.37, 7w0d, GigabitEthernet1/0/2
           [170/25603072] via 10.66.242.29, 7w0d, GigabitEthernet1/0/1
D EX     144.140.162.80/28 
           [170/25603072] via 10.66.242.37, 7w0d, GigabitEthernet1/0/2
           [170/25603072] via 10.66.242.29, 7w0d, GigabitEthernet1/0/1
D EX     144.140.181.80/28 
           [170/25603072] via 10.66.242.37, 7w0d, GigabitEthernet1/0/2
           [170/25603072] via 10.66.242.29, 7w0d, GigabitEthernet1/0/1
D EX     144.140.201.1/32 
           [170/25603072] via 10.66.242.37, 2w3d, GigabitEthernet1/0/2
           [170/25603072] via 10.66.242.29, 2w3d, GigabitEthernet1/0/1
D EX     144.140.201.2/32 
           [170/25603072] via 10.66.242.37, 2w3d, GigabitEthernet1/0/2
           [170/25603072] via 10.66.242.29, 2w3d, GigabitEthernet1/0/1
D EX     144.140.201.3/32 
           [170/25603072] via 10.66.242.37, 2w3d, GigabitEthernet1/0/2
           [170/25603072] via 10.66.242.29, 2w3d, GigabitEthernet1/0/1
D EX     144.140.201.16/28 
           [170/25603072] via 10.66.242.37, 2w3d, GigabitEthernet1/0/2
           [170/25603072] via 10.66.242.29, 2w3d, GigabitEthernet1/0/1
D EX     144.140.208.16/29 
           [170/25603072] via 10.66.242.37, 7w0d, GigabitEthernet1/0/2
           [170/25603072] via 10.66.242.29, 7w0d, GigabitEthernet1/0/1
D EX     144.140.208.32/28 
           [170/25603072] via 10.66.242.37, 7w0d, GigabitEthernet1/0/2
           [170/25603072] via 10.66.242.29, 7w0d, GigabitEthernet1/0/1
D EX     144.140.208.80/28 
           [170/25603072] via 10.66.242.37, 7w0d, GigabitEthernet1/0/2
           [170/25603072] via 10.66.242.29, 7w0d, GigabitEthernet1/0/1
D EX     144.140.218.96/28 
           [170/25603072] via 10.66.242.37, 7w0d, GigabitEthernet1/0/2
           [170/25603072] via 10.66.242.29, 7w0d, GigabitEthernet1/0/1
D EX     144.140.222.32/28 
           [170/25603072] via 10.66.242.37, 7w0d, GigabitEthernet1/0/2
           [170/25603072] via 10.66.242.29, 7w0d, GigabitEthernet1/0/1
D EX     144.140.224.32/28 
           [170/25603072] via 10.66.242.37, 7w0d, GigabitEthernet1/0/2
           [170/25603072] via 10.66.242.29, 7w0d, GigabitEthernet1/0/1
      146.195.0.0/16 is variably subnetted, 6 subnets, 4 masks
D EX     146.195.21.0/29 
           [170/25603072] via 10.66.242.37, 2w5d, GigabitEthernet1/0/2
           [170/25603072] via 10.66.242.29, 2w5d, GigabitEthernet1/0/1
D EX     146.195.30.0/24 
           [170/25603072] via 10.66.242.37, 2w5d, GigabitEthernet1/0/2
           [170/25603072] via 10.66.242.29, 2w5d, GigabitEthernet1/0/1
D EX     146.195.31.0/24 
           [170/25603072] via 10.66.242.37, 2w5d, GigabitEthernet1/0/2
           [170/25603072] via 10.66.242.29, 2w5d, GigabitEthernet1/0/1
D EX     146.195.39.0/24 
           [170/25603072] via 10.66.242.37, 2w5d, GigabitEthernet1/0/2
           [170/25603072] via 10.66.242.29, 2w5d, GigabitEthernet1/0/1
D EX     146.195.180.0/22 
           [170/25603072] via 10.66.242.37, 2w5d, GigabitEthernet1/0/2
           [170/25603072] via 10.66.242.29, 2w5d, GigabitEthernet1/0/1
D EX     146.195.255.20/32 
           [170/2563072] via 10.66.242.37, 7w0d, GigabitEthernet1/0/2
           [170/2563072] via 10.66.242.29, 7w0d, GigabitEthernet1/0/1
      172.16.0.0/24 is subnetted, 1 subnets
D EX     172.16.65.0 
           [170/25603072] via 10.66.242.37, 2w5d, GigabitEthernet1/0/2
           [170/25603072] via 10.66.242.29, 2w5d, GigabitEthernet1/0/1
      172.17.0.0/24 is subnetted, 1 subnets
D EX     172.17.65.0 
           [170/25603072] via 10.66.242.37, 2w5d, GigabitEthernet1/0/2
           [170/25603072] via 10.66.242.29, 2w5d, GigabitEthernet1/0/1
      172.24.0.0/16 is variably subnetted, 6 subnets, 3 masks
D EX     172.24.96.0/21 
           [170/25603072] via 10.66.242.37, 2w5d, GigabitEthernet1/0/2
           [170/25603072] via 10.66.242.29, 2w5d, GigabitEthernet1/0/1
D EX     172.24.108.0/24 
           [170/25603072] via 10.66.242.37, 2w5d, GigabitEthernet1/0/2
           [170/25603072] via 10.66.242.29, 2w5d, GigabitEthernet1/0/1
D EX     172.24.109.0/24 
           [170/25603072] via 10.66.242.37, 2w5d, GigabitEthernet1/0/2
           [170/25603072] via 10.66.242.29, 2w5d, GigabitEthernet1/0/1
D EX     172.24.112.0/22 
           [170/25603072] via 10.66.242.37, 2w5d, GigabitEthernet1/0/2
           [170/25603072] via 10.66.242.29, 2w5d, GigabitEthernet1/0/1
D EX     172.24.120.0/24 
           [170/25603072] via 10.66.242.37, 2w5d, GigabitEthernet1/0/2
           [170/25603072] via 10.66.242.29, 2w5d, GigabitEthernet1/0/1
D EX     172.24.192.0/24 
           [170/25603072] via 10.66.242.37, 2w5d, GigabitEthernet1/0/2
           [170/25603072] via 10.66.242.29, 2w5d, GigabitEthernet1/0/1
      172.25.0.0/16 is variably subnetted, 2 subnets, 2 masks
D EX     172.25.104.0/24 
           [170/25603072] via 10.66.242.37, 2w5d, GigabitEthernet1/0/2
           [170/25603072] via 10.66.242.29, 2w5d, GigabitEthernet1/0/1
D EX     172.25.105.0/26 
           [170/25603072] via 10.66.242.37, 2w5d, GigabitEthernet1/0/2
           [170/25603072] via 10.66.242.29, 2w5d, GigabitEthernet1/0/1
      172.27.0.0/26 is subnetted, 1 subnets
D EX     172.27.0.0 
           [170/25603072] via 10.66.242.37, 2w5d, GigabitEthernet1/0/2
           [170/25603072] via 10.66.242.29, 2w5d, GigabitEthernet1/0/1
      172.28.0.0/26 is subnetted, 1 subnets
D EX     172.28.8.64 
           [170/25603072] via 10.66.242.37, 2w5d, GigabitEthernet1/0/2
           [170/25603072] via 10.66.242.29, 2w5d, GigabitEthernet1/0/1
      172.29.0.0/24 is subnetted, 1 subnets
D EX     172.29.1.0 
           [170/25603072] via 10.66.242.37, 6w0d, GigabitEthernet1/0/2
           [170/25603072] via 10.66.242.29, 6w0d, GigabitEthernet1/0/1
      203.41.188.0/28 is subnetted, 1 subnets
D EX     203.41.188.96 
           [170/25603072] via 10.66.242.37, 7w0d, GigabitEthernet1/0/2
           [170/25603072] via 10.66.242.29, 7w0d, GigabitEthernet1/0/1
      203.42.70.0/28 is subnetted, 1 subnets
D EX     203.42.70.224 
           [170/25603072] via 10.66.242.37, 7w0d, GigabitEthernet1/0/2
           [170/25603072] via 10.66.242.29, 7w0d, GigabitEthernet1/0/1
      203.52.0.0/24 is variably subnetted, 2 subnets, 2 masks
D EX     203.52.0.0/24 
           [170/25603072] via 10.66.242.37, 7w0d, GigabitEthernet1/0/2
           [170/25603072] via 10.66.242.29, 7w0d, GigabitEthernet1/0/1
D EX     203.52.0.192/27 
           [170/25603072] via 10.66.242.37, 7w0d, GigabitEthernet1/0/2
           [170/25603072] via 10.66.242.29, 7w0d, GigabitEthernet1/0/1
      203.52.1.0/24 is variably subnetted, 2 subnets, 2 masks
D EX     203.52.1.0/24 
           [170/25603072] via 10.66.242.37, 7w0d, GigabitEthernet1/0/2
           [170/25603072] via 10.66.242.29, 7w0d, GigabitEthernet1/0/1
D EX     203.52.1.192/27 
           [170/25603072] via 10.66.242.37, 7w0d, GigabitEthernet1/0/2
           [170/25603072] via 10.66.242.29, 7w0d, GigabitEthernet1/0/1
      203.52.2.0/28 is subnetted, 1 subnets
D EX     203.52.2.160 
           [170/25603072] via 10.66.242.37, 7w0d, GigabitEthernet1/0/2
           [170/25603072] via 10.66.242.29, 7w0d, GigabitEthernet1/0/1
GERN-02-SW1#Show inv
NAME: "1", DESCR: "WS-C3750V2-24PS"
PID: WS-C3750V2-24PS-S , VID: V08  , SN: FDO1736Y0V8

NAME: "GigabitEthernet1/0/1", DESCR: "1000BaseSX SFP"
PID: GLC-SX-MMD          , VID: V01  , SN: FNS174023RU     

NAME: "GigabitEthernet1/0/2", DESCR: "1000BaseSX SFP"
PID: GLC-SX-MMD          , VID: V01  , SN: FNS17402311     


GERN-02-SW1#exit
