=~=~=~=~=~=~=~=~=~=~=~= PuTTY log 2017.12.22 11:13:52 =~=~=~=~=~=~=~=~=~=~=~=
login as: n039941

 ********************************************************************
 * [WARNING]                                                        *
 *                                                                  *
 * This system belongs to a private organisation. If you are not    *
 * authorised to access this system, exit immediately.              *
 * Unauthorised access to this system is forbidden by company       *
 * policies, national, and international laws.                      *
 * Unauthorised users are subject to criminal and civil penalties   *
 * as well as company initiated disciplinary proceedings.           *
 * By entry into this system you acknowledge that you are           *
 * authorised access and the level of privilege you subsequently    *
 * execute on this system. You further acknowledge that by entry    *
 * into this system you expect no privacy from monitoring.          *
 *                                                                  *
 *        ALL ACCESS TO THIS SYSTEM IS MONITORED AND LOGGED         *
 *                                                                  *
 ********************************************************************

 ********************************************************************
 *             Please enter your username and password.             *
 ********************************************************************
Using keyboard-interactive authentication.
Password: 

 ********************************************************************
 * You are now logged into: WP                                      *
 * All activity is being logged for review by System Administrators *
 ********************************************************************

jerra-02-sw1>en
Password: 
jerra-02-sw1#term len 0
jerra-02-sw1#Show cdp nei
Capability Codes: R - Router, T - Trans Bridge, B - Source Route Bridge
                  S - Switch, H - Host, I - IGMP, r - Repeater, P - Phone, 
                  D - Remote, C - CVTA, M - Two-port Mac Relay 

Device ID        Local Intrfce     Holdtme    Capability  Platform  Port ID
jerra-01-sw1.ads.westernpower.com.au
                 Gig 1/0/2         172             R S I  WS-C3750V Gig 1/0/2
jerra-01-sw1.ads.westernpower.com.au
                 Gig 1/0/1         172             R S I  WS-C3750V Gig 1/0/1
ITT05861         Fas 1/0/13        160               H    MSI on Wi Local Area Connection
ITT05865         Fas 1/0/2         136               H    MSI on Wi Local Area Connection
JERRA-02-AP1.ads.westernpower.com.au
                 Fas 1/0/24        156             T B I  AIR-CAP35 Gig 0
jerra-02-sw1#Show int status

Port      Name               Status       Vlan       Duplex  Speed Type
Fa1/0/1                      connected    401        a-full  a-100 10/100BaseTX
Fa1/0/2                      connected    401        a-full  a-100 10/100BaseTX
Fa1/0/3                      connected    401        a-full  a-100 10/100BaseTX
Fa1/0/4                      notconnect   401          auto   auto 10/100BaseTX
Fa1/0/5                      notconnect   401          auto   auto 10/100BaseTX
Fa1/0/6                      notconnect   401          auto   auto 10/100BaseTX
Fa1/0/7                      notconnect   401          auto   auto 10/100BaseTX
Fa1/0/8                      notconnect   401          auto   auto 10/100BaseTX
Fa1/0/9                      connected    401        a-full  a-100 10/100BaseTX
Fa1/0/10                     notconnect   401          auto   auto 10/100BaseTX
Fa1/0/11                     notconnect   401          auto   auto 10/100BaseTX
Fa1/0/12                     notconnect   401          auto   auto 10/100BaseTX
Fa1/0/13                     connected    401        a-full  a-100 10/100BaseTX
Fa1/0/14                     notconnect   401          auto   auto 10/100BaseTX
Fa1/0/15                     notconnect   401          auto   auto 10/100BaseTX
Fa1/0/16                     notconnect   401          auto   auto 10/100BaseTX
Fa1/0/17                     notconnect   401          auto   auto 10/100BaseTX
Fa1/0/18                     notconnect   401          auto   auto 10/100BaseTX
Fa1/0/19                     notconnect   401          auto   auto 10/100BaseTX
Fa1/0/20                     notconnect   401          auto   auto 10/100BaseTX
Fa1/0/21                     notconnect   401          auto   auto 10/100BaseTX
Fa1/0/22                     notconnect   480          auto   auto 10/100BaseTX
Fa1/0/23  jerra-UPS          connected    901        a-full  a-100 10/100BaseTX
Fa1/0/24  jerra-02-AP1       connected    trunk      a-full  a-100 10/100BaseTX
Gi1/0/1   jerra-01-sw1 gi1/1 connected    routed     a-full a-1000 1000BaseSX SFP
Gi1/0/2   jerra-01-sw1 gi1/1 connected    routed     a-full a-1000 1000BaseSX SFP
jerra-02-sw1#Show ip arp
Protocol  Address          Age (min)  Hardware Addr   Type   Interface
Internet  10.110.65.1             -   203a.072f.bd43  ARPA   Vlan401
Internet  10.110.65.2            15   0800.37b1.0748  ARPA   Vlan401
Internet  10.110.65.3             3   70f3.9516.21e5  ARPA   Vlan401
Internet  10.110.65.4             9   0060.0c81.5a22  ARPA   Vlan401
Internet  10.110.65.5             1   1c66.6d93.e706  ARPA   Vlan401
Internet  10.110.65.128           0   70f3.9516.293a  ARPA   Vlan401
Internet  10.110.97.1             -   203a.072f.bd47  ARPA   Vlan801
Internet  10.110.129.1            -   203a.072f.bd45  ARPA   Vlan501
Internet  10.110.224.1            -   203a.072f.bd44  ARPA   Vlan480
Internet  10.110.242.9          176   f84f.575b.6742  ARPA   GigabitEthernet1/0/1
Internet  10.110.242.10           -   203a.072f.bd41  ARPA   GigabitEthernet1/0/1
Internet  10.110.242.13         165   f84f.575b.6743  ARPA   GigabitEthernet1/0/2
Internet  10.110.242.14           -   203a.072f.bd42  ARPA   GigabitEthernet1/0/2
Internet  10.110.246.65           -   203a.072f.bd46  ARPA   Vlan800
Internet  10.110.246.80           0   acf2.c50a.458c  ARPA   Vlan800
Internet  10.110.255.1            -   203a.072f.bd48  ARPA   Vlan901
Internet  10.110.255.4          204   0020.85f5.a926  ARPA   Vlan901
jerra-02-sw1#Show mac add
          Mac Address Table
-------------------------------------------

Vlan    Mac Address       Type        Ports
----    -----------       --------    -----
 All    0100.0ccc.cccc    STATIC      CPU
 All    0100.0ccc.cccd    STATIC      CPU
 All    0180.c200.0000    STATIC      CPU
 All    0180.c200.0001    STATIC      CPU
 All    0180.c200.0002    STATIC      CPU
 All    0180.c200.0003    STATIC      CPU
 All    0180.c200.0004    STATIC      CPU
 All    0180.c200.0005    STATIC      CPU
 All    0180.c200.0006    STATIC      CPU
 All    0180.c200.0007    STATIC      CPU
 All    0180.c200.0008    STATIC      CPU
 All    0180.c200.0009    STATIC      CPU
 All    0180.c200.000a    STATIC      CPU
 All    0180.c200.000b    STATIC      CPU
 All    0180.c200.000c    STATIC      CPU
 All    0180.c200.000d    STATIC      CPU
 All    0180.c200.000e    STATIC      CPU
 All    0180.c200.000f    STATIC      CPU
 All    0180.c200.0010    STATIC      CPU
 All    ffff.ffff.ffff    STATIC      CPU
 401    0060.0c81.5a22    DYNAMIC     Fa1/0/9
 401    0800.37b1.0748    DYNAMIC     Fa1/0/1
 401    1c66.6d93.e706    DYNAMIC     Fa1/0/3
 401    70f3.9516.21e5    DYNAMIC     Fa1/0/13
 401    70f3.9516.293a    DYNAMIC     Fa1/0/2
 901    0020.85f5.a926    DYNAMIC     Fa1/0/23
 800    acf2.c50a.458c    DYNAMIC     Fa1/0/24
Total Mac Addresses for this criterion: 27
jerra-02-sw1#Show int | inc (rops|otoc)
Vlan1 is administratively down, line protocol is down 
  Input queue: 0/75/0/0 (size/max/drops/flushes); Total output drops: 0
     0 unknown protocol drops
Vlan401 is up, line protocol is up 
  Input queue: 0/75/0/0 (size/max/drops/flushes); Total output drops: 0
     0 unknown protocol drops
Vlan480 is up, line protocol is down 
  Input queue: 0/75/0/0 (size/max/drops/flushes); Total output drops: 0
     0 unknown protocol drops
Vlan501 is up, line protocol is up 
  Input queue: 0/75/0/0 (size/max/drops/flushes); Total output drops: 0
     0 unknown protocol drops
Vlan800 is up, line protocol is up 
  Input queue: 0/75/0/0 (size/max/drops/flushes); Total output drops: 0
     0 unknown protocol drops
Vlan801 is up, line protocol is up 
  Input queue: 0/75/0/0 (size/max/drops/flushes); Total output drops: 0
     0 unknown protocol drops
Vlan901 is up, line protocol is up 
  Input queue: 0/75/0/0 (size/max/drops/flushes); Total output drops: 0
     0 unknown protocol drops
FastEthernet1/0/1 is up, line protocol is up (connected) 
  Input queue: 0/75/0/0 (size/max/drops/flushes); Total output drops: 0
     0 unknown protocol drops
FastEthernet1/0/2 is up, line protocol is up (connected) 
  Input queue: 0/75/0/0 (size/max/drops/flushes); Total output drops: 0
     0 unknown protocol drops
FastEthernet1/0/3 is up, line protocol is up (connected) 
  Input queue: 0/75/0/0 (size/max/drops/flushes); Total output drops: 0
     0 unknown protocol drops
FastEthernet1/0/4 is down, line protocol is down (notconnect) 
  Input queue: 0/75/0/0 (size/max/drops/flushes); Total output drops: 0
     0 unknown protocol drops
FastEthernet1/0/5 is down, line protocol is down (notconnect) 
  Input queue: 0/75/0/0 (size/max/drops/flushes); Total output drops: 0
     0 unknown protocol drops
FastEthernet1/0/6 is down, line protocol is down (notconnect) 
  Input queue: 0/75/0/0 (size/max/drops/flushes); Total output drops: 0
     0 unknown protocol drops
FastEthernet1/0/7 is down, line protocol is down (notconnect) 
  Input queue: 0/75/0/0 (size/max/drops/flushes); Total output drops: 0
     0 unknown protocol drops
FastEthernet1/0/8 is down, line protocol is down (notconnect) 
  Input queue: 0/75/0/0 (size/max/drops/flushes); Total output drops: 0
     0 unknown protocol drops
FastEthernet1/0/9 is up, line protocol is up (connected) 
  Input queue: 0/75/0/0 (size/max/drops/flushes); Total output drops: 0
     0 unknown protocol drops
FastEthernet1/0/10 is down, line protocol is down (notconnect) 
  Input queue: 0/75/0/0 (size/max/drops/flushes); Total output drops: 0
     0 unknown protocol drops
FastEthernet1/0/11 is down, line protocol is down (notconnect) 
  Input queue: 0/75/0/0 (size/max/drops/flushes); Total output drops: 0
     0 unknown protocol drops
FastEthernet1/0/12 is down, line protocol is down (notconnect) 
  Input queue: 0/75/0/0 (size/max/drops/flushes); Total output drops: 0
     0 unknown protocol drops
FastEthernet1/0/13 is up, line protocol is up (connected) 
  Input queue: 0/75/0/0 (size/max/drops/flushes); Total output drops: 0
     0 unknown protocol drops
FastEthernet1/0/14 is down, line protocol is down (notconnect) 
  Input queue: 0/75/0/0 (size/max/drops/flushes); Total output drops: 0
     0 unknown protocol drops
FastEthernet1/0/15 is down, line protocol is down (notconnect) 
  Input queue: 0/75/0/0 (size/max/drops/flushes); Total output drops: 0
     0 unknown protocol drops
FastEthernet1/0/16 is down, line protocol is down (notconnect) 
  Input queue: 0/75/0/0 (size/max/drops/flushes); Total output drops: 0
     0 unknown protocol drops
FastEthernet1/0/17 is down, line protocol is down (notconnect) 
  Input queue: 0/75/0/0 (size/max/drops/flushes); Total output drops: 0
     0 unknown protocol drops
FastEthernet1/0/18 is down, line protocol is down (notconnect) 
  Input queue: 0/75/0/0 (size/max/drops/flushes); Total output drops: 0
     0 unknown protocol drops
FastEthernet1/0/19 is down, line protocol is down (notconnect) 
  Input queue: 0/75/0/0 (size/max/drops/flushes); Total output drops: 0
     0 unknown protocol drops
FastEthernet1/0/20 is down, line protocol is down (notconnect) 
  Input queue: 0/75/0/0 (size/max/drops/flushes); Total output drops: 0
     0 unknown protocol drops
FastEthernet1/0/21 is down, line protocol is down (notconnect) 
  Input queue: 0/75/0/0 (size/max/drops/flushes); Total output drops: 0
     0 unknown protocol drops
FastEthernet1/0/22 is down, line protocol is down (notconnect) 
  Input queue: 0/75/0/0 (size/max/drops/flushes); Total output drops: 0
     0 unknown protocol drops
FastEthernet1/0/23 is up, line protocol is up (connected) 
  Input queue: 0/75/0/0 (size/max/drops/flushes); Total output drops: 0
     0 unknown protocol drops
FastEthernet1/0/24 is up, line protocol is up (connected) 
  Input queue: 0/75/0/0 (size/max/drops/flushes); Total output drops: 0
     0 unknown protocol drops
GigabitEthernet1/0/1 is up, line protocol is up (connected) 
  Input queue: 0/75/0/0 (size/max/drops/flushes); Total output drops: 0
     0 unknown protocol drops
GigabitEthernet1/0/2 is up, line protocol is up (connected) 
  Input queue: 0/75/0/0 (size/max/drops/flushes); Total output drops: 0
     0 unknown protocol drops
Loopback1 is up, line protocol is up 
  Input queue: 0/75/0/0 (size/max/drops/flushes); Total output drops: 0
     0 unknown protocol drops
jerra-02-sw1#Show run
Building configuration...

Current configuration : 20070 bytes
!
! Last configuration change at 16:57:48 WST Thu Dec 14 2017 by n040303
! NVRAM config last updated at 16:57:49 WST Thu Dec 14 2017 by n040303
!
version 15.0
no service pad
service tcp-keepalives-in
service tcp-keepalives-out
service timestamps debug datetime msec localtime show-timezone
service timestamps log datetime msec localtime show-timezone
service password-encryption
!
hostname jerra-02-sw1
!
boot-start-marker
boot-end-marker
!
!
logging buffered 64000
no logging console
enable secret 4 26Y5WbmBWDgWHIvNLDC6rcFPZFfZmn/Bmjb2/s10MhI
!
username westernpower privilege 15 secret 4 26Y5WbmBWDgWHIvNLDC6rcFPZFfZmn/Bmjb2/s10MhI
username anthonylam privilege 15 secret 5 $1$28XF$W9/lPO8MW2hMqhk8hECpF1
aaa new-model
!
!
aaa authentication banner ^C
 ********************************************************************
 *             Please enter your username and password.             *
 ********************************************************************
^C
aaa authentication fail-message ^C
 ********************************************************************
 *      The supplied Username and/or Password is not valid.         *
 *  This failed login attempt has been recorded for audit purposes. *
 ********************************************************************
^C
aaa authentication login default group radius enable
aaa authentication login console enable
aaa authentication enable default enable
aaa authorization exec default if-authenticated 
aaa accounting send stop-record authentication failure
aaa accounting exec default start-stop group radius
!
!
!
!
!
!
aaa session-id common
clock timezone WST 8 0
switch 1 provision ws-c3750v2-24ps
system mtu routing 1500
vtp domain JERRA
vtp mode transparent
udld enable

ip routing
no ip domain-lookup
ip domain-name ads.westernpower.com.au
!
!
!
ip dhcp snooping vlan 1,401,501
no ip dhcp snooping information option
ip dhcp snooping
ip multicast-routing distributed
ip device tracking
login on-failure log
login on-success log
!
mls qos map policed-dscp  0 10 18 24 46 to 8
mls qos map cos-dscp 0 8 16 24 32 46 48 56
mls qos srr-queue input bandwidth 70 30
mls qos srr-queue input threshold 1 80 90
mls qos srr-queue input priority-queue 2 bandwidth 30
mls qos srr-queue input cos-map queue 1 threshold 2 3
mls qos srr-queue input cos-map queue 1 threshold 3 6 7
mls qos srr-queue input cos-map queue 2 threshold 1 4
mls qos srr-queue input dscp-map queue 1 threshold 2 24
mls qos srr-queue input dscp-map queue 1 threshold 3 48 49 50 51 52 53 54 55
mls qos srr-queue input dscp-map queue 1 threshold 3 56 57 58 59 60 61 62 63
mls qos srr-queue input dscp-map queue 2 threshold 3 32 33 40 41 42 43 44 45
mls qos srr-queue input dscp-map queue 2 threshold 3 46 47
mls qos srr-queue output cos-map queue 1 threshold 3 4 5
mls qos srr-queue output cos-map queue 2 threshold 1 2
mls qos srr-queue output cos-map queue 2 threshold 2 3
mls qos srr-queue output cos-map queue 2 threshold 3 6 7
mls qos srr-queue output cos-map queue 3 threshold 3 0
mls qos srr-queue output cos-map queue 4 threshold 3 1
mls qos srr-queue output dscp-map queue 1 threshold 3 32 33 40 41 42 43 44 45
mls qos srr-queue output dscp-map queue 1 threshold 3 46 47
mls qos srr-queue output dscp-map queue 2 threshold 1 16 17 18 19 20 21 22 23
mls qos srr-queue output dscp-map queue 2 threshold 1 26 27 28 29 30 31 34 35
mls qos srr-queue output dscp-map queue 2 threshold 1 36 37 38 39
mls qos srr-queue output dscp-map queue 2 threshold 2 24
mls qos srr-queue output dscp-map queue 2 threshold 3 48 49 50 51 52 53 54 55
mls qos srr-queue output dscp-map queue 2 threshold 3 56 57 58 59 60 61 62 63
mls qos srr-queue output dscp-map queue 3 threshold 3 0 1 2 3 4 5 6 7
mls qos srr-queue output dscp-map queue 4 threshold 1 8 9 11 13 15
mls qos srr-queue output dscp-map queue 4 threshold 2 10 12 14
mls qos queue-set output 1 threshold 1 100 100 50 200
mls qos queue-set output 1 threshold 2 125 125 100 400
mls qos queue-set output 1 threshold 3 100 100 100 400
mls qos queue-set output 1 threshold 4 60 150 50 200
mls qos queue-set output 1 buffers 15 25 40 20
mls qos
!
crypto pki trustpoint TP-self-signed-120569088
 enrollment selfsigned
 subject-name cn=IOS-Self-Signed-Certificate-120569088
 revocation-check none
 rsakeypair TP-self-signed-120569088
!
!
crypto pki certificate chain TP-self-signed-120569088
 certificate self-signed 01
  30820243 308201AC A0030201 02020101 300D0609 2A864886 F70D0101 04050030 
  30312E30 2C060355 04031325 494F532D 53656C66 2D536967 6E65642D 43657274 
  69666963 6174652D 31323035 36393038 38301E17 0D393330 33303130 30303231 
  335A170D 32303031 30313030 30303030 5A303031 2E302C06 03550403 1325494F 
  532D5365 6C662D53 69676E65 642D4365 72746966 69636174 652D3132 30353639 
  30383830 819F300D 06092A86 4886F70D 01010105 0003818D 00308189 02818100 
  CE60382C A0EFB914 DE553CC6 1E775E5C 79175552 60C2A219 ACD95265 7DBF5093 
  EFC26E10 372C08A3 7A908D47 E6103388 C1F11562 D647FF5C B5B1AD64 77A0917A 
  D8348B8C DA7AC70A A6192AB7 7783F1A6 2E0F8E89 74BDA519 0595287E 1B5110E6 
  F474F364 159C2E89 F913A35B A38A59C6 437A7B43 22793516 85701621 72C6CD6F 
  02030100 01A36D30 6B300F06 03551D13 0101FF04 05300301 01FF3018 0603551D 
  11041130 0F820D6A 65727261 2D30322D 7377312E 301F0603 551D2304 18301680 
  144577CF AE45AA61 10DE5E3D 95850731 AA7939B6 D4301D06 03551D0E 04160414 
  4577CFAE 45AA6110 DE5E3D95 850731AA 7939B6D4 300D0609 2A864886 F70D0101 
  04050003 8181005E A5C32B77 ADD7858D 0626841B 74D1AD1B 9A486310 43998EFD 
  32E7DE13 E2FDE28B B4368B74 EE621B54 65873B41 49002E2B 8967C27C 772AFD5D 
  D61A91EA 4B5E3483 2E91BC20 4A9B394A 67479FA3 BFD81A8E 4D00CE16 A22320BB 
  4BB22B6D 48E8BACF CD0ED773 7D406F77 93993222 A10B8A2C 6A3A85A6 30FBB921 
  90B2E72E 3A5D05
  	quit
!
!
!
!
!
errdisable recovery cause udld
errdisable recovery interval 60
!
spanning-tree mode rapid-pvst
spanning-tree portfast bpduguard default
spanning-tree extend system-id
!
vlan internal allocation policy ascending
!
vlan 401
 name USER_DATA_VLAN
!
vlan 480
 name SECURITY
!
vlan 501
 name USER_VOICE_VLAN
!
vlan 800
 name WLAN_AP_Management
!
vlan 801
 name WLAN_Corp_Clients
!
vlan 901
 name ANCILLIARY_MANAGEMENT
!
ip ssh version 2
!
class-map match-all AUTOQOS_VOIP_DATA_CLASS
  match ip dscp ef 
class-map match-all AUTOQOS_DEFAULT_CLASS
  match access-group name AUTOQOS-ACL-DEFAULT
class-map match-all AUTOQOS_VOIP_SIGNAL_CLASS
  match ip dscp cs3 
!
policy-map AUTOQOS-SRND4-CISCOPHONE-POLICY
 class AUTOQOS_VOIP_DATA_CLASS
   set dscp ef
  police 128000 8000 exceed-action policed-dscp-transmit
 class AUTOQOS_VOIP_SIGNAL_CLASS
   set dscp cs3
  police 32000 8000 exceed-action policed-dscp-transmit
 class AUTOQOS_DEFAULT_CLASS
   set dscp default
  police 10000000 8000 exceed-action policed-dscp-transmit
!
!
! 
!
!
!
!
!
!
!
!
!
!
!
!
interface Loopback1
 description T1 management interface
 ip address 10.110.240.6 255.255.255.255
!
interface FastEthernet1/0/1
 switchport access vlan 401
 switchport mode access
 switchport voice vlan 501
 srr-queue bandwidth share 1 30 35 5
 priority-queue out 
 mls qos trust device cisco-phone
 mls qos trust cos
 spanning-tree portfast
 service-policy input AUTOQOS-SRND4-CISCOPHONE-POLICY
 ip dhcp snooping limit rate 20
!
interface FastEthernet1/0/2
 switchport access vlan 401
 switchport mode access
 switchport voice vlan 501
 srr-queue bandwidth share 1 30 35 5
 priority-queue out 
 mls qos trust device cisco-phone
 mls qos trust cos
 spanning-tree portfast
 service-policy input AUTOQOS-SRND4-CISCOPHONE-POLICY
 ip dhcp snooping limit rate 20
!
interface FastEthernet1/0/3
 switchport access vlan 401
 switchport mode access
 switchport voice vlan 501
 srr-queue bandwidth share 1 30 35 5
 priority-queue out 
 mls qos trust device cisco-phone
 mls qos trust cos
 spanning-tree portfast
 service-policy input AUTOQOS-SRND4-CISCOPHONE-POLICY
 ip dhcp snooping limit rate 20
!
interface FastEthernet1/0/4
 switchport access vlan 401
 switchport mode access
 switchport voice vlan 501
 srr-queue bandwidth share 1 30 35 5
 priority-queue out 
 mls qos trust device cisco-phone
 mls qos trust cos
 spanning-tree portfast
 service-policy input AUTOQOS-SRND4-CISCOPHONE-POLICY
 ip dhcp snooping limit rate 20
!
interface FastEthernet1/0/5
 switchport access vlan 401
 switchport mode access
 switchport voice vlan 501
 srr-queue bandwidth share 1 30 35 5
 priority-queue out 
 mls qos trust device cisco-phone
 mls qos trust cos
 spanning-tree portfast
 service-policy input AUTOQOS-SRND4-CISCOPHONE-POLICY
 ip dhcp snooping limit rate 20
!
interface FastEthernet1/0/6
 switchport access vlan 401
 switchport mode access
 switchport voice vlan 501
 srr-queue bandwidth share 1 30 35 5
 priority-queue out 
 mls qos trust device cisco-phone
 mls qos trust cos
 spanning-tree portfast
 service-policy input AUTOQOS-SRND4-CISCOPHONE-POLICY
 ip dhcp snooping limit rate 20
!
interface FastEthernet1/0/7
 switchport access vlan 401
 switchport mode access
 switchport voice vlan 501
 srr-queue bandwidth share 1 30 35 5
 priority-queue out 
 mls qos trust device cisco-phone
 mls qos trust cos
 spanning-tree portfast
 service-policy input AUTOQOS-SRND4-CISCOPHONE-POLICY
 ip dhcp snooping limit rate 20
!
interface FastEthernet1/0/8
 switchport access vlan 401
 switchport mode access
 switchport voice vlan 501
 srr-queue bandwidth share 1 30 35 5
 priority-queue out 
 mls qos trust device cisco-phone
 mls qos trust cos
 spanning-tree portfast
 service-policy input AUTOQOS-SRND4-CISCOPHONE-POLICY
 ip dhcp snooping limit rate 20
!
interface FastEthernet1/0/9
 switchport access vlan 401
 switchport mode access
 switchport voice vlan 501
 srr-queue bandwidth share 1 30 35 5
 priority-queue out 
 mls qos trust device cisco-phone
 mls qos trust cos
 spanning-tree portfast
 service-policy input AUTOQOS-SRND4-CISCOPHONE-POLICY
 ip dhcp snooping limit rate 20
!
interface FastEthernet1/0/10
 switchport access vlan 401
 switchport mode access
 switchport voice vlan 501
 srr-queue bandwidth share 1 30 35 5
 priority-queue out 
 mls qos trust device cisco-phone
 mls qos trust cos
 spanning-tree portfast
 service-policy input AUTOQOS-SRND4-CISCOPHONE-POLICY
 ip dhcp snooping limit rate 20
!
interface FastEthernet1/0/11
 switchport access vlan 401
 switchport mode access
 switchport voice vlan 501
 srr-queue bandwidth share 1 30 35 5
 priority-queue out 
 mls qos trust device cisco-phone
 mls qos trust cos
 spanning-tree portfast
 service-policy input AUTOQOS-SRND4-CISCOPHONE-POLICY
 ip dhcp snooping limit rate 20
!
interface FastEthernet1/0/12
 switchport access vlan 401
 switchport mode access
 switchport voice vlan 501
 srr-queue bandwidth share 1 30 35 5
 priority-queue out 
 mls qos trust device cisco-phone
 mls qos trust cos
 spanning-tree portfast
 service-policy input AUTOQOS-SRND4-CISCOPHONE-POLICY
 ip dhcp snooping limit rate 20
!
interface FastEthernet1/0/13
 switchport access vlan 401
 switchport mode access
 switchport voice vlan 501
 srr-queue bandwidth share 1 30 35 5
 priority-queue out 
 mls qos trust device cisco-phone
 mls qos trust cos
 spanning-tree portfast
 service-policy input AUTOQOS-SRND4-CISCOPHONE-POLICY
 ip dhcp snooping limit rate 20
!
interface FastEthernet1/0/14
 switchport access vlan 401
 switchport mode access
 switchport voice vlan 501
 srr-queue bandwidth share 1 30 35 5
 priority-queue out 
 mls qos trust device cisco-phone
 mls qos trust cos
 spanning-tree portfast
 service-policy input AUTOQOS-SRND4-CISCOPHONE-POLICY
 ip dhcp snooping limit rate 20
!
interface FastEthernet1/0/15
 switchport access vlan 401
 switchport mode access
 switchport voice vlan 501
 srr-queue bandwidth share 1 30 35 5
 priority-queue out 
 mls qos trust device cisco-phone
 mls qos trust cos
 spanning-tree portfast
 service-policy input AUTOQOS-SRND4-CISCOPHONE-POLICY
 ip dhcp snooping limit rate 20
!
interface FastEthernet1/0/16
 switchport access vlan 401
 switchport mode access
 switchport voice vlan 501
 srr-queue bandwidth share 1 30 35 5
 priority-queue out 
 mls qos trust device cisco-phone
 mls qos trust cos
 spanning-tree portfast
 service-policy input AUTOQOS-SRND4-CISCOPHONE-POLICY
 ip dhcp snooping limit rate 20
!
interface FastEthernet1/0/17
 switchport access vlan 401
 switchport mode access
 switchport voice vlan 501
 srr-queue bandwidth share 1 30 35 5
 priority-queue out 
 mls qos trust device cisco-phone
 mls qos trust cos
 spanning-tree portfast
 service-policy input AUTOQOS-SRND4-CISCOPHONE-POLICY
 ip dhcp snooping limit rate 20
!
interface FastEthernet1/0/18
 switchport access vlan 401
 switchport mode access
 switchport voice vlan 501
 srr-queue bandwidth share 1 30 35 5
 priority-queue out 
 mls qos trust device cisco-phone
 mls qos trust cos
 spanning-tree portfast
 service-policy input AUTOQOS-SRND4-CISCOPHONE-POLICY
 ip dhcp snooping limit rate 20
!
interface FastEthernet1/0/19
 switchport access vlan 401
 switchport mode access
 switchport voice vlan 501
 srr-queue bandwidth share 1 30 35 5
 priority-queue out 
 mls qos trust device cisco-phone
 mls qos trust cos
 spanning-tree portfast
 service-policy input AUTOQOS-SRND4-CISCOPHONE-POLICY
 ip dhcp snooping limit rate 20
!
interface FastEthernet1/0/20
 switchport access vlan 401
 switchport mode access
 switchport voice vlan 501
 srr-queue bandwidth share 1 30 35 5
 priority-queue out 
 mls qos trust device cisco-phone
 mls qos trust cos
 spanning-tree portfast
 service-policy input AUTOQOS-SRND4-CISCOPHONE-POLICY
 ip dhcp snooping limit rate 20
!
interface FastEthernet1/0/21
 switchport access vlan 401
 switchport mode access
 switchport voice vlan 501
 srr-queue bandwidth share 1 30 35 5
 priority-queue out 
 mls qos trust device cisco-phone
 mls qos trust cos
 spanning-tree portfast
 service-policy input AUTOQOS-SRND4-CISCOPHONE-POLICY
 ip dhcp snooping limit rate 20
!
interface FastEthernet1/0/22
 switchport access vlan 480
 switchport mode access
 srr-queue bandwidth share 1 30 35 5
 priority-queue out 
 mls qos trust device cisco-phone
 mls qos trust cos
 spanning-tree portfast
 service-policy input AUTOQOS-SRND4-CISCOPHONE-POLICY
!
interface FastEthernet1/0/23
 description jerra-UPS
 switchport access vlan 901
 spanning-tree portfast
!
interface FastEthernet1/0/24
 description jerra-02-AP1
 switchport trunk encapsulation dot1q
 switchport trunk native vlan 800
 switchport trunk allowed vlan 800,801
 switchport mode trunk
 no mdix auto
!
interface GigabitEthernet1/0/1
 description jerra-01-sw1 gi1/1/1
 no switchport
 ip address 10.110.242.10 255.255.255.252
 ip pim sparse-mode
 srr-queue bandwidth share 1 30 35 5
 priority-queue out 
 mls qos trust cos
 auto qos trust 
!
interface GigabitEthernet1/0/2
 description jerra-01-sw1 gi1/1/2
 no switchport
 ip address 10.110.242.14 255.255.255.252
 ip pim sparse-mode
 srr-queue bandwidth share 1 30 35 5
 priority-queue out 
 mls qos trust cos
 auto qos trust 
!
interface Vlan1
 no ip address
 shutdown
!
interface Vlan401
 description T1 data
 ip address 10.110.65.1 255.255.255.0
 ip helper-address 10.19.0.66
 ip helper-address 10.21.0.66
 ip directed-broadcast 5
!
interface Vlan480
 ip address 10.110.224.1 255.255.255.0
!
interface Vlan501
 description T1 voice
 ip address 10.110.129.1 255.255.255.0
 ip helper-address 10.19.0.66
 ip helper-address 10.21.0.66
!
interface Vlan800
 description T2 jerra-wlan-ap-management
 ip address 10.110.246.65 255.255.255.224
 ip helper-address 10.19.0.66
 ip helper-address 10.21.0.66
!
interface Vlan801
 description jerra-wlan-corporate-clients
 ip address 10.110.97.1 255.255.255.0
 ip helper-address 10.19.0.66
 ip helper-address 10.21.0.66
!
interface Vlan901
 description Ancilliary Device Management
 ip address 10.110.255.1 255.255.255.0
!
!
router eigrp 110
 network 10.0.0.0
 passive-interface default
 no passive-interface GigabitEthernet1/0/1
 no passive-interface GigabitEthernet1/0/2
 eigrp router-id 10.110.240.6
 eigrp stub connected static summary
!
no ip http server
no ip http secure-server
!
!
!
ip access-list standard APIC_EM
 remark --- APIC-EM Appliance ---
 permit 10.25.253.10
 deny   any
ip access-list standard NSG_TELNET_SSH
 permit 146.195.81.24
 remark --- Nimsoft/CatTools Server Natted IP ---
 permit 146.195.81.25
 remark --- Nimsoft/CatTools Server ---
 permit 10.19.7.62
 remark --- HO Jumphost ---
 permit 172.30.0.10
 remark --- APIC EM - Controller ---
 permit 10.25.253.10
 permit 10.19.12.234
 remark --- Twister - OLD and NEW IP ---
 permit 146.195.135.0 0.0.0.127
 remark --- IT Subnet on Lvl2E ---
 permit 10.19.60.0 0.0.0.255
 remark --- SEAL WAN Subnet ---
 permit 10.250.250.0 0.0.0.255
 remark --- GWIP HO WAN Subnet ---
 permit 10.19.250.0 0.0.0.7
 remark --- Management Loopback subnet ---
 permit 10.0.240.0 0.255.0.255
 remark --- Empired Management Subnet ---
 permit 172.30.160.0 0.0.0.15
 remark --- Deny Anything Else ---
 deny   any log
ip access-list standard RO_SNMP
 remark --- Solarwinds Syslog Server ---
 permit 10.19.7.46
 remark --- Empired Management Subnet ---
 permit 172.30.160.0 0.0.0.255
 remark --- IT Subnet on Lvl2E ---
 permit 10.19.60.0 0.0.0.255
 deny   any
ip access-list standard RW_SNMP
 remark ---allow NNMi---
 permit 172.30.160.10
 deny   any
!
ip access-list extended AUTOQOS-ACL-DEFAULT
 permit ip any any
!
ip radius source-interface Loopback1 
logging trap debugging
logging source-interface Loopback1
logging host 10.19.7.46
logging host 172.30.160.11
logging host 172.30.160.10
logging host 172.30.161.10
access-list 5 permit 10.19.1.17 log
access-list 5 remark CSC Zetta - Allow Remote wakeup PC's
access-list 5 permit 10.19.7.49 log
access-list 5 permit 10.19.1.138 log
access-list 5 permit 10.19.1.134 log
!
snmp-server community eb6cIzuB RO RO_SNMP
snmp-server community Sp7ZyvwQ RW RW_SNMP
snmp-server community fc7cJzuC RO APIC_EM
snmp-server community gd8cKzuD RW APIC_EM
snmp-server location Jerra T2
snmp-server contact Western Power IT Network
snmp ifmib ifindex persist
radius-server host 10.19.1.113
radius-server host 10.21.0.24
radius-server key 7 00130B08204303042F227E4D19305146132E180F2B39702018182644021E2A52474F19550C5E543A115141597F55167A034B31565F742D1516257138313629454F
radius-server load-balance method least-outstanding
!
!
!
banner exec ^C
 ********************************************************************
 * You are now logged into: WP                                      *
 * All activity is being logged for review by System Administrators *
 ********************************************************************
^C
banner login ^C
 ********************************************************************
 * [WARNING]                                                        *
 *                                                                  *
 * This system belongs to a private organisation. If you are not    *
 * authorised to access this system, exit immediately.              *
 * Unauthorised access to this system is forbidden by company       *
 * policies, national, and international laws.                      *
 * Unauthorised users are subject to criminal and civil penalties   *
 * as well as company initiated disciplinary proceedings.           *
 * By entry into this system you acknowledge that you are           *
 * authorised access and the level of privilege you subsequently    *
 * execute on this system. You further acknowledge that by entry    *
 * into this system you expect no privacy from monitoring.          *
 *                                                                  *
 *        ALL ACCESS TO THIS SYSTEM IS MONITORED AND LOGGED         *
 *                                                                  *
 ********************************************************************
^C
!
line con 0
line vty 0 4
 access-class NSG_TELNET_SSH in
 exec-timeout 15 0
 logging synchronous
 length 0
 transport input ssh
 transport output telnet ssh
line vty 5 15
 access-class NSG_TELNET_SSH in
 exec-timeout 15 0
 logging synchronous
 transport input ssh
 transport output telnet ssh
!
ntp server 146.195.128.175
end

jerra-02-sw1#Show ver
Cisco IOS Software, C3750 Software (C3750-IPSERVICESK9-M), Version 15.0(2)SE10, RELEASE SOFTWARE (fc2)
Technical Support: http://www.cisco.com/techsupport
Copyright (c) 1986-2016 by Cisco Systems, Inc.
Compiled Mon 18-Jul-16 02:11 by prod_rel_team

ROM: Bootstrap program is C3750 boot loader
BOOTLDR: C3750 Boot Loader (C3750-HBOOT-M) Version 12.2(53r)SEY4, RELEASE SOFTWARE (fc1)

jerra-02-sw1 uptime is 27 weeks, 6 days, 15 hours, 2 minutes
System returned to ROM by power-on
System restarted at 20:12:27 WST Fri Jun 9 2017
System image file is "flash:/c3750-ipservicesk9-mz.150-2.SE10.bin"


This product contains cryptographic features and is subject to United
States and local country laws governing import, export, transfer and
use. Delivery of Cisco cryptographic products does not imply
third-party authority to import, export, distribute or use encryption.
Importers, exporters, distributors and users are responsible for
compliance with U.S. and local country laws. By using this product you
agree to comply with applicable laws and regulations. If you are unable
to comply with U.S. and local laws, return this product immediately.

A summary of U.S. laws governing Cisco cryptographic products may be found at:
http://www.cisco.com/wwl/export/crypto/tool/stqrg.html

If you require further assistance please contact us by sending email to
export@cisco.com.

cisco WS-C3750V2-24PS (PowerPC405) processor (revision S0) with 131072K bytes of memory.
Processor board ID FDO1633X03Y
Last reset from power-on
7 Virtual Ethernet interfaces
24 FastEthernet interfaces
2 Gigabit Ethernet interfaces
The password-recovery mechanism is enabled.

512K bytes of flash-simulated non-volatile configuration memory.
Base ethernet MAC Address       : 20:3A:07:2F:BD:00
Motherboard assembly number     : 73-12633-01
Power supply part number        : 341-0266-03
Motherboard serial number       : FDO16321Q9U
Power supply serial number      : LIT1617260Z
Model revision number           : S0
Motherboard revision number     : F0
Model number                    : WS-C3750V2-24PS-S
System serial number            : FDO1633X03Y
Top Assembly Part Number        : 800-33158-03
Top Assembly Revision Number    : B0
Version ID                      : V08
CLEI Code Number                : CMMEE00BRB
Hardware Board Revision Number  : 0x02


Switch Ports Model              SW Version            SW Image                 
------ ----- -----              ----------            ----------               
*    1 26    WS-C3750V2-24PS    15.0(2)SE10           C3750-IPSERVICESK9-M     


Configuration register is 0xF

jerra-02-sw1#Show ip route
Codes: L - local, C - connected, S - static, R - RIP, M - mobile, B - BGP
       D - EIGRP, EX - EIGRP external, O - OSPF, IA - OSPF inter area 
       N1 - OSPF NSSA external type 1, N2 - OSPF NSSA external type 2
       E1 - OSPF external type 1, E2 - OSPF external type 2
       i - IS-IS, su - IS-IS summary, L1 - IS-IS level-1, L2 - IS-IS level-2
       ia - IS-IS inter area, * - candidate default, U - per-user static route
       o - ODR, P - periodic downloaded static route, H - NHRP, l - LISP
       + - replicated route, % - next hop override

Gateway of last resort is 10.110.242.13 to network 0.0.0.0

D*EX  0.0.0.0/0 [170/2588416] via 10.110.242.13, 3w4d, GigabitEthernet1/0/2
                [170/2588416] via 10.110.242.9, 3w4d, GigabitEthernet1/0/1
      10.0.0.0/8 is variably subnetted, 153 subnets, 9 masks
D EX     10.18.250.0/29 
           [170/25628416] via 10.110.242.13, 3w4d, GigabitEthernet1/0/2
           [170/25628416] via 10.110.242.9, 3w4d, GigabitEthernet1/0/1
D EX     10.19.0.0/16 
           [170/2588416] via 10.110.242.13, 3w4d, GigabitEthernet1/0/2
           [170/2588416] via 10.110.242.9, 3w4d, GigabitEthernet1/0/1
D EX     10.19.240.1/32 
           [170/2588416] via 10.110.242.13, 3w4d, GigabitEthernet1/0/2
           [170/2588416] via 10.110.242.9, 3w4d, GigabitEthernet1/0/1
D EX     10.19.250.0/29 
           [170/25628416] via 10.110.242.13, 3w4d, GigabitEthernet1/0/2
           [170/25628416] via 10.110.242.9, 3w4d, GigabitEthernet1/0/1
D EX     10.21.240.1/32 
           [170/5148416] via 10.110.242.13, 3w4d, GigabitEthernet1/0/2
           [170/5148416] via 10.110.242.9, 3w4d, GigabitEthernet1/0/1
D EX     10.21.250.0/29 
           [170/25628416] via 10.110.242.13, 3w4d, GigabitEthernet1/0/2
           [170/25628416] via 10.110.242.9, 3w4d, GigabitEthernet1/0/1
D EX     10.25.243.136/30 
           [170/25628416] via 10.110.242.13, 2w5d, GigabitEthernet1/0/2
           [170/25628416] via 10.110.242.9, 2w5d, GigabitEthernet1/0/1
D EX     10.25.252.0/28 
           [170/25628416] via 10.110.242.13, 2w5d, GigabitEthernet1/0/2
           [170/25628416] via 10.110.242.9, 2w5d, GigabitEthernet1/0/1
D EX     10.65.0.0/16 
           [170/25628416] via 10.110.242.13, 2w5d, GigabitEthernet1/0/2
           [170/25628416] via 10.110.242.9, 2w5d, GigabitEthernet1/0/1
D EX     10.65.243.136/30 
           [170/2588416] via 10.110.242.13, 3w4d, GigabitEthernet1/0/2
           [170/2588416] via 10.110.242.9, 3w4d, GigabitEthernet1/0/1
D EX     10.65.250.0/29 
           [170/25628416] via 10.110.242.13, 3w4d, GigabitEthernet1/0/2
           [170/25628416] via 10.110.242.9, 3w4d, GigabitEthernet1/0/1
D EX     10.65.252.0/28 
           [170/2588416] via 10.110.242.13, 3w4d, GigabitEthernet1/0/2
           [170/2588416] via 10.110.242.9, 3w4d, GigabitEthernet1/0/1
D EX     10.66.0.0/16 
           [170/25628416] via 10.110.242.13, 3d23h, GigabitEthernet1/0/2
           [170/25628416] via 10.110.242.9, 3d23h, GigabitEthernet1/0/1
D EX     10.66.0.0/17 
           [170/25628416] via 10.110.242.13, 3w4d, GigabitEthernet1/0/2
           [170/25628416] via 10.110.242.9, 3w4d, GigabitEthernet1/0/1
D EX     10.66.128.0/17 
           [170/25628416] via 10.110.242.13, 3w4d, GigabitEthernet1/0/2
           [170/25628416] via 10.110.242.9, 3w4d, GigabitEthernet1/0/1
D EX     10.66.240.1/32 
           [170/25628416] via 10.110.242.13, 3w4d, GigabitEthernet1/0/2
           [170/25628416] via 10.110.242.9, 3w4d, GigabitEthernet1/0/1
D EX     10.66.250.0/29 
           [170/25628416] via 10.110.242.13, 3w4d, GigabitEthernet1/0/2
           [170/25628416] via 10.110.242.9, 3w4d, GigabitEthernet1/0/1
D EX     10.67.0.0/16 
           [170/25628416] via 10.110.242.13, 3w4d, GigabitEthernet1/0/2
           [170/25628416] via 10.110.242.9, 3w4d, GigabitEthernet1/0/1
D EX     10.67.240.1/32 
           [170/25628416] via 10.110.242.13, 3w4d, GigabitEthernet1/0/2
           [170/25628416] via 10.110.242.9, 3w4d, GigabitEthernet1/0/1
D EX     10.67.250.0/29 
           [170/25628416] via 10.110.242.13, 3w4d, GigabitEthernet1/0/2
           [170/25628416] via 10.110.242.9, 3w4d, GigabitEthernet1/0/1
D EX     10.68.0.0/16 
           [170/25628416] via 10.110.242.13, 3w4d, GigabitEthernet1/0/2
           [170/25628416] via 10.110.242.9, 3w4d, GigabitEthernet1/0/1
D EX     10.68.240.1/32 
           [170/25628416] via 10.110.242.13, 3w4d, GigabitEthernet1/0/2
           [170/25628416] via 10.110.242.9, 3w4d, GigabitEthernet1/0/1
D EX     10.68.250.0/29 
           [170/25628416] via 10.110.242.13, 3w4d, GigabitEthernet1/0/2
           [170/25628416] via 10.110.242.9, 3w4d, GigabitEthernet1/0/1
D EX     10.69.0.0/16 
           [170/25628416] via 10.110.242.13, 3w4d, GigabitEthernet1/0/2
           [170/25628416] via 10.110.242.9, 3w4d, GigabitEthernet1/0/1
D EX     10.69.240.1/32 
           [170/25628416] via 10.110.242.13, 3w4d, GigabitEthernet1/0/2
           [170/25628416] via 10.110.242.9, 3w4d, GigabitEthernet1/0/1
D EX     10.69.250.0/29 
           [170/25628416] via 10.110.242.13, 3w4d, GigabitEthernet1/0/2
           [170/25628416] via 10.110.242.9, 3w4d, GigabitEthernet1/0/1
D EX     10.70.0.0/16 
           [170/25628416] via 10.110.242.13, 00:12:39, GigabitEthernet1/0/2
           [170/25628416] via 10.110.242.9, 00:12:39, GigabitEthernet1/0/1
D EX     10.70.0.0/17 
           [170/25628416] via 10.110.242.13, 3w4d, GigabitEthernet1/0/2
           [170/25628416] via 10.110.242.9, 3w4d, GigabitEthernet1/0/1
D EX     10.70.128.0/17 
           [170/25628416] via 10.110.242.13, 3w4d, GigabitEthernet1/0/2
           [170/25628416] via 10.110.242.9, 3w4d, GigabitEthernet1/0/1
D EX     10.70.240.1/32 
           [170/25628416] via 10.110.242.13, 3w4d, GigabitEthernet1/0/2
           [170/25628416] via 10.110.242.9, 3w4d, GigabitEthernet1/0/1
D EX     10.70.250.0/29 
           [170/25628416] via 10.110.242.13, 3w4d, GigabitEthernet1/0/2
           [170/25628416] via 10.110.242.9, 3w4d, GigabitEthernet1/0/1
D EX     10.71.0.0/16 
           [170/25628416] via 10.110.242.13, 3w4d, GigabitEthernet1/0/2
           [170/25628416] via 10.110.242.9, 3w4d, GigabitEthernet1/0/1
D EX     10.71.240.1/32 
           [170/25628416] via 10.110.242.13, 3w4d, GigabitEthernet1/0/2
           [170/25628416] via 10.110.242.9, 3w4d, GigabitEthernet1/0/1
D EX     10.71.250.0/29 
           [170/25628416] via 10.110.242.13, 3w4d, GigabitEthernet1/0/2
           [170/25628416] via 10.110.242.9, 3w4d, GigabitEthernet1/0/1
D EX     10.72.0.0/16 
           [170/25628416] via 10.110.242.13, 00:51:39, GigabitEthernet1/0/2
           [170/25628416] via 10.110.242.9, 00:51:39, GigabitEthernet1/0/1
D EX     10.72.0.0/17 
           [170/25628416] via 10.110.242.13, 3w4d, GigabitEthernet1/0/2
           [170/25628416] via 10.110.242.9, 3w4d, GigabitEthernet1/0/1
D EX     10.72.128.0/17 
           [170/25628416] via 10.110.242.13, 3w4d, GigabitEthernet1/0/2
           [170/25628416] via 10.110.242.9, 3w4d, GigabitEthernet1/0/1
D EX     10.72.240.1/32 
           [170/25628416] via 10.110.242.13, 3w4d, GigabitEthernet1/0/2
           [170/25628416] via 10.110.242.9, 3w4d, GigabitEthernet1/0/1
D EX     10.72.250.0/29 
           [170/25628416] via 10.110.242.13, 3w4d, GigabitEthernet1/0/2
           [170/25628416] via 10.110.242.9, 3w4d, GigabitEthernet1/0/1
D EX     10.73.0.0/16 
           [170/25628416] via 10.110.242.13, 3w4d, GigabitEthernet1/0/2
           [170/25628416] via 10.110.242.9, 3w4d, GigabitEthernet1/0/1
D EX     10.73.240.1/32 
           [170/25628416] via 10.110.242.13, 3w4d, GigabitEthernet1/0/2
           [170/25628416] via 10.110.242.9, 3w4d, GigabitEthernet1/0/1
D EX     10.73.250.0/29 
           [170/25628416] via 10.110.242.13, 3w4d, GigabitEthernet1/0/2
           [170/25628416] via 10.110.242.9, 3w4d, GigabitEthernet1/0/1
D EX     10.74.250.0/29 
           [170/25628416] via 10.110.242.13, 3w4d, GigabitEthernet1/0/2
           [170/25628416] via 10.110.242.9, 3w4d, GigabitEthernet1/0/1
D EX     10.75.0.0/16 
           [170/25628416] via 10.110.242.13, 3w4d, GigabitEthernet1/0/2
           [170/25628416] via 10.110.242.9, 3w4d, GigabitEthernet1/0/1
D EX     10.75.240.1/32 
           [170/25628416] via 10.110.242.13, 3w4d, GigabitEthernet1/0/2
           [170/25628416] via 10.110.242.9, 3w4d, GigabitEthernet1/0/1
D EX     10.75.250.0/29 
           [170/25628416] via 10.110.242.13, 3w4d, GigabitEthernet1/0/2
           [170/25628416] via 10.110.242.9, 3w4d, GigabitEthernet1/0/1
D EX     10.76.0.0/16 
           [170/25628416] via 10.110.242.13, 00:13:23, GigabitEthernet1/0/2
           [170/25628416] via 10.110.242.9, 00:13:23, GigabitEthernet1/0/1
D EX     10.76.0.0/17 
           [170/25628416] via 10.110.242.13, 1w3d, GigabitEthernet1/0/2
           [170/25628416] via 10.110.242.9, 1w3d, GigabitEthernet1/0/1
D EX     10.76.128.0/17 
           [170/25628416] via 10.110.242.13, 1w3d, GigabitEthernet1/0/2
           [170/25628416] via 10.110.242.9, 1w3d, GigabitEthernet1/0/1
D EX     10.76.240.1/32 
           [170/25628416] via 10.110.242.13, 3w4d, GigabitEthernet1/0/2
           [170/25628416] via 10.110.242.9, 3w4d, GigabitEthernet1/0/1
D EX     10.76.250.0/29 
           [170/25628416] via 10.110.242.13, 3w4d, GigabitEthernet1/0/2
           [170/25628416] via 10.110.242.9, 3w4d, GigabitEthernet1/0/1
D EX     10.77.0.0/16 
           [170/25628416] via 10.110.242.13, 01:19:19, GigabitEthernet1/0/2
           [170/25628416] via 10.110.242.9, 01:19:19, GigabitEthernet1/0/1
D EX     10.77.0.0/17 
           [170/25628416] via 10.110.242.13, 3w4d, GigabitEthernet1/0/2
           [170/25628416] via 10.110.242.9, 3w4d, GigabitEthernet1/0/1
D EX     10.77.128.0/17 
           [170/25628416] via 10.110.242.13, 3w4d, GigabitEthernet1/0/2
           [170/25628416] via 10.110.242.9, 3w4d, GigabitEthernet1/0/1
D EX     10.77.250.0/30 
           [170/25628416] via 10.110.242.13, 3w4d, GigabitEthernet1/0/2
           [170/25628416] via 10.110.242.9, 3w4d, GigabitEthernet1/0/1
D EX     10.78.0.0/16 
           [170/25628416] via 10.110.242.13, 3w4d, GigabitEthernet1/0/2
           [170/25628416] via 10.110.242.9, 3w4d, GigabitEthernet1/0/1
D EX     10.78.240.1/32 
           [170/25628416] via 10.110.242.13, 3w4d, GigabitEthernet1/0/2
           [170/25628416] via 10.110.242.9, 3w4d, GigabitEthernet1/0/1
D EX     10.78.250.0/29 
           [170/25628416] via 10.110.242.13, 3w4d, GigabitEthernet1/0/2
           [170/25628416] via 10.110.242.9, 3w4d, GigabitEthernet1/0/1
D EX     10.79.0.0/16 
           [170/25628416] via 10.110.242.13, 1w2d, GigabitEthernet1/0/2
           [170/25628416] via 10.110.242.9, 1w2d, GigabitEthernet1/0/1
D EX     10.79.240.1/32 
           [170/25628416] via 10.110.242.13, 2w1d, GigabitEthernet1/0/2
           [170/25628416] via 10.110.242.9, 2w1d, GigabitEthernet1/0/1
D EX     10.79.250.0/30 
           [170/25628416] via 10.110.242.13, 2w1d, GigabitEthernet1/0/2
           [170/25628416] via 10.110.242.9, 2w1d, GigabitEthernet1/0/1
D EX     10.80.0.0/16 
           [170/25628416] via 10.110.242.13, 00:22:14, GigabitEthernet1/0/2
           [170/25628416] via 10.110.242.9, 00:22:14, GigabitEthernet1/0/1
D EX     10.80.0.0/17 
           [170/25628416] via 10.110.242.13, 3w4d, GigabitEthernet1/0/2
           [170/25628416] via 10.110.242.9, 3w4d, GigabitEthernet1/0/1
D EX     10.80.128.0/17 
           [170/25628416] via 10.110.242.13, 3w4d, GigabitEthernet1/0/2
           [170/25628416] via 10.110.242.9, 3w4d, GigabitEthernet1/0/1
D EX     10.80.240.1/32 
           [170/25628416] via 10.110.242.13, 3w4d, GigabitEthernet1/0/2
           [170/25628416] via 10.110.242.9, 3w4d, GigabitEthernet1/0/1
D EX     10.80.250.0/30 
           [170/25628416] via 10.110.242.13, 3w4d, GigabitEthernet1/0/2
           [170/25628416] via 10.110.242.9, 3w4d, GigabitEthernet1/0/1
D EX     10.81.0.0/16 
           [170/25628416] via 10.110.242.13, 00:52:04, GigabitEthernet1/0/2
           [170/25628416] via 10.110.242.9, 00:52:04, GigabitEthernet1/0/1
D EX     10.81.0.0/17 
           [170/25628416] via 10.110.242.13, 3w4d, GigabitEthernet1/0/2
           [170/25628416] via 10.110.242.9, 3w4d, GigabitEthernet1/0/1
D EX     10.81.128.0/17 
           [170/25628416] via 10.110.242.13, 3w4d, GigabitEthernet1/0/2
           [170/25628416] via 10.110.242.9, 3w4d, GigabitEthernet1/0/1
D EX     10.81.240.1/32 
           [170/25628416] via 10.110.242.13, 3w4d, GigabitEthernet1/0/2
           [170/25628416] via 10.110.242.9, 3w4d, GigabitEthernet1/0/1
D EX     10.81.250.0/30 
           [170/25628416] via 10.110.242.13, 3w4d, GigabitEthernet1/0/2
           [170/25628416] via 10.110.242.9, 3w4d, GigabitEthernet1/0/1
D EX     10.84.0.0/16 
           [170/25628416] via 10.110.242.13, 1d14h, GigabitEthernet1/0/2
           [170/25628416] via 10.110.242.9, 1d14h, GigabitEthernet1/0/1
D EX     10.84.0.0/17 
           [170/25628416] via 10.110.242.13, 1d14h, GigabitEthernet1/0/2
           [170/25628416] via 10.110.242.9, 1d14h, GigabitEthernet1/0/1
D EX     10.84.128.0/17 
           [170/25628416] via 10.110.242.13, 1d14h, GigabitEthernet1/0/2
           [170/25628416] via 10.110.242.9, 1d14h, GigabitEthernet1/0/1
D EX     10.84.240.1/32 
           [170/25628416] via 10.110.242.13, 1d14h, GigabitEthernet1/0/2
           [170/25628416] via 10.110.242.9, 1d14h, GigabitEthernet1/0/1
D EX     10.84.250.0/30 
           [170/25628416] via 10.110.242.13, 3w1d, GigabitEthernet1/0/2
           [170/25628416] via 10.110.242.9, 3w1d, GigabitEthernet1/0/1
D EX     10.85.0.0/16 
           [170/25628416] via 10.110.242.13, 00:19:49, GigabitEthernet1/0/2
           [170/25628416] via 10.110.242.9, 00:19:49, GigabitEthernet1/0/1
D EX     10.85.0.0/17 
           [170/25628416] via 10.110.242.13, 2w3d, GigabitEthernet1/0/2
           [170/25628416] via 10.110.242.9, 2w3d, GigabitEthernet1/0/1
D EX     10.85.128.0/17 
           [170/25628416] via 10.110.242.13, 2w3d, GigabitEthernet1/0/2
           [170/25628416] via 10.110.242.9, 2w3d, GigabitEthernet1/0/1
D EX     10.85.240.1/32 
           [170/25628416] via 10.110.242.13, 2w3d, GigabitEthernet1/0/2
           [170/25628416] via 10.110.242.9, 2w3d, GigabitEthernet1/0/1
D EX     10.85.250.0/30 
           [170/25628416] via 10.110.242.13, 2w3d, GigabitEthernet1/0/2
           [170/25628416] via 10.110.242.9, 2w3d, GigabitEthernet1/0/1
D EX     10.86.0.0/16 
           [170/25628416] via 10.110.242.13, 3w4d, GigabitEthernet1/0/2
           [170/25628416] via 10.110.242.9, 3w4d, GigabitEthernet1/0/1
D EX     10.86.64.16/30 
           [170/25628416] via 10.110.242.13, 3w4d, GigabitEthernet1/0/2
           [170/25628416] via 10.110.242.9, 3w4d, GigabitEthernet1/0/1
D EX     10.86.64.20/30 
           [170/25628416] via 10.110.242.13, 3w4d, GigabitEthernet1/0/2
           [170/25628416] via 10.110.242.9, 3w4d, GigabitEthernet1/0/1
D EX     10.86.65.16/30 
           [170/25628416] via 10.110.242.13, 3w4d, GigabitEthernet1/0/2
           [170/25628416] via 10.110.242.9, 3w4d, GigabitEthernet1/0/1
D EX     10.86.65.20/30 
           [170/25628416] via 10.110.242.13, 3w4d, GigabitEthernet1/0/2
           [170/25628416] via 10.110.242.9, 3w4d, GigabitEthernet1/0/1
D EX     10.86.240.1/32 
           [170/25628416] via 10.110.242.13, 3w4d, GigabitEthernet1/0/2
           [170/25628416] via 10.110.242.9, 3w4d, GigabitEthernet1/0/1
D EX     10.87.0.0/16 
           [170/25628416] via 10.110.242.13, 00:25:45, GigabitEthernet1/0/2
           [170/25628416] via 10.110.242.9, 00:25:45, GigabitEthernet1/0/1
D EX     10.87.0.0/17 
           [170/25628416] via 10.110.242.13, 3w4d, GigabitEthernet1/0/2
           [170/25628416] via 10.110.242.9, 3w4d, GigabitEthernet1/0/1
D EX     10.87.128.0/17 
           [170/25628416] via 10.110.242.13, 3w4d, GigabitEthernet1/0/2
           [170/25628416] via 10.110.242.9, 3w4d, GigabitEthernet1/0/1
D EX     10.87.240.1/32 
           [170/25628416] via 10.110.242.13, 3w4d, GigabitEthernet1/0/2
           [170/25628416] via 10.110.242.9, 3w4d, GigabitEthernet1/0/1
D EX     10.87.250.0/30 
           [170/25628416] via 10.110.242.13, 3w4d, GigabitEthernet1/0/2
           [170/25628416] via 10.110.242.9, 3w4d, GigabitEthernet1/0/1
D EX     10.88.0.0/16 
           [170/25628416] via 10.110.242.13, 21:19:26, GigabitEthernet1/0/2
           [170/25628416] via 10.110.242.9, 21:19:26, GigabitEthernet1/0/1
D EX     10.88.0.0/17 
           [170/25628416] via 10.110.242.13, 3w4d, GigabitEthernet1/0/2
           [170/25628416] via 10.110.242.9, 3w4d, GigabitEthernet1/0/1
D EX     10.88.128.0/17 
           [170/25628416] via 10.110.242.13, 3w4d, GigabitEthernet1/0/2
           [170/25628416] via 10.110.242.9, 3w4d, GigabitEthernet1/0/1
D EX     10.88.240.1/32 
           [170/25628416] via 10.110.242.13, 3w4d, GigabitEthernet1/0/2
           [170/25628416] via 10.110.242.9, 3w4d, GigabitEthernet1/0/1
D EX     10.88.250.0/30 
           [170/25628416] via 10.110.242.13, 3w4d, GigabitEthernet1/0/2
           [170/25628416] via 10.110.242.9, 3w4d, GigabitEthernet1/0/1
D EX     10.89.0.0/16 
           [170/25628416] via 10.110.242.13, 00:22:50, GigabitEthernet1/0/2
           [170/25628416] via 10.110.242.9, 00:22:50, GigabitEthernet1/0/1
D EX     10.89.0.0/17 
           [170/25628416] via 10.110.242.13, 3w4d, GigabitEthernet1/0/2
           [170/25628416] via 10.110.242.9, 3w4d, GigabitEthernet1/0/1
D EX     10.89.128.0/17 
           [170/25628416] via 10.110.242.13, 3w4d, GigabitEthernet1/0/2
           [170/25628416] via 10.110.242.9, 3w4d, GigabitEthernet1/0/1
D EX     10.89.240.1/32 
           [170/25628416] via 10.110.242.13, 3w4d, GigabitEthernet1/0/2
           [170/25628416] via 10.110.242.9, 3w4d, GigabitEthernet1/0/1
D EX     10.89.250.0/30 
           [170/25628416] via 10.110.242.13, 3w4d, GigabitEthernet1/0/2
           [170/25628416] via 10.110.242.9, 3w4d, GigabitEthernet1/0/1
D EX     10.90.0.0/16 
           [170/25628416] via 10.110.242.13, 00:21:30, GigabitEthernet1/0/2
           [170/25628416] via 10.110.242.9, 00:21:30, GigabitEthernet1/0/1
D EX     10.90.0.0/17 
           [170/25628416] via 10.110.242.13, 2w3d, GigabitEthernet1/0/2
           [170/25628416] via 10.110.242.9, 2w3d, GigabitEthernet1/0/1
D EX     10.90.128.0/17 
           [170/25628416] via 10.110.242.13, 2w3d, GigabitEthernet1/0/2
           [170/25628416] via 10.110.242.9, 2w3d, GigabitEthernet1/0/1
D EX     10.90.240.1/32 
           [170/25628416] via 10.110.242.13, 2w3d, GigabitEthernet1/0/2
           [170/25628416] via 10.110.242.9, 2w3d, GigabitEthernet1/0/1
D EX     10.90.250.0/30 
           [170/25628416] via 10.110.242.13, 2w3d, GigabitEthernet1/0/2
           [170/25628416] via 10.110.242.9, 2w3d, GigabitEthernet1/0/1
D EX     10.91.0.0/16 
           [170/25628416] via 10.110.242.13, 2w3d, GigabitEthernet1/0/2
           [170/25628416] via 10.110.242.9, 2w3d, GigabitEthernet1/0/1
D EX     10.91.240.1/32 
           [170/25628416] via 10.110.242.13, 2w3d, GigabitEthernet1/0/2
           [170/25628416] via 10.110.242.9, 2w3d, GigabitEthernet1/0/1
D EX     10.91.250.0/30 
           [170/25628416] via 10.110.242.13, 2w3d, GigabitEthernet1/0/2
           [170/25628416] via 10.110.242.9, 2w3d, GigabitEthernet1/0/1
D EX     10.92.0.0/17 
           [170/25628416] via 10.110.242.13, 1w3d, GigabitEthernet1/0/2
           [170/25628416] via 10.110.242.9, 1w3d, GigabitEthernet1/0/1
D EX     10.92.128.0/17 
           [170/25628416] via 10.110.242.13, 3w4d, GigabitEthernet1/0/2
           [170/25628416] via 10.110.242.9, 3w4d, GigabitEthernet1/0/1
D EX     10.92.240.1/32 
           [170/25628416] via 10.110.242.13, 3w4d, GigabitEthernet1/0/2
           [170/25628416] via 10.110.242.9, 3w4d, GigabitEthernet1/0/1
D EX     10.92.250.0/30 
           [170/25628416] via 10.110.242.13, 3w4d, GigabitEthernet1/0/2
           [170/25628416] via 10.110.242.9, 3w4d, GigabitEthernet1/0/1
D EX     10.93.0.0/17 
           [170/25628416] via 10.110.242.13, 3w4d, GigabitEthernet1/0/2
           [170/25628416] via 10.110.242.9, 3w4d, GigabitEthernet1/0/1
D EX     10.93.128.0/17 
           [170/25628416] via 10.110.242.13, 3w4d, GigabitEthernet1/0/2
           [170/25628416] via 10.110.242.9, 3w4d, GigabitEthernet1/0/1
D EX     10.93.240.1/32 
           [170/25628416] via 10.110.242.13, 3w4d, GigabitEthernet1/0/2
           [170/25628416] via 10.110.242.9, 3w4d, GigabitEthernet1/0/1
D EX     10.93.250.0/30 
           [170/25628416] via 10.110.242.13, 3w4d, GigabitEthernet1/0/2
           [170/25628416] via 10.110.242.9, 3w4d, GigabitEthernet1/0/1
D EX     10.97.0.0/16 
           [170/25628416] via 10.110.242.13, 2w4d, GigabitEthernet1/0/2
           [170/25628416] via 10.110.242.9, 2w4d, GigabitEthernet1/0/1
D EX     10.97.250.0/29 
           [170/25628416] via 10.110.242.13, 2w4d, GigabitEthernet1/0/2
           [170/25628416] via 10.110.242.9, 2w4d, GigabitEthernet1/0/1
D EX     10.98.0.0/16 
           [170/25628416] via 10.110.242.13, 00:51:25, GigabitEthernet1/0/2
           [170/25628416] via 10.110.242.9, 00:51:25, GigabitEthernet1/0/1
D EX     10.98.0.0/17 
           [170/25628416] via 10.110.242.13, 3w4d, GigabitEthernet1/0/2
           [170/25628416] via 10.110.242.9, 3w4d, GigabitEthernet1/0/1
D EX     10.98.128.0/17 
           [170/25628416] via 10.110.242.13, 3w4d, GigabitEthernet1/0/2
           [170/25628416] via 10.110.242.9, 3w4d, GigabitEthernet1/0/1
D EX     10.98.250.0/29 
           [170/25628416] via 10.110.242.13, 3w4d, GigabitEthernet1/0/2
           [170/25628416] via 10.110.242.9, 3w4d, GigabitEthernet1/0/1
D EX     10.107.250.0/29 
           [170/25628416] via 10.110.242.13, 3w4d, GigabitEthernet1/0/2
           [170/25628416] via 10.110.242.9, 3w4d, GigabitEthernet1/0/1
D        10.110.64.0/24 
           [90/3072] via 10.110.242.13, 2d00h, GigabitEthernet1/0/2
           [90/3072] via 10.110.242.9, 2d00h, GigabitEthernet1/0/1
C        10.110.65.0/24 is directly connected, Vlan401
L        10.110.65.1/32 is directly connected, Vlan401
D        10.110.96.0/24 
           [90/3072] via 10.110.242.13, 3w4d, GigabitEthernet1/0/2
           [90/3072] via 10.110.242.9, 3w4d, GigabitEthernet1/0/1
C        10.110.97.0/24 is directly connected, Vlan801
L        10.110.97.1/32 is directly connected, Vlan801
D        10.110.128.0/24 
           [90/3072] via 10.110.242.13, 2d00h, GigabitEthernet1/0/2
           [90/3072] via 10.110.242.9, 2d00h, GigabitEthernet1/0/1
C        10.110.129.0/24 is directly connected, Vlan501
L        10.110.129.1/32 is directly connected, Vlan501
D        10.110.240.1/32 
           [90/156416] via 10.110.242.13, 3w4d, GigabitEthernet1/0/2
           [90/156416] via 10.110.242.9, 3w4d, GigabitEthernet1/0/1
D        10.110.240.5/32 
           [90/130816] via 10.110.242.13, 3w4d, GigabitEthernet1/0/2
           [90/130816] via 10.110.242.9, 3w4d, GigabitEthernet1/0/1
C        10.110.240.6/32 is directly connected, Loopback1
D        10.110.241.0/29 
           [90/3072] via 10.110.242.13, 3w4d, GigabitEthernet1/0/2
           [90/3072] via 10.110.242.9, 3w4d, GigabitEthernet1/0/1
D        10.110.242.0/29 
           [90/28416] via 10.110.242.13, 3w4d, GigabitEthernet1/0/2
           [90/28416] via 10.110.242.9, 3w4d, GigabitEthernet1/0/1
C        10.110.242.8/30 is directly connected, GigabitEthernet1/0/1
L        10.110.242.10/32 is directly connected, GigabitEthernet1/0/1
C        10.110.242.12/30 is directly connected, GigabitEthernet1/0/2
L        10.110.242.14/32 is directly connected, GigabitEthernet1/0/2
D        10.110.246.0/27 
           [90/3072] via 10.110.242.13, 3w4d, GigabitEthernet1/0/2
           [90/3072] via 10.110.242.9, 3w4d, GigabitEthernet1/0/1
C        10.110.246.64/27 is directly connected, Vlan800
L        10.110.246.65/32 is directly connected, Vlan800
D        10.110.250.0/29 
           [90/1285376] via 10.110.242.13, 3w4d, GigabitEthernet1/0/2
           [90/1285376] via 10.110.242.9, 3w4d, GigabitEthernet1/0/1
D        10.110.254.0/24 
           [90/3072] via 10.110.242.13, 3w4d, GigabitEthernet1/0/2
           [90/3072] via 10.110.242.9, 3w4d, GigabitEthernet1/0/1
C        10.110.255.0/24 is directly connected, Vlan901
L        10.110.255.1/32 is directly connected, Vlan901
D EX     10.248.250.0/25 
           [170/25628416] via 10.110.242.13, 3w4d, GigabitEthernet1/0/2
           [170/25628416] via 10.110.242.9, 3w4d, GigabitEthernet1/0/1
D EX     10.248.250.128/25 
           [170/25628416] via 10.110.242.13, 3w4d, GigabitEthernet1/0/2
           [170/25628416] via 10.110.242.9, 3w4d, GigabitEthernet1/0/1
D EX     10.252.252.0/24 
           [170/25628416] via 10.110.242.13, 2w5d, GigabitEthernet1/0/2
           [170/25628416] via 10.110.242.9, 2w5d, GigabitEthernet1/0/1
      30.0.0.0/29 is subnetted, 1 subnets
D EX     30.20.57.120 
           [170/25628416] via 10.110.242.13, 3w4d, GigabitEthernet1/0/2
           [170/25628416] via 10.110.242.9, 3w4d, GigabitEthernet1/0/1
      144.140.0.0/16 is variably subnetted, 14 subnets, 3 masks
D EX     144.140.162.40/29 
           [170/25628416] via 10.110.242.13, 3w4d, GigabitEthernet1/0/2
           [170/25628416] via 10.110.242.9, 3w4d, GigabitEthernet1/0/1
D EX     144.140.162.48/28 
           [170/25628416] via 10.110.242.13, 3w4d, GigabitEthernet1/0/2
           [170/25628416] via 10.110.242.9, 3w4d, GigabitEthernet1/0/1
D EX     144.140.162.80/28 
           [170/25628416] via 10.110.242.13, 3w4d, GigabitEthernet1/0/2
           [170/25628416] via 10.110.242.9, 3w4d, GigabitEthernet1/0/1
D EX     144.140.181.80/28 
           [170/25628416] via 10.110.242.13, 3w4d, GigabitEthernet1/0/2
           [170/25628416] via 10.110.242.9, 3w4d, GigabitEthernet1/0/1
D EX     144.140.201.1/32 
           [170/25628416] via 10.110.242.13, 2w3d, GigabitEthernet1/0/2
           [170/25628416] via 10.110.242.9, 2w3d, GigabitEthernet1/0/1
D EX     144.140.201.2/32 
           [170/25628416] via 10.110.242.13, 2w3d, GigabitEthernet1/0/2
           [170/25628416] via 10.110.242.9, 2w3d, GigabitEthernet1/0/1
D EX     144.140.201.3/32 
           [170/25628416] via 10.110.242.13, 2w3d, GigabitEthernet1/0/2
           [170/25628416] via 10.110.242.9, 2w3d, GigabitEthernet1/0/1
D EX     144.140.201.16/28 
           [170/25628416] via 10.110.242.13, 2w3d, GigabitEthernet1/0/2
           [170/25628416] via 10.110.242.9, 2w3d, GigabitEthernet1/0/1
D EX     144.140.208.16/29 
           [170/25628416] via 10.110.242.13, 3w4d, GigabitEthernet1/0/2
           [170/25628416] via 10.110.242.9, 3w4d, GigabitEthernet1/0/1
D EX     144.140.208.32/28 
           [170/25628416] via 10.110.242.13, 3w4d, GigabitEthernet1/0/2
           [170/25628416] via 10.110.242.9, 3w4d, GigabitEthernet1/0/1
D EX     144.140.208.80/28 
           [170/25628416] via 10.110.242.13, 3w4d, GigabitEthernet1/0/2
           [170/25628416] via 10.110.242.9, 3w4d, GigabitEthernet1/0/1
D EX     144.140.218.96/28 
           [170/25628416] via 10.110.242.13, 3w4d, GigabitEthernet1/0/2
           [170/25628416] via 10.110.242.9, 3w4d, GigabitEthernet1/0/1
D EX     144.140.222.32/28 
           [170/25628416] via 10.110.242.13, 3w4d, GigabitEthernet1/0/2
           [170/25628416] via 10.110.242.9, 3w4d, GigabitEthernet1/0/1
D EX     144.140.224.32/28 
           [170/25628416] via 10.110.242.13, 3w4d, GigabitEthernet1/0/2
           [170/25628416] via 10.110.242.9, 3w4d, GigabitEthernet1/0/1
      146.195.0.0/16 is variably subnetted, 6 subnets, 4 masks
D EX     146.195.21.0/29 
           [170/25628416] via 10.110.242.13, 2w5d, GigabitEthernet1/0/2
           [170/25628416] via 10.110.242.9, 2w5d, GigabitEthernet1/0/1
D EX     146.195.30.0/24 
           [170/25628416] via 10.110.242.13, 2w5d, GigabitEthernet1/0/2
           [170/25628416] via 10.110.242.9, 2w5d, GigabitEthernet1/0/1
D EX     146.195.31.0/24 
           [170/25628416] via 10.110.242.13, 2w5d, GigabitEthernet1/0/2
           [170/25628416] via 10.110.242.9, 2w5d, GigabitEthernet1/0/1
D EX     146.195.39.0/24 
           [170/25628416] via 10.110.242.13, 2w5d, GigabitEthernet1/0/2
           [170/25628416] via 10.110.242.9, 2w5d, GigabitEthernet1/0/1
D EX     146.195.180.0/22 
           [170/25628416] via 10.110.242.13, 2w5d, GigabitEthernet1/0/2
           [170/25628416] via 10.110.242.9, 2w5d, GigabitEthernet1/0/1
D EX     146.195.255.20/32 
           [170/2588416] via 10.110.242.13, 3w4d, GigabitEthernet1/0/2
           [170/2588416] via 10.110.242.9, 3w4d, GigabitEthernet1/0/1
      172.16.0.0/24 is subnetted, 1 subnets
D EX     172.16.65.0 
           [170/25628416] via 10.110.242.13, 2w5d, GigabitEthernet1/0/2
           [170/25628416] via 10.110.242.9, 2w5d, GigabitEthernet1/0/1
      172.17.0.0/24 is subnetted, 1 subnets
D EX     172.17.65.0 
           [170/25628416] via 10.110.242.13, 2w5d, GigabitEthernet1/0/2
           [170/25628416] via 10.110.242.9, 2w5d, GigabitEthernet1/0/1
      172.24.0.0/16 is variably subnetted, 6 subnets, 3 masks
D EX     172.24.96.0/21 
           [170/25628416] via 10.110.242.13, 2w5d, GigabitEthernet1/0/2
           [170/25628416] via 10.110.242.9, 2w5d, GigabitEthernet1/0/1
D EX     172.24.108.0/24 
           [170/25628416] via 10.110.242.13, 2w5d, GigabitEthernet1/0/2
           [170/25628416] via 10.110.242.9, 2w5d, GigabitEthernet1/0/1
D EX     172.24.109.0/24 
           [170/25628416] via 10.110.242.13, 2w5d, GigabitEthernet1/0/2
           [170/25628416] via 10.110.242.9, 2w5d, GigabitEthernet1/0/1
D EX     172.24.112.0/22 
           [170/25628416] via 10.110.242.13, 2w5d, GigabitEthernet1/0/2
           [170/25628416] via 10.110.242.9, 2w5d, GigabitEthernet1/0/1
D EX     172.24.120.0/24 
           [170/25628416] via 10.110.242.13, 2w5d, GigabitEthernet1/0/2
           [170/25628416] via 10.110.242.9, 2w5d, GigabitEthernet1/0/1
D EX     172.24.192.0/24 
           [170/25628416] via 10.110.242.13, 2w5d, GigabitEthernet1/0/2
           [170/25628416] via 10.110.242.9, 2w5d, GigabitEthernet1/0/1
      172.25.0.0/16 is variably subnetted, 2 subnets, 2 masks
D EX     172.25.104.0/24 
           [170/25628416] via 10.110.242.13, 2w5d, GigabitEthernet1/0/2
           [170/25628416] via 10.110.242.9, 2w5d, GigabitEthernet1/0/1
D EX     172.25.105.0/26 
           [170/25628416] via 10.110.242.13, 2w5d, GigabitEthernet1/0/2
           [170/25628416] via 10.110.242.9, 2w5d, GigabitEthernet1/0/1
      172.27.0.0/26 is subnetted, 1 subnets
D EX     172.27.0.0 
           [170/25628416] via 10.110.242.13, 2w5d, GigabitEthernet1/0/2
           [170/25628416] via 10.110.242.9, 2w5d, GigabitEthernet1/0/1
      172.28.0.0/26 is subnetted, 1 subnets
D EX     172.28.8.64 
           [170/25628416] via 10.110.242.13, 2w5d, GigabitEthernet1/0/2
           [170/25628416] via 10.110.242.9, 2w5d, GigabitEthernet1/0/1
      172.29.0.0/24 is subnetted, 1 subnets
D EX     172.29.1.0 
           [170/25628416] via 10.110.242.13, 3w4d, GigabitEthernet1/0/2
           [170/25628416] via 10.110.242.9, 3w4d, GigabitEthernet1/0/1
      203.41.188.0/28 is subnetted, 1 subnets
D EX     203.41.188.96 
           [170/25628416] via 10.110.242.13, 3w4d, GigabitEthernet1/0/2
           [170/25628416] via 10.110.242.9, 3w4d, GigabitEthernet1/0/1
      203.42.70.0/28 is subnetted, 1 subnets
D EX     203.42.70.224 
           [170/25628416] via 10.110.242.13, 3w4d, GigabitEthernet1/0/2
           [170/25628416] via 10.110.242.9, 3w4d, GigabitEthernet1/0/1
      203.52.0.0/24 is variably subnetted, 2 subnets, 2 masks
D EX     203.52.0.0/24 
           [170/25628416] via 10.110.242.13, 3w4d, GigabitEthernet1/0/2
           [170/25628416] via 10.110.242.9, 3w4d, GigabitEthernet1/0/1
D EX     203.52.0.192/27 
           [170/25628416] via 10.110.242.13, 3w4d, GigabitEthernet1/0/2
           [170/25628416] via 10.110.242.9, 3w4d, GigabitEthernet1/0/1
      203.52.1.0/24 is variably subnetted, 2 subnets, 2 masks
D EX     203.52.1.0/24 
           [170/25628416] via 10.110.242.13, 3w4d, GigabitEthernet1/0/2
           [170/25628416] via 10.110.242.9, 3w4d, GigabitEthernet1/0/1
D EX     203.52.1.192/27 
           [170/25628416] via 10.110.242.13, 3w4d, GigabitEthernet1/0/2
           [170/25628416] via 10.110.242.9, 3w4d, GigabitEthernet1/0/1
      203.52.2.0/28 is subnetted, 1 subnets
D EX     203.52.2.160 
           [170/25628416] via 10.110.242.13, 3w4d, GigabitEthernet1/0/2
           [170/25628416] via 10.110.242.9, 3w4d, GigabitEthernet1/0/1
jerra-02-sw1#Show inv
NAME: "1", DESCR: "WS-C3750V2-24PS"
PID: WS-C3750V2-24PS-S , VID: V08  , SN: FDO1633X03Y

NAME: "GigabitEthernet1/0/1", DESCR: "1000BaseSX SFP"
PID: Unspecified       , VID:      , SN: FNS131705HW     

NAME: "GigabitEthernet1/0/2", DESCR: "1000BaseSX SFP"
PID: GLC-SX-MMD          , VID: V01  , SN: AGJ1826R4UZ     


jerra-02-sw1#
jerra-02-sw1#exit
