=~=~=~=~=~=~=~=~=~=~=~= PuTTY log 2017.12.22 11:12:56 =~=~=~=~=~=~=~=~=~=~=~=
login as: n039941

 ********************************************************************
 * [WARNING]                                                        *
 *                                                                  *
 * This system belongs to a private organisation. If you are not    *
 * authorised to access this system, exit immediately.              *
 * Unauthorised access to this system is forbidden by company       *
 * policies, national, and international laws.                      *
 * Unauthorised users are subject to criminal and civil penalties   *
 * as well as company initiated disciplinary proceedings.           *
 * By entry into this system you acknowledge that you are           *
 * authorised access and the level of privilege you subsequently    *
 * execute on this system. You further acknowledge that by entry    *
 * into this system you expect no privacy from monitoring.          *
 *                                                                  *
 *        ALL ACCESS TO THIS SYSTEM IS MONITORED AND LOGGED         *
 *                                                                  *
 ********************************************************************

 ********************************************************************
 *             Please enter your username and password.             *
 ********************************************************************
Using keyboard-interactive authentication.
Password: 

 ********************************************************************
 * You are now logged into: WP                                      *
 * All activity is being logged for review by System Administrators *
 ********************************************************************

juren-02-sw1>en
Password: 
juren-02-sw1#term len 0
juren-02-sw1#Show cdp nei
Capability Codes: R - Router, T - Trans Bridge, B - Source Route Bridge
                  S - Switch, H - Host, I - IGMP, r - Repeater, P - Phone, 
                  D - Remote, C - CVTA, M - Two-port Mac Relay 

Device ID        Local Intrfce     Holdtme    Capability  Platform  Port ID
JUREN-01-SW1.ads.westernpower.com.au
                 Gig 1/1/2         122             R S I  WS-C3750V Gig 1/0/3
JUREN-01-SW1.ads.westernpower.com.au
                 Gig 1/1/1         122             R S I  WS-C3750V Gig 1/0/2

Total cdp entries displayed : 2
juren-02-sw1#Show int status

Port      Name               Status       Vlan       Duplex  Speed Type 
Gi1/0/1   *** Wired Voice &  notconnect   401          auto   auto 10/100/1000BaseTX
Gi1/0/2   *** Wired Voice &  notconnect   401          auto   auto 10/100/1000BaseTX
Gi1/0/3   *** Wired Voice &  notconnect   401          auto   auto 10/100/1000BaseTX
Gi1/0/4   *** Wired Voice &  connected    401        a-full a-1000 10/100/1000BaseTX
Gi1/0/5   *** Wired Voice &  notconnect   401          auto   auto 10/100/1000BaseTX
Gi1/0/6   *** Wired Voice &  notconnect   401          auto   auto 10/100/1000BaseTX
Gi1/0/7   *** Wired Voice &  notconnect   401          auto   auto 10/100/1000BaseTX
Gi1/0/8   *** Wired Voice &  notconnect   401          auto   auto 10/100/1000BaseTX
Gi1/0/9   *** Wired Voice &  notconnect   401          auto   auto 10/100/1000BaseTX
Gi1/0/10  *** Wired Voice &  notconnect   401          auto   auto 10/100/1000BaseTX
Gi1/0/11  *** Wired Voice &  notconnect   401          auto   auto 10/100/1000BaseTX
Gi1/0/12  *** Wired Voice &  notconnect   401          auto   auto 10/100/1000BaseTX
Gi1/0/13  *** Wired Voice &  notconnect   401          auto   auto 10/100/1000BaseTX
Gi1/0/14  *** Wired Voice &  notconnect   401          auto   auto 10/100/1000BaseTX
Gi1/0/15  *** Wired Voice &  notconnect   401          auto   auto 10/100/1000BaseTX
Gi1/0/16  *** Wired Voice &  notconnect   401          auto   auto 10/100/1000BaseTX
Gi1/0/17  *** Wired Voice &  notconnect   401          auto   auto 10/100/1000BaseTX
Gi1/0/18  *** Wired Voice &  notconnect   401          auto   auto 10/100/1000BaseTX
Gi1/0/19  *** Wired Voice &  notconnect   401          auto   auto 10/100/1000BaseTX
Gi1/0/20  *** Wired Voice &  notconnect   401          auto   auto 10/100/1000BaseTX
Gi1/0/21  *** Wired Voice &  notconnect   401          auto   auto 10/100/1000BaseTX
Gi1/0/22  *** Wired Voice &  notconnect   401          auto   auto 10/100/1000BaseTX
Gi1/0/23  *** Wired Voice &  notconnect   401          auto   auto 10/100/1000BaseTX
Gi1/0/24  *** Wired Voice &  notconnect   401          auto   auto 10/100/1000BaseTX
Gi1/1/1   juren-01-sw1 (on E connected    routed       full   1000 1000BaseSX SFP
Gi1/1/2   juren-01-sw1 (on E connected    routed       full   1000 1000BaseSX SFP
Gi1/1/3                      disabled     1            auto   auto unknown
Gi1/1/4                      disabled     1            auto   auto unknown
Po1       EC to juren-01-sw1 connected    routed     a-full a-1000 
juren-02-sw1#Show ip arp
Protocol  Address          Age (min)  Hardware Addr   Type   Interface
Internet  10.84.65.1              -   88f0.318b.7aef  ARPA   Vlan401
Internet  10.84.65.12             0   4ccc.6a1b.0dde  ARPA   Vlan401
Internet  10.84.97.1              -   88f0.318b.7afe  ARPA   Vlan801
Internet  10.84.129.1             -   88f0.318b.7af6  ARPA   Vlan501
Internet  10.84.242.13          224   5017.ff65.a4c1  ARPA   Port-channel1
Internet  10.84.242.14            -   88f0.318b.7acc  ARPA   Port-channel1
Internet  10.84.246.129           -   88f0.318b.7ad2  ARPA   Vlan800
juren-02-sw1#Show mac add
          Mac Address Table
-------------------------------------------

Vlan    Mac Address       Type        Ports
----    -----------       --------    -----
 All    0100.0ccc.cccc    STATIC      CPU
 All    0100.0ccc.cccd    STATIC      CPU
 All    0100.0ccc.ccce    STATIC      CPU
 All    0180.c200.0000    STATIC      CPU
 All    0180.c200.0001    STATIC      CPU
 All    0180.c200.0002    STATIC      CPU
 All    0180.c200.0003    STATIC      CPU
 All    0180.c200.0004    STATIC      CPU
 All    0180.c200.0005    STATIC      CPU
 All    0180.c200.0006    STATIC      CPU
 All    0180.c200.0007    STATIC      CPU
 All    0180.c200.0008    STATIC      CPU
 All    0180.c200.0009    STATIC      CPU
 All    0180.c200.000a    STATIC      CPU
 All    0180.c200.000b    STATIC      CPU
 All    0180.c200.000c    STATIC      CPU
 All    0180.c200.000d    STATIC      CPU
 All    0180.c200.000e    STATIC      CPU
 All    0180.c200.000f    STATIC      CPU
 All    0180.c200.0010    STATIC      CPU
 All    ffff.ffff.ffff    STATIC      CPU
 401    4ccc.6a1b.0dde    DYNAMIC     Gi1/0/4
 401    88f0.318b.7aef    STATIC      Vl401 
 501    88f0.318b.7af6    STATIC      Vl501 
 800    88f0.318b.7ad2    STATIC      Vl800 
 801    88f0.318b.7afe    STATIC      Vl801 
Total Mac Addresses for this criterion: 26
juren-02-sw1#Show int | inc (rops|otoc)
Vlan1 is administratively down, line protocol is down 
  Input queue: 0/75/0/0 (size/max/drops/flushes); Total output drops: 0
     0 unknown protocol drops
Vlan401 is up, line protocol is up 
  Input queue: 0/75/0/0 (size/max/drops/flushes); Total output drops: 0
     0 unknown protocol drops
Vlan501 is up, line protocol is up 
  Input queue: 0/75/0/0 (size/max/drops/flushes); Total output drops: 0
     0 unknown protocol drops
Vlan800 is up, line protocol is down 
  Input queue: 0/75/0/0 (size/max/drops/flushes); Total output drops: 0
     0 unknown protocol drops
Vlan801 is up, line protocol is down 
  Input queue: 0/75/0/0 (size/max/drops/flushes); Total output drops: 0
     0 unknown protocol drops
GigabitEthernet0/0 is down, line protocol is down 
  Input queue: 0/75/0/0 (size/max/drops/flushes); Total output drops: 0
     0 unknown protocol drops
GigabitEthernet1/0/1 is down, line protocol is down (notconnect) 
  Input queue: 0/2000/0/0 (size/max/drops/flushes); Total output drops: 0
     0 unknown protocol drops
GigabitEthernet1/0/2 is down, line protocol is down (notconnect) 
  Input queue: 0/2000/0/0 (size/max/drops/flushes); Total output drops: 0
     0 unknown protocol drops
GigabitEthernet1/0/3 is down, line protocol is down (notconnect) 
  Input queue: 0/2000/0/0 (size/max/drops/flushes); Total output drops: 0
     0 unknown protocol drops
GigabitEthernet1/0/4 is up, line protocol is up (connected) 
  Input queue: 0/2000/0/0 (size/max/drops/flushes); Total output drops: 0
     0 unknown protocol drops
GigabitEthernet1/0/5 is down, line protocol is down (notconnect) 
  Input queue: 0/2000/0/0 (size/max/drops/flushes); Total output drops: 0
     0 unknown protocol drops
GigabitEthernet1/0/6 is down, line protocol is down (notconnect) 
  Input queue: 0/2000/0/0 (size/max/drops/flushes); Total output drops: 0
     0 unknown protocol drops
GigabitEthernet1/0/7 is down, line protocol is down (notconnect) 
  Input queue: 0/2000/0/0 (size/max/drops/flushes); Total output drops: 0
     0 unknown protocol drops
GigabitEthernet1/0/8 is down, line protocol is down (notconnect) 
  Input queue: 0/2000/0/0 (size/max/drops/flushes); Total output drops: 0
     0 unknown protocol drops
GigabitEthernet1/0/9 is down, line protocol is down (notconnect) 
  Input queue: 0/2000/0/0 (size/max/drops/flushes); Total output drops: 0
     0 unknown protocol drops
GigabitEthernet1/0/10 is down, line protocol is down (notconnect) 
  Input queue: 0/2000/0/0 (size/max/drops/flushes); Total output drops: 0
     0 unknown protocol drops
GigabitEthernet1/0/11 is down, line protocol is down (notconnect) 
  Input queue: 0/2000/0/0 (size/max/drops/flushes); Total output drops: 0
     0 unknown protocol drops
GigabitEthernet1/0/12 is down, line protocol is down (notconnect) 
  Input queue: 0/2000/0/0 (size/max/drops/flushes); Total output drops: 0
     0 unknown protocol drops
GigabitEthernet1/0/13 is down, line protocol is down (notconnect) 
  Input queue: 0/2000/0/0 (size/max/drops/flushes); Total output drops: 0
     0 unknown protocol drops
GigabitEthernet1/0/14 is down, line protocol is down (notconnect) 
  Input queue: 0/2000/0/0 (size/max/drops/flushes); Total output drops: 0
     0 unknown protocol drops
GigabitEthernet1/0/15 is down, line protocol is down (notconnect) 
  Input queue: 0/2000/0/0 (size/max/drops/flushes); Total output drops: 0
     0 unknown protocol drops
GigabitEthernet1/0/16 is down, line protocol is down (notconnect) 
  Input queue: 0/2000/0/0 (size/max/drops/flushes); Total output drops: 0
     0 unknown protocol drops
GigabitEthernet1/0/17 is down, line protocol is down (notconnect) 
  Input queue: 0/2000/0/0 (size/max/drops/flushes); Total output drops: 0
     0 unknown protocol drops
GigabitEthernet1/0/18 is down, line protocol is down (notconnect) 
  Input queue: 0/2000/0/0 (size/max/drops/flushes); Total output drops: 0
     0 unknown protocol drops
GigabitEthernet1/0/19 is down, line protocol is down (notconnect) 
  Input queue: 0/2000/0/0 (size/max/drops/flushes); Total output drops: 0
     0 unknown protocol drops
GigabitEthernet1/0/20 is down, line protocol is down (notconnect) 
  Input queue: 0/2000/0/0 (size/max/drops/flushes); Total output drops: 0
     0 unknown protocol drops
GigabitEthernet1/0/21 is down, line protocol is down (notconnect) 
  Input queue: 0/2000/0/0 (size/max/drops/flushes); Total output drops: 0
     0 unknown protocol drops
GigabitEthernet1/0/22 is down, line protocol is down (notconnect) 
  Input queue: 0/2000/0/0 (size/max/drops/flushes); Total output drops: 0
     0 unknown protocol drops
GigabitEthernet1/0/23 is down, line protocol is down (notconnect) 
  Input queue: 0/2000/0/0 (size/max/drops/flushes); Total output drops: 0
     0 unknown protocol drops
GigabitEthernet1/0/24 is down, line protocol is down (notconnect) 
  Input queue: 0/2000/0/0 (size/max/drops/flushes); Total output drops: 0
     0 unknown protocol drops
GigabitEthernet1/1/1 is up, line protocol is up (connected) 
  Input queue: 0/75/0/0 (size/max/drops/flushes); Total output drops: 0
     0 unknown protocol drops
GigabitEthernet1/1/2 is up, line protocol is up (connected) 
  Input queue: 0/75/0/0 (size/max/drops/flushes); Total output drops: 0
     0 unknown protocol drops
GigabitEthernet1/1/3 is administratively down, line protocol is down (disabled) 
  Input queue: 0/2000/0/0 (size/max/drops/flushes); Total output drops: 0
     0 unknown protocol drops
GigabitEthernet1/1/4 is administratively down, line protocol is down (disabled) 
  Input queue: 0/2000/0/0 (size/max/drops/flushes); Total output drops: 0
     0 unknown protocol drops
Port-channel1 is up, line protocol is up (connected) 
  Input queue: 1/75/0/0 (size/max/drops/flushes); Total output drops: 0
     0 unknown protocol drops
Loopback1 is up, line protocol is up 
  Input queue: 0/75/0/0 (size/max/drops/flushes); Total output drops: 0
     0 unknown protocol drops
juren-02-sw1#Show run
Building configuration...

Current configuration : 23944 bytes
!
! Last configuration change at 15:16:53 WST Fri Dec 15 2017 by n040303
! NVRAM config last updated at 15:16:55 WST Fri Dec 15 2017 by n040303
!
version 15.2
no service pad
service tcp-keepalives-in
service tcp-keepalives-out
service timestamps debug datetime msec localtime show-timezone
service timestamps log datetime msec localtime show-timezone
service password-encryption
service compress-config
!
hostname juren-02-sw1
!
boot-start-marker
boot-end-marker
!
!
vrf definition Mgmt-vrf
 !
 address-family ipv4
 exit-address-family
 !
 address-family ipv6
 exit-address-family
!
logging buffered 64000
logging console emergencies
enable secret 5 $1$I7Uc$eFPCWGyIXvRNFAqugpXL1.
!
username westernpower privilege 15 secret 5 $1$gHj8$WGakYh/EirhgQUmvyhyB/1
aaa new-model
!
!
aaa authentication banner ^C
 ********************************************************************
 *             Please enter your username and password.             *
 ********************************************************************
^C
aaa authentication fail-message ^C
 ********************************************************************
 *      The supplied Username and/or Password is not valid.         *
 *  This failed login attempt has been recorded for audit purposes. *
 ********************************************************************
^C
aaa authentication login default group radius enable
aaa authentication login console enable
aaa authorization exec default if-authenticated 
aaa accounting send stop-record authentication failure
aaa accounting exec default start-stop group radius
!
!
!
!
!
!
aaa session-id common
clock timezone WST 8 0
switch 1 provision ws-c3650-24ps
!
!
!
!
!
ip routing
!
no ip domain-lookup
ip domain-name ads.westernpower.com.au
ip dhcp snooping vlan 1,401,501
no ip dhcp snooping information option
ip dhcp snooping
!
!
login on-failure log
login on-success log
qos queue-softmax-multiplier 100
vtp domain JUREN
vtp mode transparent
udld enable

!
table-map policed-dscp
 map from  0 to 8
 map from  10 to 8
 map from  18 to 8
 map from  24 to 8
 map from  46 to 8
 default copy
table-map AutoQos-4.0-Trust-Dscp-Table
 default copy
!
!
crypto pki trustpoint TP-self-signed-1138502348
 enrollment selfsigned
 subject-name cn=IOS-Self-Signed-Certificate-1138502348
 revocation-check none
 rsakeypair TP-self-signed-1138502348
!
!
crypto pki certificate chain TP-self-signed-1138502348
 certificate self-signed 01
  3082023E 308201A7 A0030201 02020101 300D0609 2A864886 F70D0101 04050030 
  31312F30 2D060355 04031326 494F532D 53656C66 2D536967 6E65642D 43657274 
  69666963 6174652D 31313338 35303233 3438301E 170D3134 30353238 30323433 
  32305A17 0D323030 31303130 30303030 305A3031 312F302D 06035504 03132649 
  4F532D53 656C662D 5369676E 65642D43 65727469 66696361 74652D31 31333835 
  30323334 3830819F 300D0609 2A864886 F70D0101 01050003 818D0030 81890281 
  8100CA70 3C7AFE08 22BAB18C 1F74F591 171FAC4C B8107120 FE37D9B3 D191662D 
  CC84BA8F AE67DD6F C3EDA15C E81D6989 F126EB7E C816B951 29DF150C 9EDA811A 
  08CDF046 D56ED1F6 B256D5EB FD13ED99 0D9BA59C 38AF2BF4 959D6F03 975BDF0F 
  005EB62E 7D83E621 25F41EA0 E6362DCD B7EE062D 6DAAEDE7 C381CB5D 53FB97DB 
  213D0203 010001A3 66306430 0F060355 1D130101 FF040530 030101FF 30110603 
  551D1104 0A300882 06537769 74636830 1F060355 1D230418 30168014 4936B3BB 
  CAC703A3 1CED963A CF98A44A 8113B633 301D0603 551D0E04 16041449 36B3BBCA 
  C703A31C ED963ACF 98A44A81 13B63330 0D06092A 864886F7 0D010104 05000381 
  81009C06 1BFA2C69 9A44EA66 A54CC3C5 EE534D0C 8EAD10F2 E6706A74 9AD9CB2F 
  2B733E5A 411D06FF 2EADA1D7 A2336932 17C11679 D13B37F2 0D79867A 2A76D460 
  496680C5 F879304B A7561311 4AFE81BF 6E2A1972 6639A12D CCFD8476 1E80EAF9 
  0CBD7BF5 9772A54F 84377F52 D174BE5D 7501AEF5 26A0D4B9 118DB14A F8CFB0BD D68A
  	quit
errdisable recovery cause udld
errdisable recovery interval 60
diagnostic bootup level minimal
!
spanning-tree mode rapid-pvst
spanning-tree portfast bpduguard default
spanning-tree extend system-id
hw-switch switch 1 logging onboard message level 3
!
redundancy
 mode sso
!
!
vlan 401
 name USER_DATA_VLAN
!
vlan 501
 name USER_VOICE_VLAN
!
vlan 800
 name WLAN_AP_Management
!
vlan 801
 name WLAN_Corp_Clients
!
!
class-map match-any AutoQos-4.0-Output-Multimedia-Conf-Queue
 match dscp af41  af42  af43 
 match cos  4 
class-map match-any AutoQos-4.0-Output-Bulk-Data-Queue
 match dscp af11  af12  af13 
 match cos  1 
class-map match-any AutoQos-4.0-Output-Priority-Queue
 match dscp cs4  cs5  ef 
 match cos  5 
class-map match-any AutoQos-4.0-Output-Multimedia-Strm-Queue
 match dscp af31  af32  af33 
class-map match-any AutoQos-4.0-Voip-Data-CiscoPhone-Class
 match cos  5 
class-map match-any AutoQos-4.0-Voip-Signal-CiscoPhone-Class
 match cos  3 
class-map match-any non-client-nrt-class
class-map match-any AutoQos-4.0-Default-Class
 match access-group name AutoQos-4.0-Acl-Default
class-map match-any AutoQos-4.0-Output-Trans-Data-Queue
 match dscp af21  af22  af23 
 match cos  2 
class-map match-any AutoQos-4.0-Output-Scavenger-Queue
 match dscp cs1 
class-map match-any AutoQos-4.0-Output-Control-Mgmt-Queue
 match dscp cs2  cs3  cs6  cs7 
 match cos  3 
!
policy-map port_child_policy
 class non-client-nrt-class
  bandwidth remaining ratio 10
policy-map AutoQos-4.0-Output-Policy
 class AutoQos-4.0-Output-Priority-Queue
  priority level 1 percent 30
 class AutoQos-4.0-Output-Control-Mgmt-Queue
  bandwidth remaining percent 10 
  queue-limit dscp cs2 percent 80
  queue-limit dscp cs3 percent 90
  queue-limit dscp cs6 percent 100
  queue-limit dscp cs7 percent 100
  queue-buffers ratio 10
 class AutoQos-4.0-Output-Multimedia-Conf-Queue
  bandwidth remaining percent 10 
  queue-buffers ratio 10
 class AutoQos-4.0-Output-Trans-Data-Queue
  bandwidth remaining percent 10 
  queue-buffers ratio 10
 class AutoQos-4.0-Output-Bulk-Data-Queue
  bandwidth remaining percent 4 
  queue-buffers ratio 10
 class AutoQos-4.0-Output-Scavenger-Queue
  bandwidth remaining percent 1 
  queue-buffers ratio 10
 class AutoQos-4.0-Output-Multimedia-Strm-Queue
  bandwidth remaining percent 10 
  queue-buffers ratio 10
 class class-default
  bandwidth remaining percent 25 
  queue-buffers ratio 25
policy-map AutoQos-4.0-Trust-Dscp-Input-Policy
 class class-default
  set dscp dscp table AutoQos-4.0-Trust-Dscp-Table
policy-map AutoQos-4.0-CiscoPhone-Input-Policy
 class AutoQos-4.0-Voip-Data-CiscoPhone-Class
  set dscp ef
  police cir 128000 bc 8000
   conform-action transmit 
   exceed-action set-dscp-transmit dscp table policed-dscp
 class AutoQos-4.0-Voip-Signal-CiscoPhone-Class
  set dscp cs3
  police cir 32000 bc 8000
   conform-action transmit 
   exceed-action set-dscp-transmit dscp table policed-dscp
 class AutoQos-4.0-Default-Class
  set dscp default
!
! 
!
!
!
!
!
!
!
!
!
!
!
!
interface Loopback1
 description T2 management interface
 ip address 10.84.240.10 255.255.255.255
 ip mtu 1500
!
interface Port-channel1
 description EC to juren-01-sw1 gi1/0/2 & gi1/0/3
 no switchport
 ip address 10.84.242.14 255.255.255.252
!
interface GigabitEthernet0/0
 vrf forwarding Mgmt-vrf
 no ip address
 negotiation auto
!
interface GigabitEthernet1/0/1
 description *** Wired Voice & Data  ***
 switchport access vlan 401
 switchport mode access
 switchport voice vlan 501
 no logging event link-status
 trust device cisco-phone
 no mdix auto
 auto qos voip cisco-phone 
 spanning-tree portfast
 spanning-tree bpduguard enable
 ip dhcp snooping limit rate 20
!
interface GigabitEthernet1/0/2
 description *** Wired Voice & Data  ***
 switchport access vlan 401
 switchport mode access
 switchport voice vlan 501
 no logging event link-status
 trust device cisco-phone
 no mdix auto
 auto qos voip cisco-phone 
 spanning-tree portfast
 spanning-tree bpduguard enable
 ip dhcp snooping limit rate 20
!
interface GigabitEthernet1/0/3
 description *** Wired Voice & Data  ***
 switchport access vlan 401
 switchport mode access
 switchport voice vlan 501
 no logging event link-status
 trust device cisco-phone
 no mdix auto
 auto qos voip cisco-phone 
 spanning-tree portfast
 spanning-tree bpduguard enable
 service-policy input AutoQos-4.0-CiscoPhone-Input-Policy
 service-policy output AutoQos-4.0-Output-Policy
 ip dhcp snooping limit rate 20
!
interface GigabitEthernet1/0/4
 description *** Wired Voice & Data  ***
 switchport access vlan 401
 switchport mode access
 switchport voice vlan 501
 no logging event link-status
 trust device cisco-phone
 no mdix auto
 auto qos voip cisco-phone 
 spanning-tree portfast
 spanning-tree bpduguard enable
 service-policy input AutoQos-4.0-CiscoPhone-Input-Policy
 service-policy output AutoQos-4.0-Output-Policy
 ip dhcp snooping limit rate 20
!
interface GigabitEthernet1/0/5
 description *** Wired Voice & Data  ***
 switchport access vlan 401
 switchport mode access
 switchport voice vlan 501
 no logging event link-status
 trust device cisco-phone
 no mdix auto
 auto qos voip cisco-phone 
 spanning-tree portfast
 spanning-tree bpduguard enable
 service-policy input AutoQos-4.0-CiscoPhone-Input-Policy
 service-policy output AutoQos-4.0-Output-Policy
 ip dhcp snooping limit rate 20
!
interface GigabitEthernet1/0/6
 description *** Wired Voice & Data  ***
 switchport access vlan 401
 switchport mode access
 switchport voice vlan 501
 no logging event link-status
 trust device cisco-phone
 no mdix auto
 auto qos voip cisco-phone 
 spanning-tree portfast
 spanning-tree bpduguard enable
 service-policy input AutoQos-4.0-CiscoPhone-Input-Policy
 service-policy output AutoQos-4.0-Output-Policy
 ip dhcp snooping limit rate 20
!
interface GigabitEthernet1/0/7
 description *** Wired Voice & Data  ***
 switchport access vlan 401
 switchport mode access
 switchport voice vlan 501
 no logging event link-status
 trust device cisco-phone
 no mdix auto
 auto qos voip cisco-phone 
 spanning-tree portfast
 spanning-tree bpduguard enable
 service-policy input AutoQos-4.0-CiscoPhone-Input-Policy
 service-policy output AutoQos-4.0-Output-Policy
 ip dhcp snooping limit rate 20
!
interface GigabitEthernet1/0/8
 description *** Wired Voice & Data  ***
 switchport access vlan 401
 switchport mode access
 switchport voice vlan 501
 no logging event link-status
 trust device cisco-phone
 no mdix auto
 auto qos voip cisco-phone 
 spanning-tree portfast
 spanning-tree bpduguard enable
 service-policy input AutoQos-4.0-CiscoPhone-Input-Policy
 service-policy output AutoQos-4.0-Output-Policy
 ip dhcp snooping limit rate 20
!
interface GigabitEthernet1/0/9
 description *** Wired Voice & Data  ***
 switchport access vlan 401
 switchport mode access
 switchport voice vlan 501
 no logging event link-status
 trust device cisco-phone
 no mdix auto
 auto qos voip cisco-phone 
 spanning-tree portfast
 spanning-tree bpduguard enable
 service-policy input AutoQos-4.0-CiscoPhone-Input-Policy
 service-policy output AutoQos-4.0-Output-Policy
 ip dhcp snooping limit rate 20
!
interface GigabitEthernet1/0/10
 description *** Wired Voice & Data  ***
 switchport access vlan 401
 switchport mode access
 switchport voice vlan 501
 no logging event link-status
 trust device cisco-phone
 no mdix auto
 auto qos voip cisco-phone 
 spanning-tree portfast
 spanning-tree bpduguard enable
 service-policy input AutoQos-4.0-CiscoPhone-Input-Policy
 service-policy output AutoQos-4.0-Output-Policy
 ip dhcp snooping limit rate 20
!
interface GigabitEthernet1/0/11
 description *** Wired Voice & Data  ***
 switchport access vlan 401
 switchport mode access
 switchport voice vlan 501
 no logging event link-status
 trust device cisco-phone
 no mdix auto
 auto qos voip cisco-phone 
 spanning-tree portfast
 spanning-tree bpduguard enable
 service-policy input AutoQos-4.0-CiscoPhone-Input-Policy
 service-policy output AutoQos-4.0-Output-Policy
 ip dhcp snooping limit rate 20
!
interface GigabitEthernet1/0/12
 description *** Wired Voice & Data  ***
 switchport access vlan 401
 switchport mode access
 switchport voice vlan 501
 no logging event link-status
 trust device cisco-phone
 no mdix auto
 auto qos voip cisco-phone 
 spanning-tree portfast
 spanning-tree bpduguard enable
 service-policy input AutoQos-4.0-CiscoPhone-Input-Policy
 service-policy output AutoQos-4.0-Output-Policy
 ip dhcp snooping limit rate 20
!
interface GigabitEthernet1/0/13
 description *** Wired Voice & Data  ***
 switchport access vlan 401
 switchport mode access
 switchport voice vlan 501
 no logging event link-status
 trust device cisco-phone
 no mdix auto
 auto qos voip cisco-phone 
 spanning-tree portfast
 spanning-tree bpduguard enable
 service-policy input AutoQos-4.0-CiscoPhone-Input-Policy
 service-policy output AutoQos-4.0-Output-Policy
 ip dhcp snooping limit rate 20
!
interface GigabitEthernet1/0/14
 description *** Wired Voice & Data  ***
 switchport access vlan 401
 switchport mode access
 switchport voice vlan 501
 no logging event link-status
 trust device cisco-phone
 no mdix auto
 auto qos voip cisco-phone 
 spanning-tree portfast
 spanning-tree bpduguard enable
 service-policy input AutoQos-4.0-CiscoPhone-Input-Policy
 service-policy output AutoQos-4.0-Output-Policy
 ip dhcp snooping limit rate 20
!
interface GigabitEthernet1/0/15
 description *** Wired Voice & Data  ***
 switchport access vlan 401
 switchport mode access
 switchport voice vlan 501
 no logging event link-status
 trust device cisco-phone
 no mdix auto
 auto qos voip cisco-phone 
 spanning-tree portfast
 spanning-tree bpduguard enable
 service-policy input AutoQos-4.0-CiscoPhone-Input-Policy
 service-policy output AutoQos-4.0-Output-Policy
 ip dhcp snooping limit rate 20
!
interface GigabitEthernet1/0/16
 description *** Wired Voice & Data  ***
 switchport access vlan 401
 switchport mode access
 switchport voice vlan 501
 no logging event link-status
 trust device cisco-phone
 no mdix auto
 auto qos voip cisco-phone 
 spanning-tree portfast
 spanning-tree bpduguard enable
 service-policy input AutoQos-4.0-CiscoPhone-Input-Policy
 service-policy output AutoQos-4.0-Output-Policy
 ip dhcp snooping limit rate 20
!
interface GigabitEthernet1/0/17
 description *** Wired Voice & Data  ***
 switchport access vlan 401
 switchport mode access
 switchport voice vlan 501
 no logging event link-status
 trust device cisco-phone
 no mdix auto
 auto qos voip cisco-phone 
 spanning-tree portfast
 spanning-tree bpduguard enable
 service-policy input AutoQos-4.0-CiscoPhone-Input-Policy
 service-policy output AutoQos-4.0-Output-Policy
 ip dhcp snooping limit rate 20
!
interface GigabitEthernet1/0/18
 description *** Wired Voice & Data  ***
 switchport access vlan 401
 switchport mode access
 switchport voice vlan 501
 no logging event link-status
 trust device cisco-phone
 no mdix auto
 auto qos voip cisco-phone 
 spanning-tree portfast
 spanning-tree bpduguard enable
 service-policy input AutoQos-4.0-CiscoPhone-Input-Policy
 service-policy output AutoQos-4.0-Output-Policy
 ip dhcp snooping limit rate 20
!
interface GigabitEthernet1/0/19
 description *** Wired Voice & Data  ***
 switchport access vlan 401
 switchport mode access
 switchport voice vlan 501
 no logging event link-status
 trust device cisco-phone
 no mdix auto
 auto qos voip cisco-phone 
 spanning-tree portfast
 spanning-tree bpduguard enable
 service-policy input AutoQos-4.0-CiscoPhone-Input-Policy
 service-policy output AutoQos-4.0-Output-Policy
 ip dhcp snooping limit rate 20
!
interface GigabitEthernet1/0/20
 description *** Wired Voice & Data  ***
 switchport access vlan 401
 switchport mode access
 switchport voice vlan 501
 no logging event link-status
 trust device cisco-phone
 no mdix auto
 auto qos voip cisco-phone 
 spanning-tree portfast
 spanning-tree bpduguard enable
 service-policy input AutoQos-4.0-CiscoPhone-Input-Policy
 service-policy output AutoQos-4.0-Output-Policy
 ip dhcp snooping limit rate 20
!
interface GigabitEthernet1/0/21
 description *** Wired Voice & Data  ***
 switchport access vlan 401
 switchport mode access
 switchport voice vlan 501
 no logging event link-status
 trust device cisco-phone
 no mdix auto
 auto qos voip cisco-phone 
 spanning-tree portfast
 spanning-tree bpduguard enable
 service-policy input AutoQos-4.0-CiscoPhone-Input-Policy
 service-policy output AutoQos-4.0-Output-Policy
 ip dhcp snooping limit rate 20
!
interface GigabitEthernet1/0/22
 description *** Wired Voice & Data  ***
 switchport access vlan 401
 switchport mode access
 switchport voice vlan 501
 no logging event link-status
 trust device cisco-phone
 no mdix auto
 auto qos voip cisco-phone 
 spanning-tree portfast
 spanning-tree bpduguard enable
 service-policy input AutoQos-4.0-CiscoPhone-Input-Policy
 service-policy output AutoQos-4.0-Output-Policy
 ip dhcp snooping limit rate 20
!
interface GigabitEthernet1/0/23
 description *** Wired Voice & Data  ***
 switchport access vlan 401
 switchport mode access
 switchport voice vlan 501
 no logging event link-status
 trust device cisco-phone
 no mdix auto
 auto qos voip cisco-phone 
 spanning-tree portfast
 spanning-tree bpduguard enable
 service-policy input AutoQos-4.0-CiscoPhone-Input-Policy
 service-policy output AutoQos-4.0-Output-Policy
 ip dhcp snooping limit rate 20
!
interface GigabitEthernet1/0/24
 description *** Wired Voice & Data  ***
 switchport access vlan 401
 switchport mode access
 switchport voice vlan 501
 no logging event link-status
 trust device cisco-phone
 no mdix auto
 auto qos voip cisco-phone 
 spanning-tree portfast
 spanning-tree bpduguard enable
 service-policy input AutoQos-4.0-CiscoPhone-Input-Policy
 service-policy output AutoQos-4.0-Output-Policy
 ip dhcp snooping limit rate 20
!
interface GigabitEthernet1/1/1
 description juren-01-sw1 (on EC Po1)
 no switchport
 no ip address
 auto qos trust 
 channel-group 1 mode desirable
 service-policy input AutoQos-4.0-Trust-Dscp-Input-Policy
 service-policy output AutoQos-4.0-Output-Policy
!
interface GigabitEthernet1/1/2
 description juren-01-sw1 (on EC Po1)
 no switchport
 no ip address
 auto qos trust 
 channel-group 1 mode desirable
 service-policy input AutoQos-4.0-Trust-Dscp-Input-Policy
 service-policy output AutoQos-4.0-Output-Policy
!
interface GigabitEthernet1/1/3
 shutdown
 ip dhcp snooping limit rate 20
!
interface GigabitEthernet1/1/4
 shutdown
 ip dhcp snooping limit rate 20
!
interface Vlan1
 no ip address
 shutdown
!
interface Vlan401
 description T2 data
 ip address 10.84.65.1 255.255.255.0
 ip helper-address 10.19.0.66
 ip helper-address 10.21.0.66
 ip helper-address 10.19.1.18
 ip directed-broadcast 5
!
interface Vlan501
 description T2 voice
 ip address 10.84.129.1 255.255.255.0
 ip helper-address 10.19.0.66
 ip helper-address 10.21.0.66
 ip pim passive
!
interface Vlan800
 description juren-wlan-ap-management
 ip address 10.84.246.129 255.255.255.224
 ip helper-address 10.19.0.66
 ip helper-address 10.21.0.66
!
interface Vlan801
 description juren-wlan-corporate-clients
 ip address 10.84.97.1 255.255.255.0
 ip helper-address 10.19.0.66
 ip helper-address 10.21.0.66
!
!
router eigrp 84
 network 10.0.0.0
 passive-interface default
 no passive-interface Port-channel1
 no passive-interface GigabitEthernet1/0/1
 no passive-interface GigabitEthernet1/0/2
 eigrp router-id 10.84.240.10
 eigrp stub connected static summary
!
ip forward-protocol nd
no ip http server
ip http authentication local
no ip http secure-server
ip ssh version 2
!
ip access-list standard APIC_EM
 remark --- APIC-EM Appliance ---
 permit 10.25.253.10
 deny   any
ip access-list standard NSG_TELNET_SSH
 permit 146.195.81.24
 remark --- Nimsoft/CatTools Server Natted IP ---
 permit 146.195.81.25
 remark --- Nimsoft/CatTools Server ---
 permit 10.19.7.62
 remark --- HO Jumphost ---
 permit 172.30.0.10
 remark --- APIC EM - Controller ---
 permit 10.25.253.10
 permit 10.19.12.234
 remark --- Twister - OLD and NEW IP ---
 permit 146.195.135.0 0.0.0.127
 remark --- IT Subnet on Lvl2E ---
 permit 10.19.60.0 0.0.0.255
 remark --- SEAL WAN Subnet ---
 permit 10.250.250.0 0.0.0.255
 remark --- GWIP HO WAN Subnet ---
 permit 10.19.250.0 0.0.0.7
 remark --- Management Loopback subnet ---
 permit 10.0.240.0 0.255.0.255
 remark --- Empired Management Subnet ---
 permit 172.30.160.0 0.0.0.15
 remark --- Deny Anything Else ---
 deny   any log
ip access-list standard RO_SNMP
 remark --- Solarwinds Syslog Server ---
 permit 10.19.7.46
 remark --- Empired Management Subnet ---
 permit 172.30.160.0 0.0.0.255
 remark --- IT Subnet on Lvl2E ---
 permit 10.19.60.0 0.0.0.255
 deny   any
ip access-list standard RW_SNMP
 remark ---allow NNMi---
 permit 172.30.160.10
 deny   any
!
ip access-list extended AutoQos-4.0-Acl-Default
 permit ip any any
!
logging trap debugging
logging source-interface Loopback1
logging host 10.19.7.46
logging host 172.30.160.11
logging host 172.30.160.10
logging host 172.30.161.10
access-list 5 permit 10.19.1.17 log
access-list 5 remark CSC Zetta - Allow Remote wakeup PC's
access-list 5 permit 10.19.7.49 log
access-list 5 permit 10.19.1.138 log
access-list 5 permit 10.19.1.134 log
!
snmp-server community eb6cIzuB RO RO_SNMP
snmp-server community Sp7ZyvwQ RW RW_SNMP
snmp-server community fc7cJzuC RO APIC_EM
snmp-server community gd8cKzuD RW APIC_EM
snmp-server location snmp-server location Store Lot 261 Caremello Street, Jurien WA 6516
snmp-server contact Western Power IT Network
snmp ifmib ifindex persist
radius-server host 10.19.1.113
radius-server host 10.21.0.24
radius-server key 7 0809685C0532361D0413262F322231021A380A3A1737352A7A4C5605713C12090572686647035460024B3E2E525C120409574C2033091048635B183C4046395B1D
radius-server load-balance method least-outstanding
!
!
!
banner exec ^C
 ********************************************************************
 * You are now logged into: WP                                      *
 * All activity is being logged for review by System Administrators *
 ********************************************************************
^C
banner login ^C
 ********************************************************************
 * [WARNING]                                                        *
 *                                                                  *
 * This system belongs to a private organisation. If you are not    *
 * authorised to access this system, exit immediately.              *
 * Unauthorised access to this system is forbidden by company       *
 * policies, national, and international laws.                      *
 * Unauthorised users are subject to criminal and civil penalties   *
 * as well as company initiated disciplinary proceedings.           *
 * By entry into this system you acknowledge that you are           *
 * authorised access and the level of privilege you subsequently    *
 * execute on this system. You further acknowledge that by entry    *
 * into this system you expect no privacy from monitoring.          *
 *                                                                  *
 *        ALL ACCESS TO THIS SYSTEM IS MONITORED AND LOGGED         *
 *                                                                  *
 ********************************************************************
^C
!
line con 0
 exec-timeout 15 0
 logging synchronous
 login authentication console
 transport output telnet
 stopbits 1
line aux 0
 stopbits 1
line vty 0 4
 access-class NSG_TELNET_SSH in
 exec-timeout 15 0
 logging synchronous
 length 0
 transport input telnet ssh
line vty 5 15
 access-class NSG_TELNET_SSH in
 exec-timeout 15 0
 logging synchronous
 transport input telnet ssh
!
ntp server 146.195.128.175
wsma agent exec
 profile httplistener
 profile httpslistener
!
wsma agent config
 profile httplistener
 profile httpslistener
!
wsma agent filesys
 profile httplistener
 profile httpslistener
!
wsma agent notify
 profile httplistener
 profile httpslistener
!
!
wsma profile listener httplistener
 transport http
!
wsma profile listener httpslistener
 transport https
!
ap group default-group
end

juren-02-sw1#Show ver
Cisco IOS Software, IOS-XE Software, Catalyst L3 Switch Software (CAT3K_CAA-UNIVERSALK9-M), Version 03.06.05E RELEASE SOFTWARE (fc2)
Technical Support: http://www.cisco.com/techsupport
Copyright (c) 1986-2016 by Cisco Systems, Inc.
Compiled Thu 02-Jun-16 09:03 by prod_rel_team



Cisco IOS-XE software, Copyright (c) 2005-2015 by cisco Systems, Inc.
All rights reserved.  Certain components of Cisco IOS-XE software are
licensed under the GNU General Public License ("GPL") Version 2.0.  The
software code licensed under GPL Version 2.0 is free software that comes
with ABSOLUTELY NO WARRANTY.  You can redistribute and/or modify such
GPL code under the terms of GPL Version 2.0.
(http://www.gnu.org/licenses/gpl-2.0.html) For more details, see the
documentation or "License Notice" file accompanying the IOS-XE software,
or the applicable URL provided on the flyer accompanying the IOS-XE
software.



ROM: IOS-XE ROMMON
BOOTLDR: CAT3K_CAA Boot Loader (CAT3K_CAA-HBOOT-M) Version 1.2, RELEASE SOFTWARE (P)

juren-02-sw1 uptime is 3 weeks, 1 day, 19 hours, 24 minutes
Uptime for this control processor is 3 weeks, 1 day, 19 hours, 26 minutes
System returned to ROM by Power Failure
System restarted at 15:50:41 WST Wed Nov 29 2017
System image file is "flash:packages.conf"
Last reload reason: Power Failure



This product contains cryptographic features and is subject to United
States and local country laws governing import, export, transfer and
use. Delivery of Cisco cryptographic products does not imply
third-party authority to import, export, distribute or use encryption.
Importers, exporters, distributors and users are responsible for
compliance with U.S. and local country laws. By using this product you
agree to comply with applicable laws and regulations. If you are unable
to comply with U.S. and local laws, return this product immediately.

A summary of U.S. laws governing Cisco cryptographic products may be found at:
http://www.cisco.com/wwl/export/crypto/tool/stqrg.html

If you require further assistance please contact us by sending email to
export@cisco.com.

License Level: Ipbase
License Type: Permanent
Next reload license Level: Ipbase

cisco WS-C3650-24PS (MIPS) processor with 4194304K bytes of physical memory.
Processor board ID FDO1816Q0QJ
5 Virtual Ethernet interfaces
28 Gigabit Ethernet interfaces
2048K bytes of non-volatile configuration memory.
4194304K bytes of physical memory.
250456K bytes of Crash Files at crashinfo:.
1609272K bytes of Flash at flash:.
0K bytes of Dummy USB Flash at usbflash0:.
0K bytes of  at webui:.

Base Ethernet MAC Address          : 88:f0:31:8b:7a:80
Motherboard Assembly Number        : 73-15128-05
Motherboard Serial Number          : FDO18160V4V
Model Revision Number              : A0
Motherboard Revision Number        : A0
Model Number                       : WS-C3650-24PS
System Serial Number               : FDO1816Q0QJ


Switch Ports Model              SW Version        SW Image              Mode   
------ ----- -----              ----------        ----------            ----   
*    1 28    WS-C3650-24PS      03.06.05E         cat3k_caa-universalk9 INSTALL


Configuration register is 0x102

juren-02-sw1#Show ip route
Codes: L - local, C - connected, S - static, R - RIP, M - mobile, B - BGP
       D - EIGRP, EX - EIGRP external, O - OSPF, IA - OSPF inter area 
       N1 - OSPF NSSA external type 1, N2 - OSPF NSSA external type 2
       E1 - OSPF external type 1, E2 - OSPF external type 2
       i - IS-IS, su - IS-IS summary, L1 - IS-IS level-1, L2 - IS-IS level-2
       ia - IS-IS inter area, * - candidate default, U - per-user static route
       o - ODR, P - periodic downloaded static route, H - NHRP, l - LISP
       + - replicated route, % - next hop override

Gateway of last resort is 10.84.242.13 to network 0.0.0.0

D*EX  0.0.0.0/0 [170/2563072] via 10.84.242.13, 1d14h, Port-channel1
      10.0.0.0/8 is variably subnetted, 145 subnets, 9 masks
D EX     10.18.250.0/29 [170/25603072] via 10.84.242.13, 1d14h, Port-channel1
D EX     10.19.0.0/16 [170/2563072] via 10.84.242.13, 1d14h, Port-channel1
D EX     10.19.240.1/32 [170/2563072] via 10.84.242.13, 1d14h, Port-channel1
D EX     10.19.250.0/29 [170/25603072] via 10.84.242.13, 1d14h, Port-channel1
D EX     10.21.240.1/32 [170/5123072] via 10.84.242.13, 1d14h, Port-channel1
D EX     10.21.250.0/29 [170/25603072] via 10.84.242.13, 1d14h, Port-channel1
D EX     10.25.243.136/30 
           [170/25603072] via 10.84.242.13, 1d14h, Port-channel1
D EX     10.25.252.0/28 [170/25603072] via 10.84.242.13, 1d14h, Port-channel1
D EX     10.65.0.0/16 [170/25603072] via 10.84.242.13, 1d14h, Port-channel1
D EX     10.65.243.136/30 [170/2563072] via 10.84.242.13, 1d14h, Port-channel1
D EX     10.65.250.0/29 [170/25603072] via 10.84.242.13, 1d14h, Port-channel1
D EX     10.65.252.0/28 [170/2563072] via 10.84.242.13, 1d14h, Port-channel1
D EX     10.66.0.0/16 [170/25603072] via 10.84.242.13, 1d14h, Port-channel1
D EX     10.66.0.0/17 [170/25603072] via 10.84.242.13, 1d14h, Port-channel1
D EX     10.66.128.0/17 [170/25603072] via 10.84.242.13, 1d14h, Port-channel1
D EX     10.66.240.1/32 [170/25603072] via 10.84.242.13, 1d14h, Port-channel1
D EX     10.66.250.0/29 [170/25603072] via 10.84.242.13, 1d14h, Port-channel1
D EX     10.67.0.0/16 [170/25603072] via 10.84.242.13, 1d14h, Port-channel1
D EX     10.67.240.1/32 [170/25603072] via 10.84.242.13, 1d14h, Port-channel1
D EX     10.67.250.0/29 [170/25603072] via 10.84.242.13, 1d14h, Port-channel1
D EX     10.68.0.0/16 [170/25603072] via 10.84.242.13, 1d14h, Port-channel1
D EX     10.68.240.1/32 [170/25603072] via 10.84.242.13, 1d14h, Port-channel1
D EX     10.68.250.0/29 [170/25603072] via 10.84.242.13, 1d14h, Port-channel1
D EX     10.69.0.0/16 [170/25603072] via 10.84.242.13, 1d14h, Port-channel1
D EX     10.69.240.1/32 [170/25603072] via 10.84.242.13, 1d14h, Port-channel1
D EX     10.69.250.0/29 [170/25603072] via 10.84.242.13, 1d14h, Port-channel1
D EX     10.70.0.0/16 [170/25603072] via 10.84.242.13, 00:12:39, Port-channel1
D EX     10.70.0.0/17 [170/25603072] via 10.84.242.13, 1d14h, Port-channel1
D EX     10.70.128.0/17 [170/25603072] via 10.84.242.13, 1d14h, Port-channel1
D EX     10.70.240.1/32 [170/25603072] via 10.84.242.13, 1d14h, Port-channel1
D EX     10.70.250.0/29 [170/25603072] via 10.84.242.13, 1d14h, Port-channel1
D EX     10.71.0.0/16 [170/25603072] via 10.84.242.13, 1d14h, Port-channel1
D EX     10.71.240.1/32 [170/25603072] via 10.84.242.13, 1d14h, Port-channel1
D EX     10.71.250.0/29 [170/25603072] via 10.84.242.13, 1d14h, Port-channel1
D EX     10.72.0.0/16 [170/25603072] via 10.84.242.13, 00:51:39, Port-channel1
D EX     10.72.0.0/17 [170/25603072] via 10.84.242.13, 1d14h, Port-channel1
D EX     10.72.128.0/17 [170/25603072] via 10.84.242.13, 1d14h, Port-channel1
D EX     10.72.240.1/32 [170/25603072] via 10.84.242.13, 1d14h, Port-channel1
D EX     10.72.250.0/29 [170/25603072] via 10.84.242.13, 1d14h, Port-channel1
D EX     10.73.0.0/16 [170/25603072] via 10.84.242.13, 1d14h, Port-channel1
D EX     10.73.240.1/32 [170/25603072] via 10.84.242.13, 1d14h, Port-channel1
D EX     10.73.250.0/29 [170/25603072] via 10.84.242.13, 1d14h, Port-channel1
D EX     10.74.250.0/29 [170/25603072] via 10.84.242.13, 1d14h, Port-channel1
D EX     10.75.0.0/16 [170/25603072] via 10.84.242.13, 1d14h, Port-channel1
D EX     10.75.240.1/32 [170/25603072] via 10.84.242.13, 1d14h, Port-channel1
D EX     10.75.250.0/29 [170/25603072] via 10.84.242.13, 1d14h, Port-channel1
D EX     10.76.0.0/16 [170/25603072] via 10.84.242.13, 00:13:23, Port-channel1
D EX     10.76.0.0/17 [170/25603072] via 10.84.242.13, 1d14h, Port-channel1
D EX     10.76.128.0/17 [170/25603072] via 10.84.242.13, 1d14h, Port-channel1
D EX     10.76.240.1/32 [170/25603072] via 10.84.242.13, 1d14h, Port-channel1
D EX     10.76.250.0/29 [170/25603072] via 10.84.242.13, 1d14h, Port-channel1
D EX     10.77.0.0/16 [170/25603072] via 10.84.242.13, 01:19:19, Port-channel1
D EX     10.77.0.0/17 [170/25603072] via 10.84.242.13, 1d14h, Port-channel1
D EX     10.77.128.0/17 [170/25603072] via 10.84.242.13, 1d14h, Port-channel1
D EX     10.77.250.0/30 [170/25603072] via 10.84.242.13, 1d14h, Port-channel1
D EX     10.78.0.0/16 [170/25603072] via 10.84.242.13, 1d14h, Port-channel1
D EX     10.78.240.1/32 [170/25603072] via 10.84.242.13, 1d14h, Port-channel1
D EX     10.78.250.0/29 [170/25603072] via 10.84.242.13, 1d14h, Port-channel1
D EX     10.79.0.0/16 [170/25603072] via 10.84.242.13, 1d14h, Port-channel1
D EX     10.79.240.1/32 [170/25603072] via 10.84.242.13, 1d14h, Port-channel1
D EX     10.79.250.0/30 [170/25603072] via 10.84.242.13, 1d14h, Port-channel1
D EX     10.80.0.0/16 [170/25603072] via 10.84.242.13, 00:22:14, Port-channel1
D EX     10.80.0.0/17 [170/25603072] via 10.84.242.13, 1d14h, Port-channel1
D EX     10.80.128.0/17 [170/25603072] via 10.84.242.13, 1d14h, Port-channel1
D EX     10.80.240.1/32 [170/25603072] via 10.84.242.13, 1d14h, Port-channel1
D EX     10.80.250.0/30 [170/25603072] via 10.84.242.13, 1d14h, Port-channel1
D EX     10.81.0.0/16 [170/25603072] via 10.84.242.13, 00:52:04, Port-channel1
D EX     10.81.0.0/17 [170/25603072] via 10.84.242.13, 1d14h, Port-channel1
D EX     10.81.128.0/17 [170/25603072] via 10.84.242.13, 1d14h, Port-channel1
D EX     10.81.240.1/32 [170/25603072] via 10.84.242.13, 1d14h, Port-channel1
D EX     10.81.250.0/30 [170/25603072] via 10.84.242.13, 1d14h, Port-channel1
D        10.84.64.0/24 [90/3072] via 10.84.242.13, 3w1d, Port-channel1
C        10.84.65.0/24 is directly connected, Vlan401
L        10.84.65.1/32 is directly connected, Vlan401
D        10.84.128.0/24 [90/3072] via 10.84.242.13, 3w1d, Port-channel1
C        10.84.129.0/24 is directly connected, Vlan501
L        10.84.129.1/32 is directly connected, Vlan501
D        10.84.224.0/24 [90/3072] via 10.84.242.13, 3w1d, Port-channel1
D        10.84.240.1/32 [90/131072] via 10.84.242.13, 1d14h, Port-channel1
D        10.84.240.5/32 [90/129536] via 10.84.242.13, 3w1d, Port-channel1
C        10.84.240.10/32 is directly connected, Loopback1
D        10.84.240.24/32 [90/129536] via 10.84.242.13, 3w1d, Port-channel1
D        10.84.241.0/29 [90/3072] via 10.84.242.13, 3w1d, Port-channel1
D        10.84.242.0/29 [90/3072] via 10.84.242.13, 1d14h, Port-channel1
C        10.84.242.12/30 is directly connected, Port-channel1
L        10.84.242.14/32 is directly connected, Port-channel1
D        10.84.246.0/27 [90/3072] via 10.84.242.13, 3d19h, Port-channel1
D        10.84.250.0/30 [90/666112] via 10.84.242.13, 1d14h, Port-channel1
D        10.84.254.0/24 [90/3072] via 10.84.242.13, 3w1d, Port-channel1
D EX     10.85.0.0/16 [170/25603072] via 10.84.242.13, 00:19:49, Port-channel1
D EX     10.85.0.0/17 [170/25603072] via 10.84.242.13, 1d14h, Port-channel1
D EX     10.85.128.0/17 [170/25603072] via 10.84.242.13, 1d14h, Port-channel1
D EX     10.85.240.1/32 [170/25603072] via 10.84.242.13, 1d14h, Port-channel1
D EX     10.85.250.0/30 [170/25603072] via 10.84.242.13, 1d14h, Port-channel1
D EX     10.86.0.0/16 [170/25603072] via 10.84.242.13, 1d14h, Port-channel1
D EX     10.86.64.16/30 [170/25603072] via 10.84.242.13, 1d14h, Port-channel1
D EX     10.86.64.20/30 [170/25603072] via 10.84.242.13, 1d14h, Port-channel1
D EX     10.86.65.16/30 [170/25603072] via 10.84.242.13, 1d14h, Port-channel1
D EX     10.86.65.20/30 [170/25603072] via 10.84.242.13, 1d14h, Port-channel1
D EX     10.86.240.1/32 [170/25603072] via 10.84.242.13, 1d14h, Port-channel1
D EX     10.87.0.0/16 [170/25603072] via 10.84.242.13, 00:25:44, Port-channel1
D EX     10.87.0.0/17 [170/25603072] via 10.84.242.13, 1d14h, Port-channel1
D EX     10.87.128.0/17 [170/25603072] via 10.84.242.13, 1d14h, Port-channel1
D EX     10.87.240.1/32 [170/25603072] via 10.84.242.13, 1d14h, Port-channel1
D EX     10.87.250.0/30 [170/25603072] via 10.84.242.13, 1d14h, Port-channel1
D EX     10.88.0.0/16 [170/25603072] via 10.84.242.13, 21:19:25, Port-channel1
D EX     10.88.0.0/17 [170/25603072] via 10.84.242.13, 1d14h, Port-channel1
D EX     10.88.128.0/17 [170/25603072] via 10.84.242.13, 1d14h, Port-channel1
D EX     10.88.240.1/32 [170/25603072] via 10.84.242.13, 1d14h, Port-channel1
D EX     10.88.250.0/30 [170/25603072] via 10.84.242.13, 1d14h, Port-channel1
D EX     10.89.0.0/16 [170/25603072] via 10.84.242.13, 00:22:49, Port-channel1
D EX     10.89.0.0/17 [170/25603072] via 10.84.242.13, 1d14h, Port-channel1
D EX     10.89.128.0/17 [170/25603072] via 10.84.242.13, 1d14h, Port-channel1
D EX     10.89.240.1/32 [170/25603072] via 10.84.242.13, 1d14h, Port-channel1
D EX     10.89.250.0/30 [170/25603072] via 10.84.242.13, 1d14h, Port-channel1
D EX     10.90.0.0/16 [170/25603072] via 10.84.242.13, 00:21:29, Port-channel1
D EX     10.90.0.0/17 [170/25603072] via 10.84.242.13, 1d14h, Port-channel1
D EX     10.90.128.0/17 [170/25603072] via 10.84.242.13, 1d14h, Port-channel1
D EX     10.90.240.1/32 [170/25603072] via 10.84.242.13, 1d14h, Port-channel1
D EX     10.90.250.0/30 [170/25603072] via 10.84.242.13, 1d14h, Port-channel1
D EX     10.91.0.0/16 [170/25603072] via 10.84.242.13, 1d14h, Port-channel1
D EX     10.91.240.1/32 [170/25603072] via 10.84.242.13, 1d14h, Port-channel1
D EX     10.91.250.0/30 [170/25603072] via 10.84.242.13, 1d14h, Port-channel1
D EX     10.92.0.0/17 [170/25603072] via 10.84.242.13, 1d14h, Port-channel1
D EX     10.92.128.0/17 [170/25603072] via 10.84.242.13, 1d14h, Port-channel1
D EX     10.92.240.1/32 [170/25603072] via 10.84.242.13, 1d14h, Port-channel1
D EX     10.92.250.0/30 [170/25603072] via 10.84.242.13, 1d14h, Port-channel1
D EX     10.93.0.0/17 [170/25603072] via 10.84.242.13, 1d14h, Port-channel1
D EX     10.93.128.0/17 [170/25603072] via 10.84.242.13, 1d14h, Port-channel1
D EX     10.93.240.1/32 [170/25603072] via 10.84.242.13, 1d14h, Port-channel1
D EX     10.93.250.0/30 [170/25603072] via 10.84.242.13, 1d14h, Port-channel1
D EX     10.97.0.0/16 [170/25603072] via 10.84.242.13, 1d14h, Port-channel1
D EX     10.97.250.0/29 [170/25603072] via 10.84.242.13, 1d14h, Port-channel1
D EX     10.98.0.0/16 [170/25603072] via 10.84.242.13, 00:51:24, Port-channel1
D EX     10.98.0.0/17 [170/25603072] via 10.84.242.13, 1d14h, Port-channel1
D EX     10.98.128.0/17 [170/25603072] via 10.84.242.13, 1d14h, Port-channel1
D EX     10.98.250.0/29 [170/25603072] via 10.84.242.13, 1d14h, Port-channel1
D EX     10.107.250.0/29 [170/25603072] via 10.84.242.13, 1d14h, Port-channel1
D EX     10.110.0.0/16 [170/25603072] via 10.84.242.13, 1d14h, Port-channel1
D EX     10.110.240.1/32 [170/25603072] via 10.84.242.13, 1d14h, Port-channel1
D EX     10.110.250.0/29 [170/25603072] via 10.84.242.13, 1d14h, Port-channel1
D EX     10.248.250.0/25 [170/25603072] via 10.84.242.13, 1d14h, Port-channel1
D        10.248.250.7/32 [90/46226688] via 10.84.242.13, 1d14h, Port-channel1
D EX     10.248.250.128/25 
           [170/25603072] via 10.84.242.13, 1d14h, Port-channel1
D EX     10.252.252.0/24 [170/25603072] via 10.84.242.13, 1d14h, Port-channel1
      30.0.0.0/29 is subnetted, 1 subnets
D EX     30.20.57.120 [170/25603072] via 10.84.242.13, 1d14h, Port-channel1
      144.140.0.0/16 is variably subnetted, 14 subnets, 3 masks
D EX     144.140.162.40/29 
           [170/25603072] via 10.84.242.13, 1d14h, Port-channel1
D EX     144.140.162.48/28 
           [170/25603072] via 10.84.242.13, 1d14h, Port-channel1
D EX     144.140.162.80/28 
           [170/25603072] via 10.84.242.13, 1d14h, Port-channel1
D EX     144.140.181.80/28 
           [170/25603072] via 10.84.242.13, 1d14h, Port-channel1
D EX     144.140.201.1/32 
           [170/25603072] via 10.84.242.13, 1d14h, Port-channel1
D EX     144.140.201.2/32 
           [170/25603072] via 10.84.242.13, 1d14h, Port-channel1
D EX     144.140.201.3/32 
           [170/25603072] via 10.84.242.13, 1d14h, Port-channel1
D EX     144.140.201.16/28 
           [170/25603072] via 10.84.242.13, 1d14h, Port-channel1
D EX     144.140.208.16/29 
           [170/25603072] via 10.84.242.13, 1d14h, Port-channel1
D EX     144.140.208.32/28 
           [170/25603072] via 10.84.242.13, 1d14h, Port-channel1
D EX     144.140.208.80/28 
           [170/25603072] via 10.84.242.13, 1d14h, Port-channel1
D EX     144.140.218.96/28 
           [170/25603072] via 10.84.242.13, 1d14h, Port-channel1
D EX     144.140.222.32/28 
           [170/25603072] via 10.84.242.13, 1d14h, Port-channel1
D EX     144.140.224.32/28 
           [170/25603072] via 10.84.242.13, 1d14h, Port-channel1
      146.195.0.0/16 is variably subnetted, 6 subnets, 4 masks
D EX     146.195.21.0/29 [170/25603072] via 10.84.242.13, 1d14h, Port-channel1
D EX     146.195.30.0/24 [170/25603072] via 10.84.242.13, 1d14h, Port-channel1
D EX     146.195.31.0/24 [170/25603072] via 10.84.242.13, 1d14h, Port-channel1
D EX     146.195.39.0/24 [170/25603072] via 10.84.242.13, 1d14h, Port-channel1
D EX     146.195.180.0/22 
           [170/25603072] via 10.84.242.13, 1d14h, Port-channel1
D EX     146.195.255.20/32 
           [170/2563072] via 10.84.242.13, 1d14h, Port-channel1
      172.16.0.0/24 is subnetted, 1 subnets
D EX     172.16.65.0 [170/25603072] via 10.84.242.13, 1d14h, Port-channel1
      172.17.0.0/24 is subnetted, 1 subnets
D EX     172.17.65.0 [170/25603072] via 10.84.242.13, 1d14h, Port-channel1
      172.24.0.0/16 is variably subnetted, 6 subnets, 3 masks
D EX     172.24.96.0/21 [170/25603072] via 10.84.242.13, 1d14h, Port-channel1
D EX     172.24.108.0/24 [170/25603072] via 10.84.242.13, 1d14h, Port-channel1
D EX     172.24.109.0/24 [170/25603072] via 10.84.242.13, 1d14h, Port-channel1
D EX     172.24.112.0/22 [170/25603072] via 10.84.242.13, 1d14h, Port-channel1
D EX     172.24.120.0/24 [170/25603072] via 10.84.242.13, 1d14h, Port-channel1
D EX     172.24.192.0/24 [170/25603072] via 10.84.242.13, 1d14h, Port-channel1
      172.25.0.0/16 is variably subnetted, 2 subnets, 2 masks
D EX     172.25.104.0/24 [170/25603072] via 10.84.242.13, 1d14h, Port-channel1
D EX     172.25.105.0/26 [170/25603072] via 10.84.242.13, 1d14h, Port-channel1
      172.27.0.0/26 is subnetted, 1 subnets
D EX     172.27.0.0 [170/25603072] via 10.84.242.13, 1d14h, Port-channel1
      172.28.0.0/26 is subnetted, 1 subnets
D EX     172.28.8.64 [170/25603072] via 10.84.242.13, 1d14h, Port-channel1
      172.29.0.0/24 is subnetted, 1 subnets
D EX     172.29.1.0 [170/25603072] via 10.84.242.13, 1d14h, Port-channel1
      202.12.199.0/32 is subnetted, 6 subnets
D EX     202.12.199.90 [170/25603072] via 10.84.242.13, 1d14h, Port-channel1
D EX     202.12.199.91 [170/25603072] via 10.84.242.13, 1d14h, Port-channel1
D EX     202.12.199.92 [170/25603072] via 10.84.242.13, 1d14h, Port-channel1
D EX     202.12.199.93 [170/25603072] via 10.84.242.13, 1d14h, Port-channel1
D EX     202.12.199.187 [170/25603072] via 10.84.242.13, 1d14h, Port-channel1
D EX     202.12.199.199 [170/25603072] via 10.84.242.13, 1d14h, Port-channel1
      203.41.188.0/28 is subnetted, 1 subnets
D EX     203.41.188.96 [170/25603072] via 10.84.242.13, 1d14h, Port-channel1
      203.42.70.0/28 is subnetted, 1 subnets
D EX     203.42.70.224 [170/25603072] via 10.84.242.13, 1d14h, Port-channel1
      203.52.0.0/24 is variably subnetted, 2 subnets, 2 masks
D EX     203.52.0.0/24 [170/25603072] via 10.84.242.13, 1d14h, Port-channel1
D EX     203.52.0.192/27 [170/25603072] via 10.84.242.13, 1d14h, Port-channel1
      203.52.1.0/24 is variably subnetted, 2 subnets, 2 masks
D EX     203.52.1.0/24 [170/25603072] via 10.84.242.13, 1d14h, Port-channel1
D EX     203.52.1.192/27 [170/25603072] via 10.84.242.13, 1d14h, Port-channel1
      203.52.2.0/28 is subnetted, 1 subnets
D EX     203.52.2.160 [170/25603072] via 10.84.242.13, 1d14h, Port-channel1
juren-02-sw1#Show inv
NAME: "c36xx Stack", DESCR: "c36xx Stack"
PID: WS-C3650-24PS     , VID: V01  , SN: FDO1816Q0QJ

NAME: "Switch 1", DESCR: "WS-C3650-24PS-S"
PID: WS-C3650-24PS-S   , VID: V01  , SN: FDO1816Q0QJ

NAME: "Switch 1 - Power Supply A", DESCR: "Switch 1 - Power Supply A"
PID: PWR-C2-640WAC     , VID: V01  , SN: LIT180400UC

NAME: "GigabitEthernet1/1/1", DESCR: "1000BaseSX SFP"
PID: SFP-GE-S           , VID: V01  , SN: AGM1610P0PZ    

NAME: "GigabitEthernet1/1/2", DESCR: "1000BaseSX SFP"
PID:                    , VID:      , SN: AGM123512R7    


juren-02-sw1#
juren-02-sw1#exit
