=~=~=~=~=~=~=~=~=~=~=~= PuTTY log 2017.12.22 11:12:53 =~=~=~=~=~=~=~=~=~=~=~=
login as: n039941
CC
 ********************************************************************
 * [WARNING]                                                        *
 *                                                                  *
 * This system belongs to a private organisation. If you are not    *
 * authorised to access this system, exit immediately.              *
 * Unauthorised access to this system is forbidden by company       *
 * policies, national, and international laws.                      *
 * Unauthorised users are subject to criminal and civil penalties   *
 * as well as company initiated disciplinary proceedings.           *
 * By entry into this system you acknowledge that you are           *
 * authorised access and the level of privilege you subsequently    *
 * execute on this system. You further acknowledge that by entry    *
 * into this system you expect no privacy from monitoring.          *
 *                                                                  *
 *        ALL ACCESS TO THIS SYSTEM IS MONITORED AND LOGGED         *
 *                                                                  *
 ********************************************************************
CC
 ********************************************************************
 *             Please enter your username and password.             *
 ********************************************************************
Using keyboard-interactive authentication.
Password: 
CC
 ********************************************************************
 * You are now logged into: WP                                      *
 * All activity is being logged for review by System Administrators *
 ********************************************************************

JUREN-01-SW1>en
Password: 
JUREN-01-SW1#term len 0
JUREN-01-SW1#Show cdp nei
Capability Codes: R - Router, T - Trans Bridge, B - Source Route Bridge
                  S - Switch, H - Host, I - IGMP, r - Repeater, P - Phone, 
                  D - Remote, C - CVTA, M - Two-port Mac Relay 

Device ID        Local Intrfce     Holdtme    Capability  Platform  Port ID
JUREN-01-R1.ads.westernpower.com.au
                 Gig 1/0/1         162             R B S  CISCO2921 Gig 0/0
SEP002545955BDC  Fas 1/0/33        175             H P M  IP Phone  Port 1
SEP0025459574D6  Fas 1/0/1         152             H P M  IP Phone  Port 1
SEP2CABEB26161A  Fas 1/0/31        173              H P   CTS-CODEC eth0
juren-02-sw1.ads.westernpower.com.au
                 Gig 1/0/3         152             R S I  WS-C3650- Gig 1/1/2
juren-02-sw1.ads.westernpower.com.au
                 Gig 1/0/2         162             R S I  WS-C3650- Gig 1/1/1
SEP0024C4FDB523  Fas 1/0/20        164             H P M  IP Phone  Port 1
SEP0024C4FDB552  Fas 1/0/14        179             H P M  IP Phone  Port 1
SEP0062EC8E46E8  Fas 1/0/26        166              H P   CTS-CODEC eth0
SEP002545956E2F  Fas 1/0/27        149             H P M  IP Phone  Port 1
SEP00254595AE52  Fas 1/0/12        172             H P M  IP Phone  Port 1
ITT05840         Fas 1/0/23        142               H    MSI on Wi Local Area Connection
ITT17610         Fas 1/0/11        131               H    MSI on Wi Local Area Connection
ITT08975         Fas 1/0/44        178               H    MSI on Wi Local Area Connection
ITT03616         Fas 1/0/25        175               H    MSI on Wi Local Area Connection
JUREN-01-SW1#Show int status

Port      Name               Status       Vlan       Duplex  Speed Type
Fa1/0/1                      connected    401        a-full  a-100 10/100BaseTX
Fa1/0/2                      notconnect   401          auto   auto 10/100BaseTX
Fa1/0/3                      notconnect   401          auto   auto 10/100BaseTX
Fa1/0/4                      connected    401        a-half   a-10 10/100BaseTX
Fa1/0/5                      notconnect   401          auto   auto 10/100BaseTX
Fa1/0/6                      connected    401        a-full  a-100 10/100BaseTX
Fa1/0/7                      notconnect   401          auto   auto 10/100BaseTX
Fa1/0/8                      notconnect   401          auto   auto 10/100BaseTX
Fa1/0/9                      notconnect   401          auto   auto 10/100BaseTX
Fa1/0/10                     notconnect   401          auto   auto 10/100BaseTX
Fa1/0/11                     connected    401        a-full  a-100 10/100BaseTX
Fa1/0/12                     connected    401        a-full  a-100 10/100BaseTX
Fa1/0/13                     notconnect   401          auto   auto 10/100BaseTX
Fa1/0/14                     connected    401        a-full  a-100 10/100BaseTX
Fa1/0/15                     connected    401        a-full  a-100 10/100BaseTX
Fa1/0/16                     notconnect   401          auto   auto 10/100BaseTX
Fa1/0/17                     notconnect   401          auto   auto 10/100BaseTX
Fa1/0/18                     notconnect   401          auto   auto 10/100BaseTX
Fa1/0/19                     notconnect   401          auto   auto 10/100BaseTX
Fa1/0/20                     connected    401        a-full  a-100 10/100BaseTX
Fa1/0/21                     notconnect   401          auto   auto 10/100BaseTX
Fa1/0/22                     notconnect   401          auto   auto 10/100BaseTX
Fa1/0/23                     connected    401        a-full  a-100 10/100BaseTX
Fa1/0/24                     notconnect   401          auto   auto 10/100BaseTX
Fa1/0/25                     connected    401        a-full  a-100 10/100BaseTX
Fa1/0/26                     connected    401        a-full  a-100 10/100BaseTX
Fa1/0/27                     connected    401        a-full  a-100 10/100BaseTX
Fa1/0/28                     notconnect   401          auto   auto 10/100BaseTX
Fa1/0/29                     notconnect   401          auto   auto 10/100BaseTX
Fa1/0/30                     notconnect   401          auto   auto 10/100BaseTX
Fa1/0/31                     connected    401        a-full  a-100 10/100BaseTX
Fa1/0/32                     notconnect   401          auto   auto 10/100BaseTX
Fa1/0/33                     connected    401        a-full  a-100 10/100BaseTX
Fa1/0/34                     notconnect   401          auto   auto 10/100BaseTX
Fa1/0/35                     notconnect   401          auto   auto 10/100BaseTX
Fa1/0/36                     notconnect   401          auto   auto 10/100BaseTX
Fa1/0/37                     notconnect   401          auto   auto 10/100BaseTX
Fa1/0/38                     notconnect   401          auto   auto 10/100BaseTX
Fa1/0/39                     notconnect   401          auto   auto 10/100BaseTX
Fa1/0/40                     connected    401        a-full  a-100 10/100BaseTX
Fa1/0/41                     notconnect   401          auto   auto 10/100BaseTX
Fa1/0/42                     notconnect   401          auto   auto 10/100BaseTX
Fa1/0/43                     notconnect   401          auto   auto 10/100BaseTX
Fa1/0/44  trainingap AP1252  connected    trunk      a-full  a-100 10/100BaseTX
Fa1/0/45  STEELHEAD_PRIMARY  connected    399        a-full  a-100 10/100BaseTX
Fa1/0/46  Cardex access      connected    480        a-full  a-100 10/100BaseTX
Fa1/0/47  security           notconnect   902          auto   auto 10/100BaseTX
Fa1/0/48  juren-01-ups1      connected    901        a-full  a-100 10/100BaseTX
Gi1/0/1   juren-01-r1        connected    routed     a-full a-1000 10/100/1000BaseTX SFP
Gi1/0/2   juren-02-sw1 (on E connected    routed     a-full a-1000 1000BaseSX SFP
Gi1/0/3   juren-02-sw1 (on E connected    routed     a-full a-1000 1000BaseSX SFP
Gi1/0/4                      notconnect   1            auto   auto Not Present
Po1       EC to juren-02-sw1 connected    routed     a-full a-1000 
JUREN-01-SW1#Show ip arp
Protocol  Address          Age (min)  Hardware Addr   Type   Interface
Internet  10.84.64.1              -   5017.ff65.a4c6  ARPA   Vlan401
Internet  10.84.64.11             0   f0de.f14b.9fff  ARPA   Vlan401
Internet  10.84.64.13             0   f0de.f14b.9884  ARPA   Vlan401
Internet  10.84.64.14             1   6c0b.843d.358d  ARPA   Vlan401
Internet  10.84.64.18             4   90ac.3f00.1ff7  ARPA   Vlan401
Internet  10.84.64.20             0   1c66.6d93.aa05  ARPA   Vlan401
Internet  10.84.64.22            57   001b.8231.c5bf  ARPA   Vlan401
Internet  10.84.64.25            75   c033.5ec9.1ded  ARPA   Vlan401
Internet  10.84.64.28             0   4ccc.6a1b.0e84  ARPA   Vlan401
Internet  10.84.64.32             0   Incomplete      ARPA   
Internet  10.84.64.39            11   0800.37b1.b002  ARPA   Vlan401
Internet  10.84.64.40             3   0024.7e0b.9558  ARPA   Vlan401
Internet  10.84.64.46             3   0800.37b1.03ac  ARPA   Vlan401
Internet  10.84.64.141            0   7058.1227.f01b  ARPA   Vlan401
Internet  10.84.64.142           86   6c0b.8424.2895  ARPA   Vlan401
Internet  10.84.64.143            2   5882.a88f.d1df  ARPA   Vlan401
Internet  10.84.128.1             -   5017.ff65.a4c8  ARPA   Vlan501
Internet  10.84.128.31           17   0025.4595.ae52  ARPA   Vlan501
Internet  10.84.128.32           17   0024.c4fd.b552  ARPA   Vlan501
Internet  10.84.128.33           17   0024.c4fd.b523  ARPA   Vlan501
Internet  10.84.128.34           17   0025.4595.5bdc  ARPA   Vlan501
Internet  10.84.128.35          162   0062.ec8e.46e8  ARPA   Vlan501
Internet  10.84.128.36           24   0025.4595.6e2f  ARPA   Vlan501
Internet  10.84.128.39            0   0025.4595.74d6  ARPA   Vlan501
Internet  10.84.128.144           0   2cab.eb26.161a  ARPA   Vlan501
Internet  10.84.202.1             -   5017.ff65.a4cb  ARPA   Vlan902
Internet  10.84.224.1             -   5017.ff65.a4c7  ARPA   Vlan480
Internet  10.84.224.10            0   001c.7f22.22d2  ARPA   Vlan480
Internet  10.84.241.1             -   5017.ff65.a4c5  ARPA   Vlan399
Internet  10.84.241.5            36   000e.b64c.f0a8  ARPA   Vlan399
Internet  10.84.242.1            74   885a.9294.c500  ARPA   GigabitEthernet1/0/1
Internet  10.84.242.2             -   5017.ff65.a4c2  ARPA   GigabitEthernet1/0/1
Internet  10.84.242.13            -   5017.ff65.a4c1  ARPA   Port-channel1
Internet  10.84.242.14          224   88f0.318b.7acc  ARPA   Port-channel1
Internet  10.84.246.1             -   5017.ff65.a4c9  ARPA   Vlan800
Internet  10.84.246.2             0   4437.e65e.264a  ARPA   Vlan800
Internet  10.84.254.1             -   5017.ff65.a4ca  ARPA   Vlan901
Internet  10.84.254.10          122   0020.85f0.6afe  ARPA   Vlan901
JUREN-01-SW1#Show mac add
          Mac Address Table
-------------------------------------------

Vlan    Mac Address       Type        Ports
----    -----------       --------    -----
 All    0100.0ccc.cccc    STATIC      CPU
 All    0100.0ccc.cccd    STATIC      CPU
 All    0180.c200.0000    STATIC      CPU
 All    0180.c200.0001    STATIC      CPU
 All    0180.c200.0002    STATIC      CPU
 All    0180.c200.0003    STATIC      CPU
 All    0180.c200.0004    STATIC      CPU
 All    0180.c200.0005    STATIC      CPU
 All    0180.c200.0006    STATIC      CPU
 All    0180.c200.0007    STATIC      CPU
 All    0180.c200.0008    STATIC      CPU
 All    0180.c200.0009    STATIC      CPU
 All    0180.c200.000a    STATIC      CPU
 All    0180.c200.000b    STATIC      CPU
 All    0180.c200.000c    STATIC      CPU
 All    0180.c200.000d    STATIC      CPU
 All    0180.c200.000e    STATIC      CPU
 All    0180.c200.000f    STATIC      CPU
 All    0180.c200.0010    STATIC      CPU
 All    ffff.ffff.ffff    STATIC      CPU
 399    000e.b64c.f0a8    DYNAMIC     Fa1/0/45
 480    001c.7f22.22d2    DYNAMIC     Fa1/0/46
 901    0020.85f0.6afe    DYNAMIC     Fa1/0/48
 401    0024.7e0b.9558    DYNAMIC     Fa1/0/25
 401    0024.c4fd.b523    DYNAMIC     Fa1/0/20
 401    0024.c4fd.b552    DYNAMIC     Fa1/0/14
 401    0025.4595.5bdc    DYNAMIC     Fa1/0/33
 401    0025.4595.6e2f    DYNAMIC     Fa1/0/27
 401    0025.4595.74d6    DYNAMIC     Fa1/0/1
 401    0025.4595.ae52    DYNAMIC     Fa1/0/12
 401    0062.ec8e.46e8    DYNAMIC     Fa1/0/26
 401    0800.37b1.03ac    DYNAMIC     Fa1/0/4
 401    0800.37b1.b002    DYNAMIC     Fa1/0/15
 401    1c66.6d93.aa05    DYNAMIC     Fa1/0/40
 401    2cab.eb26.161a    DYNAMIC     Fa1/0/31
 401    4ccc.6a1b.0e84    DYNAMIC     Fa1/0/40
 401    5882.a88f.d1df    DYNAMIC     Fa1/0/1
 401    6c0b.843d.358d    DYNAMIC     Fa1/0/11
 401    7058.1227.f01b    DYNAMIC     Fa1/0/15
 401    90ac.3f00.1ff7    DYNAMIC     Fa1/0/6
 401    f0de.f14b.9884    DYNAMIC     Fa1/0/23
 401    f0de.f14b.9fff    DYNAMIC     Fa1/0/12
 501    0024.c4fd.b523    DYNAMIC     Fa1/0/20
 501    0024.c4fd.b552    DYNAMIC     Fa1/0/14
 501    0025.4595.5bdc    DYNAMIC     Fa1/0/33
 501    0025.4595.6e2f    DYNAMIC     Fa1/0/27
 501    0025.4595.74d6    DYNAMIC     Fa1/0/1
 501    0062.ec8e.46e8    DYNAMIC     Fa1/0/26
 501    2cab.eb26.161a    DYNAMIC     Fa1/0/31
 800    4437.e65e.264a    DYNAMIC     Fa1/0/44
Total Mac Addresses for this criterion: 50
JUREN-01-SW1#Show int | inc (rops|otoc)
Vlan1 is up, line protocol is down 
  Input queue: 0/75/0/0 (size/max/drops/flushes); Total output drops: 0
     0 unknown protocol drops
Vlan399 is up, line protocol is up 
  Input queue: 0/75/0/0 (size/max/drops/flushes); Total output drops: 0
     0 unknown protocol drops
Vlan401 is up, line protocol is up 
  Input queue: 0/75/0/0 (size/max/drops/flushes); Total output drops: 0
     0 unknown protocol drops
Vlan480 is up, line protocol is up 
  Input queue: 0/75/0/0 (size/max/drops/flushes); Total output drops: 0
     0 unknown protocol drops
Vlan501 is up, line protocol is up 
  Input queue: 0/75/0/0 (size/max/drops/flushes); Total output drops: 0
     0 unknown protocol drops
Vlan800 is up, line protocol is up 
  Input queue: 0/75/0/0 (size/max/drops/flushes); Total output drops: 0
     0 unknown protocol drops
Vlan901 is up, line protocol is up 
  Input queue: 0/75/0/0 (size/max/drops/flushes); Total output drops: 0
     0 unknown protocol drops
Vlan902 is up, line protocol is down 
  Input queue: 0/75/0/0 (size/max/drops/flushes); Total output drops: 0
     0 unknown protocol drops
FastEthernet1/0/1 is up, line protocol is up (connected) 
  Input queue: 0/75/0/0 (size/max/drops/flushes); Total output drops: 1513
     0 unknown protocol drops
FastEthernet1/0/2 is down, line protocol is down (notconnect) 
  Input queue: 0/75/0/0 (size/max/drops/flushes); Total output drops: 0
     0 unknown protocol drops
FastEthernet1/0/3 is down, line protocol is down (notconnect) 
  Input queue: 0/75/0/0 (size/max/drops/flushes); Total output drops: 0
     0 unknown protocol drops
FastEthernet1/0/4 is up, line protocol is up (connected) 
  Input queue: 0/75/0/0 (size/max/drops/flushes); Total output drops: 0
     0 unknown protocol drops
FastEthernet1/0/5 is down, line protocol is down (notconnect) 
  Input queue: 0/75/0/0 (size/max/drops/flushes); Total output drops: 0
     0 unknown protocol drops
FastEthernet1/0/6 is up, line protocol is up (connected) 
  Input queue: 0/75/0/0 (size/max/drops/flushes); Total output drops: 0
     0 unknown protocol drops
FastEthernet1/0/7 is down, line protocol is down (notconnect) 
  Input queue: 0/75/0/0 (size/max/drops/flushes); Total output drops: 0
     0 unknown protocol drops
FastEthernet1/0/8 is down, line protocol is down (notconnect) 
  Input queue: 0/75/0/0 (size/max/drops/flushes); Total output drops: 0
     0 unknown protocol drops
FastEthernet1/0/9 is down, line protocol is down (notconnect) 
  Input queue: 0/75/0/0 (size/max/drops/flushes); Total output drops: 0
     0 unknown protocol drops
FastEthernet1/0/10 is down, line protocol is down (notconnect) 
  Input queue: 0/75/0/0 (size/max/drops/flushes); Total output drops: 0
     0 unknown protocol drops
FastEthernet1/0/11 is up, line protocol is up (connected) 
  Input queue: 0/75/0/0 (size/max/drops/flushes); Total output drops: 2175
     0 unknown protocol drops
FastEthernet1/0/12 is up, line protocol is up (connected) 
  Input queue: 0/75/0/0 (size/max/drops/flushes); Total output drops: 486
     0 unknown protocol drops
FastEthernet1/0/13 is down, line protocol is down (notconnect) 
  Input queue: 0/75/0/0 (size/max/drops/flushes); Total output drops: 0
     0 unknown protocol drops
FastEthernet1/0/14 is up, line protocol is up (connected) 
  Input queue: 0/75/0/0 (size/max/drops/flushes); Total output drops: 14157
     0 unknown protocol drops
FastEthernet1/0/15 is up, line protocol is up (connected) 
  Input queue: 0/75/0/0 (size/max/drops/flushes); Total output drops: 14088
     0 unknown protocol drops
FastEthernet1/0/16 is down, line protocol is down (notconnect) 
  Input queue: 0/75/0/0 (size/max/drops/flushes); Total output drops: 0
     0 unknown protocol drops
FastEthernet1/0/17 is down, line protocol is down (notconnect) 
  Input queue: 0/75/0/0 (size/max/drops/flushes); Total output drops: 0
     0 unknown protocol drops
FastEthernet1/0/18 is down, line protocol is down (notconnect) 
  Input queue: 0/75/0/0 (size/max/drops/flushes); Total output drops: 0
     0 unknown protocol drops
FastEthernet1/0/19 is down, line protocol is down (notconnect) 
  Input queue: 0/75/0/0 (size/max/drops/flushes); Total output drops: 0
     0 unknown protocol drops
FastEthernet1/0/20 is up, line protocol is up (connected) 
  Input queue: 0/75/0/0 (size/max/drops/flushes); Total output drops: 1577
     0 unknown protocol drops
FastEthernet1/0/21 is down, line protocol is down (notconnect) 
  Input queue: 0/75/0/0 (size/max/drops/flushes); Total output drops: 0
     0 unknown protocol drops
FastEthernet1/0/22 is down, line protocol is down (notconnect) 
  Input queue: 0/75/0/0 (size/max/drops/flushes); Total output drops: 0
     0 unknown protocol drops
FastEthernet1/0/23 is up, line protocol is up (connected) 
  Input queue: 0/75/0/0 (size/max/drops/flushes); Total output drops: 4548
     0 unknown protocol drops
FastEthernet1/0/24 is down, line protocol is down (notconnect) 
  Input queue: 0/75/0/0 (size/max/drops/flushes); Total output drops: 0
     0 unknown protocol drops
FastEthernet1/0/25 is up, line protocol is up (connected) 
  Input queue: 0/75/0/0 (size/max/drops/flushes); Total output drops: 1516
     0 unknown protocol drops
FastEthernet1/0/26 is up, line protocol is up (connected) 
  Input queue: 0/75/0/0 (size/max/drops/flushes); Total output drops: 0
     0 unknown protocol drops
FastEthernet1/0/27 is up, line protocol is up (connected) 
  Input queue: 0/75/0/0 (size/max/drops/flushes); Total output drops: 1976
     0 unknown protocol drops
FastEthernet1/0/28 is down, line protocol is down (notconnect) 
  Input queue: 0/75/0/0 (size/max/drops/flushes); Total output drops: 0
     0 unknown protocol drops
FastEthernet1/0/29 is down, line protocol is down (notconnect) 
  Input queue: 0/75/0/0 (size/max/drops/flushes); Total output drops: 0
     0 unknown protocol drops
FastEthernet1/0/30 is down, line protocol is down (notconnect) 
  Input queue: 0/75/0/0 (size/max/drops/flushes); Total output drops: 0
     0 unknown protocol drops
FastEthernet1/0/31 is up, line protocol is up (connected) 
  Input queue: 0/75/0/0 (size/max/drops/flushes); Total output drops: 0
     0 unknown protocol drops
FastEthernet1/0/32 is down, line protocol is down (notconnect) 
  Input queue: 0/75/0/0 (size/max/drops/flushes); Total output drops: 0
     0 unknown protocol drops
FastEthernet1/0/33 is up, line protocol is up (connected) 
  Input queue: 0/75/0/0 (size/max/drops/flushes); Total output drops: 409
     0 unknown protocol drops
FastEthernet1/0/34 is down, line protocol is down (notconnect) 
  Input queue: 0/75/0/0 (size/max/drops/flushes); Total output drops: 0
     0 unknown protocol drops
FastEthernet1/0/35 is down, line protocol is down (notconnect) 
  Input queue: 0/75/0/0 (size/max/drops/flushes); Total output drops: 0
     0 unknown protocol drops
FastEthernet1/0/36 is down, line protocol is down (notconnect) 
  Input queue: 0/75/0/0 (size/max/drops/flushes); Total output drops: 0
     0 unknown protocol drops
FastEthernet1/0/37 is down, line protocol is down (notconnect) 
  Input queue: 0/75/0/0 (size/max/drops/flushes); Total output drops: 0
     0 unknown protocol drops
FastEthernet1/0/38 is down, line protocol is down (notconnect) 
  Input queue: 0/75/0/0 (size/max/drops/flushes); Total output drops: 0
     0 unknown protocol drops
FastEthernet1/0/39 is down, line protocol is down (notconnect) 
  Input queue: 0/75/0/0 (size/max/drops/flushes); Total output drops: 0
     0 unknown protocol drops
FastEthernet1/0/40 is up, line protocol is up (connected) 
  Input queue: 0/75/0/0 (size/max/drops/flushes); Total output drops: 23579
     0 unknown protocol drops
FastEthernet1/0/41 is down, line protocol is down (notconnect) 
  Input queue: 0/75/0/0 (size/max/drops/flushes); Total output drops: 0
     0 unknown protocol drops
FastEthernet1/0/42 is down, line protocol is down (notconnect) 
  Input queue: 0/75/0/0 (size/max/drops/flushes); Total output drops: 0
     0 unknown protocol drops
FastEthernet1/0/43 is down, line protocol is down (notconnect) 
  Input queue: 0/75/0/0 (size/max/drops/flushes); Total output drops: 0
     0 unknown protocol drops
FastEthernet1/0/44 is up, line protocol is up (connected) 
  Input queue: 0/75/0/0 (size/max/drops/flushes); Total output drops: 1754
     0 unknown protocol drops
FastEthernet1/0/45 is up, line protocol is up (connected) 
  Input queue: 0/75/0/0 (size/max/drops/flushes); Total output drops: 4219965
     0 unknown protocol drops
FastEthernet1/0/46 is up, line protocol is up (connected) 
  Input queue: 0/75/0/0 (size/max/drops/flushes); Total output drops: 0
     0 unknown protocol drops
FastEthernet1/0/47 is down, line protocol is down (notconnect) 
  Input queue: 0/75/0/0 (size/max/drops/flushes); Total output drops: 0
     0 unknown protocol drops
FastEthernet1/0/48 is up, line protocol is up (connected) 
  Input queue: 0/75/0/0 (size/max/drops/flushes); Total output drops: 0
     0 unknown protocol drops
GigabitEthernet1/0/1 is up, line protocol is up (connected) 
  Input queue: 0/75/0/0 (size/max/drops/flushes); Total output drops: 0
     0 unknown protocol drops
GigabitEthernet1/0/2 is up, line protocol is up (connected) 
  Input queue: 0/75/0/0 (size/max/drops/flushes); Total output drops: 0
     0 unknown protocol drops
GigabitEthernet1/0/3 is up, line protocol is up (connected) 
  Input queue: 0/75/0/0 (size/max/drops/flushes); Total output drops: 0
     0 unknown protocol drops
GigabitEthernet1/0/4 is down, line protocol is down (notconnect) 
  Input queue: 0/75/0/0 (size/max/drops/flushes); Total output drops: 0
     0 unknown protocol drops
Port-channel1 is up, line protocol is up (connected) 
  Input queue: 0/75/0/0 (size/max/drops/flushes); Total output drops: 0
     0 unknown protocol drops
Loopback1 is up, line protocol is up 
  Input queue: 0/75/0/0 (size/max/drops/flushes); Total output drops: 0
     0 unknown protocol drops
Loopback161 is up, line protocol is up 
  Input queue: 0/75/0/0 (size/max/drops/flushes); Total output drops: 0
     0 unknown protocol drops
JUREN-01-SW1#Show run
Building configuration...

Current configuration : 28366 bytes
!
! Last configuration change at 16:59:41 WST Thu Dec 14 2017 by n040303
! NVRAM config last updated at 16:59:44 WST Thu Dec 14 2017 by n040303
!
version 15.0
no service pad
service tcp-keepalives-in
service tcp-keepalives-out
service timestamps debug datetime msec localtime show-timezone
service timestamps log datetime msec localtime show-timezone
service password-encryption
!
hostname JUREN-01-SW1
!
boot-start-marker
boot-end-marker
!
!
logging buffered 64000
enable secret 4 26Y5WbmBWDgWHIvNLDC6rcFPZFfZmn/Bmjb2/s10MhI
!
username westernpower privilege 15 secret 4 26Y5WbmBWDgWHIvNLDC6rcFPZFfZmn/Bmjb2/s10MhI
aaa new-model
!
!
aaa authentication banner ^CCC
 ********************************************************************
 *             Please enter your username and password.             *
 ********************************************************************
^C
aaa authentication fail-message ^CCC
 ********************************************************************
 *      The supplied Username and/or Password is not valid.         *
 *  This failed login attempt has been recorded for audit purposes. *
 ********************************************************************
^C
aaa authentication login default group radius enable
aaa authentication login console enable
aaa authorization exec default if-authenticated 
aaa accounting send stop-record authentication failure
aaa accounting exec default start-stop group radius
!
!
!
!
!
!
aaa session-id common
clock timezone WST 8 0
switch 1 provision ws-c3750v2-48ps
system mtu routing 1500
vtp domain JUREN
vtp mode transparent
udld enable

ip routing
no ip domain-lookup
ip domain-name ads.westernpower.com.au
!
!
!
ip dhcp snooping vlan 1,401,501
no ip dhcp snooping information option
ip dhcp snooping
ip multicast-routing distributed
login on-failure log
login on-success log
!
mls qos map policed-dscp  0 10 18 24 46 to 8
mls qos map cos-dscp 0 8 16 24 32 46 48 56
mls qos srr-queue input bandwidth 70 30
mls qos srr-queue input threshold 1 80 90
mls qos srr-queue input priority-queue 2 bandwidth 30
mls qos srr-queue input cos-map queue 1 threshold 2 3
mls qos srr-queue input cos-map queue 1 threshold 3 6 7
mls qos srr-queue input cos-map queue 2 threshold 1 4
mls qos srr-queue input dscp-map queue 1 threshold 2 24
mls qos srr-queue input dscp-map queue 1 threshold 3 48 49 50 51 52 53 54 55
mls qos srr-queue input dscp-map queue 1 threshold 3 56 57 58 59 60 61 62 63
mls qos srr-queue input dscp-map queue 2 threshold 3 32 33 40 41 42 43 44 45
mls qos srr-queue input dscp-map queue 2 threshold 3 46 47
mls qos srr-queue output cos-map queue 1 threshold 3 4 5
mls qos srr-queue output cos-map queue 2 threshold 1 2
mls qos srr-queue output cos-map queue 2 threshold 2 3
mls qos srr-queue output cos-map queue 2 threshold 3 6 7
mls qos srr-queue output cos-map queue 3 threshold 3 0
mls qos srr-queue output cos-map queue 4 threshold 3 1
mls qos srr-queue output dscp-map queue 1 threshold 3 32 33 40 41 42 43 44 45
mls qos srr-queue output dscp-map queue 1 threshold 3 46 47
mls qos srr-queue output dscp-map queue 2 threshold 1 16 17 18 19 20 21 22 23
mls qos srr-queue output dscp-map queue 2 threshold 1 26 27 28 29 30 31 34 35
mls qos srr-queue output dscp-map queue 2 threshold 1 36 37 38 39
mls qos srr-queue output dscp-map queue 2 threshold 2 24
mls qos srr-queue output dscp-map queue 2 threshold 3 48 49 50 51 52 53 54 55
mls qos srr-queue output dscp-map queue 2 threshold 3 56 57 58 59 60 61 62 63
mls qos srr-queue output dscp-map queue 3 threshold 3 0 1 2 3 4 5 6 7
mls qos srr-queue output dscp-map queue 4 threshold 1 8 9 11 13 15
mls qos srr-queue output dscp-map queue 4 threshold 2 10 12 14
mls qos queue-set output 1 threshold 1 100 100 50 200
mls qos queue-set output 1 threshold 2 125 125 100 400
mls qos queue-set output 1 threshold 3 100 100 100 400
mls qos queue-set output 1 threshold 4 60 150 50 200
mls qos queue-set output 1 buffers 15 25 40 20
mls qos
!
crypto pki trustpoint TP-self-signed-4284851328
 enrollment selfsigned
 subject-name cn=IOS-Self-Signed-Certificate-4284851328
 revocation-check none
 rsakeypair TP-self-signed-4284851328
!
!
crypto pki certificate chain TP-self-signed-4284851328
 certificate self-signed 01
  3082023E 308201A7 A0030201 02020101 300D0609 2A864886 F70D0101 04050030 
  31312F30 2D060355 04031326 494F532D 53656C66 2D536967 6E65642D 43657274 
  69666963 6174652D 34323834 38353133 3238301E 170D3933 30333031 30303032 
  34395A17 0D323030 31303130 30303030 305A3031 312F302D 06035504 03132649 
  4F532D53 656C662D 5369676E 65642D43 65727469 66696361 74652D34 32383438 
  35313332 3830819F 300D0609 2A864886 F70D0101 01050003 818D0030 81890281 
  8100A344 626CAA64 DE9A4E7B ADB595D5 9A8FF1E6 BE7C2536 C47A0F2B EE55F034 
  538A050C 4033287C 527F0079 B99688F3 8DE2AABE 8D000103 3E5F69D9 2A323F1B 
  88357FB1 3BDBCEBC 80D44261 ED3BD22C 53C8DC76 617E87CD 037DE42C 23D2A753 
  32D39FC5 AE523C5D F62C3F27 FA2579A1 CDE693CF 84FCC5F4 2A579525 7D8FA046 
  EDDD0203 010001A3 66306430 0F060355 1D130101 FF040530 030101FF 30110603 
  551D1104 0A300882 06537769 74636830 1F060355 1D230418 30168014 CB6F03FB 
  FE82A18D 7BDA12BB BF58E495 8DD2F0F8 301D0603 551D0E04 160414CB 6F03FBFE 
  82A18D7B DA12BBBF 58E4958D D2F0F830 0D06092A 864886F7 0D010104 05000381 
  81000700 02F64CAD 95CF17F4 3F833623 601EEA6E 3FA89269 398EC0C2 ED579C4A 
  44278D19 FFF1CC1C 64106CDD 0D57317D 39187877 5BA587A6 B10A0C44 84A60336 
  E8CDFF35 2E9E5F41 617592BC 72883B1E A7F6B553 6BF84465 B45C8CD7 C345FB61 
  C8B3CDEB 54252540 EBEF9660 122C4EE7 3DCAE16F A4B9C9F7 FCB62D5B CBEE2EA4 2625
  	quit
!
!
!
!
!
errdisable recovery cause udld
errdisable recovery interval 60
!
spanning-tree mode rapid-pvst
spanning-tree portfast bpduguard default
spanning-tree extend system-id
!
vlan internal allocation policy ascending
!
vlan 399
 name STEELHEAD_MANAGEMENT
!
vlan 401
 name USER_DATA_VLAN
!
vlan 480
 name SECURITY
!
vlan 501
 name USER_VOICE_VLAN
!
vlan 800
 name WLAN_AP_Management
!
vlan 801
 name WLAN_Corp_Clients
!
vlan 901
 name ANCILLIARY_MANAGEMENT
!
vlan 902
 name PHYSICAL_SECURITY_VLAN
!
ip telnet source-interface Loopback1
ip ssh version 2
!
class-map match-all AUTOQOS_VOIP_DATA_CLASS
  match ip dscp ef 
class-map match-all AUTOQOS_DEFAULT_CLASS
  match access-group name AUTOQOS-ACL-DEFAULT
class-map match-all AUTOQOS_VOIP_SIGNAL_CLASS
  match ip dscp cs3 
!
policy-map AUTOQOS-SRND4-CISCOPHONE-POLICY
 class AUTOQOS_VOIP_DATA_CLASS
   set dscp ef
  police 128000 8000 exceed-action policed-dscp-transmit
 class AUTOQOS_VOIP_SIGNAL_CLASS
   set dscp cs3
  police 32000 8000 exceed-action policed-dscp-transmit
 class AUTOQOS_DEFAULT_CLASS
   set dscp default
  police 10000000 8000 exceed-action policed-dscp-transmit
!
!
! 
!
!
!
!
!
!
!
!
!
!
!
!
interface Loopback1
 description T1 management interface
 ip address 10.84.240.5 255.255.255.255
!
interface Loopback161
 description *** Anycast RP Address ONLY ***
 ip address 10.84.240.24 255.255.255.255
 ip pim sparse-mode
!
interface Port-channel1
 description EC to juren-02-sw1 gi1/0/1 & gi1/0/2
 no switchport
 ip address 10.84.242.13 255.255.255.252
!
interface FastEthernet1/0/1
 switchport access vlan 401
 switchport mode access
 switchport voice vlan 501
 srr-queue bandwidth share 1 30 35 5
 priority-queue out 
 mls qos trust device cisco-phone
 mls qos trust cos
 spanning-tree portfast
 service-policy input AUTOQOS-SRND4-CISCOPHONE-POLICY
 ip dhcp snooping limit rate 20
!
interface FastEthernet1/0/2
 switchport access vlan 401
 switchport mode access
 switchport voice vlan 501
 srr-queue bandwidth share 1 30 35 5
 priority-queue out 
 mls qos trust device cisco-phone
 mls qos trust cos
 spanning-tree portfast
 service-policy input AUTOQOS-SRND4-CISCOPHONE-POLICY
 ip dhcp snooping limit rate 20
!
interface FastEthernet1/0/3
 switchport access vlan 401
 switchport mode access
 switchport voice vlan 501
 srr-queue bandwidth share 1 30 35 5
 priority-queue out 
 mls qos trust device cisco-phone
 mls qos trust cos
 spanning-tree portfast
 service-policy input AUTOQOS-SRND4-CISCOPHONE-POLICY
 ip dhcp snooping limit rate 20
!
interface FastEthernet1/0/4
 switchport access vlan 401
 switchport mode access
 switchport voice vlan 501
 srr-queue bandwidth share 1 30 35 5
 priority-queue out 
 mls qos trust device cisco-phone
 mls qos trust cos
 spanning-tree portfast
 service-policy input AUTOQOS-SRND4-CISCOPHONE-POLICY
 ip dhcp snooping limit rate 20
!
interface FastEthernet1/0/5
 switchport access vlan 401
 switchport mode access
 switchport voice vlan 501
 srr-queue bandwidth share 1 30 35 5
 priority-queue out 
 mls qos trust device cisco-phone
 mls qos trust cos
 spanning-tree portfast
 service-policy input AUTOQOS-SRND4-CISCOPHONE-POLICY
 ip dhcp snooping limit rate 20
!
interface FastEthernet1/0/6
 switchport access vlan 401
 switchport mode access
 switchport voice vlan 501
 srr-queue bandwidth share 1 30 35 5
 priority-queue out 
 mls qos trust device cisco-phone
 mls qos trust cos
 spanning-tree portfast
 service-policy input AUTOQOS-SRND4-CISCOPHONE-POLICY
 ip dhcp snooping limit rate 20
!
interface FastEthernet1/0/7
 switchport access vlan 401
 switchport mode access
 switchport voice vlan 501
 srr-queue bandwidth share 1 30 35 5
 priority-queue out 
 mls qos trust device cisco-phone
 mls qos trust cos
 spanning-tree portfast
 service-policy input AUTOQOS-SRND4-CISCOPHONE-POLICY
 ip dhcp snooping limit rate 20
!
interface FastEthernet1/0/8
 switchport access vlan 401
 switchport mode access
 switchport voice vlan 501
 srr-queue bandwidth share 1 30 35 5
 priority-queue out 
 mls qos trust device cisco-phone
 mls qos trust cos
 spanning-tree portfast
 service-policy input AUTOQOS-SRND4-CISCOPHONE-POLICY
 ip dhcp snooping limit rate 20
!
interface FastEthernet1/0/9
 switchport access vlan 401
 switchport mode access
 switchport voice vlan 501
 srr-queue bandwidth share 1 30 35 5
 priority-queue out 
 mls qos trust device cisco-phone
 mls qos trust cos
 spanning-tree portfast
 service-policy input AUTOQOS-SRND4-CISCOPHONE-POLICY
 ip dhcp snooping limit rate 20
!
interface FastEthernet1/0/10
 switchport access vlan 401
 switchport mode access
 switchport voice vlan 501
 srr-queue bandwidth share 1 30 35 5
 priority-queue out 
 mls qos trust device cisco-phone
 mls qos trust cos
 spanning-tree portfast
 service-policy input AUTOQOS-SRND4-CISCOPHONE-POLICY
 ip dhcp snooping limit rate 20
!
interface FastEthernet1/0/11
 switchport access vlan 401
 switchport mode access
 switchport voice vlan 501
 srr-queue bandwidth share 1 30 35 5
 priority-queue out 
 mls qos trust device cisco-phone
 mls qos trust cos
 spanning-tree portfast
 service-policy input AUTOQOS-SRND4-CISCOPHONE-POLICY
 ip dhcp snooping limit rate 20
!
interface FastEthernet1/0/12
 switchport access vlan 401
 switchport mode access
 switchport voice vlan 501
 srr-queue bandwidth share 1 30 35 5
 priority-queue out 
 mls qos trust device cisco-phone
 mls qos trust cos
 spanning-tree portfast
 service-policy input AUTOQOS-SRND4-CISCOPHONE-POLICY
 ip dhcp snooping limit rate 20
!
interface FastEthernet1/0/13
 switchport access vlan 401
 switchport mode access
 switchport voice vlan 501
 srr-queue bandwidth share 1 30 35 5
 priority-queue out 
 mls qos trust device cisco-phone
 mls qos trust cos
 spanning-tree portfast
 service-policy input AUTOQOS-SRND4-CISCOPHONE-POLICY
 ip dhcp snooping limit rate 20
!
interface FastEthernet1/0/14
 switchport access vlan 401
 switchport mode access
 switchport voice vlan 501
 srr-queue bandwidth share 1 30 35 5
 priority-queue out 
 mls qos trust device cisco-phone
 mls qos trust cos
 spanning-tree portfast
 service-policy input AUTOQOS-SRND4-CISCOPHONE-POLICY
 ip dhcp snooping limit rate 20
!
interface FastEthernet1/0/15
 switchport access vlan 401
 switchport mode access
 switchport voice vlan 501
 srr-queue bandwidth share 1 30 35 5
 priority-queue out 
 mls qos trust device cisco-phone
 mls qos trust cos
 spanning-tree portfast
 service-policy input AUTOQOS-SRND4-CISCOPHONE-POLICY
 ip dhcp snooping limit rate 20
!
interface FastEthernet1/0/16
 switchport access vlan 401
 switchport mode access
 switchport voice vlan 501
 srr-queue bandwidth share 1 30 35 5
 priority-queue out 
 mls qos trust device cisco-phone
 mls qos trust cos
 spanning-tree portfast
 service-policy input AUTOQOS-SRND4-CISCOPHONE-POLICY
 ip dhcp snooping limit rate 20
!
interface FastEthernet1/0/17
 switchport access vlan 401
 switchport mode access
 switchport voice vlan 501
 srr-queue bandwidth share 1 30 35 5
 priority-queue out 
 mls qos trust device cisco-phone
 mls qos trust cos
 spanning-tree portfast
 service-policy input AUTOQOS-SRND4-CISCOPHONE-POLICY
 ip dhcp snooping limit rate 20
!
interface FastEthernet1/0/18
 switchport access vlan 401
 switchport mode access
 switchport voice vlan 501
 srr-queue bandwidth share 1 30 35 5
 priority-queue out 
 mls qos trust device cisco-phone
 mls qos trust cos
 spanning-tree portfast
 service-policy input AUTOQOS-SRND4-CISCOPHONE-POLICY
 ip dhcp snooping limit rate 20
!
interface FastEthernet1/0/19
 switchport access vlan 401
 switchport mode access
 switchport voice vlan 501
 srr-queue bandwidth share 1 30 35 5
 priority-queue out 
 mls qos trust device cisco-phone
 mls qos trust cos
 spanning-tree portfast
 service-policy input AUTOQOS-SRND4-CISCOPHONE-POLICY
 ip dhcp snooping limit rate 20
!
interface FastEthernet1/0/20
 switchport access vlan 401
 switchport mode access
 switchport voice vlan 501
 srr-queue bandwidth share 1 30 35 5
 priority-queue out 
 mls qos trust device cisco-phone
 mls qos trust cos
 spanning-tree portfast
 service-policy input AUTOQOS-SRND4-CISCOPHONE-POLICY
 ip dhcp snooping limit rate 20
!
interface FastEthernet1/0/21
 switchport access vlan 401
 switchport mode access
 switchport voice vlan 501
 srr-queue bandwidth share 1 30 35 5
 priority-queue out 
 mls qos trust device cisco-phone
 mls qos trust cos
 spanning-tree portfast
 service-policy input AUTOQOS-SRND4-CISCOPHONE-POLICY
 ip dhcp snooping limit rate 20
!
interface FastEthernet1/0/22
 switchport access vlan 401
 switchport mode access
 switchport voice vlan 501
 srr-queue bandwidth share 1 30 35 5
 priority-queue out 
 mls qos trust device cisco-phone
 mls qos trust cos
 spanning-tree portfast
 service-policy input AUTOQOS-SRND4-CISCOPHONE-POLICY
 ip dhcp snooping limit rate 20
!
interface FastEthernet1/0/23
 switchport access vlan 401
 switchport mode access
 switchport voice vlan 501
 srr-queue bandwidth share 1 30 35 5
 priority-queue out 
 mls qos trust device cisco-phone
 mls qos trust cos
 spanning-tree portfast
 service-policy input AUTOQOS-SRND4-CISCOPHONE-POLICY
 ip dhcp snooping limit rate 20
!
interface FastEthernet1/0/24
 switchport access vlan 401
 switchport mode access
 switchport voice vlan 501
 srr-queue bandwidth share 1 30 35 5
 priority-queue out 
 mls qos trust device cisco-phone
 mls qos trust cos
 spanning-tree portfast
 service-policy input AUTOQOS-SRND4-CISCOPHONE-POLICY
 ip dhcp snooping limit rate 20
!
interface FastEthernet1/0/25
 switchport access vlan 401
 switchport mode access
 switchport voice vlan 501
 srr-queue bandwidth share 1 30 35 5
 priority-queue out 
 mls qos trust device cisco-phone
 mls qos trust cos
 spanning-tree portfast
 service-policy input AUTOQOS-SRND4-CISCOPHONE-POLICY
 ip dhcp snooping limit rate 20
!
interface FastEthernet1/0/26
 switchport access vlan 401
 switchport mode access
 switchport voice vlan 501
 srr-queue bandwidth share 1 30 35 5
 priority-queue out 
 mls qos trust device cisco-phone
 mls qos trust cos
 spanning-tree portfast
 service-policy input AUTOQOS-SRND4-CISCOPHONE-POLICY
 ip dhcp snooping limit rate 20
!
interface FastEthernet1/0/27
 switchport access vlan 401
 switchport mode access
 switchport voice vlan 501
 srr-queue bandwidth share 1 30 35 5
 priority-queue out 
 mls qos trust device cisco-phone
 mls qos trust cos
 spanning-tree portfast
 service-policy input AUTOQOS-SRND4-CISCOPHONE-POLICY
 ip dhcp snooping limit rate 20
!
interface FastEthernet1/0/28
 switchport access vlan 401
 switchport mode access
 switchport voice vlan 501
 srr-queue bandwidth share 1 30 35 5
 priority-queue out 
 mls qos trust device cisco-phone
 mls qos trust cos
 spanning-tree portfast
 service-policy input AUTOQOS-SRND4-CISCOPHONE-POLICY
 ip dhcp snooping limit rate 20
!
interface FastEthernet1/0/29
 switchport access vlan 401
 switchport mode access
 switchport voice vlan 501
 srr-queue bandwidth share 1 30 35 5
 priority-queue out 
 mls qos trust device cisco-phone
 mls qos trust cos
 spanning-tree portfast
 service-policy input AUTOQOS-SRND4-CISCOPHONE-POLICY
 ip dhcp snooping limit rate 20
!
interface FastEthernet1/0/30
 switchport access vlan 401
 switchport mode access
 switchport voice vlan 501
 srr-queue bandwidth share 1 30 35 5
 priority-queue out 
 mls qos trust device cisco-phone
 mls qos trust cos
 spanning-tree portfast
 service-policy input AUTOQOS-SRND4-CISCOPHONE-POLICY
 ip dhcp snooping limit rate 20
!
interface FastEthernet1/0/31
 switchport access vlan 401
 switchport mode access
 switchport voice vlan 501
 srr-queue bandwidth share 1 30 35 5
 priority-queue out 
 mls qos trust device cisco-phone
 mls qos trust cos
 spanning-tree portfast
 service-policy input AUTOQOS-SRND4-CISCOPHONE-POLICY
 ip dhcp snooping limit rate 20
!
interface FastEthernet1/0/32
 switchport access vlan 401
 switchport mode access
 switchport voice vlan 501
 srr-queue bandwidth share 1 30 35 5
 priority-queue out 
 mls qos trust device cisco-phone
 mls qos trust cos
 spanning-tree portfast
 service-policy input AUTOQOS-SRND4-CISCOPHONE-POLICY
 ip dhcp snooping limit rate 20
!
interface FastEthernet1/0/33
 switchport access vlan 401
 switchport mode access
 switchport voice vlan 501
 srr-queue bandwidth share 1 30 35 5
 priority-queue out 
 mls qos trust device cisco-phone
 mls qos trust cos
 spanning-tree portfast
 service-policy input AUTOQOS-SRND4-CISCOPHONE-POLICY
 ip dhcp snooping limit rate 20
!
interface FastEthernet1/0/34
 switchport access vlan 401
 switchport mode access
 switchport voice vlan 501
 srr-queue bandwidth share 1 30 35 5
 priority-queue out 
 mls qos trust device cisco-phone
 mls qos trust cos
 spanning-tree portfast
 service-policy input AUTOQOS-SRND4-CISCOPHONE-POLICY
 ip dhcp snooping limit rate 20
!
interface FastEthernet1/0/35
 switchport access vlan 401
 switchport mode access
 switchport voice vlan 501
 srr-queue bandwidth share 1 30 35 5
 priority-queue out 
 mls qos trust device cisco-phone
 mls qos trust cos
 spanning-tree portfast
 service-policy input AUTOQOS-SRND4-CISCOPHONE-POLICY
 ip dhcp snooping limit rate 20
!
interface FastEthernet1/0/36
 switchport access vlan 401
 switchport mode access
 switchport voice vlan 501
 srr-queue bandwidth share 1 30 35 5
 priority-queue out 
 mls qos trust device cisco-phone
 mls qos trust cos
 spanning-tree portfast
 service-policy input AUTOQOS-SRND4-CISCOPHONE-POLICY
 ip dhcp snooping limit rate 20
!
interface FastEthernet1/0/37
 switchport access vlan 401
 switchport mode access
 switchport voice vlan 501
 srr-queue bandwidth share 1 30 35 5
 priority-queue out 
 mls qos trust device cisco-phone
 mls qos trust cos
 spanning-tree portfast
 service-policy input AUTOQOS-SRND4-CISCOPHONE-POLICY
 ip dhcp snooping limit rate 20
!
interface FastEthernet1/0/38
 switchport access vlan 401
 switchport mode access
 switchport voice vlan 501
 srr-queue bandwidth share 1 30 35 5
 priority-queue out 
 mls qos trust device cisco-phone
 mls qos trust cos
 spanning-tree portfast
 service-policy input AUTOQOS-SRND4-CISCOPHONE-POLICY
 ip dhcp snooping limit rate 20
!
interface FastEthernet1/0/39
 switchport access vlan 401
 switchport mode access
 switchport voice vlan 501
 srr-queue bandwidth share 1 30 35 5
 priority-queue out 
 mls qos trust device cisco-phone
 mls qos trust cos
 spanning-tree portfast
 service-policy input AUTOQOS-SRND4-CISCOPHONE-POLICY
 ip dhcp snooping limit rate 20
!
interface FastEthernet1/0/40
 switchport access vlan 401
 switchport mode access
 switchport voice vlan 501
 srr-queue bandwidth share 1 30 35 5
 priority-queue out 
 mls qos trust device cisco-phone
 mls qos trust cos
 spanning-tree portfast
 service-policy input AUTOQOS-SRND4-CISCOPHONE-POLICY
 ip dhcp snooping limit rate 20
!
interface FastEthernet1/0/41
 switchport access vlan 401
 switchport mode access
 switchport voice vlan 501
 srr-queue bandwidth share 1 30 35 5
 priority-queue out 
 mls qos trust device cisco-phone
 mls qos trust cos
 spanning-tree portfast
 service-policy input AUTOQOS-SRND4-CISCOPHONE-POLICY
 ip dhcp snooping limit rate 20
!
interface FastEthernet1/0/42
 switchport access vlan 401
 switchport mode access
 switchport voice vlan 501
 srr-queue bandwidth share 1 30 35 5
 priority-queue out 
 mls qos trust device cisco-phone
 mls qos trust cos
 spanning-tree portfast
 service-policy input AUTOQOS-SRND4-CISCOPHONE-POLICY
 ip dhcp snooping limit rate 20
!
interface FastEthernet1/0/43
 switchport access vlan 401
 switchport mode access
 switchport voice vlan 501
 srr-queue bandwidth share 1 30 35 5
 priority-queue out 
 mls qos trust device cisco-phone
 mls qos trust cos
 spanning-tree portfast
 service-policy input AUTOQOS-SRND4-CISCOPHONE-POLICY
 ip dhcp snooping limit rate 20
!
interface FastEthernet1/0/44
 description trainingap AP1252
 switchport trunk encapsulation dot1q
 switchport trunk native vlan 800
 switchport trunk allowed vlan 800,801
 switchport mode trunk
 no mdix auto
!
interface FastEthernet1/0/45
 description STEELHEAD_PRIMARY
 switchport access vlan 399
 spanning-tree portfast
!
interface FastEthernet1/0/46
 description Cardex access
 switchport access vlan 480
 switchport mode access
 spanning-tree portfast
 spanning-tree bpduguard enable
!
interface FastEthernet1/0/47
 description security
 switchport access vlan 902
 switchport mode access
 no logging event link-status
 power inline never
 no snmp trap link-status
 no mdix auto
 spanning-tree portfast
 spanning-tree bpduguard enable
!
interface FastEthernet1/0/48
 description juren-01-ups1
 switchport access vlan 901
 spanning-tree portfast
!
interface GigabitEthernet1/0/1
 description juren-01-r1
 no switchport
 ip address 10.84.242.2 255.255.255.248
 ip pim sparse-mode
 ip summary-address eigrp 84 10.84.0.0 255.255.0.0
 ip summary-address eigrp 84 10.84.0.0 255.255.128.0
 ip summary-address eigrp 84 10.84.128.0 255.255.128.0
 srr-queue bandwidth share 1 30 35 5
 priority-queue out 
 mls qos trust cos
 auto qos trust 
!
interface GigabitEthernet1/0/2
 description juren-02-sw1 (on EC Po1)
 no switchport
 no ip address
 srr-queue bandwidth share 1 30 35 5
 priority-queue out 
 mls qos trust cos
 auto qos trust 
 channel-group 1 mode desirable
!
interface GigabitEthernet1/0/3
 description juren-02-sw1 (on EC Po1)
 no switchport
 no ip address
 srr-queue bandwidth share 1 30 35 5
 priority-queue out 
 mls qos trust cos
 auto qos trust 
 channel-group 1 mode desirable
!
interface GigabitEthernet1/0/4
 ip dhcp snooping limit rate 20
!
interface Vlan1
 no ip address
!
interface Vlan399
 description STEELHEAD_MANAGEMENT
 ip address 10.84.241.1 255.255.255.248
!
interface Vlan401
 description T1 data
 ip address 10.84.64.1 255.255.255.0
 ip helper-address 10.19.7.43
 ip helper-address 10.19.0.66
 ip helper-address 10.21.0.66
 ip helper-address 10.19.1.18
 ip directed-broadcast 5
!
interface Vlan480
 description SECURITY
 ip address 10.84.224.1 255.255.255.0
!
interface Vlan501
 description T1 voice
 ip address 10.84.128.1 255.255.255.0
 ip helper-address 10.19.0.66
 ip helper-address 10.21.0.66
!
interface Vlan800
 description juren-wlan-ap-management
 ip address 10.84.246.1 255.255.255.224
 ip helper-address 10.19.0.66
 ip helper-address 10.21.0.66
!
interface Vlan901
 description Ancilliary Device Management
 ip address 10.84.254.1 255.255.255.0
!
interface Vlan902
 description Physical Security
 ip address 10.84.202.1 255.255.255.224
!
!
router eigrp 84
 network 10.0.0.0
 passive-interface default
 no passive-interface GigabitEthernet1/0/1
 no passive-interface Port-channel1
 no passive-interface GigabitEthernet1/0/2
 no passive-interface GigabitEthernet1/0/3
 eigrp router-id 10.84.240.5
!
no ip http server
no ip http secure-server
!
!
ip pim rp-address 10.84.240.24
!
ip access-list standard APIC_EM
 remark --- APIC-EM Appliance ---
 permit 10.25.253.10
 deny   any
ip access-list standard NSG_TELNET_SSH
 permit 146.195.81.24
 remark --- Nimsoft/CatTools Server Natted IP ---
 permit 146.195.81.25
 remark --- Nimsoft/CatTools Server ---
 permit 10.19.7.62
 remark --- HO Jumphost ---
 permit 172.30.0.10
 remark --- APIC EM - Controller ---
 permit 10.25.253.10
 permit 10.19.12.234
 remark --- Twister - OLD and NEW IP ---
 permit 146.195.135.0 0.0.0.127
 remark --- IT Subnet on Lvl2E ---
 permit 10.19.60.0 0.0.0.255
 remark --- SEAL WAN Subnet ---
 permit 10.250.250.0 0.0.0.255
 remark --- GWIP HO WAN Subnet ---
 permit 10.19.250.0 0.0.0.7
 remark --- Management Loopback subnet ---
 permit 10.0.240.0 0.255.0.255
 remark --- Empired Management Subnet ---
 permit 172.30.160.0 0.0.0.15
 remark --- Deny Anything Else ---
 deny   any log
ip access-list standard RO_SNMP
 remark --- Solarwinds Syslog Server ---
 permit 10.19.7.46
 remark --- Empired Management Subnet ---
 permit 172.30.160.0 0.0.0.255
 remark --- IT Subnet on Lvl2E ---
 permit 10.19.60.0 0.0.0.255
 deny   any
ip access-list standard RW_SNMP
 remark ---allow NNMi---
 permit 172.30.160.10
 deny   any
!
ip access-list extended AUTOQOS-ACL-DEFAULT
 permit ip any any
!
ip radius source-interface Loopback1 
logging trap debugging
logging source-interface Loopback1
logging host 10.19.7.46
logging host 172.30.160.10
logging host 172.30.161.10
access-list 5 permit 10.19.1.17 log
access-list 5 remark CSC Zetta - Allow Remote wakeup PC's
access-list 5 permit 10.19.7.49 log
access-list 5 permit 10.19.1.138 log
access-list 5 permit 10.19.1.134 log
!
snmp-server community eb6cIzuB RO RO_SNMP
snmp-server community Sp7ZyvwQ RW RW_SNMP
snmp-server community fc7cJzuC RO APIC_EM
snmp-server community gd8cKzuD RW APIC_EM
snmp-server location JUREN T1
snmp-server contact Western Power IT Network
snmp ifmib ifindex persist
radius-server host 10.19.1.113
radius-server host 10.21.0.24
radius-server key 7 0727055E42222A0F010A21271C233E0E013E1D0B032620282D43570E76661F120B3D6969430253615D1B632F0D5341131C5513703E003E25611C08205243205C15
radius-server load-balance method least-outstanding
!
!
!
banner exec ^CCC
 ********************************************************************
 * You are now logged into: WP                                      *
 * All activity is being logged for review by System Administrators *
 ********************************************************************
^C
banner login ^CCC
 ********************************************************************
 * [WARNING]                                                        *
 *                                                                  *
 * This system belongs to a private organisation. If you are not    *
 * authorised to access this system, exit immediately.              *
 * Unauthorised access to this system is forbidden by company       *
 * policies, national, and international laws.                      *
 * Unauthorised users are subject to criminal and civil penalties   *
 * as well as company initiated disciplinary proceedings.           *
 * By entry into this system you acknowledge that you are           *
 * authorised access and the level of privilege you subsequently    *
 * execute on this system. You further acknowledge that by entry    *
 * into this system you expect no privacy from monitoring.          *
 *                                                                  *
 *        ALL ACCESS TO THIS SYSTEM IS MONITORED AND LOGGED         *
 *                                                                  *
 ********************************************************************
^C
!
line con 0
 logging synchronous
line vty 0 4
 access-class NSG_TELNET_SSH in
 exec-timeout 15 0
 logging synchronous
 length 0
 transport input ssh
line vty 5 15
 access-class NSG_TELNET_SSH in
 exec-timeout 15 0
 logging synchronous
 transport input ssh
!
ntp server 146.195.128.175
end

JUREN-01-SW1#Show ver
Cisco IOS Software, C3750 Software (C3750-IPSERVICESK9-M), Version 15.0(2)SE10, RELEASE SOFTWARE (fc2)
Technical Support: http://www.cisco.com/techsupport
Copyright (c) 1986-2016 by Cisco Systems, Inc.
Compiled Mon 18-Jul-16 02:11 by prod_rel_team

ROM: Bootstrap program is C3750 boot loader
BOOTLDR: C3750 Boot Loader (C3750-HBOOT-M) Version 12.2(53r)SEY4, RELEASE SOFTWARE (fc1)

JUREN-01-SW1 uptime is 3 weeks, 1 day, 19 hours, 26 minutes
System returned to ROM by power-on
System restarted at 15:48:21 WST Wed Nov 29 2017
System image file is "flash:c3750-ipservicesk9-mz.150-2.SE10.bin"


This product contains cryptographic features and is subject to United
States and local country laws governing import, export, transfer and
use. Delivery of Cisco cryptographic products does not imply
third-party authority to import, export, distribute or use encryption.
Importers, exporters, distributors and users are responsible for
compliance with U.S. and local country laws. By using this product you
agree to comply with applicable laws and regulations. If you are unable
to comply with U.S. and local laws, return this product immediately.

A summary of U.S. laws governing Cisco cryptographic products may be found at:
http://www.cisco.com/wwl/export/crypto/tool/stqrg.html

If you require further assistance please contact us by sending email to
export@cisco.com.

cisco WS-C3750V2-48PS (PowerPC405) processor (revision S0) with 131072K bytes of memory.
Processor board ID FDO1732Y0AC
Last reset from power-on
8 Virtual Ethernet interfaces
48 FastEthernet interfaces
4 Gigabit Ethernet interfaces
The password-recovery mechanism is enabled.

512K bytes of flash-simulated non-volatile configuration memory.
Base ethernet MAC Address       : 50:17:FF:65:A4:80
Motherboard assembly number     : 73-12628-01
Power supply part number        : 341-0266-03
Motherboard serial number       : FDO173115X4
Power supply serial number      : LIT172704CG
Model revision number           : S0
Motherboard revision number     : F0
Model number                    : WS-C3750V2-48PS-S
System serial number            : FDO1732Y0AC
Top Assembly Part Number        : 800-33160-03
Top Assembly Revision Number    : B0
Version ID                      : V09
CLEI Code Number                : CMMEC00BRB
Hardware Board Revision Number  : 0x02


Switch Ports Model              SW Version            SW Image                 
------ ----- -----              ----------            ----------               
*    1 52    WS-C3750V2-48PS    15.0(2)SE10           C3750-IPSERVICESK9-M     


Configuration register is 0xF

JUREN-01-SW1#Show ip route
Codes: L - local, C - connected, S - static, R - RIP, M - mobile, B - BGP
       D - EIGRP, EX - EIGRP external, O - OSPF, IA - OSPF inter area 
       N1 - OSPF NSSA external type 1, N2 - OSPF NSSA external type 2
       E1 - OSPF external type 1, E2 - OSPF external type 2
       i - IS-IS, su - IS-IS summary, L1 - IS-IS level-1, L2 - IS-IS level-2
       ia - IS-IS inter area, * - candidate default, U - per-user static route
       o - ODR, P - periodic downloaded static route, H - NHRP, l - LISP
       + - replicated route, % - next hop override

Gateway of last resort is 10.84.242.1 to network 0.0.0.0

D*EX  0.0.0.0/0 [170/2562816] via 10.84.242.1, 1d14h, GigabitEthernet1/0/1
      10.0.0.0/8 is variably subnetted, 153 subnets, 9 masks
D EX     10.18.250.0/29 
           [170/25602816] via 10.84.242.1, 1d14h, GigabitEthernet1/0/1
D EX     10.19.0.0/16 
           [170/2562816] via 10.84.242.1, 1d14h, GigabitEthernet1/0/1
D EX     10.19.240.1/32 
           [170/2562816] via 10.84.242.1, 1d14h, GigabitEthernet1/0/1
D EX     10.19.250.0/29 
           [170/25602816] via 10.84.242.1, 1d14h, GigabitEthernet1/0/1
D EX     10.21.240.1/32 
           [170/5122816] via 10.84.242.1, 1d14h, GigabitEthernet1/0/1
D EX     10.21.250.0/29 
           [170/25602816] via 10.84.242.1, 1d14h, GigabitEthernet1/0/1
D EX     10.25.243.136/30 
           [170/25602816] via 10.84.242.1, 1d14h, GigabitEthernet1/0/1
D EX     10.25.252.0/28 
           [170/25602816] via 10.84.242.1, 1d14h, GigabitEthernet1/0/1
D EX     10.65.0.0/16 
           [170/25602816] via 10.84.242.1, 1d14h, GigabitEthernet1/0/1
D EX     10.65.243.136/30 
           [170/2562816] via 10.84.242.1, 1d14h, GigabitEthernet1/0/1
D EX     10.65.250.0/29 
           [170/25602816] via 10.84.242.1, 1d14h, GigabitEthernet1/0/1
D EX     10.65.252.0/28 
           [170/2562816] via 10.84.242.1, 1d14h, GigabitEthernet1/0/1
D EX     10.66.0.0/16 
           [170/25602816] via 10.84.242.1, 1d14h, GigabitEthernet1/0/1
D EX     10.66.0.0/17 
           [170/25602816] via 10.84.242.1, 1d14h, GigabitEthernet1/0/1
D EX     10.66.128.0/17 
           [170/25602816] via 10.84.242.1, 1d14h, GigabitEthernet1/0/1
D EX     10.66.240.1/32 
           [170/25602816] via 10.84.242.1, 1d14h, GigabitEthernet1/0/1
D EX     10.66.250.0/29 
           [170/25602816] via 10.84.242.1, 1d14h, GigabitEthernet1/0/1
D EX     10.67.0.0/16 
           [170/25602816] via 10.84.242.1, 1d14h, GigabitEthernet1/0/1
D EX     10.67.240.1/32 
           [170/25602816] via 10.84.242.1, 1d14h, GigabitEthernet1/0/1
D EX     10.67.250.0/29 
           [170/25602816] via 10.84.242.1, 1d14h, GigabitEthernet1/0/1
D EX     10.68.0.0/16 
           [170/25602816] via 10.84.242.1, 1d14h, GigabitEthernet1/0/1
D EX     10.68.240.1/32 
           [170/25602816] via 10.84.242.1, 1d14h, GigabitEthernet1/0/1
D EX     10.68.250.0/29 
           [170/25602816] via 10.84.242.1, 1d14h, GigabitEthernet1/0/1
D EX     10.69.0.0/16 
           [170/25602816] via 10.84.242.1, 1d14h, GigabitEthernet1/0/1
D EX     10.69.240.1/32 
           [170/25602816] via 10.84.242.1, 1d14h, GigabitEthernet1/0/1
D EX     10.69.250.0/29 
           [170/25602816] via 10.84.242.1, 1d14h, GigabitEthernet1/0/1
D EX     10.70.0.0/16 
           [170/25602816] via 10.84.242.1, 00:12:38, GigabitEthernet1/0/1
D EX     10.70.0.0/17 
           [170/25602816] via 10.84.242.1, 1d14h, GigabitEthernet1/0/1
D EX     10.70.128.0/17 
           [170/25602816] via 10.84.242.1, 1d14h, GigabitEthernet1/0/1
D EX     10.70.240.1/32 
           [170/25602816] via 10.84.242.1, 1d14h, GigabitEthernet1/0/1
D EX     10.70.250.0/29 
           [170/25602816] via 10.84.242.1, 1d14h, GigabitEthernet1/0/1
D EX     10.71.0.0/16 
           [170/25602816] via 10.84.242.1, 1d14h, GigabitEthernet1/0/1
D EX     10.71.240.1/32 
           [170/25602816] via 10.84.242.1, 1d14h, GigabitEthernet1/0/1
D EX     10.71.250.0/29 
           [170/25602816] via 10.84.242.1, 1d14h, GigabitEthernet1/0/1
D EX     10.72.0.0/16 
           [170/25602816] via 10.84.242.1, 00:51:38, GigabitEthernet1/0/1
D EX     10.72.0.0/17 
           [170/25602816] via 10.84.242.1, 1d14h, GigabitEthernet1/0/1
D EX     10.72.128.0/17 
           [170/25602816] via 10.84.242.1, 1d14h, GigabitEthernet1/0/1
D EX     10.72.240.1/32 
           [170/25602816] via 10.84.242.1, 1d14h, GigabitEthernet1/0/1
D EX     10.72.250.0/29 
           [170/25602816] via 10.84.242.1, 1d14h, GigabitEthernet1/0/1
D EX     10.73.0.0/16 
           [170/25602816] via 10.84.242.1, 1d14h, GigabitEthernet1/0/1
D EX     10.73.240.1/32 
           [170/25602816] via 10.84.242.1, 1d14h, GigabitEthernet1/0/1
D EX     10.73.250.0/29 
           [170/25602816] via 10.84.242.1, 1d14h, GigabitEthernet1/0/1
D EX     10.74.250.0/29 
           [170/25602816] via 10.84.242.1, 1d14h, GigabitEthernet1/0/1
D EX     10.75.0.0/16 
           [170/25602816] via 10.84.242.1, 1d14h, GigabitEthernet1/0/1
D EX     10.75.240.1/32 
           [170/25602816] via 10.84.242.1, 1d14h, GigabitEthernet1/0/1
D EX     10.75.250.0/29 
           [170/25602816] via 10.84.242.1, 1d14h, GigabitEthernet1/0/1
D EX     10.76.0.0/16 
           [170/25602816] via 10.84.242.1, 00:13:22, GigabitEthernet1/0/1
D EX     10.76.0.0/17 
           [170/25602816] via 10.84.242.1, 1d14h, GigabitEthernet1/0/1
D EX     10.76.128.0/17 
           [170/25602816] via 10.84.242.1, 1d14h, GigabitEthernet1/0/1
D EX     10.76.240.1/32 
           [170/25602816] via 10.84.242.1, 1d14h, GigabitEthernet1/0/1
D EX     10.76.250.0/29 
           [170/25602816] via 10.84.242.1, 1d14h, GigabitEthernet1/0/1
D EX     10.77.0.0/16 
           [170/25602816] via 10.84.242.1, 01:19:18, GigabitEthernet1/0/1
D EX     10.77.0.0/17 
           [170/25602816] via 10.84.242.1, 1d14h, GigabitEthernet1/0/1
D EX     10.77.128.0/17 
           [170/25602816] via 10.84.242.1, 1d14h, GigabitEthernet1/0/1
D EX     10.77.250.0/30 
           [170/25602816] via 10.84.242.1, 1d14h, GigabitEthernet1/0/1
D EX     10.78.0.0/16 
           [170/25602816] via 10.84.242.1, 1d14h, GigabitEthernet1/0/1
D EX     10.78.240.1/32 
           [170/25602816] via 10.84.242.1, 1d14h, GigabitEthernet1/0/1
D EX     10.78.250.0/29 
           [170/25602816] via 10.84.242.1, 1d14h, GigabitEthernet1/0/1
D EX     10.79.0.0/16 
           [170/25602816] via 10.84.242.1, 1d14h, GigabitEthernet1/0/1
D EX     10.79.240.1/32 
           [170/25602816] via 10.84.242.1, 1d14h, GigabitEthernet1/0/1
D EX     10.79.250.0/30 
           [170/25602816] via 10.84.242.1, 1d14h, GigabitEthernet1/0/1
D EX     10.80.0.0/16 
           [170/25602816] via 10.84.242.1, 00:22:13, GigabitEthernet1/0/1
D EX     10.80.0.0/17 
           [170/25602816] via 10.84.242.1, 1d14h, GigabitEthernet1/0/1
D EX     10.80.128.0/17 
           [170/25602816] via 10.84.242.1, 1d14h, GigabitEthernet1/0/1
D EX     10.80.240.1/32 
           [170/25602816] via 10.84.242.1, 1d14h, GigabitEthernet1/0/1
D EX     10.80.250.0/30 
           [170/25602816] via 10.84.242.1, 1d14h, GigabitEthernet1/0/1
D EX     10.81.0.0/16 
           [170/25602816] via 10.84.242.1, 00:52:03, GigabitEthernet1/0/1
D EX     10.81.0.0/17 
           [170/25602816] via 10.84.242.1, 1d14h, GigabitEthernet1/0/1
D EX     10.81.128.0/17 
           [170/25602816] via 10.84.242.1, 1d14h, GigabitEthernet1/0/1
D EX     10.81.240.1/32 
           [170/25602816] via 10.84.242.1, 1d14h, GigabitEthernet1/0/1
D EX     10.81.250.0/30 
           [170/25602816] via 10.84.242.1, 1d14h, GigabitEthernet1/0/1
D        10.84.0.0/16 is a summary, 1d14h, Null0
D        10.84.0.0/17 is a summary, 1d14h, Null0
C        10.84.64.0/24 is directly connected, Vlan401
L        10.84.64.1/32 is directly connected, Vlan401
D        10.84.65.0/24 [90/3072] via 10.84.242.14, 6d16h, Port-channel1
D        10.84.128.0/17 is a summary, 1d14h, Null0
C        10.84.128.0/24 is directly connected, Vlan501
L        10.84.128.1/32 is directly connected, Vlan501
D        10.84.129.0/24 [90/3072] via 10.84.242.14, 6d16h, Port-channel1
C        10.84.224.0/24 is directly connected, Vlan480
L        10.84.224.1/32 is directly connected, Vlan480
D        10.84.240.1/32 
           [90/130816] via 10.84.242.1, 1d14h, GigabitEthernet1/0/1
C        10.84.240.5/32 is directly connected, Loopback1
D        10.84.240.10/32 [90/129536] via 10.84.242.14, 3w1d, Port-channel1
C        10.84.240.24/32 is directly connected, Loopback161
C        10.84.241.0/29 is directly connected, Vlan399
L        10.84.241.1/32 is directly connected, Vlan399
C        10.84.242.0/29 is directly connected, GigabitEthernet1/0/1
L        10.84.242.2/32 is directly connected, GigabitEthernet1/0/1
C        10.84.242.12/30 is directly connected, Port-channel1
L        10.84.242.13/32 is directly connected, Port-channel1
C        10.84.246.0/27 is directly connected, Vlan800
L        10.84.246.1/32 is directly connected, Vlan800
D        10.84.250.0/30 
           [90/665856] via 10.84.242.1, 1d14h, GigabitEthernet1/0/1
C        10.84.254.0/24 is directly connected, Vlan901
L        10.84.254.1/32 is directly connected, Vlan901
D EX     10.85.0.0/16 
           [170/25602816] via 10.84.242.1, 00:19:48, GigabitEthernet1/0/1
D EX     10.85.0.0/17 
           [170/25602816] via 10.84.242.1, 1d14h, GigabitEthernet1/0/1
D EX     10.85.128.0/17 
           [170/25602816] via 10.84.242.1, 1d14h, GigabitEthernet1/0/1
D EX     10.85.240.1/32 
           [170/25602816] via 10.84.242.1, 1d14h, GigabitEthernet1/0/1
D EX     10.85.250.0/30 
           [170/25602816] via 10.84.242.1, 1d14h, GigabitEthernet1/0/1
D EX     10.86.0.0/16 
           [170/25602816] via 10.84.242.1, 1d14h, GigabitEthernet1/0/1
D EX     10.86.64.16/30 
           [170/25602816] via 10.84.242.1, 1d14h, GigabitEthernet1/0/1
D EX     10.86.64.20/30 
           [170/25602816] via 10.84.242.1, 1d14h, GigabitEthernet1/0/1
D EX     10.86.65.16/30 
           [170/25602816] via 10.84.242.1, 1d14h, GigabitEthernet1/0/1
D EX     10.86.65.20/30 
           [170/25602816] via 10.84.242.1, 1d14h, GigabitEthernet1/0/1
D EX     10.86.240.1/32 
           [170/25602816] via 10.84.242.1, 1d14h, GigabitEthernet1/0/1
D EX     10.87.0.0/16 
           [170/25602816] via 10.84.242.1, 00:25:44, GigabitEthernet1/0/1
D EX     10.87.0.0/17 
           [170/25602816] via 10.84.242.1, 1d14h, GigabitEthernet1/0/1
D EX     10.87.128.0/17 
           [170/25602816] via 10.84.242.1, 1d14h, GigabitEthernet1/0/1
D EX     10.87.240.1/32 
           [170/25602816] via 10.84.242.1, 1d14h, GigabitEthernet1/0/1
D EX     10.87.250.0/30 
           [170/25602816] via 10.84.242.1, 1d14h, GigabitEthernet1/0/1
D EX     10.88.0.0/16 
           [170/25602816] via 10.84.242.1, 21:19:25, GigabitEthernet1/0/1
D EX     10.88.0.0/17 
           [170/25602816] via 10.84.242.1, 1d14h, GigabitEthernet1/0/1
D EX     10.88.128.0/17 
           [170/25602816] via 10.84.242.1, 1d14h, GigabitEthernet1/0/1
D EX     10.88.240.1/32 
           [170/25602816] via 10.84.242.1, 1d14h, GigabitEthernet1/0/1
D EX     10.88.250.0/30 
           [170/25602816] via 10.84.242.1, 1d14h, GigabitEthernet1/0/1
D EX     10.89.0.0/16 
           [170/25602816] via 10.84.242.1, 00:22:49, GigabitEthernet1/0/1
D EX     10.89.0.0/17 
           [170/25602816] via 10.84.242.1, 1d14h, GigabitEthernet1/0/1
D EX     10.89.128.0/17 
           [170/25602816] via 10.84.242.1, 1d14h, GigabitEthernet1/0/1
D EX     10.89.240.1/32 
           [170/25602816] via 10.84.242.1, 1d14h, GigabitEthernet1/0/1
D EX     10.89.250.0/30 
           [170/25602816] via 10.84.242.1, 1d14h, GigabitEthernet1/0/1
D EX     10.90.0.0/16 
           [170/25602816] via 10.84.242.1, 00:21:29, GigabitEthernet1/0/1
D EX     10.90.0.0/17 
           [170/25602816] via 10.84.242.1, 1d14h, GigabitEthernet1/0/1
D EX     10.90.128.0/17 
           [170/25602816] via 10.84.242.1, 1d14h, GigabitEthernet1/0/1
D EX     10.90.240.1/32 
           [170/25602816] via 10.84.242.1, 1d14h, GigabitEthernet1/0/1
D EX     10.90.250.0/30 
           [170/25602816] via 10.84.242.1, 1d14h, GigabitEthernet1/0/1
D EX     10.91.0.0/16 
           [170/25602816] via 10.84.242.1, 1d14h, GigabitEthernet1/0/1
D EX     10.91.240.1/32 
           [170/25602816] via 10.84.242.1, 1d14h, GigabitEthernet1/0/1
D EX     10.91.250.0/30 
           [170/25602816] via 10.84.242.1, 1d14h, GigabitEthernet1/0/1
D EX     10.92.0.0/17 
           [170/25602816] via 10.84.242.1, 1d14h, GigabitEthernet1/0/1
D EX     10.92.128.0/17 
           [170/25602816] via 10.84.242.1, 1d14h, GigabitEthernet1/0/1
D EX     10.92.240.1/32 
           [170/25602816] via 10.84.242.1, 1d14h, GigabitEthernet1/0/1
D EX     10.92.250.0/30 
           [170/25602816] via 10.84.242.1, 1d14h, GigabitEthernet1/0/1
D EX     10.93.0.0/17 
           [170/25602816] via 10.84.242.1, 1d14h, GigabitEthernet1/0/1
D EX     10.93.128.0/17 
           [170/25602816] via 10.84.242.1, 1d14h, GigabitEthernet1/0/1
D EX     10.93.240.1/32 
           [170/25602816] via 10.84.242.1, 1d14h, GigabitEthernet1/0/1
D EX     10.93.250.0/30 
           [170/25602816] via 10.84.242.1, 1d14h, GigabitEthernet1/0/1
D EX     10.97.0.0/16 
           [170/25602816] via 10.84.242.1, 1d14h, GigabitEthernet1/0/1
D EX     10.97.250.0/29 
           [170/25602816] via 10.84.242.1, 1d14h, GigabitEthernet1/0/1
D EX     10.98.0.0/16 
           [170/25602816] via 10.84.242.1, 00:51:24, GigabitEthernet1/0/1
D EX     10.98.0.0/17 
           [170/25602816] via 10.84.242.1, 1d14h, GigabitEthernet1/0/1
D EX     10.98.128.0/17 
           [170/25602816] via 10.84.242.1, 1d14h, GigabitEthernet1/0/1
D EX     10.98.250.0/29 
           [170/25602816] via 10.84.242.1, 1d14h, GigabitEthernet1/0/1
D EX     10.107.250.0/29 
           [170/25602816] via 10.84.242.1, 1d14h, GigabitEthernet1/0/1
D EX     10.110.0.0/16 
           [170/25602816] via 10.84.242.1, 1d14h, GigabitEthernet1/0/1
D EX     10.110.240.1/32 
           [170/25602816] via 10.84.242.1, 1d14h, GigabitEthernet1/0/1
D EX     10.110.250.0/29 
           [170/25602816] via 10.84.242.1, 1d14h, GigabitEthernet1/0/1
D EX     10.248.250.0/25 
           [170/25602816] via 10.84.242.1, 1d14h, GigabitEthernet1/0/1
D        10.248.250.7/32 
           [90/46226432] via 10.84.242.1, 1d14h, GigabitEthernet1/0/1
D EX     10.248.250.128/25 
           [170/25602816] via 10.84.242.1, 1d14h, GigabitEthernet1/0/1
D EX     10.252.252.0/24 
           [170/25602816] via 10.84.242.1, 1d14h, GigabitEthernet1/0/1
      30.0.0.0/29 is subnetted, 1 subnets
D EX     30.20.57.120 
           [170/25602816] via 10.84.242.1, 1d14h, GigabitEthernet1/0/1
      144.140.0.0/16 is variably subnetted, 14 subnets, 3 masks
D EX     144.140.162.40/29 
           [170/25602816] via 10.84.242.1, 1d14h, GigabitEthernet1/0/1
D EX     144.140.162.48/28 
           [170/25602816] via 10.84.242.1, 1d14h, GigabitEthernet1/0/1
D EX     144.140.162.80/28 
           [170/25602816] via 10.84.242.1, 1d14h, GigabitEthernet1/0/1
D EX     144.140.181.80/28 
           [170/25602816] via 10.84.242.1, 1d14h, GigabitEthernet1/0/1
D EX     144.140.201.1/32 
           [170/25602816] via 10.84.242.1, 1d14h, GigabitEthernet1/0/1
D EX     144.140.201.2/32 
           [170/25602816] via 10.84.242.1, 1d14h, GigabitEthernet1/0/1
D EX     144.140.201.3/32 
           [170/25602816] via 10.84.242.1, 1d14h, GigabitEthernet1/0/1
D EX     144.140.201.16/28 
           [170/25602816] via 10.84.242.1, 1d14h, GigabitEthernet1/0/1
D EX     144.140.208.16/29 
           [170/25602816] via 10.84.242.1, 1d14h, GigabitEthernet1/0/1
D EX     144.140.208.32/28 
           [170/25602816] via 10.84.242.1, 1d14h, GigabitEthernet1/0/1
D EX     144.140.208.80/28 
           [170/25602816] via 10.84.242.1, 1d14h, GigabitEthernet1/0/1
D EX     144.140.218.96/28 
           [170/25602816] via 10.84.242.1, 1d14h, GigabitEthernet1/0/1
D EX     144.140.222.32/28 
           [170/25602816] via 10.84.242.1, 1d14h, GigabitEthernet1/0/1
D EX     144.140.224.32/28 
           [170/25602816] via 10.84.242.1, 1d14h, GigabitEthernet1/0/1
      146.195.0.0/16 is variably subnetted, 6 subnets, 4 masks
D EX     146.195.21.0/29 
           [170/25602816] via 10.84.242.1, 1d14h, GigabitEthernet1/0/1
D EX     146.195.30.0/24 
           [170/25602816] via 10.84.242.1, 1d14h, GigabitEthernet1/0/1
D EX     146.195.31.0/24 
           [170/25602816] via 10.84.242.1, 1d14h, GigabitEthernet1/0/1
D EX     146.195.39.0/24 
           [170/25602816] via 10.84.242.1, 1d14h, GigabitEthernet1/0/1
D EX     146.195.180.0/22 
           [170/25602816] via 10.84.242.1, 1d14h, GigabitEthernet1/0/1
D EX     146.195.255.20/32 
           [170/2562816] via 10.84.242.1, 1d14h, GigabitEthernet1/0/1
      172.16.0.0/24 is subnetted, 1 subnets
D EX     172.16.65.0 
           [170/25602816] via 10.84.242.1, 1d14h, GigabitEthernet1/0/1
      172.17.0.0/24 is subnetted, 1 subnets
D EX     172.17.65.0 
           [170/25602816] via 10.84.242.1, 1d14h, GigabitEthernet1/0/1
      172.24.0.0/16 is variably subnetted, 6 subnets, 3 masks
D EX     172.24.96.0/21 
           [170/25602816] via 10.84.242.1, 1d14h, GigabitEthernet1/0/1
D EX     172.24.108.0/24 
           [170/25602816] via 10.84.242.1, 1d14h, GigabitEthernet1/0/1
D EX     172.24.109.0/24 
           [170/25602816] via 10.84.242.1, 1d14h, GigabitEthernet1/0/1
D EX     172.24.112.0/22 
           [170/25602816] via 10.84.242.1, 1d14h, GigabitEthernet1/0/1
D EX     172.24.120.0/24 
           [170/25602816] via 10.84.242.1, 1d14h, GigabitEthernet1/0/1
D EX     172.24.192.0/24 
           [170/25602816] via 10.84.242.1, 1d14h, GigabitEthernet1/0/1
      172.25.0.0/16 is variably subnetted, 2 subnets, 2 masks
D EX     172.25.104.0/24 
           [170/25602816] via 10.84.242.1, 1d14h, GigabitEthernet1/0/1
D EX     172.25.105.0/26 
           [170/25602816] via 10.84.242.1, 1d14h, GigabitEthernet1/0/1
      172.27.0.0/26 is subnetted, 1 subnets
D EX     172.27.0.0 
           [170/25602816] via 10.84.242.1, 1d14h, GigabitEthernet1/0/1
      172.28.0.0/26 is subnetted, 1 subnets
D EX     172.28.8.64 
           [170/25602816] via 10.84.242.1, 1d14h, GigabitEthernet1/0/1
      172.29.0.0/24 is subnetted, 1 subnets
D EX     172.29.1.0 
           [170/25602816] via 10.84.242.1, 1d14h, GigabitEthernet1/0/1
      202.12.199.0/32 is subnetted, 6 subnets
D EX     202.12.199.90 
           [170/25602816] via 10.84.242.1, 1d14h, GigabitEthernet1/0/1
D EX     202.12.199.91 
           [170/25602816] via 10.84.242.1, 1d14h, GigabitEthernet1/0/1
D EX     202.12.199.92 
           [170/25602816] via 10.84.242.1, 1d14h, GigabitEthernet1/0/1
D EX     202.12.199.93 
           [170/25602816] via 10.84.242.1, 1d14h, GigabitEthernet1/0/1
D EX     202.12.199.187 
           [170/25602816] via 10.84.242.1, 1d14h, GigabitEthernet1/0/1
D EX     202.12.199.199 
           [170/25602816] via 10.84.242.1, 1d14h, GigabitEthernet1/0/1
      203.41.188.0/28 is subnetted, 1 subnets
D EX     203.41.188.96 
           [170/25602816] via 10.84.242.1, 1d14h, GigabitEthernet1/0/1
      203.42.70.0/28 is subnetted, 1 subnets
D EX     203.42.70.224 
           [170/25602816] via 10.84.242.1, 1d14h, GigabitEthernet1/0/1
      203.52.0.0/24 is variably subnetted, 2 subnets, 2 masks
D EX     203.52.0.0/24 
           [170/25602816] via 10.84.242.1, 1d14h, GigabitEthernet1/0/1
D EX     203.52.0.192/27 
           [170/25602816] via 10.84.242.1, 1d14h, GigabitEthernet1/0/1
      203.52.1.0/24 is variably subnetted, 2 subnets, 2 masks
D EX     203.52.1.0/24 
           [170/25602816] via 10.84.242.1, 1d14h, GigabitEthernet1/0/1
D EX     203.52.1.192/27 
           [170/25602816] via 10.84.242.1, 1d14h, GigabitEthernet1/0/1
      203.52.2.0/28 is subnetted, 1 subnets
D EX     203.52.2.160 
           [170/25602816] via 10.84.242.1, 1d14h, GigabitEthernet1/0/1
JUREN-01-SW1#Show inv
NAME: "1", DESCR: "WS-C3750V2-48PS"
PID: WS-C3750V2-48PS-S , VID: V09  , SN: FDO1732Y0AC

NAME: "GigabitEthernet1/0/1", DESCR: "10/100/1000BaseTX SFP"
PID: GLC-T               , VID:      , SN: MTC173414UJ     

NAME: "GigabitEthernet1/0/2", DESCR: "1000BaseSX SFP"
PID: Unspecified       , VID:      , SN: AGM123512QZ     

NAME: "GigabitEthernet1/0/3", DESCR: "1000BaseSX SFP"
PID: Unspecified       , VID:      , SN: FNS11120J8K     


JUREN-01-SW1#
JUREN-01-SW1#exit
