=~=~=~=~=~=~=~=~=~=~=~= PuTTY log 2017.12.22 11:19:30 =~=~=~=~=~=~=~=~=~=~=~=
login as: n039941
CC
 ********************************************************************
 * [WARNING]                                                        *
 *                                                                  *
 * This system belongs to a private organisation. If you are not    *
 * authorised to access this system, exit immediately.              *
 * Unauthorised access to this system is forbidden by company       *
 * policies, national, and international laws.                      *
 * Unauthorised users are subject to criminal and civil penalties   *
 * as well as company initiated disciplinary proceedings.           *
 * By entry into this system you acknowledge that you are           *
 * authorised access and the level of privilege you subsequently    *
 * execute on this system. You further acknowledge that by entry    *
 * into this system you expect no privacy from monitoring.          *
 *                                                                  *
 *        ALL ACCESS TO THIS SYSTEM IS MONITORED AND LOGGED         *
 *                                                                  *
 ********************************************************************
CC
 ********************************************************************
 *             Please enter your username and password.             *
 ********************************************************************
Using keyboard-interactive authentication.
Password: 
CC
 ********************************************************************
 * You are now logged into: WP                                      *
 * All activity is being logged for review by System Administrators *
 ********************************************************************

KRDA-01-SW1>en
Password: 
KRDA-01-SW1#term len 0
KRDA-01-SW1#Show cdp nei
Capability Codes: R - Router, T - Trans Bridge, B - Source Route Bridge
                  S - Switch, H - Host, I - IGMP, r - Repeater, P - Phone, 
                  D - Remote, C - CVTA, M - Two-port Mac Relay 

Device ID        Local Intrfce     Holdtme    Capability  Platform  Port ID
SEP0024C4FDBECC  Fas 1/0/12        177             H P M  IP Phone  Port 1
SEP0024C4FDA80D  Fas 1/0/4         135             H P M  IP Phone  Port 1
SEP0024C4FDBF38  Fas 1/0/23        131             H P M  IP Phone  Port 1
SEP0024C4FDBD97  Fas 1/0/5         165             H P M  IP Phone  Port 1
SEP0024C4FDBD9C  Fas 1/0/3         124             H P M  IP Phone  Port 1
KRDA-01-R1.ads.westernpower.com.au
                 Gig 1/0/1         148             R B S  CISCO2921 Gig 0/0
KRDA-01-SW1#Show int status

Port      Name               Status       Vlan       Duplex  Speed Type
Fa1/0/1                      connected    401        a-full  a-100 10/100BaseTX
Fa1/0/2                      connected    401        a-full  a-100 10/100BaseTX
Fa1/0/3                      connected    401        a-full  a-100 10/100BaseTX
Fa1/0/4                      connected    401        a-full  a-100 10/100BaseTX
Fa1/0/5                      connected    401        a-full  a-100 10/100BaseTX
Fa1/0/6                      notconnect   401          auto   auto 10/100BaseTX
Fa1/0/7                      notconnect   401          auto   auto 10/100BaseTX
Fa1/0/8                      connected    401        a-full  a-100 10/100BaseTX
Fa1/0/9                      connected    401        a-full  a-100 10/100BaseTX
Fa1/0/10                     notconnect   401          auto   auto 10/100BaseTX
Fa1/0/11                     connected    401        a-full  a-100 10/100BaseTX
Fa1/0/12                     connected    401        a-full  a-100 10/100BaseTX
Fa1/0/13                     connected    401        a-full  a-100 10/100BaseTX
Fa1/0/14                     notconnect   401          auto   auto 10/100BaseTX
Fa1/0/15                     notconnect   401          auto   auto 10/100BaseTX
Fa1/0/16                     notconnect   401          auto   auto 10/100BaseTX
Fa1/0/17                     notconnect   401          auto   auto 10/100BaseTX
Fa1/0/18                     notconnect   401          auto   auto 10/100BaseTX
Fa1/0/19                     notconnect   401          auto   auto 10/100BaseTX
Fa1/0/20                     notconnect   401          auto   auto 10/100BaseTX
Fa1/0/21  STEELHEAD_PRIMARY  connected    399        a-full  a-100 10/100BaseTX
Fa1/0/22  koorda-UPS         connected    901        a-full  a-100 10/100BaseTX
Fa1/0/23                     connected    401        a-full  a-100 10/100BaseTX
Fa1/0/24  Cardex access      connected    480        a-full  a-100 10/100BaseTX
Gi1/0/1   krda-01-r1 SH_WAN0 connected    routed     a-full a-1000 10/100/1000BaseTX SFP
Gi1/0/2                      notconnect   1            auto   auto Not Present
KRDA-01-SW1#Show ip arp
Protocol  Address          Age (min)  Hardware Addr   Type   Interface
Internet  10.88.64.1              -   c025.5cbc.0f43  ARPA   Vlan401
Internet  10.88.64.11            83   0060.0c81.5a17  ARPA   Vlan401
Internet  10.88.64.12             0   20c6.eb6a.f796  ARPA   Vlan401
Internet  10.88.64.13             0   90ac.3f00.2383  ARPA   Vlan401
Internet  10.88.64.15            57   0024.9b0e.eed7  ARPA   Vlan401
Internet  10.88.64.22            11   448a.5b76.a19e  ARPA   Vlan401
Internet  10.88.64.31             0   Incomplete      ARPA   
Internet  10.88.64.33           184   0800.37b1.927a  ARPA   Vlan401
Internet  10.88.64.34            18   0800.37b1.8ffb  ARPA   Vlan401
Internet  10.88.64.139           86   4439.c453.7174  ARPA   Vlan401
Internet  10.88.64.140           50   4ccc.6af1.4e65  ARPA   Vlan401
Internet  10.88.128.1             -   c025.5cbc.0f45  ARPA   Vlan501
Internet  10.88.128.30           26   0024.c4fd.bd97  ARPA   Vlan501
Internet  10.88.128.31           25   0024.c4fd.bf38  ARPA   Vlan501
Internet  10.88.128.32           26   0024.c4fd.becc  ARPA   Vlan501
Internet  10.88.128.33           20   0024.c4fd.bd9c  ARPA   Vlan501
Internet  10.88.128.34           22   0024.c4fd.a80d  ARPA   Vlan501
Internet  10.88.224.1             -   c025.5cbc.0f44  ARPA   Vlan480
Internet  10.88.224.10            0   001c.7f22.24a8  ARPA   Vlan480
Internet  10.88.241.1             -   c025.5cbc.0f42  ARPA   Vlan399
Internet  10.88.241.5           237   000e.b64c.ee08  ARPA   Vlan399
Internet  10.88.242.1           197   885a.9294.c3c0  ARPA   GigabitEthernet1/0/1
Internet  10.88.242.2             -   c025.5cbc.0f41  ARPA   GigabitEthernet1/0/1
Internet  10.88.254.1             -   c025.5cbc.0f46  ARPA   Vlan901
Internet  10.88.254.4            38   0020.85fd.eb61  ARPA   Vlan901
KRDA-01-SW1#Show mac add
          Mac Address Table
-------------------------------------------

Vlan    Mac Address       Type        Ports
----    -----------       --------    -----
 All    0100.0ccc.cccc    STATIC      CPU
 All    0100.0ccc.cccd    STATIC      CPU
 All    0180.c200.0000    STATIC      CPU
 All    0180.c200.0001    STATIC      CPU
 All    0180.c200.0002    STATIC      CPU
 All    0180.c200.0003    STATIC      CPU
 All    0180.c200.0004    STATIC      CPU
 All    0180.c200.0005    STATIC      CPU
 All    0180.c200.0006    STATIC      CPU
 All    0180.c200.0007    STATIC      CPU
 All    0180.c200.0008    STATIC      CPU
 All    0180.c200.0009    STATIC      CPU
 All    0180.c200.000a    STATIC      CPU
 All    0180.c200.000b    STATIC      CPU
 All    0180.c200.000c    STATIC      CPU
 All    0180.c200.000d    STATIC      CPU
 All    0180.c200.000e    STATIC      CPU
 All    0180.c200.000f    STATIC      CPU
 All    0180.c200.0010    STATIC      CPU
 All    ffff.ffff.ffff    STATIC      CPU
 401    0024.c4fd.a80d    DYNAMIC     Fa1/0/4
 401    0024.c4fd.bd97    DYNAMIC     Fa1/0/5
 401    0024.c4fd.bd9c    DYNAMIC     Fa1/0/3
 401    0024.c4fd.becc    DYNAMIC     Fa1/0/12
 401    0024.c4fd.bf38    DYNAMIC     Fa1/0/23
 401    0060.0c81.5a17    DYNAMIC     Fa1/0/13
 401    0800.37b1.8ffb    DYNAMIC     Fa1/0/1
 401    0800.37b1.927a    DYNAMIC     Fa1/0/11
 401    20c6.eb6a.f796    DYNAMIC     Fa1/0/8
 401    448a.5b76.a19e    DYNAMIC     Fa1/0/3
 401    4ccc.6af1.4e65    DYNAMIC     Fa1/0/2
 401    90ac.3f00.2383    DYNAMIC     Fa1/0/9
 501    0024.c4fd.a80d    DYNAMIC     Fa1/0/4
 501    0024.c4fd.bd97    DYNAMIC     Fa1/0/5
 501    0024.c4fd.bd9c    DYNAMIC     Fa1/0/3
 501    0024.c4fd.becc    DYNAMIC     Fa1/0/12
 501    0024.c4fd.bf38    DYNAMIC     Fa1/0/23
 399    000e.b64c.ee08    DYNAMIC     Fa1/0/21
 901    0020.85fd.eb61    DYNAMIC     Fa1/0/22
 480    001c.7f22.24a8    DYNAMIC     Fa1/0/24
Total Mac Addresses for this criterion: 40
KRDA-01-SW1#Show int | inc (rops|otoc)
Vlan1 is administratively down, line protocol is down 
  Input queue: 0/75/0/0 (size/max/drops/flushes); Total output drops: 0
     0 unknown protocol drops
Vlan399 is up, line protocol is up 
  Input queue: 0/75/0/0 (size/max/drops/flushes); Total output drops: 0
     0 unknown protocol drops
Vlan401 is up, line protocol is up 
  Input queue: 0/75/0/0 (size/max/drops/flushes); Total output drops: 0
     0 unknown protocol drops
Vlan480 is up, line protocol is up 
  Input queue: 0/75/0/0 (size/max/drops/flushes); Total output drops: 0
     0 unknown protocol drops
Vlan501 is up, line protocol is up 
  Input queue: 0/75/0/0 (size/max/drops/flushes); Total output drops: 0
     0 unknown protocol drops
Vlan901 is up, line protocol is up 
  Input queue: 0/75/0/0 (size/max/drops/flushes); Total output drops: 0
     0 unknown protocol drops
FastEthernet1/0/1 is up, line protocol is up (connected) 
  Input queue: 0/75/0/0 (size/max/drops/flushes); Total output drops: 0
     0 unknown protocol drops
FastEthernet1/0/2 is up, line protocol is up (connected) 
  Input queue: 0/75/0/0 (size/max/drops/flushes); Total output drops: 45224
     0 unknown protocol drops
FastEthernet1/0/3 is up, line protocol is up (connected) 
  Input queue: 0/75/0/0 (size/max/drops/flushes); Total output drops: 20929
     0 unknown protocol drops
FastEthernet1/0/4 is up, line protocol is up (connected) 
  Input queue: 0/75/0/0 (size/max/drops/flushes); Total output drops: 59312
     0 unknown protocol drops
FastEthernet1/0/5 is up, line protocol is up (connected) 
  Input queue: 0/75/0/0 (size/max/drops/flushes); Total output drops: 22411
     0 unknown protocol drops
FastEthernet1/0/6 is down, line protocol is down (notconnect) 
  Input queue: 0/75/0/0 (size/max/drops/flushes); Total output drops: 10185
     0 unknown protocol drops
FastEthernet1/0/7 is down, line protocol is down (notconnect) 
  Input queue: 0/75/0/0 (size/max/drops/flushes); Total output drops: 0
     0 unknown protocol drops
FastEthernet1/0/8 is up, line protocol is up (connected) 
  Input queue: 0/75/0/0 (size/max/drops/flushes); Total output drops: 9184
     0 unknown protocol drops
FastEthernet1/0/9 is up, line protocol is up (connected) 
  Input queue: 0/75/0/0 (size/max/drops/flushes); Total output drops: 0
     0 unknown protocol drops
FastEthernet1/0/10 is down, line protocol is down (notconnect) 
  Input queue: 0/75/0/0 (size/max/drops/flushes); Total output drops: 0
     0 unknown protocol drops
FastEthernet1/0/11 is up, line protocol is up (connected) 
  Input queue: 0/75/0/0 (size/max/drops/flushes); Total output drops: 0
     0 unknown protocol drops
FastEthernet1/0/12 is up, line protocol is up (connected) 
  Input queue: 0/75/0/0 (size/max/drops/flushes); Total output drops: 2939
     0 unknown protocol drops
FastEthernet1/0/13 is up, line protocol is up (connected) 
  Input queue: 0/75/0/0 (size/max/drops/flushes); Total output drops: 0
     0 unknown protocol drops
FastEthernet1/0/14 is down, line protocol is down (notconnect) 
  Input queue: 0/75/0/0 (size/max/drops/flushes); Total output drops: 0
     0 unknown protocol drops
FastEthernet1/0/15 is down, line protocol is down (notconnect) 
  Input queue: 0/75/0/0 (size/max/drops/flushes); Total output drops: 0
     0 unknown protocol drops
FastEthernet1/0/16 is down, line protocol is down (notconnect) 
  Input queue: 0/75/0/0 (size/max/drops/flushes); Total output drops: 0
     0 unknown protocol drops
FastEthernet1/0/17 is down, line protocol is down (notconnect) 
  Input queue: 0/75/0/0 (size/max/drops/flushes); Total output drops: 0
     0 unknown protocol drops
FastEthernet1/0/18 is down, line protocol is down (notconnect) 
  Input queue: 0/75/0/0 (size/max/drops/flushes); Total output drops: 0
     0 unknown protocol drops
FastEthernet1/0/19 is down, line protocol is down (notconnect) 
  Input queue: 0/75/0/0 (size/max/drops/flushes); Total output drops: 0
     0 unknown protocol drops
FastEthernet1/0/20 is down, line protocol is down (notconnect) 
  Input queue: 0/75/0/0 (size/max/drops/flushes); Total output drops: 0
     0 unknown protocol drops
FastEthernet1/0/21 is up, line protocol is up (connected) 
  Input queue: 0/75/0/0 (size/max/drops/flushes); Total output drops: 0
     0 unknown protocol drops
FastEthernet1/0/22 is up, line protocol is up (connected) 
  Input queue: 0/75/0/0 (size/max/drops/flushes); Total output drops: 0
     0 unknown protocol drops
FastEthernet1/0/23 is up, line protocol is up (connected) 
  Input queue: 0/75/0/0 (size/max/drops/flushes); Total output drops: 0
     0 unknown protocol drops
FastEthernet1/0/24 is up, line protocol is up (connected) 
  Input queue: 0/75/0/0 (size/max/drops/flushes); Total output drops: 0
     0 unknown protocol drops
GigabitEthernet1/0/1 is up, line protocol is up (connected) 
  Input queue: 0/75/0/0 (size/max/drops/flushes); Total output drops: 0
     0 unknown protocol drops
GigabitEthernet1/0/2 is down, line protocol is down (notconnect) 
  Input queue: 0/75/0/0 (size/max/drops/flushes); Total output drops: 0
     0 unknown protocol drops
Loopback1 is up, line protocol is up 
  Input queue: 0/75/0/0 (size/max/drops/flushes); Total output drops: 0
     0 unknown protocol drops
Loopback161 is up, line protocol is up 
  Input queue: 0/75/0/0 (size/max/drops/flushes); Total output drops: 0
     0 unknown protocol drops
KRDA-01-SW1#Show run
Building configuration...

Current configuration : 19559 bytes
!
! Last configuration change at 17:03:33 WST Thu Dec 14 2017 by n040303
! NVRAM config last updated at 17:03:35 WST Thu Dec 14 2017 by n040303
!
version 15.0
no service pad
service tcp-keepalives-in
service tcp-keepalives-out
service timestamps debug datetime msec localtime show-timezone
service timestamps log datetime msec localtime show-timezone
service password-encryption
!
hostname KRDA-01-SW1
!
boot-start-marker
boot-end-marker
!
logging buffered 64000
enable secret 4 26Y5WbmBWDgWHIvNLDC6rcFPZFfZmn/Bmjb2/s10MhI
!
username westernpower privilege 15 secret 4 26Y5WbmBWDgWHIvNLDC6rcFPZFfZmn/Bmjb2/s10MhI
aaa new-model
!
!
aaa authentication banner ^CCC
 ********************************************************************
 *             Please enter your username and password.             *
 ********************************************************************
^C
aaa authentication fail-message ^CCC
 ********************************************************************
 *      The supplied Username and/or Password is not valid.         *
 *  This failed login attempt has been recorded for audit purposes. *
 ********************************************************************
^C
aaa authentication login default group radius enable
aaa authentication login console enable
aaa authorization exec default if-authenticated 
aaa accounting send stop-record authentication failure
aaa accounting exec default start-stop group radius
!
!
!
!
!
!
aaa session-id common
clock timezone WST 8 0
switch 1 provision ws-c3750v2-24ps
system mtu routing 1500
vtp domain KRDA
vtp mode transparent
udld enable

ip routing
no ip domain-lookup
ip domain-name ads.westernpower.com.au
!
!
ip dhcp snooping vlan 1,401,501
no ip dhcp snooping information option
ip dhcp snooping
ip multicast-routing distributed
login on-failure log
login on-success log
!
mls qos map policed-dscp  0 10 18 24 46 to 8
mls qos map cos-dscp 0 8 16 24 32 46 48 56
mls qos srr-queue input bandwidth 70 30
mls qos srr-queue input threshold 1 80 90
mls qos srr-queue input priority-queue 2 bandwidth 30
mls qos srr-queue input cos-map queue 1 threshold 2 3
mls qos srr-queue input cos-map queue 1 threshold 3 6 7
mls qos srr-queue input cos-map queue 2 threshold 1 4
mls qos srr-queue input dscp-map queue 1 threshold 2 24
mls qos srr-queue input dscp-map queue 1 threshold 3 48 49 50 51 52 53 54 55
mls qos srr-queue input dscp-map queue 1 threshold 3 56 57 58 59 60 61 62 63
mls qos srr-queue input dscp-map queue 2 threshold 3 32 33 40 41 42 43 44 45
mls qos srr-queue input dscp-map queue 2 threshold 3 46 47
mls qos srr-queue output cos-map queue 1 threshold 3 4 5
mls qos srr-queue output cos-map queue 2 threshold 1 2
mls qos srr-queue output cos-map queue 2 threshold 2 3
mls qos srr-queue output cos-map queue 2 threshold 3 6 7
mls qos srr-queue output cos-map queue 3 threshold 3 0
mls qos srr-queue output cos-map queue 4 threshold 3 1
mls qos srr-queue output dscp-map queue 1 threshold 3 32 33 40 41 42 43 44 45
mls qos srr-queue output dscp-map queue 1 threshold 3 46 47
mls qos srr-queue output dscp-map queue 2 threshold 1 16 17 18 19 20 21 22 23
mls qos srr-queue output dscp-map queue 2 threshold 1 26 27 28 29 30 31 34 35
mls qos srr-queue output dscp-map queue 2 threshold 1 36 37 38 39
mls qos srr-queue output dscp-map queue 2 threshold 2 24
mls qos srr-queue output dscp-map queue 2 threshold 3 48 49 50 51 52 53 54 55
mls qos srr-queue output dscp-map queue 2 threshold 3 56 57 58 59 60 61 62 63
mls qos srr-queue output dscp-map queue 3 threshold 3 0 1 2 3 4 5 6 7
mls qos srr-queue output dscp-map queue 4 threshold 1 8 9 11 13 15
mls qos srr-queue output dscp-map queue 4 threshold 2 10 12 14
mls qos queue-set output 1 threshold 1 100 100 50 200
mls qos queue-set output 1 threshold 2 125 125 100 400
mls qos queue-set output 1 threshold 3 100 100 100 400
mls qos queue-set output 1 threshold 4 60 150 50 200
mls qos queue-set output 1 buffers 15 25 40 20
mls qos
!
crypto pki trustpoint TP-self-signed-1555828480
 enrollment selfsigned
 subject-name cn=IOS-Self-Signed-Certificate-1555828480
 revocation-check none
 rsakeypair TP-self-signed-1555828480
!
!
crypto pki certificate chain TP-self-signed-1555828480
 certificate self-signed 01
  3082023E 308201A7 A0030201 02020101 300D0609 2A864886 F70D0101 04050030 
  31312F30 2D060355 04031326 494F532D 53656C66 2D536967 6E65642D 43657274 
  69666963 6174652D 31353535 38323834 3830301E 170D3933 30333031 30303032 
  31315A17 0D323030 31303130 30303030 305A3031 312F302D 06035504 03132649 
  4F532D53 656C662D 5369676E 65642D43 65727469 66696361 74652D31 35353538 
  32383438 3030819F 300D0609 2A864886 F70D0101 01050003 818D0030 81890281 
  81008C8E 90268BDC 71E175F2 880748C3 D0A883E8 BE1652E2 0428B873 ED5EA64F 
  77E66295 2CBE988E 173A44F3 27E1C244 9EB6646B 0DB63C54 E854E67A B6DB441F 
  1AE0D449 2CAAA95E 86FD9B27 D163E884 C614AE2B 12E8BC57 BDCC5872 43F0D29F 
  9AF28018 A1FFA5CF C83251DC 8743AD87 75680E9F 5F63FFB4 CBD365F4 A2A3B38B 
  5E670203 010001A3 66306430 0F060355 1D130101 FF040530 030101FF 30110603 
  551D1104 0A300882 06537769 74636830 1F060355 1D230418 30168014 1BA03E67 
  62240A07 9013C901 5738B291 AB45AA06 301D0603 551D0E04 1604141B A03E6762 
  240A0790 13C90157 38B291AB 45AA0630 0D06092A 864886F7 0D010104 05000381 
  81001AA5 7DE54397 DDFCE986 4B44ECDE A40B1D11 18DCBDF7 FDB24E5D EE2A43FA 
  ADABD18D ACC8E89E D17D4DAD 7DA4A0F2 4459EE63 2969FFC2 11B940A3 C1809177 
  431F3595 B01CC147 27F58B41 46955503 858340BB 12881686 6EC2A1BE E6F85887 
  99D5FC80 4DD43FC7 8E4038CD 3B041BA9 59A1643B 7DE99AF0 8A1328B8 50468E40 1195
  	quit
!
!
!
!
!
errdisable recovery cause udld
errdisable recovery interval 60
!
spanning-tree mode rapid-pvst
spanning-tree portfast bpduguard default
spanning-tree extend system-id
!
vlan internal allocation policy ascending
!
vlan 399
 name STEELHEAD_MANAGEMENT
!
vlan 401
 name USER_DATA_VLAN
!
vlan 480
 name SECURITY
!
vlan 501
 name USER_VOICE_VLAN
!
vlan 901
 name ANCILLIARY_MANAGEMENT
!
ip telnet source-interface Loopback1
ip ssh version 2
!
class-map match-all AUTOQOS_VOIP_DATA_CLASS
  match ip dscp ef 
class-map match-all AUTOQOS_DEFAULT_CLASS
  match access-group name AUTOQOS-ACL-DEFAULT
class-map match-all AUTOQOS_VOIP_SIGNAL_CLASS
  match ip dscp cs3 
!
policy-map AUTOQOS-SRND4-CISCOPHONE-POLICY
 class AUTOQOS_VOIP_DATA_CLASS
   set dscp ef
  police 128000 8000 exceed-action policed-dscp-transmit
 class AUTOQOS_VOIP_SIGNAL_CLASS
   set dscp cs3
  police 32000 8000 exceed-action policed-dscp-transmit
 class AUTOQOS_DEFAULT_CLASS
   set dscp default
  police 10000000 8000 exceed-action policed-dscp-transmit
!
!
! 
!
!
!
!
!
!
!
!
!
!
!
interface Loopback1
 description T1 management interface
 ip address 10.88.240.5 255.255.255.255
!
interface Loopback161
 description *** Anycast RP Address ONLY ***
 ip address 10.88.240.24 255.255.255.255
 ip pim sparse-mode
!
interface FastEthernet1/0/1
 switchport access vlan 401
 switchport mode access
 switchport voice vlan 501
 srr-queue bandwidth share 1 30 35 5
 priority-queue out 
 mls qos trust device cisco-phone
 mls qos trust cos
 spanning-tree portfast
 service-policy input AUTOQOS-SRND4-CISCOPHONE-POLICY
 ip dhcp snooping limit rate 20
!
interface FastEthernet1/0/2
 switchport access vlan 401
 switchport mode access
 switchport voice vlan 501
 srr-queue bandwidth share 1 30 35 5
 priority-queue out 
 mls qos trust device cisco-phone
 mls qos trust cos
 spanning-tree portfast
 service-policy input AUTOQOS-SRND4-CISCOPHONE-POLICY
 ip dhcp snooping limit rate 20
!
interface FastEthernet1/0/3
 switchport access vlan 401
 switchport mode access
 switchport voice vlan 501
 srr-queue bandwidth share 1 30 35 5
 priority-queue out 
 mls qos trust device cisco-phone
 mls qos trust cos
 spanning-tree portfast
 service-policy input AUTOQOS-SRND4-CISCOPHONE-POLICY
 ip dhcp snooping limit rate 20
!
interface FastEthernet1/0/4
 switchport access vlan 401
 switchport mode access
 switchport voice vlan 501
 srr-queue bandwidth share 1 30 35 5
 priority-queue out 
 mls qos trust device cisco-phone
 mls qos trust cos
 spanning-tree portfast
 service-policy input AUTOQOS-SRND4-CISCOPHONE-POLICY
 ip dhcp snooping limit rate 20
!
interface FastEthernet1/0/5
 switchport access vlan 401
 switchport mode access
 switchport voice vlan 501
 srr-queue bandwidth share 1 30 35 5
 priority-queue out 
 mls qos trust device cisco-phone
 mls qos trust cos
 spanning-tree portfast
 service-policy input AUTOQOS-SRND4-CISCOPHONE-POLICY
 ip dhcp snooping limit rate 20
!
interface FastEthernet1/0/6
 switchport access vlan 401
 switchport mode access
 switchport voice vlan 501
 srr-queue bandwidth share 1 30 35 5
 priority-queue out 
 mls qos trust device cisco-phone
 mls qos trust cos
 spanning-tree portfast
 service-policy input AUTOQOS-SRND4-CISCOPHONE-POLICY
 ip dhcp snooping limit rate 20
!
interface FastEthernet1/0/7
 switchport access vlan 401
 switchport mode access
 switchport voice vlan 501
 srr-queue bandwidth share 1 30 35 5
 priority-queue out 
 mls qos trust device cisco-phone
 mls qos trust cos
 spanning-tree portfast
 service-policy input AUTOQOS-SRND4-CISCOPHONE-POLICY
 ip dhcp snooping limit rate 20
!
interface FastEthernet1/0/8
 switchport access vlan 401
 switchport mode access
 switchport voice vlan 501
 srr-queue bandwidth share 1 30 35 5
 priority-queue out 
 mls qos trust device cisco-phone
 mls qos trust cos
 spanning-tree portfast
 service-policy input AUTOQOS-SRND4-CISCOPHONE-POLICY
 ip dhcp snooping limit rate 20
!
interface FastEthernet1/0/9
 switchport access vlan 401
 switchport mode access
 switchport voice vlan 501
 srr-queue bandwidth share 1 30 35 5
 priority-queue out 
 mls qos trust device cisco-phone
 mls qos trust cos
 spanning-tree portfast
 service-policy input AUTOQOS-SRND4-CISCOPHONE-POLICY
 ip dhcp snooping limit rate 20
!
interface FastEthernet1/0/10
 switchport access vlan 401
 switchport mode access
 switchport voice vlan 501
 srr-queue bandwidth share 1 30 35 5
 priority-queue out 
 mls qos trust device cisco-phone
 mls qos trust cos
 spanning-tree portfast
 service-policy input AUTOQOS-SRND4-CISCOPHONE-POLICY
 ip dhcp snooping limit rate 20
!
interface FastEthernet1/0/11
 switchport access vlan 401
 switchport mode access
 switchport voice vlan 501
 srr-queue bandwidth share 1 30 35 5
 priority-queue out 
 mls qos trust device cisco-phone
 mls qos trust cos
 spanning-tree portfast
 service-policy input AUTOQOS-SRND4-CISCOPHONE-POLICY
 ip dhcp snooping limit rate 20
!
interface FastEthernet1/0/12
 switchport access vlan 401
 switchport mode access
 switchport voice vlan 501
 srr-queue bandwidth share 1 30 35 5
 priority-queue out 
 mls qos trust device cisco-phone
 mls qos trust cos
 spanning-tree portfast
 service-policy input AUTOQOS-SRND4-CISCOPHONE-POLICY
 ip dhcp snooping limit rate 20
!
interface FastEthernet1/0/13
 switchport access vlan 401
 switchport mode access
 switchport voice vlan 501
 srr-queue bandwidth share 1 30 35 5
 priority-queue out 
 mls qos trust device cisco-phone
 mls qos trust cos
 spanning-tree portfast
 service-policy input AUTOQOS-SRND4-CISCOPHONE-POLICY
 ip dhcp snooping limit rate 20
!
interface FastEthernet1/0/14
 switchport access vlan 401
 switchport mode access
 switchport voice vlan 501
 srr-queue bandwidth share 1 30 35 5
 priority-queue out 
 mls qos trust device cisco-phone
 mls qos trust cos
 spanning-tree portfast
 service-policy input AUTOQOS-SRND4-CISCOPHONE-POLICY
 ip dhcp snooping limit rate 20
!
interface FastEthernet1/0/15
 switchport access vlan 401
 switchport mode access
 switchport voice vlan 501
 srr-queue bandwidth share 1 30 35 5
 priority-queue out 
 mls qos trust device cisco-phone
 mls qos trust cos
 spanning-tree portfast
 service-policy input AUTOQOS-SRND4-CISCOPHONE-POLICY
 ip dhcp snooping limit rate 20
!
interface FastEthernet1/0/16
 switchport access vlan 401
 switchport mode access
 switchport voice vlan 501
 srr-queue bandwidth share 1 30 35 5
 priority-queue out 
 mls qos trust device cisco-phone
 mls qos trust cos
 spanning-tree portfast
 service-policy input AUTOQOS-SRND4-CISCOPHONE-POLICY
 ip dhcp snooping limit rate 20
!
interface FastEthernet1/0/17
 switchport access vlan 401
 switchport mode access
 switchport voice vlan 501
 srr-queue bandwidth share 1 30 35 5
 priority-queue out 
 mls qos trust device cisco-phone
 mls qos trust cos
 spanning-tree portfast
 service-policy input AUTOQOS-SRND4-CISCOPHONE-POLICY
 ip dhcp snooping limit rate 20
!
interface FastEthernet1/0/18
 switchport access vlan 401
 switchport mode access
 switchport voice vlan 501
 srr-queue bandwidth share 1 30 35 5
 priority-queue out 
 mls qos trust device cisco-phone
 mls qos trust cos
 spanning-tree portfast
 service-policy input AUTOQOS-SRND4-CISCOPHONE-POLICY
 ip dhcp snooping limit rate 20
!
interface FastEthernet1/0/19
 switchport access vlan 401
 switchport mode access
 switchport voice vlan 501
 srr-queue bandwidth share 1 30 35 5
 priority-queue out 
 mls qos trust device cisco-phone
 mls qos trust cos
 spanning-tree portfast
 service-policy input AUTOQOS-SRND4-CISCOPHONE-POLICY
 ip dhcp snooping limit rate 20
!
interface FastEthernet1/0/20
 switchport access vlan 401
 switchport mode access
 switchport voice vlan 501
 srr-queue bandwidth share 1 30 35 5
 priority-queue out 
 mls qos trust device cisco-phone
 mls qos trust cos
 spanning-tree portfast
 service-policy input AUTOQOS-SRND4-CISCOPHONE-POLICY
 ip dhcp snooping limit rate 20
!
interface FastEthernet1/0/21
 description STEELHEAD_PRIMARY
 switchport access vlan 399
 switchport mode access
 spanning-tree portfast
!
interface FastEthernet1/0/22
 description koorda-UPS
 switchport access vlan 901
 switchport mode access
 spanning-tree portfast
!
interface FastEthernet1/0/23
 switchport access vlan 401
 switchport mode access
 switchport voice vlan 501
 srr-queue bandwidth share 1 30 35 5
 priority-queue out 
 mls qos trust device cisco-phone
 mls qos trust cos
 spanning-tree portfast
 service-policy input AUTOQOS-SRND4-CISCOPHONE-POLICY
 ip dhcp snooping limit rate 20
!
interface FastEthernet1/0/24
 description Cardex access
 switchport access vlan 480
 switchport mode access
 spanning-tree portfast
!
interface GigabitEthernet1/0/1
 description krda-01-r1 SH_WAN0_0
 no switchport
 ip address 10.88.242.2 255.255.255.248
 ip pim sparse-mode
 ip summary-address eigrp 88 10.88.0.0 255.255.128.0
 ip summary-address eigrp 88 10.88.128.0 255.255.128.0
 srr-queue bandwidth share 1 30 35 5
 priority-queue out 
 mls qos trust cos
 auto qos trust 
!
interface GigabitEthernet1/0/2
 ip dhcp snooping limit rate 20
!
interface Vlan1
 no ip address
 shutdown
!
interface Vlan399
 description STEELHEAD_MANAGEMENT
 ip address 10.88.241.1 255.255.255.248
!
interface Vlan401
 description T1 data
 ip address 10.88.64.1 255.255.255.0
 ip helper-address 10.19.0.66
 ip helper-address 10.21.0.66
 ip helper-address 10.19.1.18
 ip directed-broadcast 5
!
interface Vlan480
 description SECURITY
 ip address 10.88.224.1 255.255.255.0
!
interface Vlan501
 description T1 voice
 ip address 10.88.128.1 255.255.255.0
 ip helper-address 10.19.0.66
 ip helper-address 10.21.0.66
!
interface Vlan901
 description Ancilliary Device Management
 ip address 10.88.254.1 255.255.255.0
!
!
router eigrp 88
 network 10.0.0.0
 passive-interface default
 no passive-interface GigabitEthernet1/0/1
 eigrp router-id 10.88.240.5
 eigrp stub connected static summary
!
no ip http server
no ip http secure-server
!
ip pim rp-address 10.88.240.24
!
ip access-list standard APIC_EM
 remark --- APIC-EM Appliance ---
 permit 10.25.253.10
 deny   any
ip access-list standard NSG_TELNET_SSH
 permit 146.195.81.24
 remark --- Nimsoft/CatTools Server Natted IP ---
 permit 146.195.81.25
 remark --- Nimsoft/CatTools Server ---
 permit 10.19.7.62
 remark --- HO Jumphost ---
 permit 172.30.0.10
 remark --- APIC EM - Controller ---
 permit 10.25.253.10
 permit 10.19.12.234
 remark --- Twister - OLD and NEW IP ---
 permit 146.195.135.0 0.0.0.127
 remark --- IT Subnet on Lvl2E ---
 permit 10.19.60.0 0.0.0.255
 remark --- SEAL WAN Subnet ---
 permit 10.250.250.0 0.0.0.255
 remark --- GWIP HO WAN Subnet ---
 permit 10.19.250.0 0.0.0.7
 remark --- Management Loopback subnet ---
 permit 10.0.240.0 0.255.0.255
 remark --- Empired Management Subnet ---
 permit 172.30.160.0 0.0.0.15
 remark --- Deny Anything Else ---
 deny   any log
ip access-list standard RO_SNMP
 remark --- Solarwinds Syslog Server ---
 permit 10.19.7.46
 remark --- Empired Management Subnet ---
 permit 172.30.160.0 0.0.0.255
 remark --- IT Subnet on Lvl2E ---
 permit 10.19.60.0 0.0.0.255
 deny   any
ip access-list standard RW_SNMP
 remark ---allow NNMi---
 permit 172.30.160.10
 deny   any
!
ip access-list extended AUTOQOS-ACL-DEFAULT
 permit ip any any
!
ip radius source-interface Loopback1 
logging trap debugging
logging source-interface Loopback1
logging host 10.19.7.46
logging host 172.30.160.11
logging host 172.30.160.10
logging host 172.30.161.10
access-list 5 permit 10.19.1.17 log
access-list 5 remark CSC Zetta - Allow Remote wakeup PC's
access-list 5 permit 10.19.7.49 log
access-list 5 permit 10.19.1.138 log
access-list 5 permit 10.19.1.134 log
snmp-server community eb6cIzuB RO RO_SNMP
snmp-server community Sp7ZyvwQ RW RW_SNMP
snmp-server community fc7cJzuC RO APIC_EM
snmp-server community gd8cKzuD RW APIC_EM
snmp-server location KOORDA T1
snmp-server contact Western Power IT Network
snmp ifmib ifindex persist
!
radius-server host 10.19.1.113
radius-server host 10.21.0.24
radius-server key 7 0914462A0A0F43560D39050B2F2624700D20171D22461B47680C6561200E35455F50600468767701022A2F667433023C2D7B2A3259705664014E1332283D1C2279
radius-server load-balance method least-outstanding
!
!
banner exec ^CCC
 ********************************************************************
 * You are now logged into: WP                                      *
 * All activity is being logged for review by System Administrators *
 ********************************************************************
^C
banner login ^CCC
 ********************************************************************
 * [WARNING]                                                        *
 *                                                                  *
 * This system belongs to a private organisation. If you are not    *
 * authorised to access this system, exit immediately.              *
 * Unauthorised access to this system is forbidden by company       *
 * policies, national, and international laws.                      *
 * Unauthorised users are subject to criminal and civil penalties   *
 * as well as company initiated disciplinary proceedings.           *
 * By entry into this system you acknowledge that you are           *
 * authorised access and the level of privilege you subsequently    *
 * execute on this system. You further acknowledge that by entry    *
 * into this system you expect no privacy from monitoring.          *
 *                                                                  *
 *        ALL ACCESS TO THIS SYSTEM IS MONITORED AND LOGGED         *
 *                                                                  *
 ********************************************************************
^C
!
line con 0
 logging synchronous
line vty 0 4
 access-class NSG_TELNET_SSH in
 exec-timeout 15 0
 logging synchronous
 length 0
 transport input ssh
line vty 5 15
 access-class NSG_TELNET_SSH in
 exec-timeout 15 0
 logging synchronous
 transport input ssh
!
ntp server 146.195.128.175
end

KRDA-01-SW1#Show ver
Cisco IOS Software, C3750 Software (C3750-IPBASEK9-M), Version 15.0(2)SE10, RELEASE SOFTWARE (fc2)
Technical Support: http://www.cisco.com/techsupport
Copyright (c) 1986-2016 by Cisco Systems, Inc.
Compiled Mon 18-Jul-16 02:11 by prod_rel_team

ROM: Bootstrap program is C3750 boot loader
BOOTLDR: C3750 Boot Loader (C3750-HBOOT-M) Version 12.2(53r)SEY4, RELEASE SOFTWARE (fc1)

KRDA-01-SW1 uptime is 19 weeks, 6 days, 15 hours, 30 minutes
System returned to ROM by power-on
System restarted at 19:49:31 WST Fri Aug 4 2017
System image file is "flash:c3750-ipbasek9-mz.150-2.SE10.bin"


This product contains cryptographic features and is subject to United
States and local country laws governing import, export, transfer and
use. Delivery of Cisco cryptographic products does not imply
third-party authority to import, export, distribute or use encryption.
Importers, exporters, distributors and users are responsible for
compliance with U.S. and local country laws. By using this product you
agree to comply with applicable laws and regulations. If you are unable
to comply with U.S. and local laws, return this product immediately.

A summary of U.S. laws governing Cisco cryptographic products may be found at:
http://www.cisco.com/wwl/export/crypto/tool/stqrg.html

If you require further assistance please contact us by sending email to
export@cisco.com.

cisco WS-C3750V2-24PS (PowerPC405) processor (revision S0) with 131072K bytes of memory.
Processor board ID FDO1736Y0TH
Last reset from power-on
6 Virtual Ethernet interfaces
24 FastEthernet interfaces
2 Gigabit Ethernet interfaces
The password-recovery mechanism is enabled.

512K bytes of flash-simulated non-volatile configuration memory.
Base ethernet MAC Address       : C0:25:5C:BC:0F:00
Motherboard assembly number     : 73-12633-01
Power supply part number        : 341-0266-03
Motherboard serial number       : FDO17360679
Power supply serial number      : LIT17281K7A
Model revision number           : S0
Motherboard revision number     : G0
Model number                    : WS-C3750V2-24PS-S
System serial number            : FDO1736Y0TH
Top Assembly Part Number        : 800-33158-03
Top Assembly Revision Number    : C0
Version ID                      : V08
CLEI Code Number                : CMMEE00BRB
Hardware Board Revision Number  : 0x02


Switch Ports Model              SW Version            SW Image                 
------ ----- -----              ----------            ----------               
*    1 26    WS-C3750V2-24PS    15.0(2)SE10           C3750-IPBASEK9-M         


Configuration register is 0xF

KRDA-01-SW1#Show ip route
Codes: L - local, C - connected, S - static, R - RIP, M - mobile, B - BGP
       D - EIGRP, EX - EIGRP external, O - OSPF, IA - OSPF inter area 
       N1 - OSPF NSSA external type 1, N2 - OSPF NSSA external type 2
       E1 - OSPF external type 1, E2 - OSPF external type 2
       i - IS-IS, su - IS-IS summary, L1 - IS-IS level-1, L2 - IS-IS level-2
       ia - IS-IS inter area, * - candidate default, U - per-user static route
       o - ODR, P - periodic downloaded static route, H - NHRP, l - LISP
       + - replicated route, % - next hop override

Gateway of last resort is 10.88.242.1 to network 0.0.0.0

D*EX  0.0.0.0/0 [170/2562816] via 10.88.242.1, 5w3d, GigabitEthernet1/0/1
      10.0.0.0/8 is variably subnetted, 146 subnets, 8 masks
D EX     10.18.250.0/29 
           [170/25602816] via 10.88.242.1, 7w0d, GigabitEthernet1/0/1
D EX     10.19.0.0/16 
           [170/2562816] via 10.88.242.1, 7w0d, GigabitEthernet1/0/1
D EX     10.19.240.1/32 
           [170/2562816] via 10.88.242.1, 7w0d, GigabitEthernet1/0/1
D EX     10.19.250.0/29 
           [170/25602816] via 10.88.242.1, 7w0d, GigabitEthernet1/0/1
D EX     10.21.240.1/32 
           [170/5122816] via 10.88.242.1, 5w3d, GigabitEthernet1/0/1
D EX     10.21.250.0/29 
           [170/25602816] via 10.88.242.1, 5w3d, GigabitEthernet1/0/1
D EX     10.25.243.136/30 
           [170/25602816] via 10.88.242.1, 2w5d, GigabitEthernet1/0/1
D EX     10.25.252.0/28 
           [170/25602816] via 10.88.242.1, 2w5d, GigabitEthernet1/0/1
D EX     10.65.0.0/16 
           [170/25602816] via 10.88.242.1, 2w5d, GigabitEthernet1/0/1
D EX     10.65.243.136/30 
           [170/2562816] via 10.88.242.1, 7w0d, GigabitEthernet1/0/1
D EX     10.65.250.0/29 
           [170/25602816] via 10.88.242.1, 7w0d, GigabitEthernet1/0/1
D EX     10.65.252.0/28 
           [170/2562816] via 10.88.242.1, 7w0d, GigabitEthernet1/0/1
D EX     10.66.0.0/16 
           [170/25602816] via 10.88.242.1, 3d23h, GigabitEthernet1/0/1
D EX     10.66.0.0/17 
           [170/25602816] via 10.88.242.1, 7w0d, GigabitEthernet1/0/1
D EX     10.66.128.0/17 
           [170/25602816] via 10.88.242.1, 7w0d, GigabitEthernet1/0/1
D EX     10.66.240.1/32 
           [170/25602816] via 10.88.242.1, 7w0d, GigabitEthernet1/0/1
D EX     10.66.250.0/29 
           [170/25602816] via 10.88.242.1, 7w0d, GigabitEthernet1/0/1
D EX     10.67.0.0/16 
           [170/25602816] via 10.88.242.1, 7w0d, GigabitEthernet1/0/1
D EX     10.67.240.1/32 
           [170/25602816] via 10.88.242.1, 7w0d, GigabitEthernet1/0/1
D EX     10.67.250.0/29 
           [170/25602816] via 10.88.242.1, 7w0d, GigabitEthernet1/0/1
D EX     10.68.0.0/16 
           [170/25602816] via 10.88.242.1, 7w0d, GigabitEthernet1/0/1
D EX     10.68.240.1/32 
           [170/25602816] via 10.88.242.1, 7w0d, GigabitEthernet1/0/1
D EX     10.68.250.0/29 
           [170/25602816] via 10.88.242.1, 7w0d, GigabitEthernet1/0/1
D EX     10.69.0.0/16 
           [170/25602816] via 10.88.242.1, 6w0d, GigabitEthernet1/0/1
D EX     10.69.240.1/32 
           [170/25602816] via 10.88.242.1, 7w0d, GigabitEthernet1/0/1
D EX     10.69.250.0/29 
           [170/25602816] via 10.88.242.1, 7w0d, GigabitEthernet1/0/1
D EX     10.70.0.0/16 
           [170/25602816] via 10.88.242.1, 00:18:46, GigabitEthernet1/0/1
D EX     10.70.0.0/17 
           [170/25602816] via 10.88.242.1, 7w0d, GigabitEthernet1/0/1
D EX     10.70.128.0/17 
           [170/25602816] via 10.88.242.1, 7w0d, GigabitEthernet1/0/1
D EX     10.70.240.1/32 
           [170/25602816] via 10.88.242.1, 7w0d, GigabitEthernet1/0/1
D EX     10.70.250.0/29 
           [170/25602816] via 10.88.242.1, 7w0d, GigabitEthernet1/0/1
D EX     10.71.0.0/16 
           [170/25602816] via 10.88.242.1, 7w0d, GigabitEthernet1/0/1
D EX     10.71.240.1/32 
           [170/25602816] via 10.88.242.1, 7w0d, GigabitEthernet1/0/1
D EX     10.71.250.0/29 
           [170/25602816] via 10.88.242.1, 7w0d, GigabitEthernet1/0/1
D EX     10.72.0.0/16 
           [170/25602816] via 10.88.242.1, 00:57:46, GigabitEthernet1/0/1
D EX     10.72.0.0/17 
           [170/25602816] via 10.88.242.1, 7w0d, GigabitEthernet1/0/1
D EX     10.72.128.0/17 
           [170/25602816] via 10.88.242.1, 7w0d, GigabitEthernet1/0/1
D EX     10.72.240.1/32 
           [170/25602816] via 10.88.242.1, 7w0d, GigabitEthernet1/0/1
D EX     10.72.250.0/29 
           [170/25602816] via 10.88.242.1, 7w0d, GigabitEthernet1/0/1
D EX     10.73.0.0/16 
           [170/25602816] via 10.88.242.1, 7w0d, GigabitEthernet1/0/1
D EX     10.73.240.1/32 
           [170/25602816] via 10.88.242.1, 7w0d, GigabitEthernet1/0/1
D EX     10.73.250.0/29 
           [170/25602816] via 10.88.242.1, 7w0d, GigabitEthernet1/0/1
D EX     10.74.250.0/29 
           [170/25602816] via 10.88.242.1, 7w0d, GigabitEthernet1/0/1
D EX     10.75.0.0/16 
           [170/25602816] via 10.88.242.1, 7w0d, GigabitEthernet1/0/1
D EX     10.75.240.1/32 
           [170/25602816] via 10.88.242.1, 7w0d, GigabitEthernet1/0/1
D EX     10.75.250.0/29 
           [170/25602816] via 10.88.242.1, 7w0d, GigabitEthernet1/0/1
D EX     10.76.0.0/16 
           [170/25602816] via 10.88.242.1, 00:19:30, GigabitEthernet1/0/1
D EX     10.76.0.0/17 
           [170/25602816] via 10.88.242.1, 1w3d, GigabitEthernet1/0/1
D EX     10.76.128.0/17 
           [170/25602816] via 10.88.242.1, 1w3d, GigabitEthernet1/0/1
D EX     10.76.240.1/32 
           [170/25602816] via 10.88.242.1, 4w5d, GigabitEthernet1/0/1
D EX     10.76.250.0/29 
           [170/25602816] via 10.88.242.1, 7w0d, GigabitEthernet1/0/1
D EX     10.77.0.0/16 
           [170/25602816] via 10.88.242.1, 01:25:26, GigabitEthernet1/0/1
D EX     10.77.0.0/17 
           [170/25602816] via 10.88.242.1, 5w1d, GigabitEthernet1/0/1
D EX     10.77.128.0/17 
           [170/25602816] via 10.88.242.1, 5w1d, GigabitEthernet1/0/1
D EX     10.77.250.0/30 
           [170/25602816] via 10.88.242.1, 5w1d, GigabitEthernet1/0/1
D EX     10.78.0.0/16 
           [170/25602816] via 10.88.242.1, 7w0d, GigabitEthernet1/0/1
D EX     10.78.240.1/32 
           [170/25602816] via 10.88.242.1, 7w0d, GigabitEthernet1/0/1
D EX     10.78.250.0/29 
           [170/25602816] via 10.88.242.1, 7w0d, GigabitEthernet1/0/1
D EX     10.79.0.0/16 
           [170/25602816] via 10.88.242.1, 1w2d, GigabitEthernet1/0/1
D EX     10.79.240.1/32 
           [170/25602816] via 10.88.242.1, 2w1d, GigabitEthernet1/0/1
D EX     10.79.250.0/30 
           [170/25602816] via 10.88.242.1, 2w1d, GigabitEthernet1/0/1
D EX     10.80.0.0/16 
           [170/25602816] via 10.88.242.1, 00:28:21, GigabitEthernet1/0/1
D EX     10.80.0.0/17 
           [170/25602816] via 10.88.242.1, 7w0d, GigabitEthernet1/0/1
D EX     10.80.128.0/17 
           [170/25602816] via 10.88.242.1, 7w0d, GigabitEthernet1/0/1
D EX     10.80.240.1/32 
           [170/25602816] via 10.88.242.1, 7w0d, GigabitEthernet1/0/1
D EX     10.80.250.0/30 
           [170/25602816] via 10.88.242.1, 7w0d, GigabitEthernet1/0/1
D EX     10.81.0.0/16 
           [170/25602816] via 10.88.242.1, 00:58:11, GigabitEthernet1/0/1
D EX     10.81.0.0/17 
           [170/25602816] via 10.88.242.1, 5w3d, GigabitEthernet1/0/1
D EX     10.81.128.0/17 
           [170/25602816] via 10.88.242.1, 5w3d, GigabitEthernet1/0/1
D EX     10.81.240.1/32 
           [170/25602816] via 10.88.242.1, 5w3d, GigabitEthernet1/0/1
D EX     10.81.250.0/30 
           [170/25602816] via 10.88.242.1, 5w3d, GigabitEthernet1/0/1
D EX     10.84.0.0/16 
           [170/25602816] via 10.88.242.1, 1d15h, GigabitEthernet1/0/1
D EX     10.84.0.0/17 
           [170/25602816] via 10.88.242.1, 1d15h, GigabitEthernet1/0/1
D EX     10.84.128.0/17 
           [170/25602816] via 10.88.242.1, 1d15h, GigabitEthernet1/0/1
D EX     10.84.240.1/32 
           [170/25602816] via 10.88.242.1, 1d15h, GigabitEthernet1/0/1
D EX     10.84.250.0/30 
           [170/25602816] via 10.88.242.1, 3w1d, GigabitEthernet1/0/1
D EX     10.85.0.0/16 
           [170/25602816] via 10.88.242.1, 00:25:56, GigabitEthernet1/0/1
D EX     10.85.0.0/17 
           [170/25602816] via 10.88.242.1, 2w3d, GigabitEthernet1/0/1
D EX     10.85.128.0/17 
           [170/25602816] via 10.88.242.1, 2w3d, GigabitEthernet1/0/1
D EX     10.85.240.1/32 
           [170/25602816] via 10.88.242.1, 2w3d, GigabitEthernet1/0/1
D EX     10.85.250.0/30 
           [170/25602816] via 10.88.242.1, 2w3d, GigabitEthernet1/0/1
D EX     10.86.0.0/16 
           [170/25602816] via 10.88.242.1, 7w0d, GigabitEthernet1/0/1
D EX     10.86.64.16/30 
           [170/25602816] via 10.88.242.1, 7w0d, GigabitEthernet1/0/1
D EX     10.86.64.20/30 
           [170/25602816] via 10.88.242.1, 7w0d, GigabitEthernet1/0/1
D EX     10.86.65.16/30 
           [170/25602816] via 10.88.242.1, 7w0d, GigabitEthernet1/0/1
D EX     10.86.65.20/30 
           [170/25602816] via 10.88.242.1, 7w0d, GigabitEthernet1/0/1
D EX     10.86.240.1/32 
           [170/25602816] via 10.88.242.1, 7w0d, GigabitEthernet1/0/1
D EX     10.87.0.0/16 
           [170/25602816] via 10.88.242.1, 00:01:26, GigabitEthernet1/0/1
D EX     10.87.0.0/17 
           [170/25602816] via 10.88.242.1, 7w0d, GigabitEthernet1/0/1
D EX     10.87.128.0/17 
           [170/25602816] via 10.88.242.1, 7w0d, GigabitEthernet1/0/1
D EX     10.87.240.1/32 
           [170/25602816] via 10.88.242.1, 7w0d, GigabitEthernet1/0/1
D EX     10.87.250.0/30 
           [170/25602816] via 10.88.242.1, 7w0d, GigabitEthernet1/0/1
D EX     10.88.0.0/16 
           [170/25602816] via 10.88.242.1, 21:25:31, GigabitEthernet1/0/1
D        10.88.0.0/17 is a summary, 7w0d, Null0
C        10.88.64.0/24 is directly connected, Vlan401
L        10.88.64.1/32 is directly connected, Vlan401
D        10.88.128.0/17 is a summary, 7w0d, Null0
C        10.88.128.0/24 is directly connected, Vlan501
L        10.88.128.1/32 is directly connected, Vlan501
C        10.88.224.0/24 is directly connected, Vlan480
L        10.88.224.1/32 is directly connected, Vlan480
D        10.88.240.1/32 
           [90/130816] via 10.88.242.1, 7w0d, GigabitEthernet1/0/1
C        10.88.240.5/32 is directly connected, Loopback1
C        10.88.240.24/32 is directly connected, Loopback161
C        10.88.241.0/29 is directly connected, Vlan399
L        10.88.241.1/32 is directly connected, Vlan399
C        10.88.242.0/29 is directly connected, GigabitEthernet1/0/1
L        10.88.242.2/32 is directly connected, GigabitEthernet1/0/1
D        10.88.250.0/30 
           [90/1802496] via 10.88.242.1, 7w0d, GigabitEthernet1/0/1
C        10.88.254.0/24 is directly connected, Vlan901
L        10.88.254.1/32 is directly connected, Vlan901
D EX     10.89.0.0/16 
           [170/25602816] via 10.88.242.1, 00:28:56, GigabitEthernet1/0/1
D EX     10.89.0.0/17 
           [170/25602816] via 10.88.242.1, 7w0d, GigabitEthernet1/0/1
D EX     10.89.128.0/17 
           [170/25602816] via 10.88.242.1, 7w0d, GigabitEthernet1/0/1
D EX     10.89.240.1/32 
           [170/25602816] via 10.88.242.1, 7w0d, GigabitEthernet1/0/1
D EX     10.89.250.0/30 
           [170/25602816] via 10.88.242.1, 7w0d, GigabitEthernet1/0/1
D EX     10.90.0.0/16 
           [170/25602816] via 10.88.242.1, 00:27:36, GigabitEthernet1/0/1
D EX     10.90.0.0/17 
           [170/25602816] via 10.88.242.1, 2w3d, GigabitEthernet1/0/1
D EX     10.90.128.0/17 
           [170/25602816] via 10.88.242.1, 2w3d, GigabitEthernet1/0/1
D EX     10.90.240.1/32 
           [170/25602816] via 10.88.242.1, 2w3d, GigabitEthernet1/0/1
D EX     10.90.250.0/30 
           [170/25602816] via 10.88.242.1, 2w3d, GigabitEthernet1/0/1
D EX     10.91.0.0/16 
           [170/25602816] via 10.88.242.1, 2w3d, GigabitEthernet1/0/1
D EX     10.91.240.1/32 
           [170/25602816] via 10.88.242.1, 2w3d, GigabitEthernet1/0/1
D EX     10.91.250.0/30 
           [170/25602816] via 10.88.242.1, 2w3d, GigabitEthernet1/0/1
D EX     10.92.0.0/17 
           [170/25602816] via 10.88.242.1, 1w3d, GigabitEthernet1/0/1
D EX     10.92.128.0/17 
           [170/25602816] via 10.88.242.1, 5w5d, GigabitEthernet1/0/1
D EX     10.92.240.1/32 
           [170/25602816] via 10.88.242.1, 5w5d, GigabitEthernet1/0/1
D EX     10.92.250.0/30 
           [170/25602816] via 10.88.242.1, 5w5d, GigabitEthernet1/0/1
D EX     10.93.0.0/17 
           [170/25602816] via 10.88.242.1, 7w0d, GigabitEthernet1/0/1
D EX     10.93.128.0/17 
           [170/25602816] via 10.88.242.1, 7w0d, GigabitEthernet1/0/1
D EX     10.93.240.1/32 
           [170/25602816] via 10.88.242.1, 7w0d, GigabitEthernet1/0/1
D EX     10.93.250.0/30 
           [170/25602816] via 10.88.242.1, 7w0d, GigabitEthernet1/0/1
D EX     10.97.0.0/16 
           [170/25602816] via 10.88.242.1, 2w4d, GigabitEthernet1/0/1
D EX     10.97.250.0/29 
           [170/25602816] via 10.88.242.1, 2w4d, GigabitEthernet1/0/1
D EX     10.98.0.0/16 
           [170/25602816] via 10.88.242.1, 00:57:31, GigabitEthernet1/0/1
D EX     10.98.0.0/17 
           [170/25602816] via 10.88.242.1, 7w0d, GigabitEthernet1/0/1
D EX     10.98.128.0/17 
           [170/25602816] via 10.88.242.1, 7w0d, GigabitEthernet1/0/1
D EX     10.98.250.0/29 
           [170/25602816] via 10.88.242.1, 7w0d, GigabitEthernet1/0/1
D EX     10.107.250.0/29 
           [170/25602816] via 10.88.242.1, 7w0d, GigabitEthernet1/0/1
D EX     10.110.0.0/16 
           [170/25602816] via 10.88.242.1, 3w4d, GigabitEthernet1/0/1
D EX     10.110.240.1/32 
           [170/25602816] via 10.88.242.1, 3w4d, GigabitEthernet1/0/1
D EX     10.110.250.0/29 
           [170/25602816] via 10.88.242.1, 7w0d, GigabitEthernet1/0/1
D EX     10.248.250.0/25 
           [170/25602816] via 10.88.242.1, 7w0d, GigabitEthernet1/0/1
D        10.248.250.12/32 
           [90/46226432] via 10.88.242.1, 21:25:30, GigabitEthernet1/0/1
D EX     10.248.250.128/25 
           [170/25602816] via 10.88.242.1, 7w0d, GigabitEthernet1/0/1
D EX     10.252.252.0/24 
           [170/25602816] via 10.88.242.1, 2w5d, GigabitEthernet1/0/1
      30.0.0.0/29 is subnetted, 1 subnets
D EX     30.20.57.120 
           [170/25602816] via 10.88.242.1, 7w0d, GigabitEthernet1/0/1
      144.140.0.0/16 is variably subnetted, 14 subnets, 3 masks
D EX     144.140.162.40/29 
           [170/25602816] via 10.88.242.1, 7w0d, GigabitEthernet1/0/1
D EX     144.140.162.48/28 
           [170/25602816] via 10.88.242.1, 7w0d, GigabitEthernet1/0/1
D EX     144.140.162.80/28 
           [170/25602816] via 10.88.242.1, 7w0d, GigabitEthernet1/0/1
D EX     144.140.181.80/28 
           [170/25602816] via 10.88.242.1, 7w0d, GigabitEthernet1/0/1
D EX     144.140.201.1/32 
           [170/25602816] via 10.88.242.1, 2w3d, GigabitEthernet1/0/1
D EX     144.140.201.2/32 
           [170/25602816] via 10.88.242.1, 2w3d, GigabitEthernet1/0/1
D EX     144.140.201.3/32 
           [170/25602816] via 10.88.242.1, 2w3d, GigabitEthernet1/0/1
D EX     144.140.201.16/28 
           [170/25602816] via 10.88.242.1, 2w3d, GigabitEthernet1/0/1
D EX     144.140.208.16/29 
           [170/25602816] via 10.88.242.1, 7w0d, GigabitEthernet1/0/1
D EX     144.140.208.32/28 
           [170/25602816] via 10.88.242.1, 7w0d, GigabitEthernet1/0/1
D EX     144.140.208.80/28 
           [170/25602816] via 10.88.242.1, 7w0d, GigabitEthernet1/0/1
D EX     144.140.218.96/28 
           [170/25602816] via 10.88.242.1, 7w0d, GigabitEthernet1/0/1
D EX     144.140.222.32/28 
           [170/25602816] via 10.88.242.1, 7w0d, GigabitEthernet1/0/1
D EX     144.140.224.32/28 
           [170/25602816] via 10.88.242.1, 7w0d, GigabitEthernet1/0/1
      146.195.0.0/16 is variably subnetted, 6 subnets, 4 masks
D EX     146.195.21.0/29 
           [170/25602816] via 10.88.242.1, 2w5d, GigabitEthernet1/0/1
D EX     146.195.30.0/24 
           [170/25602816] via 10.88.242.1, 2w5d, GigabitEthernet1/0/1
D EX     146.195.31.0/24 
           [170/25602816] via 10.88.242.1, 2w5d, GigabitEthernet1/0/1
D EX     146.195.39.0/24 
           [170/25602816] via 10.88.242.1, 2w5d, GigabitEthernet1/0/1
D EX     146.195.180.0/22 
           [170/25602816] via 10.88.242.1, 2w5d, GigabitEthernet1/0/1
D EX     146.195.255.20/32 
           [170/2562816] via 10.88.242.1, 7w0d, GigabitEthernet1/0/1
      172.16.0.0/24 is subnetted, 1 subnets
D EX     172.16.65.0 
           [170/25602816] via 10.88.242.1, 2w5d, GigabitEthernet1/0/1
      172.17.0.0/24 is subnetted, 1 subnets
D EX     172.17.65.0 
           [170/25602816] via 10.88.242.1, 2w5d, GigabitEthernet1/0/1
      172.24.0.0/16 is variably subnetted, 6 subnets, 3 masks
D EX     172.24.96.0/21 
           [170/25602816] via 10.88.242.1, 2w5d, GigabitEthernet1/0/1
D EX     172.24.108.0/24 
           [170/25602816] via 10.88.242.1, 2w5d, GigabitEthernet1/0/1
D EX     172.24.109.0/24 
           [170/25602816] via 10.88.242.1, 2w5d, GigabitEthernet1/0/1
D EX     172.24.112.0/22 
           [170/25602816] via 10.88.242.1, 2w5d, GigabitEthernet1/0/1
D EX     172.24.120.0/24 
           [170/25602816] via 10.88.242.1, 2w5d, GigabitEthernet1/0/1
D EX     172.24.192.0/24 
           [170/25602816] via 10.88.242.1, 2w5d, GigabitEthernet1/0/1
      172.25.0.0/16 is variably subnetted, 2 subnets, 2 masks
D EX     172.25.104.0/24 
           [170/25602816] via 10.88.242.1, 2w5d, GigabitEthernet1/0/1
D EX     172.25.105.0/26 
           [170/25602816] via 10.88.242.1, 2w5d, GigabitEthernet1/0/1
      172.27.0.0/26 is subnetted, 1 subnets
D EX     172.27.0.0 [170/25602816] via 10.88.242.1, 2w5d, GigabitEthernet1/0/1
      172.28.0.0/26 is subnetted, 1 subnets
D EX     172.28.8.64 
           [170/25602816] via 10.88.242.1, 2w5d, GigabitEthernet1/0/1
      172.29.0.0/24 is subnetted, 1 subnets
D EX     172.29.1.0 [170/25602816] via 10.88.242.1, 6w0d, GigabitEthernet1/0/1
      202.12.199.0/32 is subnetted, 6 subnets
D EX     202.12.199.90 
           [170/25602816] via 10.88.242.1, 7w0d, GigabitEthernet1/0/1
D EX     202.12.199.91 
           [170/25602816] via 10.88.242.1, 7w0d, GigabitEthernet1/0/1
D EX     202.12.199.92 
           [170/25602816] via 10.88.242.1, 7w0d, GigabitEthernet1/0/1
D EX     202.12.199.93 
           [170/25602816] via 10.88.242.1, 7w0d, GigabitEthernet1/0/1
D EX     202.12.199.187 
           [170/25602816] via 10.88.242.1, 7w0d, GigabitEthernet1/0/1
D EX     202.12.199.199 
           [170/25602816] via 10.88.242.1, 7w0d, GigabitEthernet1/0/1
      203.41.188.0/28 is subnetted, 1 subnets
D EX     203.41.188.96 
           [170/25602816] via 10.88.242.1, 7w0d, GigabitEthernet1/0/1
      203.42.70.0/28 is subnetted, 1 subnets
D EX     203.42.70.224 
           [170/25602816] via 10.88.242.1, 7w0d, GigabitEthernet1/0/1
      203.52.0.0/24 is variably subnetted, 2 subnets, 2 masks
D EX     203.52.0.0/24 
           [170/25602816] via 10.88.242.1, 7w0d, GigabitEthernet1/0/1
D EX     203.52.0.192/27 
           [170/25602816] via 10.88.242.1, 7w0d, GigabitEthernet1/0/1
      203.52.1.0/24 is variably subnetted, 2 subnets, 2 masks
D EX     203.52.1.0/24 
           [170/25602816] via 10.88.242.1, 7w0d, GigabitEthernet1/0/1
D EX     203.52.1.192/27 
           [170/25602816] via 10.88.242.1, 7w0d, GigabitEthernet1/0/1
      203.52.2.0/28 is subnetted, 1 subnets
D EX     203.52.2.160 
           [170/25602816] via 10.88.242.1, 7w0d, GigabitEthernet1/0/1
KRDA-01-SW1#Show inv
NAME: "1", DESCR: "WS-C3750V2-24PS"
PID: WS-C3750V2-24PS-S , VID: V08  , SN: FDO1736Y0TH

NAME: "GigabitEthernet1/0/1", DESCR: "10/100/1000BaseTX SFP"
PID: GLC-T               , VID:      , SN: MTC173414T4     


KRDA-01-SW1#
KRDA-01-SW1#exit
