=~=~=~=~=~=~=~=~=~=~=~= PuTTY log 2017.12.22 10:58:01 =~=~=~=~=~=~=~=~=~=~=~=
login as: n039941

 ********************************************************************
 * [WARNING]                                                        *
 *                                                                  *
 * This system belongs to a private organisation. If you are not    *
 * authorised to access this system, exit immediately.              *
 * Unauthorised access to this system is forbidden by company       *
 * policies, national, and international laws.                      *
 * Unauthorised users are subject to criminal and civil penalties   *
 * as well as company initiated disciplinary proceedings.           *
 * By entry into this system you acknowledge that you are           *
 * authorised access and the level of privilege you subsequently    *
 * execute on this system. You further acknowledge that by entry    *
 * into this system you expect no privacy from monitoring.          *
 *                                                                  *
 *        ALL ACCESS TO THIS SYSTEM IS MONITORED AND LOGGED         *
 *                                                                  *
 ********************************************************************
Using keyboard-interactive authentication.
Password: 
Using keyboard-interactive authentication.

 ********************************************************************
 *      The supplied Username and/or Password is not valid.         *
 *  This failed login attempt has been recorded for audit purposes. *
 ********************************************************************
Access denied
Using keyboard-interactive authentication.
Password: 

 ********************************************************************
 * You are now logged into: WP                                      *
 * All activity is being logged for review by System Administrators *
 ********************************************************************

mand-01-sw1>en
Password: 
mand-01-sw1#term len 0
mand-01-sw1#Show cdp nei
Capability Codes: R - Router, T - Trans Bridge, B - Source Route Bridge
                  S - Switch, H - Host, I - IGMP, r - Repeater, P - Phone, 
                  D - Remote, C - CVTA, M - Two-port Mac Relay 

Device ID        Local Intrfce     Holdtme    Capability  Platform  Port ID
mand-03-sw1.ads.westernpower.com.au
                 Gig 1/1/1         138             R S I  WS-C3750V Gig 1/0/2
mand-03-sw1.ads.westernpower.com.au
                 Gig 1/1/2         138             R S I  WS-C3750V Gig 1/0/1
mand-01-sw2.ads.westernpower.com.au
                 Gig 1/0/48        132             R S I  WS-C3750X Gig 1/0/48
mand-01-sw2.ads.westernpower.com.au
                 Gig 1/0/47        132             R S I  WS-C3750X Gig 1/0/47
mand-02-sw1.ads.westernpower.com.au
                 Gig 1/1/4         132             R S I  WS-C3750V Gig 1/0/2
mand-02-sw1.ads.westernpower.com.au
                 Gig 1/1/3         132             R S I  WS-C3750V Gig 1/0/1
mand-01-r2.ads.westernpower.com.au
                 Gig 1/0/46        135            R B S I CISCO2921 Gig 0/0
mand-vg224-01.westernpower.com.au
                 Gig 1/0/43        165               R    VG224     Fas 0/0
MAND-01-R1.ads.westernpower.com.au
                 Gig 1/0/45        151             R S I  ISR4331/K Gig 0/0/0
mand-01-sw1#Show int status

Port      Name               Status       Vlan       Duplex  Speed Type
Gi1/0/1   #1 mand-esx1 Prod  notconnect   499          auto   auto 10/100/1000BaseTX
Gi1/0/2   #2 mand-esx1 Prod  notconnect   499          auto   auto 10/100/1000BaseTX
Gi1/0/3   #2 mand-esx1 admin notconnect   1            auto   auto 10/100/1000BaseTX
Gi1/0/4   #4 mand-esx1-rib   notconnect   999          auto   auto 10/100/1000BaseTX
Gi1/0/5   #5 mandurah-srv1   notconnect   499          auto   auto 10/100/1000BaseTX
Gi1/0/6   #6 mandurah-srv-ri notconnect   999          auto   auto 10/100/1000BaseTX
Gi1/0/7   ESX iSCSI #1       notconnect   799          auto   auto 10/100/1000BaseTX
Gi1/0/8   ESX iSCSI #2       notconnect   799          auto   auto 10/100/1000BaseTX
Gi1/0/9   #2 mand-esx1 iSCSI notconnect   1            auto   auto 10/100/1000BaseTX
Gi1/0/10  Cardex access      connected    480        a-full a-1000 10/100/1000BaseTX
Gi1/0/11  MAND-ESXSP01 NIC1  connected    trunk      a-full a-1000 10/100/1000BaseTX
Gi1/0/12  MAND-ESXSP01 NIC2  connected    trunk      a-full a-1000 10/100/1000BaseTX
Gi1/0/13  MAND-ESXSP01 NIC3  connected    trunk      a-full a-1000 10/100/1000BaseTX
Gi1/0/14  MAND-ESXSP01 NIC4  connected    trunk      a-full a-1000 10/100/1000BaseTX
Gi1/0/15  MAND-ESXP01 ILO    connected    999        a-full a-1000 10/100/1000BaseTX
Gi1/0/16                     notconnect   1            auto   auto 10/100/1000BaseTX
Gi1/0/17                     notconnect   1            auto   auto 10/100/1000BaseTX
Gi1/0/18                     notconnect   1            auto   auto 10/100/1000BaseTX
Gi1/0/19                     notconnect   1            auto   auto 10/100/1000BaseTX
Gi1/0/20                     notconnect   1            auto   auto 10/100/1000BaseTX
Gi1/0/21                     notconnect   1            auto   auto 10/100/1000BaseTX
Gi1/0/22                     notconnect   1            auto   auto 10/100/1000BaseTX
Gi1/0/23                     notconnect   1            auto   auto 10/100/1000BaseTX
Gi1/0/24                     notconnect   1            auto   auto 10/100/1000BaseTX
Gi1/0/25                     notconnect   1            auto   auto 10/100/1000BaseTX
Gi1/0/26                     notconnect   1            auto   auto 10/100/1000BaseTX
Gi1/0/27                     notconnect   1            auto   auto 10/100/1000BaseTX
Gi1/0/28                     notconnect   1            auto   auto 10/100/1000BaseTX
Gi1/0/29                     notconnect   1            auto   auto 10/100/1000BaseTX
Gi1/0/30                     notconnect   1            auto   auto 10/100/1000BaseTX
Gi1/0/31                     notconnect   1            auto   auto 10/100/1000BaseTX
Gi1/0/32                     notconnect   1            auto   auto 10/100/1000BaseTX
Gi1/0/33                     notconnect   1            auto   auto 10/100/1000BaseTX
Gi1/0/34                     notconnect   1            auto   auto 10/100/1000BaseTX
Gi1/0/35                     notconnect   1            auto   auto 10/100/1000BaseTX
Gi1/0/36                     notconnect   1            auto   auto 10/100/1000BaseTX
Gi1/0/37                     notconnect   1            auto   auto 10/100/1000BaseTX
Gi1/0/38                     notconnect   1            auto   auto 10/100/1000BaseTX
Gi1/0/39                     notconnect   1            auto   auto 10/100/1000BaseTX
Gi1/0/40                     notconnect   1            auto   auto 10/100/1000BaseTX
Gi1/0/41                     notconnect   1            auto   auto 10/100/1000BaseTX
Gi1/0/42  trainingap AP1252  notconnect   1            auto   auto 10/100/1000BaseTX
Gi1/0/43  Connected to MAN-V connected    routed     a-full  a-100 10/100/1000BaseTX
Gi1/0/44                     connected    901        a-full  a-100 10/100/1000BaseTX
Gi1/0/45  mand-01-r1 Fa0/0   connected    routed     a-full a-1000 10/100/1000BaseTX
Gi1/0/46  mand-01-r2 Gi0/0   connected    routed     a-full a-1000 10/100/1000BaseTX
Gi1/0/47  mand-01-sw2 Gi1/0/ connected    routed     a-full a-1000 10/100/1000BaseTX
Gi1/0/48  mand-01-sw2 Gi1/0/ connected    routed     a-full a-1000 10/100/1000BaseTX
Gi1/1/1   mand-03-sw1 Gi1/0/ connected    routed     a-full a-1000 1000BaseSX SFP
Gi1/1/2   mand-03-sw1 Gi1/0/ connected    routed     a-full a-1000 1000BaseSX SFP
Gi1/1/3   mand-02-sw1 Gi1/0/ connected    routed     a-full a-1000 1000BaseSX SFP
Gi1/1/4   mand-02-sw1 Gi1/0/ connected    routed     a-full a-1000 1000BaseSX SFP
Te1/1/1                      disabled     1            full    10G Not Present
Te1/1/2                      disabled     1            full    10G Not Present
Po1       mand-01-sw2 po1    connected    routed     a-full a-1000 
Po2       mand-02-sw1 po2    connected    routed     a-full a-1000 
Po3       mand-03-sw1 po3    connected    routed     a-full a-1000 
Fa0                          disabled     routed       auto   auto 10/100BaseTX
mand-01-sw1#Show ip arp
Protocol  Address          Age (min)  Hardware Addr   Type   Interface
Internet  10.79.0.1               -   503d.e536.5c53  ARPA   Vlan499
Internet  10.79.0.5              11   0050.56a1.6a83  ARPA   Vlan499
Internet  10.79.0.6               0   0050.56a1.0001  ARPA   Vlan499
Internet  10.79.0.7               3   0050.56a1.0002  ARPA   Vlan499
Internet  10.79.0.20             19   0050.56a1.236e  ARPA   Vlan499
Internet  10.79.7.1               -   503d.e536.5c51  ARPA   Vlan492
Internet  10.79.7.14              8   d89d.672c.81e0  ARPA   Vlan492
Internet  10.79.12.1              -   503d.e536.5c50  ARPA   Vlan487
Internet  10.79.22.1              -   503d.e536.5c55  ARPA   Vlan799
Internet  10.79.24.1              -   503d.e536.5c5b  ARPA   Vlan999
Internet  10.79.24.14             0   c8cb.b8d4.73bc  ARPA   Vlan999
Internet  10.79.28.1              -   503d.e536.5c5a  ARPA   Vlan998
Internet  10.79.96.1              -   503d.e536.5c57  ARPA   Vlan801
Internet  10.79.224.1             -   503d.e536.5c4f  ARPA   Vlan480
Internet  10.79.224.10            0   001c.7f22.2462  ARPA   Vlan480
Internet  10.79.242.1           195   00f8.2cd8.02d0  ARPA   GigabitEthernet1/0/45
Internet  10.79.242.2             -   503d.e536.5c45  ARPA   GigabitEthernet1/0/45
Internet  10.79.242.5           236   e05f.b9f1.c710  ARPA   GigabitEthernet1/0/46
Internet  10.79.242.6             -   503d.e536.5c46  ARPA   GigabitEthernet1/0/46
Internet  10.79.242.9             -   503d.e536.5c41  ARPA   Port-channel1
Internet  10.79.242.10           95   503d.e536.5b41  ARPA   Port-channel1
Internet  10.79.242.13            -   503d.e536.5c42  ARPA   Port-channel2
Internet  10.79.242.14           19   8cb6.4f11.9fc1  ARPA   Port-channel2
Internet  10.79.242.17            -   503d.e536.5c43  ARPA   Port-channel3
Internet  10.79.242.18          225   8cb6.4f11.b241  ARPA   Port-channel3
Internet  10.79.242.21          261   0024.14ae.61b8  ARPA   GigabitEthernet1/0/43
Internet  10.79.242.22            -   503d.e536.5c44  ARPA   GigabitEthernet1/0/43
Internet  10.79.246.1             -   503d.e536.5c56  ARPA   Vlan800
Internet  10.79.254.1             -   503d.e536.5c58  ARPA   Vlan901
Internet  10.79.254.4            82   0020.85fd.c3ae  ARPA   Vlan901
mand-01-sw1#Show mac add
          Mac Address Table
-------------------------------------------

Vlan    Mac Address       Type        Ports
----    -----------       --------    -----
 All    0100.0ccc.cccc    STATIC      CPU
 All    0100.0ccc.cccd    STATIC      CPU
 All    0180.c200.0000    STATIC      CPU
 All    0180.c200.0001    STATIC      CPU
 All    0180.c200.0002    STATIC      CPU
 All    0180.c200.0003    STATIC      CPU
 All    0180.c200.0004    STATIC      CPU
 All    0180.c200.0005    STATIC      CPU
 All    0180.c200.0006    STATIC      CPU
 All    0180.c200.0007    STATIC      CPU
 All    0180.c200.0008    STATIC      CPU
 All    0180.c200.0009    STATIC      CPU
 All    0180.c200.000a    STATIC      CPU
 All    0180.c200.000b    STATIC      CPU
 All    0180.c200.000c    STATIC      CPU
 All    0180.c200.000d    STATIC      CPU
 All    0180.c200.000e    STATIC      CPU
 All    0180.c200.000f    STATIC      CPU
 All    0180.c200.0010    STATIC      CPU
 All    ffff.ffff.ffff    STATIC      CPU
 480    001c.7f22.2462    DYNAMIC     Gi1/0/10
 999    c8cb.b8d4.73bc    DYNAMIC     Gi1/0/15
 901    0020.85fd.c3ae    DYNAMIC     Gi1/0/44
 492    d89d.672c.81e0    DYNAMIC     Gi1/0/14
 499    0050.56a1.0001    DYNAMIC     Gi1/0/12
 499    0050.56a1.0002    DYNAMIC     Gi1/0/13
 499    0050.56a1.236e    DYNAMIC     Gi1/0/12
 499    0050.56a1.6a83    DYNAMIC     Gi1/0/13
Total Mac Addresses for this criterion: 28
mand-01-sw1#Show int | inc (rops|otoc)
Vlan1 is administratively down, line protocol is down 
  Input queue: 0/75/0/0 (size/max/drops/flushes); Total output drops: 0
     0 unknown protocol drops
Vlan50 is up, line protocol is down 
  Input queue: 0/75/0/0 (size/max/drops/flushes); Total output drops: 0
     0 unknown protocol drops
Vlan401 is up, line protocol is down 
  Input queue: 0/75/0/0 (size/max/drops/flushes); Total output drops: 0
     0 unknown protocol drops
Vlan480 is up, line protocol is up 
  Input queue: 0/75/0/0 (size/max/drops/flushes); Total output drops: 0
     0 unknown protocol drops
Vlan487 is up, line protocol is down 
  Input queue: 0/75/0/0 (size/max/drops/flushes); Total output drops: 0
     0 unknown protocol drops
Vlan492 is up, line protocol is up 
  Input queue: 0/75/0/0 (size/max/drops/flushes); Total output drops: 0
     0 unknown protocol drops
Vlan493 is up, line protocol is up 
  Input queue: 0/75/0/0 (size/max/drops/flushes); Total output drops: 0
     0 unknown protocol drops
Vlan499 is up, line protocol is up 
  Input queue: 0/75/0/0 (size/max/drops/flushes); Total output drops: 0
     0 unknown protocol drops
Vlan501 is up, line protocol is down 
  Input queue: 0/75/0/0 (size/max/drops/flushes); Total output drops: 0
     0 unknown protocol drops
Vlan799 is up, line protocol is down 
  Input queue: 0/75/0/0 (size/max/drops/flushes); Total output drops: 0
     0 unknown protocol drops
Vlan800 is up, line protocol is down 
  Input queue: 0/75/0/0 (size/max/drops/flushes); Total output drops: 0
     0 unknown protocol drops
Vlan801 is up, line protocol is down 
  Input queue: 0/75/0/0 (size/max/drops/flushes); Total output drops: 0
     0 unknown protocol drops
Vlan901 is up, line protocol is up 
  Input queue: 0/75/0/0 (size/max/drops/flushes); Total output drops: 0
     0 unknown protocol drops
Vlan905 is up, line protocol is down 
  Input queue: 0/75/0/0 (size/max/drops/flushes); Total output drops: 0
     0 unknown protocol drops
Vlan998 is up, line protocol is down 
  Input queue: 0/75/0/0 (size/max/drops/flushes); Total output drops: 0
     0 unknown protocol drops
Vlan999 is up, line protocol is up 
  Input queue: 0/75/0/0 (size/max/drops/flushes); Total output drops: 0
     0 unknown protocol drops
FastEthernet0 is administratively down, line protocol is down 
  Input queue: 0/75/0/0 (size/max/drops/flushes); Total output drops: 0
     0 unknown protocol drops
GigabitEthernet1/0/1 is down, line protocol is down (notconnect) 
  Input queue: 0/75/0/0 (size/max/drops/flushes); Total output drops: 0
     0 unknown protocol drops
GigabitEthernet1/0/2 is down, line protocol is down (notconnect) 
  Input queue: 0/75/0/0 (size/max/drops/flushes); Total output drops: 0
     0 unknown protocol drops
GigabitEthernet1/0/3 is down, line protocol is down (notconnect) 
  Input queue: 0/75/0/0 (size/max/drops/flushes); Total output drops: 0
     0 unknown protocol drops
GigabitEthernet1/0/4 is down, line protocol is down (notconnect) 
  Input queue: 0/75/0/0 (size/max/drops/flushes); Total output drops: 0
     0 unknown protocol drops
GigabitEthernet1/0/5 is down, line protocol is down (notconnect) 
  Input queue: 0/75/0/0 (size/max/drops/flushes); Total output drops: 0
     0 unknown protocol drops
GigabitEthernet1/0/6 is down, line protocol is down (notconnect) 
  Input queue: 0/75/0/0 (size/max/drops/flushes); Total output drops: 0
     0 unknown protocol drops
GigabitEthernet1/0/7 is down, line protocol is down (notconnect) 
  Input queue: 0/75/0/0 (size/max/drops/flushes); Total output drops: 0
     0 unknown protocol drops
GigabitEthernet1/0/8 is down, line protocol is down (notconnect) 
  Input queue: 0/75/0/0 (size/max/drops/flushes); Total output drops: 0
     0 unknown protocol drops
GigabitEthernet1/0/9 is down, line protocol is down (notconnect) 
  Input queue: 0/75/0/0 (size/max/drops/flushes); Total output drops: 0
     0 unknown protocol drops
GigabitEthernet1/0/10 is up, line protocol is up (connected) 
  Input queue: 0/75/0/0 (size/max/drops/flushes); Total output drops: 0
     0 unknown protocol drops
GigabitEthernet1/0/11 is up, line protocol is up (connected) 
  Input queue: 0/75/0/0 (size/max/drops/flushes); Total output drops: 0
     0 unknown protocol drops
GigabitEthernet1/0/12 is up, line protocol is up (connected) 
  Input queue: 0/75/0/0 (size/max/drops/flushes); Total output drops: 0
     0 unknown protocol drops
GigabitEthernet1/0/13 is up, line protocol is up (connected) 
  Input queue: 0/75/0/0 (size/max/drops/flushes); Total output drops: 0
     0 unknown protocol drops
GigabitEthernet1/0/14 is up, line protocol is up (connected) 
  Input queue: 0/75/0/0 (size/max/drops/flushes); Total output drops: 0
     0 unknown protocol drops
GigabitEthernet1/0/15 is up, line protocol is up (connected) 
  Input queue: 0/75/0/0 (size/max/drops/flushes); Total output drops: 0
     0 unknown protocol drops
GigabitEthernet1/0/16 is down, line protocol is down (notconnect) 
  Input queue: 0/75/0/0 (size/max/drops/flushes); Total output drops: 0
     0 unknown protocol drops
GigabitEthernet1/0/17 is down, line protocol is down (notconnect) 
  Input queue: 0/75/0/0 (size/max/drops/flushes); Total output drops: 0
     0 unknown protocol drops
GigabitEthernet1/0/18 is down, line protocol is down (notconnect) 
  Input queue: 0/75/0/0 (size/max/drops/flushes); Total output drops: 0
     0 unknown protocol drops
GigabitEthernet1/0/19 is down, line protocol is down (notconnect) 
  Input queue: 0/75/0/0 (size/max/drops/flushes); Total output drops: 0
     0 unknown protocol drops
GigabitEthernet1/0/20 is down, line protocol is down (notconnect) 
  Input queue: 0/75/0/0 (size/max/drops/flushes); Total output drops: 0
     0 unknown protocol drops
GigabitEthernet1/0/21 is down, line protocol is down (notconnect) 
  Input queue: 0/75/0/0 (size/max/drops/flushes); Total output drops: 0
     0 unknown protocol drops
GigabitEthernet1/0/22 is down, line protocol is down (notconnect) 
  Input queue: 0/75/0/0 (size/max/drops/flushes); Total output drops: 0
     0 unknown protocol drops
GigabitEthernet1/0/23 is down, line protocol is down (notconnect) 
  Input queue: 0/75/0/0 (size/max/drops/flushes); Total output drops: 0
     0 unknown protocol drops
GigabitEthernet1/0/24 is down, line protocol is down (notconnect) 
  Input queue: 0/75/0/0 (size/max/drops/flushes); Total output drops: 0
     0 unknown protocol drops
GigabitEthernet1/0/25 is down, line protocol is down (notconnect) 
  Input queue: 0/75/0/0 (size/max/drops/flushes); Total output drops: 0
     0 unknown protocol drops
GigabitEthernet1/0/26 is down, line protocol is down (notconnect) 
  Input queue: 0/75/0/0 (size/max/drops/flushes); Total output drops: 0
     0 unknown protocol drops
GigabitEthernet1/0/27 is down, line protocol is down (notconnect) 
  Input queue: 0/75/0/0 (size/max/drops/flushes); Total output drops: 0
     0 unknown protocol drops
GigabitEthernet1/0/28 is down, line protocol is down (notconnect) 
  Input queue: 0/75/0/0 (size/max/drops/flushes); Total output drops: 0
     0 unknown protocol drops
GigabitEthernet1/0/29 is down, line protocol is down (notconnect) 
  Input queue: 0/75/0/0 (size/max/drops/flushes); Total output drops: 0
     0 unknown protocol drops
GigabitEthernet1/0/30 is down, line protocol is down (notconnect) 
  Input queue: 0/75/0/0 (size/max/drops/flushes); Total output drops: 0
     0 unknown protocol drops
GigabitEthernet1/0/31 is down, line protocol is down (notconnect) 
  Input queue: 0/75/0/0 (size/max/drops/flushes); Total output drops: 0
     0 unknown protocol drops
GigabitEthernet1/0/32 is down, line protocol is down (notconnect) 
  Input queue: 0/75/0/0 (size/max/drops/flushes); Total output drops: 0
     0 unknown protocol drops
GigabitEthernet1/0/33 is down, line protocol is down (notconnect) 
  Input queue: 0/75/0/0 (size/max/drops/flushes); Total output drops: 0
     0 unknown protocol drops
GigabitEthernet1/0/34 is down, line protocol is down (notconnect) 
  Input queue: 0/75/0/0 (size/max/drops/flushes); Total output drops: 0
     0 unknown protocol drops
GigabitEthernet1/0/35 is down, line protocol is down (notconnect) 
  Input queue: 0/75/0/0 (size/max/drops/flushes); Total output drops: 0
     0 unknown protocol drops
GigabitEthernet1/0/36 is down, line protocol is down (notconnect) 
  Input queue: 0/75/0/0 (size/max/drops/flushes); Total output drops: 0
     0 unknown protocol drops
GigabitEthernet1/0/37 is down, line protocol is down (notconnect) 
  Input queue: 0/75/0/0 (size/max/drops/flushes); Total output drops: 0
     0 unknown protocol drops
GigabitEthernet1/0/38 is down, line protocol is down (notconnect) 
  Input queue: 0/75/0/0 (size/max/drops/flushes); Total output drops: 0
     0 unknown protocol drops
GigabitEthernet1/0/39 is down, line protocol is down (notconnect) 
  Input queue: 0/75/0/0 (size/max/drops/flushes); Total output drops: 0
     0 unknown protocol drops
GigabitEthernet1/0/40 is down, line protocol is down (notconnect) 
  Input queue: 0/75/0/0 (size/max/drops/flushes); Total output drops: 0
     0 unknown protocol drops
GigabitEthernet1/0/41 is down, line protocol is down (notconnect) 
  Input queue: 0/75/0/0 (size/max/drops/flushes); Total output drops: 0
     0 unknown protocol drops
GigabitEthernet1/0/42 is down, line protocol is down (notconnect) 
  Input queue: 0/75/0/0 (size/max/drops/flushes); Total output drops: 0
     0 unknown protocol drops
GigabitEthernet1/0/43 is up, line protocol is up (connected) 
  Input queue: 0/75/0/0 (size/max/drops/flushes); Total output drops: 0
     0 unknown protocol drops
GigabitEthernet1/0/44 is up, line protocol is up (connected) 
  Input queue: 0/75/0/0 (size/max/drops/flushes); Total output drops: 0
     0 unknown protocol drops
GigabitEthernet1/0/45 is up, line protocol is up (connected) 
  Input queue: 0/75/0/0 (size/max/drops/flushes); Total output drops: 0
     0 unknown protocol drops
GigabitEthernet1/0/46 is up, line protocol is up (connected) 
  Input queue: 0/75/0/0 (size/max/drops/flushes); Total output drops: 0
     0 unknown protocol drops
GigabitEthernet1/0/47 is up, line protocol is up (connected) 
  Input queue: 0/75/0/0 (size/max/drops/flushes); Total output drops: 0
     0 unknown protocol drops
GigabitEthernet1/0/48 is up, line protocol is up (connected) 
  Input queue: 0/75/0/0 (size/max/drops/flushes); Total output drops: 4093
     0 unknown protocol drops
GigabitEthernet1/1/1 is up, line protocol is up (connected) 
  Input queue: 0/75/0/0 (size/max/drops/flushes); Total output drops: 0
     0 unknown protocol drops
GigabitEthernet1/1/2 is up, line protocol is up (connected) 
  Input queue: 0/75/0/0 (size/max/drops/flushes); Total output drops: 0
     0 unknown protocol drops
GigabitEthernet1/1/3 is up, line protocol is up (connected) 
  Input queue: 0/75/0/0 (size/max/drops/flushes); Total output drops: 0
     0 unknown protocol drops
GigabitEthernet1/1/4 is up, line protocol is up (connected) 
  Input queue: 0/75/0/0 (size/max/drops/flushes); Total output drops: 0
     0 unknown protocol drops
TenGigabitEthernet1/1/1 is administratively down, line protocol is down (disabled) 
  Input queue: 0/75/0/0 (size/max/drops/flushes); Total output drops: 0
     0 unknown protocol drops
TenGigabitEthernet1/1/2 is administratively down, line protocol is down (disabled) 
  Input queue: 0/75/0/0 (size/max/drops/flushes); Total output drops: 0
     0 unknown protocol drops
Port-channel1 is up, line protocol is up (connected) 
  Input queue: 0/75/0/0 (size/max/drops/flushes); Total output drops: 4093
     0 unknown protocol drops
Port-channel2 is up, line protocol is up (connected) 
  Input queue: 0/75/0/0 (size/max/drops/flushes); Total output drops: 0
     0 unknown protocol drops
Port-channel3 is up, line protocol is up (connected) 
  Input queue: 0/75/0/0 (size/max/drops/flushes); Total output drops: 0
     0 unknown protocol drops
Loopback1 is up, line protocol is up 
  Input queue: 0/75/0/0 (size/max/drops/flushes); Total output drops: 0
     0 unknown protocol drops
Loopback161 is up, line protocol is up 
  Input queue: 0/75/0/0 (size/max/drops/flushes); Total output drops: 0
     0 unknown protocol drops
mand-01-sw1#Show run
Building configuration...

Current configuration : 19343 bytes
!
! Last configuration change at 20:00:42 WST Tue Dec 12 2017 by n040454
! NVRAM config last updated at 20:06:32 WST Tue Dec 12 2017 by n040454
!
version 15.0
no service pad
service tcp-keepalives-in
service timestamps debug datetime msec localtime
service timestamps log datetime msec localtime
service password-encryption
!
hostname mand-01-sw1
!
boot-start-marker
boot-end-marker
!
!
logging buffered 64000
no logging console
enable secret 4 26Y5WbmBWDgWHIvNLDC6rcFPZFfZmn/Bmjb2/s10MhI
!
username westernpower privilege 15 secret 4 26Y5WbmBWDgWHIvNLDC6rcFPZFfZmn/Bmjb2/s10MhI
aaa new-model
!
!
aaa authentication fail-message ^C
 ********************************************************************
 *      The supplied Username and/or Password is not valid.         *
 *  This failed login attempt has been recorded for audit purposes. *
 ********************************************************************
^C
aaa authentication login default group radius enable
aaa authentication login console enable
aaa authorization exec default if-authenticated 
aaa accounting send stop-record authentication failure
aaa accounting exec default start-stop group radius
!
!
!
!
!
!
aaa session-id common
clock timezone WST 8 0
switch 1 provision ws-c3750x-48p
system mtu routing 1500
authentication mac-move permit
no ip source-route
ip routing
!
!
!
ip dhcp snooping vlan 1,800
no ip dhcp snooping information option
ip dhcp snooping
no ip domain-lookup
ip domain-name ads.westernpower.com.au
ip multicast-routing distributed
login on-failure log
login on-success log
vtp domain MAND
vtp mode transparent
udld enable

!
mls qos map policed-dscp  24 26 46 to 0
mls qos map cos-dscp 0 8 16 24 32 46 48 56
mls qos srr-queue input bandwidth 90 10
mls qos srr-queue input threshold 1 8 16
mls qos srr-queue input threshold 2 34 66
mls qos srr-queue input buffers 67 33 
mls qos srr-queue input cos-map queue 1 threshold 2 1
mls qos srr-queue input cos-map queue 1 threshold 3 0
mls qos srr-queue input cos-map queue 2 threshold 1 2
mls qos srr-queue input cos-map queue 2 threshold 2 4 6 7
mls qos srr-queue input cos-map queue 2 threshold 3 3 5
mls qos srr-queue input dscp-map queue 1 threshold 2 9 10 11 12 13 14 15
mls qos srr-queue input dscp-map queue 1 threshold 3 0 1 2 3 4 5 6 7
mls qos srr-queue input dscp-map queue 1 threshold 3 32
mls qos srr-queue input dscp-map queue 2 threshold 1 16 17 18 19 20 21 22 23
mls qos srr-queue input dscp-map queue 2 threshold 2 33 34 35 36 37 38 39 48
mls qos srr-queue input dscp-map queue 2 threshold 2 49 50 51 52 53 54 55 56
mls qos srr-queue input dscp-map queue 2 threshold 2 57 58 59 60 61 62 63
mls qos srr-queue input dscp-map queue 2 threshold 3 24 25 26 27 28 29 30 31
mls qos srr-queue input dscp-map queue 2 threshold 3 40 41 42 43 44 45 46 47
mls qos srr-queue output cos-map queue 1 threshold 3 5
mls qos srr-queue output cos-map queue 2 threshold 3 3 6 7
mls qos srr-queue output cos-map queue 3 threshold 3 2 4
mls qos srr-queue output cos-map queue 4 threshold 2 1
mls qos srr-queue output cos-map queue 4 threshold 3 0
mls qos srr-queue output dscp-map queue 1 threshold 3 40 41 42 43 44 45 46 47
mls qos srr-queue output dscp-map queue 2 threshold 3 24 25 26 27 28 29 30 31
mls qos srr-queue output dscp-map queue 2 threshold 3 48 49 50 51 52 53 54 55
mls qos srr-queue output dscp-map queue 2 threshold 3 56 57 58 59 60 61 62 63
mls qos srr-queue output dscp-map queue 3 threshold 3 16 17 18 19 20 21 22 23
mls qos srr-queue output dscp-map queue 3 threshold 3 32 33 34 35 36 37 38 39
mls qos srr-queue output dscp-map queue 4 threshold 1 8
mls qos srr-queue output dscp-map queue 4 threshold 2 9 10 11 12 13 14 15
mls qos srr-queue output dscp-map queue 4 threshold 3 0 1 2 3 4 5 6 7
mls qos queue-set output 1 threshold 1 138 138 92 138
mls qos queue-set output 1 threshold 2 138 138 92 400
mls qos queue-set output 1 threshold 3 36 77 100 318
mls qos queue-set output 1 threshold 4 20 50 67 400
mls qos queue-set output 2 threshold 1 149 149 100 149
mls qos queue-set output 2 threshold 2 118 118 100 235
mls qos queue-set output 2 threshold 3 41 68 100 272
mls qos queue-set output 2 threshold 4 42 72 100 242
mls qos queue-set output 1 buffers 10 10 26 54
mls qos queue-set output 2 buffers 16 6 17 61
mls qos
!
key chain EIGRP_KEY_CHAIN
 key 1
  key-string 7 1412105D0F2D303E06
!
!
!
!
!
!
spanning-tree mode rapid-pvst
spanning-tree portfast bpduguard default
spanning-tree extend system-id
!
!
!
!
!
!
!
!
!
vlan internal allocation policy ascending
!
vlan 50
 name CORE_INTERLINK
!
vlan 401 
!
vlan 480
 name SECURITY
!
vlan 487
 name UNIX_SERVERS_PROD_1
!
vlan 492
 name WINTEL_SERVERS_ADMIN
!
vlan 493
 name WINTEL_SERVERS_VMOTION
!
vlan 499
 name WINTEL_SERVERS_PROD_1
!
vlan 501 
!
vlan 799
 name SERVERS_ISCSI_1
!
vlan 800
 name WLAN_AP_Management
!
vlan 801
 name WLAN_Corp_Clients
!
vlan 901
 name ANCILLIARY_MANAGEMENT
!
vlan 905
 name dummy_VLAN
!
vlan 998
 name UNIX_MANAGEMENT
!
vlan 999
 name WINTEL_MANAGEMENT
!
ip telnet source-interface Loopback1
ip ssh version 2
!
class-map match-all AutoQoS-VoIP-RTP-Trust
  match ip dscp ef 
class-map match-all AutoQoS-VoIP-Control-Trust
  match ip dscp cs3  af31 
!
policy-map AutoQoS-Police-CiscoPhone
 class AutoQoS-VoIP-RTP-Trust
   set dscp ef
  police 320000 8000 exceed-action policed-dscp-transmit
 class AutoQoS-VoIP-Control-Trust
   set dscp cs3
  police 32000 8000 exceed-action policed-dscp-transmit
!
!
! 
!
!
!
!
!
!
!
!
!
interface Loopback1
 description Management Address
 ip address 10.79.240.5 255.255.255.255
!
interface Loopback161
 description *** Anycast RP Address ONLY ***
 ip address 10.79.240.161 255.255.255.255
 ip pim sparse-mode
!
interface Port-channel1
 description mand-01-sw2 po1
 no switchport
 ip address 10.79.242.9 255.255.255.252
 ip authentication mode eigrp 79 md5
 ip authentication key-chain eigrp 79 EIGRP_KEY_CHAIN
 ip hello-interval eigrp 79 1
 ip hold-time eigrp 79 3
 ip pim sparse-mode
!
interface Port-channel2
 description mand-02-sw1 po2
 no switchport
 ip address 10.79.242.13 255.255.255.252
 ip authentication mode eigrp 79 md5
 ip authentication key-chain eigrp 79 EIGRP_KEY_CHAIN
 ip hello-interval eigrp 79 1
 ip hold-time eigrp 79 3
 ip pim sparse-mode
!
interface Port-channel3
 description mand-03-sw1 po3
 no switchport
 ip address 10.79.242.17 255.255.255.252
 ip authentication mode eigrp 79 md5
 ip authentication key-chain eigrp 79 EIGRP_KEY_CHAIN
 ip hello-interval eigrp 79 1
 ip hold-time eigrp 79 3
 ip pim sparse-mode
!
interface FastEthernet0
 no ip address
 no ip route-cache
 no ip mroute-cache
 shutdown
!
interface GigabitEthernet1/0/1
 description #1 mand-esx1 Prod 1
 switchport access vlan 499
 switchport mode access
 spanning-tree portfast
!
interface GigabitEthernet1/0/2
 description #2 mand-esx1 Prod 2
 switchport access vlan 499
 switchport mode access
 no mdix auto
 spanning-tree portfast
!
interface GigabitEthernet1/0/3
 description #2 mand-esx1 admin mgnt console
 switchport trunk encapsulation dot1q
 switchport trunk native vlan 905
 switchport trunk allowed vlan 492
 switchport mode trunk
!
interface GigabitEthernet1/0/4
 description #4 mand-esx1-rib
 switchport access vlan 999
 switchport mode access
 spanning-tree portfast
!
interface GigabitEthernet1/0/5
 description #5 mandurah-srv1
 switchport access vlan 499
 switchport mode access
 spanning-tree portfast
!
interface GigabitEthernet1/0/6
 description #6 mandurah-srv-rib
 switchport access vlan 999
 switchport mode access
 spanning-tree portfast
!
interface GigabitEthernet1/0/7
 description ESX iSCSI #1
 switchport access vlan 799
 switchport mode access
 spanning-tree portfast
 spanning-tree bpduguard enable
!
interface GigabitEthernet1/0/8
 description ESX iSCSI #2
 switchport access vlan 799
 switchport mode access
 spanning-tree portfast
 spanning-tree bpduguard enable
!
interface GigabitEthernet1/0/9
 description #2 mand-esx1 iSCSI mgnt console only
 switchport trunk encapsulation dot1q
 switchport trunk native vlan 905
 switchport trunk allowed vlan 492
 switchport mode trunk
!
interface GigabitEthernet1/0/10
 description Cardex access
 switchport access vlan 480
 switchport mode access
 spanning-tree portfast
 spanning-tree bpduguard enable
!
interface GigabitEthernet1/0/11
 description MAND-ESXSP01 NIC1
 switchport trunk encapsulation dot1q
 switchport trunk native vlan 905
 switchport trunk allowed vlan 492,493
 switchport mode trunk
 spanning-tree portfast
 spanning-tree bpduguard enable
!
interface GigabitEthernet1/0/12
 description MAND-ESXSP01 NIC2
 switchport trunk encapsulation dot1q
 switchport trunk native vlan 905
 switchport trunk allowed vlan 492,499
 switchport mode trunk
 spanning-tree portfast
 spanning-tree bpduguard enable
!
interface GigabitEthernet1/0/13
 description MAND-ESXSP01 NIC3
 switchport trunk encapsulation dot1q
 switchport trunk native vlan 905
 switchport trunk allowed vlan 492,499
 switchport mode trunk
 spanning-tree portfast
 spanning-tree bpduguard enable
!
interface GigabitEthernet1/0/14
 description MAND-ESXSP01 NIC4
 switchport trunk encapsulation dot1q
 switchport trunk native vlan 905
 switchport trunk allowed vlan 492,493
 switchport mode trunk
 spanning-tree portfast
 spanning-tree bpduguard enable
!
interface GigabitEthernet1/0/15
 description MAND-ESXP01 ILO
 switchport access vlan 999
 switchport mode access
 spanning-tree portfast
 spanning-tree bpduguard enable
!
interface GigabitEthernet1/0/16
 ip dhcp snooping limit rate 20
!
interface GigabitEthernet1/0/17
 ip dhcp snooping limit rate 20
!
interface GigabitEthernet1/0/18
 ip dhcp snooping limit rate 20
!
interface GigabitEthernet1/0/19
 ip dhcp snooping limit rate 20
!
interface GigabitEthernet1/0/20
 ip dhcp snooping limit rate 20
!
interface GigabitEthernet1/0/21
 ip dhcp snooping limit rate 20
!
interface GigabitEthernet1/0/22
 ip dhcp snooping limit rate 20
!
interface GigabitEthernet1/0/23
 ip dhcp snooping limit rate 20
!
interface GigabitEthernet1/0/24
 ip dhcp snooping limit rate 20
!
interface GigabitEthernet1/0/25
 ip dhcp snooping limit rate 20
!
interface GigabitEthernet1/0/26
 ip dhcp snooping limit rate 20
!
interface GigabitEthernet1/0/27
 ip dhcp snooping limit rate 20
!
interface GigabitEthernet1/0/28
 ip dhcp snooping limit rate 20
!
interface GigabitEthernet1/0/29
 ip dhcp snooping limit rate 20
!
interface GigabitEthernet1/0/30
 ip dhcp snooping limit rate 20
!
interface GigabitEthernet1/0/31
 ip dhcp snooping limit rate 20
!
interface GigabitEthernet1/0/32
 ip dhcp snooping limit rate 20
!
interface GigabitEthernet1/0/33
 ip dhcp snooping limit rate 20
!
interface GigabitEthernet1/0/34
 ip dhcp snooping limit rate 20
!
interface GigabitEthernet1/0/35
 ip dhcp snooping limit rate 20
!
interface GigabitEthernet1/0/36
 ip dhcp snooping limit rate 20
!
interface GigabitEthernet1/0/37
 ip dhcp snooping limit rate 20
!
interface GigabitEthernet1/0/38
 ip dhcp snooping limit rate 20
!
interface GigabitEthernet1/0/39
 ip dhcp snooping limit rate 20
!
interface GigabitEthernet1/0/40
 ip dhcp snooping limit rate 20
!
interface GigabitEthernet1/0/41
 ip dhcp snooping limit rate 20
!
interface GigabitEthernet1/0/42
 description trainingap AP1252
 switchport trunk encapsulation dot1q
 switchport trunk native vlan 800
 switchport trunk allowed vlan 800,801
 switchport mode trunk
 no mdix auto
!
interface GigabitEthernet1/0/43
 description Connected to MAN-VG224-01 Fa0/0
 no switchport
 ip address 10.79.242.22 255.255.255.252
 ip authentication mode eigrp 79 md5
 ip authentication key-chain eigrp 79 EIGRP_KEY_CHAIN
 ip pim sparse-mode
!
interface GigabitEthernet1/0/44
 switchport access vlan 901
 switchport mode access
 spanning-tree portfast
!
interface GigabitEthernet1/0/45
 description mand-01-r1 Fa0/0
 no switchport
 ip address 10.79.242.2 255.255.255.252
 ip authentication mode eigrp 79 md5
 ip authentication key-chain eigrp 79 EIGRP_KEY_CHAIN
 ip hello-interval eigrp 79 1
 ip hold-time eigrp 79 3
 ip pim sparse-mode
 ip summary-address eigrp 79 10.79.0.0 255.255.0.0
!
interface GigabitEthernet1/0/46
 description mand-01-r2 Gi0/0
 no switchport
 ip address 10.79.242.6 255.255.255.252
 ip authentication mode eigrp 79 md5
 ip authentication key-chain eigrp 79 EIGRP_KEY_CHAIN
 ip hello-interval eigrp 79 1
 ip hold-time eigrp 79 3
 ip summary-address eigrp 79 10.79.0.0 255.255.0.0
!
interface GigabitEthernet1/0/47
 description mand-01-sw2 Gi1/0/47
 no switchport
 no ip address
 ip pim sparse-mode
 channel-group 1 mode on
!
interface GigabitEthernet1/0/48
 description mand-01-sw2 Gi1/0/48
 no switchport
 no ip address
 ip pim sparse-mode
 channel-group 1 mode on
!
interface GigabitEthernet1/1/1
 description mand-03-sw1 Gi1/0/1
 no switchport
 no ip address
 ip pim sparse-mode
 channel-group 3 mode on
!
interface GigabitEthernet1/1/2
 description mand-03-sw1 Gi1/0/2
 no switchport
 no ip address
 ip pim sparse-mode
 channel-group 3 mode on
!
interface GigabitEthernet1/1/3
 description mand-02-sw1 Gi1/0/1
 no switchport
 no ip address
 ip pim sparse-mode
 channel-group 2 mode on
!
interface GigabitEthernet1/1/4
 description mand-02-sw1 Gi1/0/2
 no switchport
 no ip address
 ip pim sparse-mode
 channel-group 2 mode on
!
interface TenGigabitEthernet1/1/1
 shutdown
 ip dhcp snooping limit rate 20
!
interface TenGigabitEthernet1/1/2
 shutdown
 ip dhcp snooping limit rate 20
!
interface Vlan1
 no ip address
 shutdown
!
interface Vlan50
 no ip address
!
interface Vlan401
 no ip address
!
interface Vlan480
 description SECURITY
 ip address 10.79.224.1 255.255.255.0
!
interface Vlan487
 description UNIX Servers - Production 1
 ip address 10.79.12.1 255.255.255.0
!
interface Vlan492
 description Wintel Servers - Administration
 ip address 10.79.7.1 255.255.255.0
 ip helper-address 10.79.0.5
 ip helper-address 10.19.0.108
 ip helper-address 10.19.0.109
!
interface Vlan493
 no ip address
!
interface Vlan499
 description Wintel Servers - Production 1
 ip address 10.79.0.1 255.255.255.0
!
interface Vlan501
 no ip address
!
interface Vlan799
 description Servers - iSCSI 1
 ip address 10.79.22.1 255.255.255.0
!
interface Vlan800
 description mand-wlan-ap-management
 ip address 10.79.246.1 255.255.255.224
 ip helper-address 10.79.0.5
!
interface Vlan801
 description mand-wlan-corporate-clients
 ip address 10.79.96.1 255.255.255.0
 ip helper-address 10.79.0.5
!
interface Vlan901
 description Ancilliary Device Management
 ip address 10.79.254.1 255.255.255.0
!
interface Vlan905
 no ip address
!
interface Vlan998
 description UNIX Management (ALOM)
 ip address 10.79.28.1 255.255.255.0
!
interface Vlan999
 description Wintel Management (RIB/iLO)
 ip address 10.79.24.1 255.255.255.0
 ip helper-address 10.73.0.5
 ip helper-address 10.19.0.108
 ip helper-address 10.19.0.109
!
!
router eigrp 79
 network 10.79.0.0 0.0.255.255
 redistribute connected
!
!
no ip http server
no ip http secure-server
!
ip pim rp-address 10.79.240.161
!
ip access-list standard APIC_EM
 remark --- APIC-EM Appliance ---
 permit 10.25.253.10
 deny   any
ip access-list standard NSG_TELNET
 permit 10.19.250.1
 permit 10.19.60.0 0.0.0.255
 permit 146.195.135.0 0.0.0.127
 permit 10.250.250.0 0.0.0.255
 permit 10.0.240.0 0.255.1.255
 permit 10.19.7.62 0.0.0.1
 deny   any log
ip access-list standard NSG_TELNET_SSH
 permit 146.195.81.24
 remark --- Nimsoft/CatTools Server Natted IP ---
 permit 146.195.81.25
 remark --- Nimsoft/CatTools Server ---
 permit 10.19.7.62
 remark --- HO Jumphost ---
 permit 172.30.0.10
 remark --- APIC EM - Controller ---
 permit 10.25.253.10
 permit 10.19.12.234
 remark --- Twister - OLD and NEW IP ---
 permit 146.195.135.0 0.0.0.127
 remark --- IT Subnet on Lvl2E ---
 permit 10.19.60.0 0.0.0.255
 remark --- SEAL WAN Subnet ---
 permit 10.250.250.0 0.0.0.255
 remark --- GWIP HO WAN Subnet ---
 permit 10.19.250.0 0.0.0.7
 remark --- Management Loopback subnet ---
 permit 10.0.240.0 0.255.0.255
 remark --- Empired Management Subnet ---
 permit 172.30.160.0 0.0.0.15
 remark --- Deny Anything Else ---
 deny   any log
ip access-list standard RO_SNMP
 remark --- Solarwinds Syslog Server ---
 permit 10.19.7.46
 remark --- Empired Management Subnet ---
 permit 172.30.160.0 0.0.0.255
 remark --- IT Subnet on Lvl2E ---
 permit 10.19.60.0 0.0.0.255
 deny   any
ip access-list standard RW_SNMP
 remark ---allow NNMi---
 permit 172.30.160.10
 deny   any
!
ip radius source-interface Loopback1 
ip sla enable reaction-alerts
logging trap debugging
logging source-interface Loopback1
logging host 10.19.7.46
logging host 172.30.160.11
logging host 172.30.160.10
logging host 172.30.161.10
access-list 5 permit 10.19.1.17 log
access-list 5 remark CSC Zetta - Allow Remote wakeup PC's
access-list 5 permit 10.19.7.49 log
access-list 5 permit 10.19.1.138 log
access-list 5 permit 10.19.1.134 log
!
!
snmp-server community eb6cIzuB RO RO_SNMP
snmp-server community Sp7ZyvwQ RW RW_SNMP
snmp-server community fc7cJzuC RO APIC_EM
snmp-server community gd8cKzuD RW APIC_EM
snmp-server location Mandurah Depot - T1 - Comms Room
snmp-server contact Network Systems x5444
snmp-server chassis-id 1-FDO1450K1UZ
snmp-server host 146.195.135.50 eb6cIzuB 
snmp ifmib ifindex persist
!
radius-server host 10.19.1.113
radius-server host 10.21.0.24
radius-server key 7 11502F302E403123070C127D052417090351432F0F5A4D517F76384509124C500346727F641F7D091256544256265D5522471D2F6B5E3F100031452D38206E2A06
radius-server load-balance method least-outstanding
!
!
banner exec ^C
 ********************************************************************
 * You are now logged into: WP                                      *
 * All activity is being logged for review by System Administrators *
 ********************************************************************
^C
banner login ^C
 ********************************************************************
 * [WARNING]                                                        *
 *                                                                  *
 * This system belongs to a private organisation. If you are not    *
 * authorised to access this system, exit immediately.              *
 * Unauthorised access to this system is forbidden by company       *
 * policies, national, and international laws.                      *
 * Unauthorised users are subject to criminal and civil penalties   *
 * as well as company initiated disciplinary proceedings.           *
 * By entry into this system you acknowledge that you are           *
 * authorised access and the level of privilege you subsequently    *
 * execute on this system. You further acknowledge that by entry    *
 * into this system you expect no privacy from monitoring.          *
 *                                                                  *
 *        ALL ACCESS TO THIS SYSTEM IS MONITORED AND LOGGED         *
 *                                                                  *
 ********************************************************************
^C
!
line con 0
 exec-timeout 15 0
 logging synchronous
 login authentication console
 transport output telnet
line vty 0 4
 access-class NSG_TELNET_SSH in
 exec-timeout 15 0
 logging synchronous
 length 0
 transport input ssh
 transport output ssh
line vty 5 15
 access-class NSG_TELNET_SSH in
 exec-timeout 15 0
 transport input ssh
 transport output ssh
!
ntp server 146.195.128.175
end

mand-01-sw1#Show ver
Cisco IOS Software, C3750E Software (C3750E-UNIVERSALK9-M), Version 15.0(2)SE10, RELEASE SOFTWARE (fc2)
Technical Support: http://www.cisco.com/techsupport
Copyright (c) 1986-2016 by Cisco Systems, Inc.
Compiled Mon 18-Jul-16 01:28 by prod_rel_team

ROM: Bootstrap program is C3750E boot loader
BOOTLDR: C3750E Boot Loader (C3750X-HBOOT-M) Version 12.2(53r)SE1, RELEASE SOFTWARE (fc1)

mand-01-sw1 uptime is 9 weeks, 5 days, 10 hours, 3 minutes
System returned to ROM by power-on
System restarted at 01:01:28 WST Sun Oct 15 2017
System image file is "flash:/c3750e-universalk9-mz.150-2.SE10.bin"


This product contains cryptographic features and is subject to United
States and local country laws governing import, export, transfer and
use. Delivery of Cisco cryptographic products does not imply
third-party authority to import, export, distribute or use encryption.
Importers, exporters, distributors and users are responsible for
compliance with U.S. and local country laws. By using this product you
agree to comply with applicable laws and regulations. If you are unable
to comply with U.S. and local laws, return this product immediately.

A summary of U.S. laws governing Cisco cryptographic products may be found at:
http://www.cisco.com/wwl/export/crypto/tool/stqrg.html

If you require further assistance please contact us by sending email to
export@cisco.com.

License Level: ipservices
License Type: Permanent
Next reload license Level: ipservices

cisco WS-C3750X-48P (PowerPC405) processor (revision A0) with 262144K bytes of memory.
Processor board ID FDO1450K1UZ
Last reset from power-on
16 Virtual Ethernet interfaces
1 FastEthernet interface
52 Gigabit Ethernet interfaces
2 Ten Gigabit Ethernet interfaces
The password-recovery mechanism is enabled.

512K bytes of flash-simulated non-volatile configuration memory.
Base ethernet MAC Address       : 50:3D:E5:36:5C:00
Motherboard assembly number     : 73-12553-04
Motherboard serial number       : FDO14510KS1
Model revision number           : A0
Motherboard revision number     : A0
Model number                    : WS-C3750X-48P-S
Daughterboard assembly number   : 800-32727-01
Daughterboard serial number     : FDO14510G6M
System serial number            : FDO1450K1UZ
Top Assembly Part Number        : 800-31324-01
Top Assembly Revision Number    : A0
Version ID                      : V01
CLEI Code Number                : COMJZ00ARA
Hardware Board Revision Number  : 0x02


Switch Ports Model              SW Version            SW Image                 
------ ----- -----              ----------            ----------               
*    1 54    WS-C3750X-48P      15.0(2)SE10           C3750E-UNIVERSALK9-M     


Configuration register is 0xF

mand-01-sw1#Show ip route
Codes: L - local, C - connected, S - static, R - RIP, M - mobile, B - BGP
       D - EIGRP, EX - EIGRP external, O - OSPF, IA - OSPF inter area 
       N1 - OSPF NSSA external type 1, N2 - OSPF NSSA external type 2
       E1 - OSPF external type 1, E2 - OSPF external type 2
       i - IS-IS, su - IS-IS summary, L1 - IS-IS level-1, L2 - IS-IS level-2
       ia - IS-IS inter area, * - candidate default, U - per-user static route
       o - ODR, P - periodic downloaded static route, H - NHRP, l - LISP
       + - replicated route, % - next hop override

Gateway of last resort is 10.79.242.5 to network 0.0.0.0

D*EX  0.0.0.0/0 [170/2562816] via 10.79.242.5, 1w2d, GigabitEthernet1/0/46
      10.0.0.0/8 is variably subnetted, 177 subnets, 8 masks
D EX     10.18.250.0/29 
           [170/20482816] via 10.79.242.1, 1w2d, GigabitEthernet1/0/45
D EX     10.19.0.0/16 
           [170/2562816] via 10.79.242.5, 1w2d, GigabitEthernet1/0/46
D EX     10.19.240.1/32 
           [170/7682816] via 10.79.242.1, 1w2d, GigabitEthernet1/0/45
D EX     10.19.240.2/32 
           [170/2562816] via 10.79.242.5, 1w2d, GigabitEthernet1/0/46
D EX     10.19.250.0/29 
           [170/20482816] via 10.79.242.1, 1w2d, GigabitEthernet1/0/45
D EX     10.21.240.1/32 
           [170/10242816] via 10.79.242.1, 1w2d, GigabitEthernet1/0/45
D EX     10.21.250.0/29 
           [170/20482816] via 10.79.242.1, 1w2d, GigabitEthernet1/0/45
D EX     10.25.243.136/30 
           [170/20482816] via 10.79.242.5, 1w2d, GigabitEthernet1/0/46
           [170/20482816] via 10.79.242.1, 1w2d, GigabitEthernet1/0/45
D EX     10.25.252.0/28 
           [170/20482816] via 10.79.242.5, 1w2d, GigabitEthernet1/0/46
           [170/20482816] via 10.79.242.1, 1w2d, GigabitEthernet1/0/45
D EX     10.65.0.0/16 
           [170/20482816] via 10.79.242.5, 1w2d, GigabitEthernet1/0/46
           [170/20482816] via 10.79.242.1, 1w2d, GigabitEthernet1/0/45
D EX     10.65.240.2/32 
           [170/20482816] via 10.79.242.5, 1w2d, GigabitEthernet1/0/46
D EX     10.65.243.136/30 
           [170/2562816] via 10.79.242.5, 1w2d, GigabitEthernet1/0/46
D EX     10.65.250.0/29 
           [170/20482816] via 10.79.242.1, 1w2d, GigabitEthernet1/0/45
D EX     10.65.252.0/28 
           [170/2562816] via 10.79.242.5, 1w2d, GigabitEthernet1/0/46
D EX     10.66.0.0/16 
           [170/20482816] via 10.79.242.1, 3d23h, GigabitEthernet1/0/45
D EX     10.66.0.0/17 
           [170/20482816] via 10.79.242.1, 1w2d, GigabitEthernet1/0/45
D EX     10.66.128.0/17 
           [170/20482816] via 10.79.242.1, 1w2d, GigabitEthernet1/0/45
D EX     10.66.240.1/32 
           [170/20482816] via 10.79.242.1, 1w2d, GigabitEthernet1/0/45
D EX     10.66.250.0/29 
           [170/20482816] via 10.79.242.1, 1w2d, GigabitEthernet1/0/45
D EX     10.67.0.0/16 
           [170/20482816] via 10.79.242.5, 1w2d, GigabitEthernet1/0/46
           [170/20482816] via 10.79.242.1, 1w2d, GigabitEthernet1/0/45
D EX     10.67.240.1/32 
           [170/20482816] via 10.79.242.1, 1w2d, GigabitEthernet1/0/45
D EX     10.67.240.2/32 
           [170/20482816] via 10.79.242.5, 1w2d, GigabitEthernet1/0/46
D EX     10.67.250.0/29 
           [170/20482816] via 10.79.242.1, 1w2d, GigabitEthernet1/0/45
D EX     10.68.0.0/16 
           [170/20482816] via 10.79.242.5, 1w2d, GigabitEthernet1/0/46
           [170/20482816] via 10.79.242.1, 1w2d, GigabitEthernet1/0/45
D EX     10.68.240.1/32 
           [170/20482816] via 10.79.242.1, 1w2d, GigabitEthernet1/0/45
D EX     10.68.240.2/32 
           [170/20482816] via 10.79.242.5, 1w2d, GigabitEthernet1/0/46
D EX     10.68.250.0/29 
           [170/20482816] via 10.79.242.1, 1w2d, GigabitEthernet1/0/45
D EX     10.69.0.0/16 
           [170/20482816] via 10.79.242.5, 1w2d, GigabitEthernet1/0/46
           [170/20482816] via 10.79.242.1, 1w2d, GigabitEthernet1/0/45
D EX     10.69.240.1/32 
           [170/20482816] via 10.79.242.1, 1w2d, GigabitEthernet1/0/45
D EX     10.69.240.2/32 
           [170/20482816] via 10.79.242.5, 1w2d, GigabitEthernet1/0/46
D EX     10.69.250.0/29 
           [170/20482816] via 10.79.242.1, 1w2d, GigabitEthernet1/0/45
D EX     10.70.0.0/16 
           [170/20482816] via 10.79.242.1, 00:26:29, GigabitEthernet1/0/45
D EX     10.70.0.0/17 
           [170/20482816] via 10.79.242.1, 1w2d, GigabitEthernet1/0/45
D EX     10.70.128.0/17 
           [170/20482816] via 10.79.242.1, 1w2d, GigabitEthernet1/0/45
D EX     10.70.240.1/32 
           [170/20482816] via 10.79.242.1, 1w2d, GigabitEthernet1/0/45
D EX     10.70.250.0/29 
           [170/20482816] via 10.79.242.1, 1w2d, GigabitEthernet1/0/45
D EX     10.71.0.0/16 
           [170/20482816] via 10.79.242.5, 1w2d, GigabitEthernet1/0/46
           [170/20482816] via 10.79.242.1, 1w2d, GigabitEthernet1/0/45
D EX     10.71.240.1/32 
           [170/20482816] via 10.79.242.1, 1w2d, GigabitEthernet1/0/45
D EX     10.71.240.2/32 
           [170/20482816] via 10.79.242.5, 1w2d, GigabitEthernet1/0/46
D EX     10.71.250.0/29 
           [170/20482816] via 10.79.242.1, 1w2d, GigabitEthernet1/0/45
D EX     10.72.0.0/16 
           [170/20482816] via 10.79.242.1, 00:35:24, GigabitEthernet1/0/45
D EX     10.72.0.0/17 
           [170/20482816] via 10.79.242.1, 1w2d, GigabitEthernet1/0/45
D EX     10.72.128.0/17 
           [170/20482816] via 10.79.242.1, 1w2d, GigabitEthernet1/0/45
D EX     10.72.240.1/32 
           [170/20482816] via 10.79.242.1, 1w2d, GigabitEthernet1/0/45
D EX     10.72.250.0/29 
           [170/20482816] via 10.79.242.1, 1w2d, GigabitEthernet1/0/45
D EX     10.73.0.0/16 
           [170/20482816] via 10.79.242.5, 1w2d, GigabitEthernet1/0/46
           [170/20482816] via 10.79.242.1, 1w2d, GigabitEthernet1/0/45
D EX     10.73.240.1/32 
           [170/20482816] via 10.79.242.1, 1w2d, GigabitEthernet1/0/45
D EX     10.73.240.2/32 
           [170/20482816] via 10.79.242.5, 1w2d, GigabitEthernet1/0/46
D EX     10.73.250.0/29 
           [170/20482816] via 10.79.242.1, 1w2d, GigabitEthernet1/0/45
D EX     10.74.250.0/29 
           [170/20482816] via 10.79.242.1, 1w2d, GigabitEthernet1/0/45
D EX     10.75.0.0/16 
           [170/20482816] via 10.79.242.5, 1w2d, GigabitEthernet1/0/46
           [170/20482816] via 10.79.242.1, 1w2d, GigabitEthernet1/0/45
D EX     10.75.240.1/32 
           [170/20482816] via 10.79.242.1, 1w2d, GigabitEthernet1/0/45
D EX     10.75.240.2/32 
           [170/20482816] via 10.79.242.5, 1w2d, GigabitEthernet1/0/46
D EX     10.75.250.0/29 
           [170/20482816] via 10.79.242.1, 1w2d, GigabitEthernet1/0/45
D EX     10.76.0.0/16 
           [170/20482816] via 10.79.242.1, 00:27:29, GigabitEthernet1/0/45
D EX     10.76.0.0/17 
           [170/20482816] via 10.79.242.1, 1w2d, GigabitEthernet1/0/45
D EX     10.76.128.0/17 
           [170/20482816] via 10.79.242.1, 1w2d, GigabitEthernet1/0/45
D EX     10.76.240.1/32 
           [170/20482816] via 10.79.242.1, 1w2d, GigabitEthernet1/0/45
D EX     10.76.250.0/29 
           [170/20482816] via 10.79.242.1, 1w2d, GigabitEthernet1/0/45
D EX     10.77.0.0/16 
           [170/20482816] via 10.79.242.1, 01:03:04, GigabitEthernet1/0/45
D EX     10.77.0.0/17 
           [170/20482816] via 10.79.242.1, 1w2d, GigabitEthernet1/0/45
D EX     10.77.128.0/17 
           [170/20482816] via 10.79.242.1, 1w2d, GigabitEthernet1/0/45
D EX     10.77.250.0/30 
           [170/20482816] via 10.79.242.1, 1w2d, GigabitEthernet1/0/45
D EX     10.78.0.0/16 
           [170/20482816] via 10.79.242.5, 1w2d, GigabitEthernet1/0/46
           [170/20482816] via 10.79.242.1, 1w2d, GigabitEthernet1/0/45
D EX     10.78.240.1/32 
           [170/20482816] via 10.79.242.1, 1w2d, GigabitEthernet1/0/45
D EX     10.78.240.2/32 
           [170/20482816] via 10.79.242.5, 1w2d, GigabitEthernet1/0/46
D EX     10.78.250.0/29 
           [170/20482816] via 10.79.242.1, 1w2d, GigabitEthernet1/0/45
D        10.79.0.0/16 is a summary, 7w0d, Null0
C        10.79.0.0/24 is directly connected, Vlan499
L        10.79.0.1/32 is directly connected, Vlan499
C        10.79.7.0/24 is directly connected, Vlan492
L        10.79.7.1/32 is directly connected, Vlan492
C        10.79.24.0/24 is directly connected, Vlan999
L        10.79.24.1/32 is directly connected, Vlan999
D EX     10.79.64.0/24 [170/3072] via 10.79.242.10, 1w2d, Port-channel1
D EX     10.79.65.0/24 [170/3072] via 10.79.242.14, 1w2d, Port-channel2
D EX     10.79.66.0/24 [170/3072] via 10.79.242.18, 1w2d, Port-channel3
D EX     10.79.128.0/24 [170/3072] via 10.79.242.10, 1w2d, Port-channel1
D EX     10.79.129.0/24 [170/3072] via 10.79.242.14, 1w2d, Port-channel2
D EX     10.79.130.0/24 [170/3072] via 10.79.242.18, 1w2d, Port-channel3
C        10.79.224.0/24 is directly connected, Vlan480
L        10.79.224.1/32 is directly connected, Vlan480
D        10.79.240.1/32 
           [90/130816] via 10.79.242.1, 1w2d, GigabitEthernet1/0/45
D        10.79.240.2/32 
           [90/130816] via 10.79.242.5, 1w2d, GigabitEthernet1/0/46
C        10.79.240.5/32 is directly connected, Loopback1
D EX     10.79.240.6/32 [170/129536] via 10.79.242.10, 1w2d, Port-channel1
D EX     10.79.240.7/32 
           [170/156160] via 10.79.242.21, 1w2d, GigabitEthernet1/0/43
D EX     10.79.240.8/32 [170/129536] via 10.79.242.14, 1w2d, Port-channel2
D EX     10.79.240.9/32 [170/129536] via 10.79.242.18, 1w2d, Port-channel3
C        10.79.240.161/32 is directly connected, Loopback161
C        10.79.242.0/30 is directly connected, GigabitEthernet1/0/45
L        10.79.242.2/32 is directly connected, GigabitEthernet1/0/45
C        10.79.242.4/30 is directly connected, GigabitEthernet1/0/46
L        10.79.242.6/32 is directly connected, GigabitEthernet1/0/46
C        10.79.242.8/30 is directly connected, Port-channel1
L        10.79.242.9/32 is directly connected, Port-channel1
C        10.79.242.12/30 is directly connected, Port-channel2
L        10.79.242.13/32 is directly connected, Port-channel2
C        10.79.242.16/30 is directly connected, Port-channel3
L        10.79.242.17/32 is directly connected, Port-channel3
C        10.79.242.20/30 is directly connected, GigabitEthernet1/0/43
L        10.79.242.22/32 is directly connected, GigabitEthernet1/0/43
D        10.79.250.0/30 
           [90/2585856] via 10.79.242.1, 1w2d, GigabitEthernet1/0/45
C        10.79.254.0/24 is directly connected, Vlan901
L        10.79.254.1/32 is directly connected, Vlan901
D EX     10.80.0.0/16 
           [170/20482816] via 10.79.242.1, 00:06:00, GigabitEthernet1/0/45
D EX     10.80.0.0/17 
           [170/20482816] via 10.79.242.1, 1w2d, GigabitEthernet1/0/45
D EX     10.80.128.0/17 
           [170/20482816] via 10.79.242.1, 1w2d, GigabitEthernet1/0/45
D EX     10.80.240.1/32 
           [170/20482816] via 10.79.242.1, 1w2d, GigabitEthernet1/0/45
D EX     10.80.250.0/30 
           [170/20482816] via 10.79.242.1, 1w2d, GigabitEthernet1/0/45
D EX     10.81.0.0/16 
           [170/20482816] via 10.79.242.1, 00:35:50, GigabitEthernet1/0/45
D EX     10.81.0.0/17 
           [170/20482816] via 10.79.242.1, 1w2d, GigabitEthernet1/0/45
D EX     10.81.128.0/17 
           [170/20482816] via 10.79.242.1, 1w2d, GigabitEthernet1/0/45
D EX     10.81.240.1/32 
           [170/20482816] via 10.79.242.1, 1w2d, GigabitEthernet1/0/45
D EX     10.81.250.0/30 
           [170/20482816] via 10.79.242.1, 1w2d, GigabitEthernet1/0/45
D EX     10.84.0.0/16 
           [170/20482816] via 10.79.242.1, 1d14h, GigabitEthernet1/0/45
D EX     10.84.0.0/17 
           [170/20482816] via 10.79.242.1, 1d14h, GigabitEthernet1/0/45
D EX     10.84.128.0/17 
           [170/20482816] via 10.79.242.1, 1d14h, GigabitEthernet1/0/45
D EX     10.84.240.1/32 
           [170/20482816] via 10.79.242.1, 1d14h, GigabitEthernet1/0/45
D EX     10.84.250.0/30 
           [170/20482816] via 10.79.242.1, 1w2d, GigabitEthernet1/0/45
D EX     10.85.0.0/16 
           [170/20482816] via 10.79.242.1, 00:03:35, GigabitEthernet1/0/45
D EX     10.85.0.0/17 
           [170/20482816] via 10.79.242.1, 1w2d, GigabitEthernet1/0/45
D EX     10.85.128.0/17 
           [170/20482816] via 10.79.242.1, 1w2d, GigabitEthernet1/0/45
D EX     10.85.240.1/32 
           [170/20482816] via 10.79.242.1, 1w2d, GigabitEthernet1/0/45
D EX     10.85.250.0/30 
           [170/20482816] via 10.79.242.1, 1w2d, GigabitEthernet1/0/45
D EX     10.86.0.0/16 
           [170/20482816] via 10.79.242.5, 1w2d, GigabitEthernet1/0/46
           [170/20482816] via 10.79.242.1, 1w2d, GigabitEthernet1/0/45
D EX     10.86.64.16/30 
           [170/20482816] via 10.79.242.1, 1w2d, GigabitEthernet1/0/45
D EX     10.86.64.20/30 
           [170/20482816] via 10.79.242.1, 1w2d, GigabitEthernet1/0/45
D EX     10.86.65.16/30 
           [170/20482816] via 10.79.242.1, 1w2d, GigabitEthernet1/0/45
D EX     10.86.65.20/30 
           [170/20482816] via 10.79.242.1, 1w2d, GigabitEthernet1/0/45
D EX     10.86.240.1/32 
           [170/20482816] via 10.79.242.1, 1w2d, GigabitEthernet1/0/45
D EX     10.86.240.2/32 
           [170/20482816] via 10.79.242.5, 1w2d, GigabitEthernet1/0/46
D EX     10.87.0.0/16 
           [170/20482816] via 10.79.242.1, 00:09:30, GigabitEthernet1/0/45
D EX     10.87.0.0/17 
           [170/20482816] via 10.79.242.1, 1w2d, GigabitEthernet1/0/45
D EX     10.87.128.0/17 
           [170/20482816] via 10.79.242.1, 1w2d, GigabitEthernet1/0/45
D EX     10.87.240.1/32 
           [170/20482816] via 10.79.242.1, 1w2d, GigabitEthernet1/0/45
D EX     10.87.250.0/30 
           [170/20482816] via 10.79.242.1, 1w2d, GigabitEthernet1/0/45
D EX     10.88.0.0/16 
           [170/20482816] via 10.79.242.1, 21:03:16, GigabitEthernet1/0/45
D EX     10.88.0.0/17 
           [170/20482816] via 10.79.242.1, 1w2d, GigabitEthernet1/0/45
D EX     10.88.128.0/17 
           [170/20482816] via 10.79.242.1, 1w2d, GigabitEthernet1/0/45
D EX     10.88.240.1/32 
           [170/20482816] via 10.79.242.1, 1w2d, GigabitEthernet1/0/45
D EX     10.88.250.0/30 
           [170/20482816] via 10.79.242.1, 1w2d, GigabitEthernet1/0/45
D EX     10.89.0.0/16 
           [170/20482816] via 10.79.242.1, 00:06:34, GigabitEthernet1/0/45
D EX     10.89.0.0/17 
           [170/20482816] via 10.79.242.1, 1w2d, GigabitEthernet1/0/45
D EX     10.89.128.0/17 
           [170/20482816] via 10.79.242.1, 1w2d, GigabitEthernet1/0/45
D EX     10.89.240.1/32 
           [170/20482816] via 10.79.242.1, 1w2d, GigabitEthernet1/0/45
D EX     10.89.250.0/30 
           [170/20482816] via 10.79.242.1, 1w2d, GigabitEthernet1/0/45
D EX     10.90.0.0/16 
           [170/20482816] via 10.79.242.1, 00:05:15, GigabitEthernet1/0/45
D EX     10.90.0.0/17 
           [170/20482816] via 10.79.242.1, 1w2d, GigabitEthernet1/0/45
D EX     10.90.128.0/17 
           [170/20482816] via 10.79.242.1, 1w2d, GigabitEthernet1/0/45
D EX     10.90.240.1/32 
           [170/20482816] via 10.79.242.1, 1w2d, GigabitEthernet1/0/45
D EX     10.90.250.0/30 
           [170/20482816] via 10.79.242.1, 1w2d, GigabitEthernet1/0/45
D EX     10.91.0.0/16 
           [170/20482816] via 10.79.242.1, 1w2d, GigabitEthernet1/0/45
D EX     10.91.240.1/32 
           [170/20482816] via 10.79.242.1, 1w2d, GigabitEthernet1/0/45
D EX     10.91.250.0/30 
           [170/20482816] via 10.79.242.1, 1w2d, GigabitEthernet1/0/45
D EX     10.92.0.0/17 
           [170/20482816] via 10.79.242.1, 1w2d, GigabitEthernet1/0/45
D EX     10.92.128.0/17 
           [170/20482816] via 10.79.242.1, 1w2d, GigabitEthernet1/0/45
D EX     10.92.240.1/32 
           [170/20482816] via 10.79.242.1, 1w2d, GigabitEthernet1/0/45
D EX     10.92.250.0/30 
           [170/20482816] via 10.79.242.1, 1w2d, GigabitEthernet1/0/45
D EX     10.93.0.0/17 
           [170/20482816] via 10.79.242.1, 1w2d, GigabitEthernet1/0/45
D EX     10.93.128.0/17 
           [170/20482816] via 10.79.242.1, 1w2d, GigabitEthernet1/0/45
D EX     10.93.240.1/32 
           [170/20482816] via 10.79.242.1, 1w2d, GigabitEthernet1/0/45
D EX     10.93.250.0/30 
           [170/20482816] via 10.79.242.1, 1w2d, GigabitEthernet1/0/45
D EX     10.97.0.0/16 
           [170/20482816] via 10.79.242.1, 1w2d, GigabitEthernet1/0/45
D EX     10.97.250.0/29 
           [170/20482816] via 10.79.242.1, 1w2d, GigabitEthernet1/0/45
D EX     10.98.0.0/16 
           [170/20482816] via 10.79.242.1, 00:35:10, GigabitEthernet1/0/45
D EX     10.98.0.0/17 
           [170/20482816] via 10.79.242.1, 1w2d, GigabitEthernet1/0/45
D EX     10.98.128.0/17 
           [170/20482816] via 10.79.242.1, 1w2d, GigabitEthernet1/0/45
D EX     10.98.250.0/29 
           [170/20482816] via 10.79.242.1, 1w2d, GigabitEthernet1/0/45
D EX     10.107.250.0/29 
           [170/20482816] via 10.79.242.1, 1w2d, GigabitEthernet1/0/45
D EX     10.110.0.0/16 
           [170/20482816] via 10.79.242.1, 1w2d, GigabitEthernet1/0/45
D EX     10.110.240.1/32 
           [170/20482816] via 10.79.242.1, 1w2d, GigabitEthernet1/0/45
D EX     10.110.250.0/29 
           [170/20482816] via 10.79.242.1, 1w2d, GigabitEthernet1/0/45
D EX     10.248.250.0/25 
           [170/20482816] via 10.79.242.1, 1w2d, GigabitEthernet1/0/45
D EX     10.248.250.128/25 
           [170/20482816] via 10.79.242.1, 1w2d, GigabitEthernet1/0/45
D        10.250.250.0/24 
           [90/281856] via 10.79.242.5, 1w2d, GigabitEthernet1/0/46
D EX     10.252.252.0/24 
           [170/20482816] via 10.79.242.5, 1w2d, GigabitEthernet1/0/46
           [170/20482816] via 10.79.242.1, 1w2d, GigabitEthernet1/0/45
      30.0.0.0/29 is subnetted, 1 subnets
D EX     30.20.57.120 
           [170/20482816] via 10.79.242.1, 1w2d, GigabitEthernet1/0/45
      144.140.0.0/16 is variably subnetted, 14 subnets, 3 masks
D EX     144.140.162.40/29 
           [170/20482816] via 10.79.242.1, 1w2d, GigabitEthernet1/0/45
D EX     144.140.162.48/28 
           [170/20482816] via 10.79.242.1, 1w2d, GigabitEthernet1/0/45
D EX     144.140.162.80/28 
           [170/20482816] via 10.79.242.1, 1w2d, GigabitEthernet1/0/45
D EX     144.140.181.80/28 
           [170/20482816] via 10.79.242.1, 1w2d, GigabitEthernet1/0/45
D EX     144.140.201.1/32 
           [170/20482816] via 10.79.242.1, 1w2d, GigabitEthernet1/0/45
D EX     144.140.201.2/32 
           [170/20482816] via 10.79.242.1, 1w2d, GigabitEthernet1/0/45
D EX     144.140.201.3/32 
           [170/20482816] via 10.79.242.1, 1w2d, GigabitEthernet1/0/45
D EX     144.140.201.16/28 
           [170/20482816] via 10.79.242.1, 1w2d, GigabitEthernet1/0/45
D EX     144.140.208.16/29 
           [170/20482816] via 10.79.242.1, 1w2d, GigabitEthernet1/0/45
D EX     144.140.208.32/28 
           [170/20482816] via 10.79.242.1, 1w2d, GigabitEthernet1/0/45
D EX     144.140.208.80/28 
           [170/20482816] via 10.79.242.1, 1w2d, GigabitEthernet1/0/45
D EX     144.140.218.96/28 
           [170/20482816] via 10.79.242.1, 1w2d, GigabitEthernet1/0/45
D EX     144.140.222.32/28 
           [170/20482816] via 10.79.242.1, 1w2d, GigabitEthernet1/0/45
D EX     144.140.224.32/28 
           [170/20482816] via 10.79.242.1, 1w2d, GigabitEthernet1/0/45
      146.195.0.0/16 is variably subnetted, 6 subnets, 4 masks
D EX     146.195.21.0/29 
           [170/2562816] via 10.79.242.5, 1w2d, GigabitEthernet1/0/46
D EX     146.195.30.0/24 
           [170/2562816] via 10.79.242.5, 1w2d, GigabitEthernet1/0/46
D EX     146.195.31.0/24 
           [170/2562816] via 10.79.242.5, 1w2d, GigabitEthernet1/0/46
D EX     146.195.39.0/24 
           [170/2562816] via 10.79.242.5, 1w2d, GigabitEthernet1/0/46
D EX     146.195.180.0/22 
           [170/2562816] via 10.79.242.5, 1w2d, GigabitEthernet1/0/46
D EX     146.195.255.20/32 
           [170/7682816] via 10.79.242.1, 1w2d, GigabitEthernet1/0/45
      172.16.0.0/24 is subnetted, 1 subnets
D EX     172.16.65.0 
           [170/20482816] via 10.79.242.5, 1w2d, GigabitEthernet1/0/46
           [170/20482816] via 10.79.242.1, 1w2d, GigabitEthernet1/0/45
      172.17.0.0/24 is subnetted, 1 subnets
D EX     172.17.65.0 
           [170/20482816] via 10.79.242.5, 1w2d, GigabitEthernet1/0/46
           [170/20482816] via 10.79.242.1, 1w2d, GigabitEthernet1/0/45
      172.24.0.0/16 is variably subnetted, 6 subnets, 3 masks
D EX     172.24.96.0/21 
           [170/20482816] via 10.79.242.5, 1w2d, GigabitEthernet1/0/46
           [170/20482816] via 10.79.242.1, 1w2d, GigabitEthernet1/0/45
D EX     172.24.108.0/24 
           [170/20482816] via 10.79.242.5, 1w2d, GigabitEthernet1/0/46
           [170/20482816] via 10.79.242.1, 1w2d, GigabitEthernet1/0/45
D EX     172.24.109.0/24 
           [170/20482816] via 10.79.242.5, 1w2d, GigabitEthernet1/0/46
           [170/20482816] via 10.79.242.1, 1w2d, GigabitEthernet1/0/45
D EX     172.24.112.0/22 
           [170/20482816] via 10.79.242.5, 1w2d, GigabitEthernet1/0/46
           [170/20482816] via 10.79.242.1, 1w2d, GigabitEthernet1/0/45
D EX     172.24.120.0/24 
           [170/20482816] via 10.79.242.5, 1w2d, GigabitEthernet1/0/46
           [170/20482816] via 10.79.242.1, 1w2d, GigabitEthernet1/0/45
D EX     172.24.192.0/24 
           [170/20482816] via 10.79.242.5, 1w2d, GigabitEthernet1/0/46
           [170/20482816] via 10.79.242.1, 1w2d, GigabitEthernet1/0/45
      172.25.0.0/16 is variably subnetted, 2 subnets, 2 masks
D EX     172.25.104.0/24 
           [170/20482816] via 10.79.242.5, 1w2d, GigabitEthernet1/0/46
           [170/20482816] via 10.79.242.1, 1w2d, GigabitEthernet1/0/45
D EX     172.25.105.0/26 
           [170/20482816] via 10.79.242.5, 1w2d, GigabitEthernet1/0/46
           [170/20482816] via 10.79.242.1, 1w2d, GigabitEthernet1/0/45
      172.27.0.0/26 is subnetted, 1 subnets
D EX     172.27.0.0 
           [170/20482816] via 10.79.242.5, 1w2d, GigabitEthernet1/0/46
           [170/20482816] via 10.79.242.1, 1w2d, GigabitEthernet1/0/45
      172.28.0.0/26 is subnetted, 1 subnets
D EX     172.28.8.64 
           [170/20482816] via 10.79.242.5, 1w2d, GigabitEthernet1/0/46
           [170/20482816] via 10.79.242.1, 1w2d, GigabitEthernet1/0/45
      172.29.0.0/24 is subnetted, 1 subnets
D EX     172.29.1.0 
           [170/20482816] via 10.79.242.5, 1w2d, GigabitEthernet1/0/46
           [170/20482816] via 10.79.242.1, 1w2d, GigabitEthernet1/0/45
      202.12.199.0/32 is subnetted, 6 subnets
D EX     202.12.199.90 
           [170/20482816] via 10.79.242.1, 1w2d, GigabitEthernet1/0/45
D EX     202.12.199.91 
           [170/20482816] via 10.79.242.1, 1w2d, GigabitEthernet1/0/45
D EX     202.12.199.92 
           [170/20482816] via 10.79.242.1, 1w2d, GigabitEthernet1/0/45
D EX     202.12.199.93 
           [170/20482816] via 10.79.242.1, 1w2d, GigabitEthernet1/0/45
D EX     202.12.199.187 
           [170/20482816] via 10.79.242.1, 1w2d, GigabitEthernet1/0/45
D EX     202.12.199.199 
           [170/20482816] via 10.79.242.1, 1w2d, GigabitEthernet1/0/45
      203.41.188.0/28 is subnetted, 1 subnets
D EX     203.41.188.96 
           [170/20482816] via 10.79.242.1, 1w2d, GigabitEthernet1/0/45
      203.42.70.0/28 is subnetted, 1 subnets
D EX     203.42.70.224 
           [170/20482816] via 10.79.242.1, 1w2d, GigabitEthernet1/0/45
      203.52.0.0/24 is variably subnetted, 2 subnets, 2 masks
D EX     203.52.0.0/24 
           [170/20482816] via 10.79.242.1, 1w2d, GigabitEthernet1/0/45
D EX     203.52.0.192/27 
           [170/20482816] via 10.79.242.1, 1w2d, GigabitEthernet1/0/45
      203.52.1.0/24 is variably subnetted, 2 subnets, 2 masks
D EX     203.52.1.0/24 
           [170/20482816] via 10.79.242.1, 1w2d, GigabitEthernet1/0/45
D EX     203.52.1.192/27 
           [170/20482816] via 10.79.242.1, 1w2d, GigabitEthernet1/0/45
      203.52.2.0/28 is subnetted, 1 subnets
D EX     203.52.2.160 
           [170/20482816] via 10.79.242.1, 1w2d, GigabitEthernet1/0/45
mand-01-sw1#Show inv
NAME: "1", DESCR: "WS-C3750X-48P"
PID: WS-C3750X-48P-S   , VID: V01  , SN: FDO1450K1UZ

NAME: "Switch 1 - Power Supply 0", DESCR: "FRU Power Supply"
PID: C3KX-PWR-715WAC   , VID: V01L , SN: LIT144801DR

NAME: "Switch 1 - Power Supply 1", DESCR: "FRU Power Supply"
PID: C3KX-PWR-715WAC   , VID: V01L , SN: LIT144801D4

NAME: "Switch 1 - FRULink Slot 1 - FRULink Module", DESCR: "FRULink 10G ST Module"
PID: C3KX-NM-10G       , VID: V01  , SN: FDO145013A5

NAME: "GigabitEthernet1/1/1", DESCR: "1000BaseSX SFP"
PID: SFP-GE-S            , VID: V01  , SN: AGM1449P4XV     

NAME: "GigabitEthernet1/1/2", DESCR: "1000BaseSX SFP"
PID: SFP-GE-S            , VID: V01  , SN: AGM1449P1L1     

NAME: "GigabitEthernet1/1/3", DESCR: "1000BaseSX SFP"
PID: SFP-GE-S            , VID: V01  , SN: AGM1449P4JQ     

NAME: "GigabitEthernet1/1/4", DESCR: "1000BaseSX SFP"
PID: SFP-GE-S            , VID: V01  , SN: AGM1449P1MD     


mand-01-sw1#
mand-01-sw1#exit
