=~=~=~=~=~=~=~=~=~=~=~= PuTTY log 2017.12.22 10:59:15 =~=~=~=~=~=~=~=~=~=~=~=
login as: n039941

 ********************************************************************
 * [WARNING]                                                        *
 *                                                                  *
 * This system belongs to a private organisation. If you are not    *
 * authorised to access this system, exit immediately.              *
 * Unauthorised access to this system is forbidden by company       *
 * policies, national, and international laws.                      *
 * Unauthorised users are subject to criminal and civil penalties   *
 * as well as company initiated disciplinary proceedings.           *
 * By entry into this system you acknowledge that you are           *
 * authorised access and the level of privilege you subsequently    *
 * execute on this system. You further acknowledge that by entry    *
 * into this system you expect no privacy from monitoring.          *
 *                                                                  *
 *        ALL ACCESS TO THIS SYSTEM IS MONITORED AND LOGGED         *
 *                                                                  *
 ********************************************************************
Using keyboard-interactive authentication.
Password: 

 ********************************************************************
 * You are now logged into: WP                                      *
 * All activity is being logged for review by System Administrators *
 ********************************************************************

mand-02-sw1>en
Password: 
mand-02-sw1#term len 0
mand-02-sw1#Show cdp nei
Capability Codes: R - Router, T - Trans Bridge, B - Source Route Bridge
                  S - Switch, H - Host, I - IGMP, r - Repeater, P - Phone, 
                  D - Remote, C - CVTA, M - Two-port Mac Relay 

Device ID        Local Intrfce     Holdtme    Capability  Platform  Port ID
mand-01-sw1.ads.westernpower.com.au
                 Gig 1/0/2         143             R S I  WS-C3750X Gig 1/1/4
mand-01-sw1.ads.westernpower.com.au
                 Gig 1/0/1         143             R S I  WS-C3750X Gig 1/1/3
SEP0025459342D4  Fas 1/0/2         179             H P M  IP Phone  Port 1
mand-02-sw1#Show int status

Port      Name               Status       Vlan       Duplex  Speed Type
Fa1/0/1   noticeboard        notconnect   401          auto   auto 10/100BaseTX
Fa1/0/2                      connected    401        a-full  a-100 10/100BaseTX
Fa1/0/3                      notconnect   401          auto   auto 10/100BaseTX
Fa1/0/4   Security Device    notconnect   902          auto   auto 10/100BaseTX
Fa1/0/5                      notconnect   401          auto   auto 10/100BaseTX
Fa1/0/6                      notconnect   401          auto   auto 10/100BaseTX
Fa1/0/7                      notconnect   401          auto   auto 10/100BaseTX
Fa1/0/8                      notconnect   401          auto   auto 10/100BaseTX
Fa1/0/9                      notconnect   401          auto   auto 10/100BaseTX
Fa1/0/10                     notconnect   401          auto   auto 10/100BaseTX
Fa1/0/11  noticeboard        connected    401        a-full  a-100 10/100BaseTX
Fa1/0/12                     notconnect   401          auto   auto 10/100BaseTX
Fa1/0/13                     notconnect   401          auto   auto 10/100BaseTX
Fa1/0/14                     notconnect   401          auto   auto 10/100BaseTX
Fa1/0/15                     notconnect   401          auto   auto 10/100BaseTX
Fa1/0/16                     notconnect   401          auto   auto 10/100BaseTX
Fa1/0/17                     notconnect   401          auto   auto 10/100BaseTX
Fa1/0/18                     notconnect   401          auto   auto 10/100BaseTX
Fa1/0/19                     notconnect   401          auto   auto 10/100BaseTX
Fa1/0/20                     notconnect   401          auto   auto 10/100BaseTX
Fa1/0/21                     notconnect   401          auto   auto 10/100BaseTX
Fa1/0/22                     notconnect   401          auto   auto 10/100BaseTX
Fa1/0/23                     notconnect   401          auto   auto 10/100BaseTX
Fa1/0/24                     notconnect   401          auto   auto 10/100BaseTX
Gi1/0/1   ** Connect to mand connected    routed     a-full a-1000 1000BaseSX SFP
Gi1/0/2   ** Connect to mand connected    routed     a-full a-1000 1000BaseSX SFP
Po2       connect to mand-01 connected    routed     a-full a-1000 
mand-02-sw1#Show ip arp
Protocol  Address          Age (min)  Hardware Addr   Type   Interface
Internet  10.79.65.1              -   8cb6.4f11.9fc4  ARPA   Vlan401
Internet  10.79.65.32           144   90ac.3f00.237c  ARPA   Vlan401
Internet  10.79.65.34            14   f0de.f17e.d79e  ARPA   Vlan401
Internet  10.79.65.42             0   Incomplete      ARPA   
Internet  10.79.129.1             -   8cb6.4f11.9fc5  ARPA   Vlan501
Internet  10.79.129.30           11   0025.4593.42d4  ARPA   Vlan501
Internet  10.79.200.33            -   8cb6.4f11.9fc7  ARPA   Vlan902
Internet  10.79.220.1             -   8cb6.4f11.9fc6  ARPA   Vlan666
Internet  10.79.242.13           20   503d.e536.5c42  ARPA   Port-channel2
Internet  10.79.242.14            -   8cb6.4f11.9fc1  ARPA   Port-channel2
mand-02-sw1#Show mac add
          Mac Address Table
-------------------------------------------

Vlan    Mac Address       Type        Ports
----    -----------       --------    -----
 All    0100.0ccc.cccc    STATIC      CPU
 All    0100.0ccc.cccd    STATIC      CPU
 All    0180.c200.0000    STATIC      CPU
 All    0180.c200.0001    STATIC      CPU
 All    0180.c200.0002    STATIC      CPU
 All    0180.c200.0003    STATIC      CPU
 All    0180.c200.0004    STATIC      CPU
 All    0180.c200.0005    STATIC      CPU
 All    0180.c200.0006    STATIC      CPU
 All    0180.c200.0007    STATIC      CPU
 All    0180.c200.0008    STATIC      CPU
 All    0180.c200.0009    STATIC      CPU
 All    0180.c200.000a    STATIC      CPU
 All    0180.c200.000b    STATIC      CPU
 All    0180.c200.000c    STATIC      CPU
 All    0180.c200.000d    STATIC      CPU
 All    0180.c200.000e    STATIC      CPU
 All    0180.c200.000f    STATIC      CPU
 All    0180.c200.0010    STATIC      CPU
 All    ffff.ffff.ffff    STATIC      CPU
 401    0025.4593.42d4    DYNAMIC     Fa1/0/2
 401    90ac.3f00.237c    DYNAMIC     Fa1/0/11
 501    0025.4593.42d4    DYNAMIC     Fa1/0/2
Total Mac Addresses for this criterion: 23
mand-02-sw1#Show int | inc (rops|otoc)
Vlan1 is administratively down, line protocol is down 
  Input queue: 0/75/0/0 (size/max/drops/flushes); Total output drops: 0
     0 unknown protocol drops
Vlan401 is up, line protocol is up 
  Input queue: 0/75/0/0 (size/max/drops/flushes); Total output drops: 0
     0 unknown protocol drops
Vlan501 is up, line protocol is up 
  Input queue: 0/75/0/0 (size/max/drops/flushes); Total output drops: 0
     0 unknown protocol drops
Vlan666 is up, line protocol is down 
  Input queue: 0/75/0/0 (size/max/drops/flushes); Total output drops: 0
     0 unknown protocol drops
Vlan902 is up, line protocol is down 
  Input queue: 0/75/0/0 (size/max/drops/flushes); Total output drops: 0
     0 unknown protocol drops
FastEthernet1/0/1 is down, line protocol is down (notconnect) 
  Input queue: 0/75/0/0 (size/max/drops/flushes); Total output drops: 0
     0 unknown protocol drops
FastEthernet1/0/2 is up, line protocol is up (connected) 
  Input queue: 0/75/0/0 (size/max/drops/flushes); Total output drops: 3394
     0 unknown protocol drops
FastEthernet1/0/3 is down, line protocol is down (notconnect) 
  Input queue: 0/75/0/0 (size/max/drops/flushes); Total output drops: 0
     0 unknown protocol drops
FastEthernet1/0/4 is down, line protocol is down (notconnect) 
  Input queue: 0/75/0/0 (size/max/drops/flushes); Total output drops: 0
     0 unknown protocol drops
FastEthernet1/0/5 is down, line protocol is down (notconnect) 
  Input queue: 0/75/0/0 (size/max/drops/flushes); Total output drops: 0
     0 unknown protocol drops
FastEthernet1/0/6 is down, line protocol is down (notconnect) 
  Input queue: 0/75/0/0 (size/max/drops/flushes); Total output drops: 0
     0 unknown protocol drops
FastEthernet1/0/7 is down, line protocol is down (notconnect) 
  Input queue: 0/75/0/0 (size/max/drops/flushes); Total output drops: 0
     0 unknown protocol drops
FastEthernet1/0/8 is down, line protocol is down (notconnect) 
  Input queue: 0/75/0/0 (size/max/drops/flushes); Total output drops: 0
     0 unknown protocol drops
FastEthernet1/0/9 is down, line protocol is down (notconnect) 
  Input queue: 0/75/0/0 (size/max/drops/flushes); Total output drops: 0
     0 unknown protocol drops
FastEthernet1/0/10 is down, line protocol is down (notconnect) 
  Input queue: 0/75/0/0 (size/max/drops/flushes); Total output drops: 0
     0 unknown protocol drops
FastEthernet1/0/11 is up, line protocol is up (connected) 
  Input queue: 0/75/0/0 (size/max/drops/flushes); Total output drops: 0
     0 unknown protocol drops
FastEthernet1/0/12 is down, line protocol is down (notconnect) 
  Input queue: 0/75/0/0 (size/max/drops/flushes); Total output drops: 0
     0 unknown protocol drops
FastEthernet1/0/13 is down, line protocol is down (notconnect) 
  Input queue: 0/75/0/0 (size/max/drops/flushes); Total output drops: 0
     0 unknown protocol drops
FastEthernet1/0/14 is down, line protocol is down (notconnect) 
  Input queue: 0/75/0/0 (size/max/drops/flushes); Total output drops: 0
     0 unknown protocol drops
FastEthernet1/0/15 is down, line protocol is down (notconnect) 
  Input queue: 0/75/0/0 (size/max/drops/flushes); Total output drops: 0
     0 unknown protocol drops
FastEthernet1/0/16 is down, line protocol is down (notconnect) 
  Input queue: 0/75/0/0 (size/max/drops/flushes); Total output drops: 0
     0 unknown protocol drops
FastEthernet1/0/17 is down, line protocol is down (notconnect) 
  Input queue: 0/75/0/0 (size/max/drops/flushes); Total output drops: 0
     0 unknown protocol drops
FastEthernet1/0/18 is down, line protocol is down (notconnect) 
  Input queue: 0/75/0/0 (size/max/drops/flushes); Total output drops: 0
     0 unknown protocol drops
FastEthernet1/0/19 is down, line protocol is down (notconnect) 
  Input queue: 0/75/0/0 (size/max/drops/flushes); Total output drops: 0
     0 unknown protocol drops
FastEthernet1/0/20 is down, line protocol is down (notconnect) 
  Input queue: 0/75/0/0 (size/max/drops/flushes); Total output drops: 0
     0 unknown protocol drops
FastEthernet1/0/21 is down, line protocol is down (notconnect) 
  Input queue: 0/75/0/0 (size/max/drops/flushes); Total output drops: 0
     0 unknown protocol drops
FastEthernet1/0/22 is down, line protocol is down (notconnect) 
  Input queue: 0/75/0/0 (size/max/drops/flushes); Total output drops: 0
     0 unknown protocol drops
FastEthernet1/0/23 is down, line protocol is down (notconnect) 
  Input queue: 0/75/0/0 (size/max/drops/flushes); Total output drops: 0
     0 unknown protocol drops
FastEthernet1/0/24 is down, line protocol is down (notconnect) 
  Input queue: 0/75/0/0 (size/max/drops/flushes); Total output drops: 0
     0 unknown protocol drops
GigabitEthernet1/0/1 is up, line protocol is up (connected) 
  Input queue: 0/75/0/0 (size/max/drops/flushes); Total output drops: 0
     0 unknown protocol drops
GigabitEthernet1/0/2 is up, line protocol is up (connected) 
  Input queue: 0/75/0/0 (size/max/drops/flushes); Total output drops: 0
     0 unknown protocol drops
Port-channel2 is up, line protocol is up (connected) 
  Input queue: 0/75/0/0 (size/max/drops/flushes); Total output drops: 0
     0 unknown protocol drops
Loopback1 is up, line protocol is up 
  Input queue: 0/75/0/0 (size/max/drops/flushes); Total output drops: 0
     0 unknown protocol drops
mand-02-sw1#Show run
Building configuration...

Current configuration : 21717 bytes
!
! Last configuration change at 19:11:05 WST Tue Dec 12 2017 by n040454
! NVRAM config last updated at 19:08:29 WST Tue Dec 12 2017 by n040454
!
version 15.0
no service pad
service timestamps debug datetime msec localtime
service timestamps log datetime msec localtime
no service password-encryption
!
hostname mand-02-sw1
!
boot-start-marker
boot-end-marker
!
!
logging buffered 64000
no logging console
enable secret 4 26Y5WbmBWDgWHIvNLDC6rcFPZFfZmn/Bmjb2/s10MhI
!
username westernpower privilege 15 secret 4 26Y5WbmBWDgWHIvNLDC6rcFPZFfZmn/Bmjb2/s10MhI
aaa new-model
!
!
aaa authentication fail-message ^C
 ********************************************************************
 *      The supplied Username and/or Password is not valid.         *
 *  This failed login attempt has been recorded for audit purposes. *
 ********************************************************************
^C
aaa authentication login default group radius enable
aaa authentication login console enable
aaa authorization exec default if-authenticated 
aaa accounting send stop-record authentication failure
aaa accounting exec default start-stop group radius
!
!
!
!
!
!
aaa session-id common
clock timezone WST 8 0
switch 1 provision ws-c3750v2-24ps
system mtu routing 1500
vtp domain MAND
vtp mode transparent
udld enable

no ip source-route
ip routing
no ip domain-lookup
ip domain-name ads.westernpower.com.au
!
!
!
ip dhcp snooping vlan 1,401,501
no ip dhcp snooping information option
ip dhcp snooping
ip multicast-routing distributed
login on-failure log
login on-success log
!
mls qos map policed-dscp  24 26 46 to 0
mls qos map cos-dscp 0 8 16 24 32 46 48 56
mls qos srr-queue input bandwidth 90 10
mls qos srr-queue input threshold 1 8 16
mls qos srr-queue input threshold 2 34 66
mls qos srr-queue input buffers 67 33 
mls qos srr-queue input cos-map queue 1 threshold 2 1
mls qos srr-queue input cos-map queue 1 threshold 3 0
mls qos srr-queue input cos-map queue 2 threshold 1 2
mls qos srr-queue input cos-map queue 2 threshold 2 4 6 7
mls qos srr-queue input cos-map queue 2 threshold 3 3 5
mls qos srr-queue input dscp-map queue 1 threshold 2 9 10 11 12 13 14 15
mls qos srr-queue input dscp-map queue 1 threshold 3 0 1 2 3 4 5 6 7
mls qos srr-queue input dscp-map queue 1 threshold 3 32
mls qos srr-queue input dscp-map queue 2 threshold 1 16 17 18 19 20 21 22 23
mls qos srr-queue input dscp-map queue 2 threshold 2 33 34 35 36 37 38 39 48
mls qos srr-queue input dscp-map queue 2 threshold 2 49 50 51 52 53 54 55 56
mls qos srr-queue input dscp-map queue 2 threshold 2 57 58 59 60 61 62 63
mls qos srr-queue input dscp-map queue 2 threshold 3 24 25 26 27 28 29 30 31
mls qos srr-queue input dscp-map queue 2 threshold 3 40 41 42 43 44 45 46 47
mls qos srr-queue output cos-map queue 1 threshold 3 5
mls qos srr-queue output cos-map queue 2 threshold 3 3 6 7
mls qos srr-queue output cos-map queue 3 threshold 3 2 4
mls qos srr-queue output cos-map queue 4 threshold 2 1
mls qos srr-queue output cos-map queue 4 threshold 3 0
mls qos srr-queue output dscp-map queue 1 threshold 3 40 41 42 43 44 45 46 47
mls qos srr-queue output dscp-map queue 2 threshold 3 24 25 26 27 28 29 30 31
mls qos srr-queue output dscp-map queue 2 threshold 3 48 49 50 51 52 53 54 55
mls qos srr-queue output dscp-map queue 2 threshold 3 56 57 58 59 60 61 62 63
mls qos srr-queue output dscp-map queue 3 threshold 3 16 17 18 19 20 21 22 23
mls qos srr-queue output dscp-map queue 3 threshold 3 32 33 34 35 36 37 38 39
mls qos srr-queue output dscp-map queue 4 threshold 1 8
mls qos srr-queue output dscp-map queue 4 threshold 2 9 10 11 12 13 14 15
mls qos srr-queue output dscp-map queue 4 threshold 3 0 1 2 3 4 5 6 7
mls qos queue-set output 1 threshold 1 138 138 92 138
mls qos queue-set output 1 threshold 2 138 138 92 400
mls qos queue-set output 1 threshold 3 36 77 100 318
mls qos queue-set output 1 threshold 4 20 50 67 400
mls qos queue-set output 2 threshold 1 149 149 100 149
mls qos queue-set output 2 threshold 2 118 118 100 235
mls qos queue-set output 2 threshold 3 41 68 100 272
mls qos queue-set output 2 threshold 4 42 72 100 242
mls qos queue-set output 1 buffers 10 10 26 54
mls qos queue-set output 2 buffers 16 6 17 61
mls qos
!
key chain EIGRP_KEY_CHAIN
 key 1
  key-string eb6cIzuB
!
!
!
!
!
!
!
!
spanning-tree mode rapid-pvst
spanning-tree portfast bpduguard default
spanning-tree extend system-id
!
vlan internal allocation policy ascending
!
vlan 401
 name USER_DATA_VLAN
!
vlan 501
 name USER_VOICE_VLAN
!
vlan 666
 name TstVlanDhcpDnsIssue
!
vlan 902
 name PHYSICAL_SECURITY_VLAN
!
ip telnet source-interface Loopback1
!
class-map match-all AutoQoS-VoIP-RTP-Trust
  match ip dscp ef 
class-map match-all AutoQoS-VoIP-Control-Trust
  match ip dscp cs3  af31 
!
policy-map AutoQoS-Police-CiscoPhone
 class AutoQoS-VoIP-RTP-Trust
   set dscp ef
  police 320000 8000 exceed-action policed-dscp-transmit
 class AutoQoS-VoIP-Control-Trust
   set dscp cs3
  police 32000 8000 exceed-action policed-dscp-transmit
!
!
! 
!
!
!
!
!
!
!
!
!
!
!
!
interface Loopback1
 description Management Address
 ip address 10.79.240.8 255.255.255.255
!
interface Port-channel2
 description connect to mand-01-sw1 po2
 no switchport
 ip address 10.79.242.14 255.255.255.252
 ip authentication mode eigrp 79 md5
 ip authentication key-chain eigrp 79 EIGRP_KEY_CHAIN
 ip hello-interval eigrp 79 1
 ip hold-time eigrp 79 3
 ip pim sparse-mode
!
interface FastEthernet1/0/1
 description noticeboard
 switchport access vlan 401
 switchport mode access
 switchport voice vlan 501
 no logging event link-status
 srr-queue bandwidth share 10 10 60 20
 priority-queue out 
 mls qos trust device cisco-phone
 mls qos trust cos
 no snmp trap link-status
 auto qos voip cisco-phone 
 no mdix auto
 spanning-tree portfast
 spanning-tree bpduguard enable
 service-policy input AutoQoS-Police-CiscoPhone
 ip dhcp snooping limit rate 20
!
interface FastEthernet1/0/2
 switchport access vlan 401
 switchport mode access
 switchport voice vlan 501
 no logging event link-status
 srr-queue bandwidth share 10 10 60 20
 priority-queue out 
 mls qos trust device cisco-phone
 mls qos trust cos
 no snmp trap link-status
 auto qos voip cisco-phone 
 no mdix auto
 spanning-tree portfast
 spanning-tree bpduguard enable
 service-policy input AutoQoS-Police-CiscoPhone
 ip dhcp snooping limit rate 20
!
interface FastEthernet1/0/3
 switchport access vlan 401
 switchport mode access
 switchport voice vlan 501
 no logging event link-status
 srr-queue bandwidth share 10 10 60 20
 priority-queue out 
 mls qos trust device cisco-phone
 mls qos trust cos
 no snmp trap link-status
 auto qos voip cisco-phone 
 no mdix auto
 spanning-tree portfast
 spanning-tree bpduguard enable
 service-policy input AutoQoS-Police-CiscoPhone
 ip dhcp snooping limit rate 20
!
interface FastEthernet1/0/4
 description Security Device
 switchport access vlan 902
 switchport mode access
 spanning-tree portfast
!
interface FastEthernet1/0/5
 switchport access vlan 401
 switchport mode access
 switchport voice vlan 501
 no logging event link-status
 srr-queue bandwidth share 10 10 60 20
 priority-queue out 
 mls qos trust device cisco-phone
 mls qos trust cos
 no snmp trap link-status
 auto qos voip cisco-phone 
 no mdix auto
 spanning-tree portfast
 spanning-tree bpduguard enable
 service-policy input AutoQoS-Police-CiscoPhone
 ip dhcp snooping limit rate 20
!
interface FastEthernet1/0/6
 switchport access vlan 401
 switchport mode access
 switchport voice vlan 501
 no logging event link-status
 srr-queue bandwidth share 10 10 60 20
 priority-queue out 
 mls qos trust device cisco-phone
 mls qos trust cos
 no snmp trap link-status
 auto qos voip cisco-phone 
 no mdix auto
 spanning-tree portfast
 spanning-tree bpduguard enable
 service-policy input AutoQoS-Police-CiscoPhone
 ip dhcp snooping limit rate 20
!
interface FastEthernet1/0/7
 switchport access vlan 401
 switchport mode access
 switchport voice vlan 501
 no logging event link-status
 srr-queue bandwidth share 10 10 60 20
 priority-queue out 
 mls qos trust device cisco-phone
 mls qos trust cos
 no snmp trap link-status
 auto qos voip cisco-phone 
 no mdix auto
 spanning-tree portfast
 spanning-tree bpduguard enable
 service-policy input AutoQoS-Police-CiscoPhone
 ip dhcp snooping limit rate 20
!
interface FastEthernet1/0/8
 switchport access vlan 401
 switchport mode access
 switchport voice vlan 501
 no logging event link-status
 srr-queue bandwidth share 10 10 60 20
 priority-queue out 
 mls qos trust device cisco-phone
 mls qos trust cos
 no snmp trap link-status
 auto qos voip cisco-phone 
 no mdix auto
 spanning-tree portfast
 spanning-tree bpduguard enable
 service-policy input AutoQoS-Police-CiscoPhone
 ip dhcp snooping limit rate 20
!
interface FastEthernet1/0/9
 switchport access vlan 401
 switchport mode access
 switchport voice vlan 501
 no logging event link-status
 srr-queue bandwidth share 10 10 60 20
 priority-queue out 
 mls qos trust device cisco-phone
 mls qos trust cos
 no snmp trap link-status
 auto qos voip cisco-phone 
 no mdix auto
 spanning-tree portfast
 spanning-tree bpduguard enable
 service-policy input AutoQoS-Police-CiscoPhone
 ip dhcp snooping limit rate 20
!
interface FastEthernet1/0/10
 switchport access vlan 401
 switchport mode access
 switchport voice vlan 501
 no logging event link-status
 srr-queue bandwidth share 10 10 60 20
 priority-queue out 
 mls qos trust device cisco-phone
 mls qos trust cos
 no snmp trap link-status
 auto qos voip cisco-phone 
 no mdix auto
 spanning-tree portfast
 spanning-tree bpduguard enable
 service-policy input AutoQoS-Police-CiscoPhone
 ip dhcp snooping limit rate 20
!
interface FastEthernet1/0/11
 description noticeboard
 switchport access vlan 401
 switchport mode access
 switchport voice vlan 501
 no logging event link-status
 srr-queue bandwidth share 10 10 60 20
 priority-queue out 
 mls qos trust device cisco-phone
 mls qos trust cos
 no snmp trap link-status
 auto qos voip cisco-phone 
 no mdix auto
 spanning-tree portfast
 spanning-tree bpduguard enable
 service-policy input AutoQoS-Police-CiscoPhone
 ip dhcp snooping limit rate 20
!
interface FastEthernet1/0/12
 switchport access vlan 401
 switchport mode access
 switchport voice vlan 501
 no logging event link-status
 srr-queue bandwidth share 10 10 60 20
 priority-queue out 
 mls qos trust device cisco-phone
 mls qos trust cos
 no snmp trap link-status
 auto qos voip cisco-phone 
 no mdix auto
 spanning-tree portfast
 spanning-tree bpduguard enable
 service-policy input AutoQoS-Police-CiscoPhone
 ip dhcp snooping limit rate 20
!
interface FastEthernet1/0/13
 switchport access vlan 401
 switchport mode access
 switchport voice vlan 501
 no logging event link-status
 srr-queue bandwidth share 10 10 60 20
 priority-queue out 
 mls qos trust device cisco-phone
 mls qos trust cos
 no snmp trap link-status
 auto qos voip cisco-phone 
 no mdix auto
 spanning-tree portfast
 spanning-tree bpduguard enable
 service-policy input AutoQoS-Police-CiscoPhone
 ip dhcp snooping limit rate 20
!
interface FastEthernet1/0/14
 switchport access vlan 401
 switchport mode access
 switchport voice vlan 501
 no logging event link-status
 srr-queue bandwidth share 10 10 60 20
 priority-queue out 
 mls qos trust device cisco-phone
 mls qos trust cos
 no snmp trap link-status
 auto qos voip cisco-phone 
 no mdix auto
 spanning-tree portfast
 spanning-tree bpduguard enable
 service-policy input AutoQoS-Police-CiscoPhone
 ip dhcp snooping limit rate 20
!
interface FastEthernet1/0/15
 switchport access vlan 401
 switchport mode access
 switchport voice vlan 501
 no logging event link-status
 srr-queue bandwidth share 10 10 60 20
 priority-queue out 
 mls qos trust device cisco-phone
 mls qos trust cos
 no snmp trap link-status
 auto qos voip cisco-phone 
 no mdix auto
 spanning-tree portfast
 spanning-tree bpduguard enable
 service-policy input AutoQoS-Police-CiscoPhone
 ip dhcp snooping limit rate 20
!
interface FastEthernet1/0/16
 switchport access vlan 401
 switchport mode access
 switchport voice vlan 501
 no logging event link-status
 srr-queue bandwidth share 10 10 60 20
 priority-queue out 
 mls qos trust device cisco-phone
 mls qos trust cos
 no snmp trap link-status
 auto qos voip cisco-phone 
 no mdix auto
 spanning-tree portfast
 spanning-tree bpduguard enable
 service-policy input AutoQoS-Police-CiscoPhone
 ip dhcp snooping limit rate 20
!
interface FastEthernet1/0/17
 switchport access vlan 401
 switchport mode access
 switchport voice vlan 501
 no logging event link-status
 srr-queue bandwidth share 10 10 60 20
 priority-queue out 
 mls qos trust device cisco-phone
 mls qos trust cos
 no snmp trap link-status
 auto qos voip cisco-phone 
 no mdix auto
 spanning-tree portfast
 spanning-tree bpduguard enable
 service-policy input AutoQoS-Police-CiscoPhone
 ip dhcp snooping limit rate 20
!
interface FastEthernet1/0/18
 switchport access vlan 401
 switchport mode access
 switchport voice vlan 501
 no logging event link-status
 srr-queue bandwidth share 10 10 60 20
 priority-queue out 
 mls qos trust device cisco-phone
 mls qos trust cos
 no snmp trap link-status
 auto qos voip cisco-phone 
 no mdix auto
 spanning-tree portfast
 spanning-tree bpduguard enable
 service-policy input AutoQoS-Police-CiscoPhone
 ip dhcp snooping limit rate 20
!
interface FastEthernet1/0/19
 switchport access vlan 401
 switchport mode access
 switchport voice vlan 501
 no logging event link-status
 srr-queue bandwidth share 10 10 60 20
 priority-queue out 
 mls qos trust device cisco-phone
 mls qos trust cos
 no snmp trap link-status
 auto qos voip cisco-phone 
 no mdix auto
 spanning-tree portfast
 spanning-tree bpduguard enable
 service-policy input AutoQoS-Police-CiscoPhone
 ip dhcp snooping limit rate 20
!
interface FastEthernet1/0/20
 switchport access vlan 401
 switchport mode access
 switchport voice vlan 501
 no logging event link-status
 srr-queue bandwidth share 10 10 60 20
 priority-queue out 
 mls qos trust device cisco-phone
 mls qos trust cos
 no snmp trap link-status
 auto qos voip cisco-phone 
 no mdix auto
 spanning-tree portfast
 spanning-tree bpduguard enable
 service-policy input AutoQoS-Police-CiscoPhone
 ip dhcp snooping limit rate 20
!
interface FastEthernet1/0/21
 switchport access vlan 401
 switchport mode access
 switchport voice vlan 501
 no logging event link-status
 srr-queue bandwidth share 10 10 60 20
 priority-queue out 
 mls qos trust device cisco-phone
 mls qos trust cos
 no snmp trap link-status
 auto qos voip cisco-phone 
 no mdix auto
 spanning-tree portfast
 spanning-tree bpduguard enable
 service-policy input AutoQoS-Police-CiscoPhone
 ip dhcp snooping limit rate 20
!
interface FastEthernet1/0/22
 switchport access vlan 401
 switchport mode access
 switchport voice vlan 501
 no logging event link-status
 srr-queue bandwidth share 10 10 60 20
 priority-queue out 
 mls qos trust device cisco-phone
 mls qos trust cos
 no snmp trap link-status
 auto qos voip cisco-phone 
 no mdix auto
 spanning-tree portfast
 spanning-tree bpduguard enable
 service-policy input AutoQoS-Police-CiscoPhone
 ip dhcp snooping limit rate 20
!
interface FastEthernet1/0/23
 switchport access vlan 401
 switchport mode access
 switchport voice vlan 501
 no logging event link-status
 srr-queue bandwidth share 10 10 60 20
 priority-queue out 
 mls qos trust device cisco-phone
 mls qos trust cos
 no snmp trap link-status
 auto qos voip cisco-phone 
 no mdix auto
 spanning-tree portfast
 spanning-tree bpduguard enable
 service-policy input AutoQoS-Police-CiscoPhone
 ip dhcp snooping limit rate 20
!
interface FastEthernet1/0/24
 switchport access vlan 401
 switchport mode access
 switchport voice vlan 501
 no logging event link-status
 srr-queue bandwidth share 10 10 60 20
 priority-queue out 
 mls qos trust device cisco-phone
 mls qos trust cos
 no snmp trap link-status
 auto qos voip cisco-phone 
 no mdix auto
 spanning-tree portfast
 spanning-tree bpduguard enable
 service-policy input AutoQoS-Police-CiscoPhone
 ip dhcp snooping limit rate 20
!
interface GigabitEthernet1/0/1
 description ** Connect to mand-01-sw1 G1/1/3 **
 no switchport
 no ip address
 ip pim sparse-mode
 channel-group 2 mode on
!
interface GigabitEthernet1/0/2
 description ** Connect to mand-01-sw2 G1/1/4 **
 no switchport
 no ip address
 ip pim sparse-mode
 channel-group 2 mode on
!
interface Vlan1
 no ip address
 shutdown
!
interface Vlan401
 description User Data Subnet
 ip address 10.79.65.1 255.255.255.0
 ip helper-address 10.79.0.5
 ip helper-address 10.79.0.9
 ip helper-address 10.19.0.5
 ip helper-address 10.19.0.108
 ip helper-address 10.19.0.109
 ip helper-address 10.79.0.20
 ip directed-broadcast 5
!
interface Vlan501
 description User Voice Subnet
 ip address 10.79.129.1 255.255.255.0
 ip helper-address 10.79.0.5
 ip helper-address 10.19.0.5
 ip helper-address 10.19.0.108
 ip helper-address 10.19.0.109
 ip pim passive
!
interface Vlan666
 description Test Voice VLAN
 ip address 10.79.220.1 255.255.255.0
 ip helper-address 172.25.65.22
 ip pim passive
!
interface Vlan902
 description Security Device Management
 ip address 10.79.200.33 255.255.255.224
!
!
router eigrp 79
 network 10.79.242.0 0.0.0.255
 redistribute connected
 eigrp stub connected summary
!
no ip http server
no ip http secure-server
!
!
ip pim rp-address 10.79.240.161
!
ip access-list standard APIC_EM
 remark --- APIC-EM Appliance ---
 permit 10.25.253.10
 deny   any
ip access-list standard NSG_TELNET
 permit 10.19.250.1
 permit 10.19.60.0 0.0.0.255
 permit 146.195.135.0 0.0.0.127
 permit 10.250.250.0 0.0.0.255
 permit 10.0.240.0 0.255.1.255
 permit 10.19.7.62 0.0.0.1
 deny   any log
ip access-list standard NSG_TELNET_SSH
 permit 146.195.81.24
 remark --- Nimsoft/CatTools Server Natted IP ---
 permit 146.195.81.25
 remark --- Nimsoft/CatTools Server ---
 permit 10.19.7.62
 remark --- HO Jumphost ---
 permit 172.30.0.10
 remark --- APIC EM - Controller ---
 permit 10.25.253.10
 permit 10.19.12.234
 remark --- Twister - OLD and NEW IP ---
 permit 146.195.135.0 0.0.0.127
 remark --- IT Subnet on Lvl2E ---
 permit 10.19.60.0 0.0.0.255
 remark --- SEAL WAN Subnet ---
 permit 10.250.250.0 0.0.0.255
 remark --- GWIP HO WAN Subnet ---
 permit 10.19.250.0 0.0.0.7
 remark --- Management Loopback subnet ---
 permit 10.0.240.0 0.255.0.255
 remark --- Empired Management Subnet ---
 permit 172.30.160.0 0.0.0.15
 remark --- Deny Anything Else ---
 deny   any log
ip access-list standard RO_SNMP
 remark --- Solarwinds Syslog Server ---
 permit 10.19.7.46
 remark --- Empired Management Subnet ---
 permit 172.30.160.0 0.0.0.255
 remark --- IT Subnet on Lvl2E ---
 permit 10.19.60.0 0.0.0.255
 deny   any
ip access-list standard RW_SNMP
 remark ---allow NNMi---
 permit 172.30.160.10
 deny   any
!
ip radius source-interface Loopback1 
ip sla enable reaction-alerts
logging trap debugging
logging source-interface Loopback1
logging host 10.19.7.46
logging host 172.30.160.11
logging host 172.30.160.10
logging host 172.30.161.10
access-list 5 permit 10.19.1.17 log
access-list 5 remark CSC Zetta - Allow Remote wakeup PC's
access-list 5 permit 10.19.7.49 log
access-list 5 permit 10.19.1.138 log
access-list 5 permit 10.19.1.134 log
!
snmp-server community eb6cIzuB RO RO_SNMP
snmp-server community Sp7ZyvwQ RW RW_SNMP
snmp-server community fc7cJzuC RO APIC_EM
snmp-server community gd8cKzuD RW APIC_EM
snmp-server location Mandurah Depot - T2 - Lunch Room
snmp-server contact Network Systems x5444
snmp-server chassis-id 1-FDO1450X0ZR 
snmp-server host 146.195.135.50 eb6cIzuB 
snmp ifmib ifindex persist
radius-server host 10.19.1.113
radius-server host 10.21.0.24
radius-server key 9VUY2ZOcFY9MwBKp65LnltiLBV&qduh4u@JPtFounc&%@9nI!rnGpVieF7FTD$aB
radius-server load-balance method least-outstanding
!
!
!
banner exec ^C
 ********************************************************************
 * You are now logged into: WP                                      *
 * All activity is being logged for review by System Administrators *
 ********************************************************************
^C
banner login ^C
 ********************************************************************
 * [WARNING]                                                        *
 *                                                                  *
 * This system belongs to a private organisation. If you are not    *
 * authorised to access this system, exit immediately.              *
 * Unauthorised access to this system is forbidden by company       *
 * policies, national, and international laws.                      *
 * Unauthorised users are subject to criminal and civil penalties   *
 * as well as company initiated disciplinary proceedings.           *
 * By entry into this system you acknowledge that you are           *
 * authorised access and the level of privilege you subsequently    *
 * execute on this system. You further acknowledge that by entry    *
 * into this system you expect no privacy from monitoring.          *
 *                                                                  *
 *        ALL ACCESS TO THIS SYSTEM IS MONITORED AND LOGGED         *
 *                                                                  *
 ********************************************************************
^C
!
line con 0
 exec-timeout 15 0
 logging synchronous
 login authentication console
 transport output telnet
line vty 0 4
 access-class NSG_TELNET_SSH in
 exec-timeout 15 0
 length 0
 transport input ssh
 transport output ssh
line vty 5 15
 access-class NSG_TELNET_SSH in
 exec-timeout 15 0
 transport input ssh
 transport output ssh
!
ntp server 146.195.128.175
end

mand-02-sw1#Show ver
Cisco IOS Software, C3750 Software (C3750-IPSERVICESK9-M), Version 15.0(2)SE10, RELEASE SOFTWARE (fc2)
Technical Support: http://www.cisco.com/techsupport
Copyright (c) 1986-2016 by Cisco Systems, Inc.
Compiled Mon 18-Jul-16 02:11 by prod_rel_team

ROM: Bootstrap program is C3750 boot loader
BOOTLDR: C3750 Boot Loader (C3750-HBOOT-M) Version 12.2(53r)SEY1, RELEASE SOFTWARE (fc1)

mand-02-sw1 uptime is 2 weeks, 1 day, 23 hours, 1 minute
System returned to ROM by power-on
System restarted at 11:58:04 WST Wed Dec 6 2017
System image file is "flash:/c3750-ipservicesk9-mz.150-2.SE10.bin"


This product contains cryptographic features and is subject to United
States and local country laws governing import, export, transfer and
use. Delivery of Cisco cryptographic products does not imply
third-party authority to import, export, distribute or use encryption.
Importers, exporters, distributors and users are responsible for
compliance with U.S. and local country laws. By using this product you
agree to comply with applicable laws and regulations. If you are unable
to comply with U.S. and local laws, return this product immediately.

A summary of U.S. laws governing Cisco cryptographic products may be found at:
http://www.cisco.com/wwl/export/crypto/tool/stqrg.html

If you require further assistance please contact us by sending email to
export@cisco.com.

cisco WS-C3750V2-24PS (PowerPC405) processor (revision M0) with 131072K bytes of memory.
Processor board ID FDO1450X0ZR
Last reset from power-on
5 Virtual Ethernet interfaces
24 FastEthernet interfaces
2 Gigabit Ethernet interfaces
The password-recovery mechanism is enabled.

512K bytes of flash-simulated non-volatile configuration memory.
Base ethernet MAC Address       : 8C:B6:4F:11:9F:80
Motherboard assembly number     : 73-12633-01
Power supply part number        : 341-0266-03
Motherboard serial number       : FDO145019G6
Power supply serial number      : LIT14460F7T
Model revision number           : M0
Motherboard revision number     : A0
Model number                    : WS-C3750V2-24PS-S
System serial number            : FDO1450X0ZR
Top Assembly Part Number        : 800-33158-01
Top Assembly Revision Number    : C0
Version ID                      : V05
CLEI Code Number                : COMP400ARB
Hardware Board Revision Number  : 0x02


Switch Ports Model              SW Version            SW Image                 
------ ----- -----              ----------            ----------               
*    1 26    WS-C3750V2-24PS    15.0(2)SE10           C3750-IPSERVICESK9-M     


Configuration register is 0xF

mand-02-sw1#Show ip route
Codes: L - local, C - connected, S - static, R - RIP, M - mobile, B - BGP
       D - EIGRP, EX - EIGRP external, O - OSPF, IA - OSPF inter area 
       N1 - OSPF NSSA external type 1, N2 - OSPF NSSA external type 2
       E1 - OSPF external type 1, E2 - OSPF external type 2
       i - IS-IS, su - IS-IS summary, L1 - IS-IS level-1, L2 - IS-IS level-2
       ia - IS-IS inter area, * - candidate default, U - per-user static route
       o - ODR, P - periodic downloaded static route, H - NHRP, l - LISP
       + - replicated route, % - next hop override

Gateway of last resort is 10.79.242.13 to network 0.0.0.0

D*EX  0.0.0.0/0 [170/2563072] via 10.79.242.13, 1w2d, Port-channel2
      10.0.0.0/8 is variably subnetted, 168 subnets, 8 masks
D EX     10.18.250.0/29 [170/20483072] via 10.79.242.13, 1w2d, Port-channel2
D EX     10.19.0.0/16 [170/2563072] via 10.79.242.13, 1w2d, Port-channel2
D EX     10.19.240.1/32 [170/7683072] via 10.79.242.13, 1w2d, Port-channel2
D EX     10.19.240.2/32 [170/2563072] via 10.79.242.13, 1w2d, Port-channel2
D EX     10.19.250.0/29 [170/20483072] via 10.79.242.13, 1w2d, Port-channel2
D EX     10.21.240.1/32 [170/10243072] via 10.79.242.13, 1w2d, Port-channel2
D EX     10.21.250.0/29 [170/20483072] via 10.79.242.13, 1w2d, Port-channel2
D EX     10.25.243.136/30 [170/20483072] via 10.79.242.13, 1w2d, Port-channel2
D EX     10.25.252.0/28 [170/20483072] via 10.79.242.13, 1w2d, Port-channel2
D EX     10.65.0.0/16 [170/20483072] via 10.79.242.13, 1w2d, Port-channel2
D EX     10.65.240.2/32 [170/20483072] via 10.79.242.13, 1w2d, Port-channel2
D EX     10.65.243.136/30 [170/2563072] via 10.79.242.13, 1w2d, Port-channel2
D EX     10.65.250.0/29 [170/20483072] via 10.79.242.13, 1w2d, Port-channel2
D EX     10.65.252.0/28 [170/2563072] via 10.79.242.13, 1w2d, Port-channel2
D EX     10.66.0.0/16 [170/20483072] via 10.79.242.13, 3d23h, Port-channel2
D EX     10.66.0.0/17 [170/20483072] via 10.79.242.13, 1w2d, Port-channel2
D EX     10.66.128.0/17 [170/20483072] via 10.79.242.13, 1w2d, Port-channel2
D EX     10.66.240.1/32 [170/20483072] via 10.79.242.13, 1w2d, Port-channel2
D EX     10.66.250.0/29 [170/20483072] via 10.79.242.13, 1w2d, Port-channel2
D EX     10.67.0.0/16 [170/20483072] via 10.79.242.13, 1w2d, Port-channel2
D EX     10.67.240.1/32 [170/20483072] via 10.79.242.13, 1w2d, Port-channel2
D EX     10.67.240.2/32 [170/20483072] via 10.79.242.13, 1w2d, Port-channel2
D EX     10.67.250.0/29 [170/20483072] via 10.79.242.13, 1w2d, Port-channel2
D EX     10.68.0.0/16 [170/20483072] via 10.79.242.13, 1w2d, Port-channel2
D EX     10.68.240.1/32 [170/20483072] via 10.79.242.13, 1w2d, Port-channel2
D EX     10.68.240.2/32 [170/20483072] via 10.79.242.13, 1w2d, Port-channel2
D EX     10.68.250.0/29 [170/20483072] via 10.79.242.13, 1w2d, Port-channel2
D EX     10.69.0.0/16 [170/20483072] via 10.79.242.13, 1w2d, Port-channel2
D EX     10.69.240.1/32 [170/20483072] via 10.79.242.13, 1w2d, Port-channel2
D EX     10.69.240.2/32 [170/20483072] via 10.79.242.13, 1w2d, Port-channel2
D EX     10.69.250.0/29 [170/20483072] via 10.79.242.13, 1w2d, Port-channel2
D EX     10.70.0.0/16 [170/20483072] via 10.79.242.13, 00:27:38, Port-channel2
D EX     10.70.0.0/17 [170/20483072] via 10.79.242.13, 1w2d, Port-channel2
D EX     10.70.128.0/17 [170/20483072] via 10.79.242.13, 1w2d, Port-channel2
D EX     10.70.240.1/32 [170/20483072] via 10.79.242.13, 1w2d, Port-channel2
D EX     10.70.250.0/29 [170/20483072] via 10.79.242.13, 1w2d, Port-channel2
D EX     10.71.0.0/16 [170/20483072] via 10.79.242.13, 1w2d, Port-channel2
D EX     10.71.240.1/32 [170/20483072] via 10.79.242.13, 1w2d, Port-channel2
D EX     10.71.240.2/32 [170/20483072] via 10.79.242.13, 1w2d, Port-channel2
D EX     10.71.250.0/29 [170/20483072] via 10.79.242.13, 1w2d, Port-channel2
D EX     10.72.0.0/16 [170/20483072] via 10.79.242.13, 00:36:33, Port-channel2
D EX     10.72.0.0/17 [170/20483072] via 10.79.242.13, 1w2d, Port-channel2
D EX     10.72.128.0/17 [170/20483072] via 10.79.242.13, 1w2d, Port-channel2
D EX     10.72.240.1/32 [170/20483072] via 10.79.242.13, 1w2d, Port-channel2
D EX     10.72.250.0/29 [170/20483072] via 10.79.242.13, 1w2d, Port-channel2
D EX     10.73.0.0/16 [170/20483072] via 10.79.242.13, 1w2d, Port-channel2
D EX     10.73.240.1/32 [170/20483072] via 10.79.242.13, 1w2d, Port-channel2
D EX     10.73.240.2/32 [170/20483072] via 10.79.242.13, 1w2d, Port-channel2
D EX     10.73.250.0/29 [170/20483072] via 10.79.242.13, 1w2d, Port-channel2
D EX     10.74.250.0/29 [170/20483072] via 10.79.242.13, 1w2d, Port-channel2
D EX     10.75.0.0/16 [170/20483072] via 10.79.242.13, 1w2d, Port-channel2
D EX     10.75.240.1/32 [170/20483072] via 10.79.242.13, 1w2d, Port-channel2
D EX     10.75.240.2/32 [170/20483072] via 10.79.242.13, 1w2d, Port-channel2
D EX     10.75.250.0/29 [170/20483072] via 10.79.242.13, 1w2d, Port-channel2
D EX     10.76.0.0/16 [170/20483072] via 10.79.242.13, 00:28:38, Port-channel2
D EX     10.76.0.0/17 [170/20483072] via 10.79.242.13, 1w2d, Port-channel2
D EX     10.76.128.0/17 [170/20483072] via 10.79.242.13, 1w2d, Port-channel2
D EX     10.76.240.1/32 [170/20483072] via 10.79.242.13, 1w2d, Port-channel2
D EX     10.76.250.0/29 [170/20483072] via 10.79.242.13, 1w2d, Port-channel2
D EX     10.77.0.0/16 [170/20483072] via 10.79.242.13, 01:04:13, Port-channel2
D EX     10.77.0.0/17 [170/20483072] via 10.79.242.13, 1w2d, Port-channel2
D EX     10.77.128.0/17 [170/20483072] via 10.79.242.13, 1w2d, Port-channel2
D EX     10.77.250.0/30 [170/20483072] via 10.79.242.13, 1w2d, Port-channel2
D EX     10.78.0.0/16 [170/20483072] via 10.79.242.13, 1w2d, Port-channel2
D EX     10.78.240.1/32 [170/20483072] via 10.79.242.13, 1w2d, Port-channel2
D EX     10.78.240.2/32 [170/20483072] via 10.79.242.13, 1w2d, Port-channel2
D EX     10.78.250.0/29 [170/20483072] via 10.79.242.13, 1w2d, Port-channel2
D        10.79.0.0/24 [90/3072] via 10.79.242.13, 1w2d, Port-channel2
D        10.79.7.0/24 [90/3072] via 10.79.242.13, 1w2d, Port-channel2
D        10.79.24.0/24 [90/3072] via 10.79.242.13, 1w2d, Port-channel2
D EX     10.79.64.0/24 [170/3328] via 10.79.242.13, 1w2d, Port-channel2
C        10.79.65.0/24 is directly connected, Vlan401
L        10.79.65.1/32 is directly connected, Vlan401
D EX     10.79.66.0/24 [170/3328] via 10.79.242.13, 1w2d, Port-channel2
D EX     10.79.128.0/24 [170/3328] via 10.79.242.13, 1w2d, Port-channel2
C        10.79.129.0/24 is directly connected, Vlan501
L        10.79.129.1/32 is directly connected, Vlan501
D EX     10.79.130.0/24 [170/3328] via 10.79.242.13, 1w2d, Port-channel2
D        10.79.224.0/24 [90/3072] via 10.79.242.13, 1w2d, Port-channel2
D        10.79.240.1/32 [90/131072] via 10.79.242.13, 1w2d, Port-channel2
D        10.79.240.2/32 [90/131072] via 10.79.242.13, 1w2d, Port-channel2
D        10.79.240.5/32 [90/129536] via 10.79.242.13, 1w2d, Port-channel2
D EX     10.79.240.6/32 [170/129792] via 10.79.242.13, 1w2d, Port-channel2
D EX     10.79.240.7/32 [170/156416] via 10.79.242.13, 1w2d, Port-channel2
C        10.79.240.8/32 is directly connected, Loopback1
D EX     10.79.240.9/32 [170/129792] via 10.79.242.13, 1w2d, Port-channel2
D        10.79.240.161/32 [90/129536] via 10.79.242.13, 1w2d, Port-channel2
D        10.79.242.0/30 [90/3072] via 10.79.242.13, 1w2d, Port-channel2
D        10.79.242.4/30 [90/3072] via 10.79.242.13, 1w2d, Port-channel2
D        10.79.242.8/30 [90/1792] via 10.79.242.13, 1w2d, Port-channel2
C        10.79.242.12/30 is directly connected, Port-channel2
L        10.79.242.14/32 is directly connected, Port-channel2
D        10.79.242.16/30 [90/1792] via 10.79.242.13, 1w2d, Port-channel2
D        10.79.242.20/30 [90/28416] via 10.79.242.13, 1w2d, Port-channel2
D        10.79.250.0/30 [90/2586112] via 10.79.242.13, 1w2d, Port-channel2
D        10.79.254.0/24 [90/3072] via 10.79.242.13, 1w2d, Port-channel2
D EX     10.80.0.0/16 [170/20483072] via 10.79.242.13, 00:07:08, Port-channel2
D EX     10.80.0.0/17 [170/20483072] via 10.79.242.13, 1w2d, Port-channel2
D EX     10.80.128.0/17 [170/20483072] via 10.79.242.13, 1w2d, Port-channel2
D EX     10.80.240.1/32 [170/20483072] via 10.79.242.13, 1w2d, Port-channel2
D EX     10.80.250.0/30 [170/20483072] via 10.79.242.13, 1w2d, Port-channel2
D EX     10.81.0.0/16 [170/20483072] via 10.79.242.13, 00:36:58, Port-channel2
D EX     10.81.0.0/17 [170/20483072] via 10.79.242.13, 1w2d, Port-channel2
D EX     10.81.128.0/17 [170/20483072] via 10.79.242.13, 1w2d, Port-channel2
D EX     10.81.240.1/32 [170/20483072] via 10.79.242.13, 1w2d, Port-channel2
D EX     10.81.250.0/30 [170/20483072] via 10.79.242.13, 1w2d, Port-channel2
D EX     10.84.0.0/16 [170/20483072] via 10.79.242.13, 1d14h, Port-channel2
D EX     10.84.0.0/17 [170/20483072] via 10.79.242.13, 1d14h, Port-channel2
D EX     10.84.128.0/17 [170/20483072] via 10.79.242.13, 1d14h, Port-channel2
D EX     10.84.240.1/32 [170/20483072] via 10.79.242.13, 1d14h, Port-channel2
D EX     10.84.250.0/30 [170/20483072] via 10.79.242.13, 1w2d, Port-channel2
D EX     10.85.0.0/16 [170/20483072] via 10.79.242.13, 00:04:43, Port-channel2
D EX     10.85.0.0/17 [170/20483072] via 10.79.242.13, 1w2d, Port-channel2
D EX     10.85.128.0/17 [170/20483072] via 10.79.242.13, 1w2d, Port-channel2
D EX     10.85.240.1/32 [170/20483072] via 10.79.242.13, 1w2d, Port-channel2
D EX     10.85.250.0/30 [170/20483072] via 10.79.242.13, 1w2d, Port-channel2
D EX     10.86.0.0/16 [170/20483072] via 10.79.242.13, 1w2d, Port-channel2
D EX     10.86.64.16/30 [170/20483072] via 10.79.242.13, 1w2d, Port-channel2
D EX     10.86.64.20/30 [170/20483072] via 10.79.242.13, 1w2d, Port-channel2
D EX     10.86.65.16/30 [170/20483072] via 10.79.242.13, 1w2d, Port-channel2
D EX     10.86.65.20/30 [170/20483072] via 10.79.242.13, 1w2d, Port-channel2
D EX     10.86.240.1/32 [170/20483072] via 10.79.242.13, 1w2d, Port-channel2
D EX     10.86.240.2/32 [170/20483072] via 10.79.242.13, 1w2d, Port-channel2
D EX     10.87.0.0/16 [170/20483072] via 10.79.242.13, 00:10:38, Port-channel2
D EX     10.87.0.0/17 [170/20483072] via 10.79.242.13, 1w2d, Port-channel2
D EX     10.87.128.0/17 [170/20483072] via 10.79.242.13, 1w2d, Port-channel2
D EX     10.87.240.1/32 [170/20483072] via 10.79.242.13, 1w2d, Port-channel2
D EX     10.87.250.0/30 [170/20483072] via 10.79.242.13, 1w2d, Port-channel2
D EX     10.88.0.0/16 [170/20483072] via 10.79.242.13, 21:04:18, Port-channel2
D EX     10.88.0.0/17 [170/20483072] via 10.79.242.13, 1w2d, Port-channel2
D EX     10.88.128.0/17 [170/20483072] via 10.79.242.13, 1w2d, Port-channel2
D EX     10.88.240.1/32 [170/20483072] via 10.79.242.13, 1w2d, Port-channel2
D EX     10.88.250.0/30 [170/20483072] via 10.79.242.13, 1w2d, Port-channel2
D EX     10.89.0.0/16 [170/20483072] via 10.79.242.13, 00:07:43, Port-channel2
D EX     10.89.0.0/17 [170/20483072] via 10.79.242.13, 1w2d, Port-channel2
D EX     10.89.128.0/17 [170/20483072] via 10.79.242.13, 1w2d, Port-channel2
D EX     10.89.240.1/32 [170/20483072] via 10.79.242.13, 1w2d, Port-channel2
D EX     10.89.250.0/30 [170/20483072] via 10.79.242.13, 1w2d, Port-channel2
D EX     10.90.0.0/16 [170/20483072] via 10.79.242.13, 00:06:23, Port-channel2
D EX     10.90.0.0/17 [170/20483072] via 10.79.242.13, 1w2d, Port-channel2
D EX     10.90.128.0/17 [170/20483072] via 10.79.242.13, 1w2d, Port-channel2
D EX     10.90.240.1/32 [170/20483072] via 10.79.242.13, 1w2d, Port-channel2
D EX     10.90.250.0/30 [170/20483072] via 10.79.242.13, 1w2d, Port-channel2
D EX     10.91.0.0/16 [170/20483072] via 10.79.242.13, 1w2d, Port-channel2
D EX     10.91.240.1/32 [170/20483072] via 10.79.242.13, 1w2d, Port-channel2
D EX     10.91.250.0/30 [170/20483072] via 10.79.242.13, 1w2d, Port-channel2
D EX     10.92.0.0/17 [170/20483072] via 10.79.242.13, 1w2d, Port-channel2
D EX     10.92.128.0/17 [170/20483072] via 10.79.242.13, 1w2d, Port-channel2
D EX     10.92.240.1/32 [170/20483072] via 10.79.242.13, 1w2d, Port-channel2
D EX     10.92.250.0/30 [170/20483072] via 10.79.242.13, 1w2d, Port-channel2
D EX     10.93.0.0/17 [170/20483072] via 10.79.242.13, 1w2d, Port-channel2
D EX     10.93.128.0/17 [170/20483072] via 10.79.242.13, 1w2d, Port-channel2
D EX     10.93.240.1/32 [170/20483072] via 10.79.242.13, 1w2d, Port-channel2
D EX     10.93.250.0/30 [170/20483072] via 10.79.242.13, 1w2d, Port-channel2
D EX     10.97.0.0/16 [170/20483072] via 10.79.242.13, 1w2d, Port-channel2
D EX     10.97.250.0/29 [170/20483072] via 10.79.242.13, 1w2d, Port-channel2
D EX     10.98.0.0/16 [170/20483072] via 10.79.242.13, 00:36:18, Port-channel2
D EX     10.98.0.0/17 [170/20483072] via 10.79.242.13, 1w2d, Port-channel2
D EX     10.98.128.0/17 [170/20483072] via 10.79.242.13, 1w2d, Port-channel2
D EX     10.98.250.0/29 [170/20483072] via 10.79.242.13, 1w2d, Port-channel2
D EX     10.107.250.0/29 [170/20483072] via 10.79.242.13, 1w2d, Port-channel2
D EX     10.110.0.0/16 [170/20483072] via 10.79.242.13, 1w2d, Port-channel2
D EX     10.110.240.1/32 [170/20483072] via 10.79.242.13, 1w2d, Port-channel2
D EX     10.110.250.0/29 [170/20483072] via 10.79.242.13, 1w2d, Port-channel2
D EX     10.248.250.0/25 [170/20483072] via 10.79.242.13, 1w2d, Port-channel2
D EX     10.248.250.128/25 
           [170/20483072] via 10.79.242.13, 1w2d, Port-channel2
D        10.250.250.0/24 [90/282112] via 10.79.242.13, 1w2d, Port-channel2
D EX     10.252.252.0/24 [170/20483072] via 10.79.242.13, 1w2d, Port-channel2
      30.0.0.0/29 is subnetted, 1 subnets
D EX     30.20.57.120 [170/20483072] via 10.79.242.13, 1w2d, Port-channel2
      144.140.0.0/16 is variably subnetted, 14 subnets, 3 masks
D EX     144.140.162.40/29 
           [170/20483072] via 10.79.242.13, 1w2d, Port-channel2
D EX     144.140.162.48/28 
           [170/20483072] via 10.79.242.13, 1w2d, Port-channel2
D EX     144.140.162.80/28 
           [170/20483072] via 10.79.242.13, 1w2d, Port-channel2
D EX     144.140.181.80/28 
           [170/20483072] via 10.79.242.13, 1w2d, Port-channel2
D EX     144.140.201.1/32 [170/20483072] via 10.79.242.13, 1w2d, Port-channel2
D EX     144.140.201.2/32 [170/20483072] via 10.79.242.13, 1w2d, Port-channel2
D EX     144.140.201.3/32 [170/20483072] via 10.79.242.13, 1w2d, Port-channel2
D EX     144.140.201.16/28 
           [170/20483072] via 10.79.242.13, 1w2d, Port-channel2
D EX     144.140.208.16/29 
           [170/20483072] via 10.79.242.13, 1w2d, Port-channel2
D EX     144.140.208.32/28 
           [170/20483072] via 10.79.242.13, 1w2d, Port-channel2
D EX     144.140.208.80/28 
           [170/20483072] via 10.79.242.13, 1w2d, Port-channel2
D EX     144.140.218.96/28 
           [170/20483072] via 10.79.242.13, 1w2d, Port-channel2
D EX     144.140.222.32/28 
           [170/20483072] via 10.79.242.13, 1w2d, Port-channel2
D EX     144.140.224.32/28 
           [170/20483072] via 10.79.242.13, 1w2d, Port-channel2
      146.195.0.0/16 is variably subnetted, 6 subnets, 4 masks
D EX     146.195.21.0/29 [170/2563072] via 10.79.242.13, 1w2d, Port-channel2
D EX     146.195.30.0/24 [170/2563072] via 10.79.242.13, 1w2d, Port-channel2
D EX     146.195.31.0/24 [170/2563072] via 10.79.242.13, 1w2d, Port-channel2
D EX     146.195.39.0/24 [170/2563072] via 10.79.242.13, 1w2d, Port-channel2
D EX     146.195.180.0/22 [170/2563072] via 10.79.242.13, 1w2d, Port-channel2
D EX     146.195.255.20/32 [170/7683072] via 10.79.242.13, 1w2d, Port-channel2
      172.16.0.0/24 is subnetted, 1 subnets
D EX     172.16.65.0 [170/20483072] via 10.79.242.13, 1w2d, Port-channel2
      172.17.0.0/24 is subnetted, 1 subnets
D EX     172.17.65.0 [170/20483072] via 10.79.242.13, 1w2d, Port-channel2
      172.24.0.0/16 is variably subnetted, 6 subnets, 3 masks
D EX     172.24.96.0/21 [170/20483072] via 10.79.242.13, 1w2d, Port-channel2
D EX     172.24.108.0/24 [170/20483072] via 10.79.242.13, 1w2d, Port-channel2
D EX     172.24.109.0/24 [170/20483072] via 10.79.242.13, 1w2d, Port-channel2
D EX     172.24.112.0/22 [170/20483072] via 10.79.242.13, 1w2d, Port-channel2
D EX     172.24.120.0/24 [170/20483072] via 10.79.242.13, 1w2d, Port-channel2
D EX     172.24.192.0/24 [170/20483072] via 10.79.242.13, 1w2d, Port-channel2
      172.25.0.0/16 is variably subnetted, 2 subnets, 2 masks
D EX     172.25.104.0/24 [170/20483072] via 10.79.242.13, 1w2d, Port-channel2
D EX     172.25.105.0/26 [170/20483072] via 10.79.242.13, 1w2d, Port-channel2
      172.27.0.0/26 is subnetted, 1 subnets
D EX     172.27.0.0 [170/20483072] via 10.79.242.13, 1w2d, Port-channel2
      172.28.0.0/26 is subnetted, 1 subnets
D EX     172.28.8.64 [170/20483072] via 10.79.242.13, 1w2d, Port-channel2
      172.29.0.0/24 is subnetted, 1 subnets
D EX     172.29.1.0 [170/20483072] via 10.79.242.13, 1w2d, Port-channel2
      202.12.199.0/32 is subnetted, 6 subnets
D EX     202.12.199.90 [170/20483072] via 10.79.242.13, 1w2d, Port-channel2
D EX     202.12.199.91 [170/20483072] via 10.79.242.13, 1w2d, Port-channel2
D EX     202.12.199.92 [170/20483072] via 10.79.242.13, 1w2d, Port-channel2
D EX     202.12.199.93 [170/20483072] via 10.79.242.13, 1w2d, Port-channel2
D EX     202.12.199.187 [170/20483072] via 10.79.242.13, 1w2d, Port-channel2
D EX     202.12.199.199 [170/20483072] via 10.79.242.13, 1w2d, Port-channel2
      203.41.188.0/28 is subnetted, 1 subnets
D EX     203.41.188.96 [170/20483072] via 10.79.242.13, 1w2d, Port-channel2
      203.42.70.0/28 is subnetted, 1 subnets
D EX     203.42.70.224 [170/20483072] via 10.79.242.13, 1w2d, Port-channel2
      203.52.0.0/24 is variably subnetted, 2 subnets, 2 masks
D EX     203.52.0.0/24 [170/20483072] via 10.79.242.13, 1w2d, Port-channel2
D EX     203.52.0.192/27 [170/20483072] via 10.79.242.13, 1w2d, Port-channel2
      203.52.1.0/24 is variably subnetted, 2 subnets, 2 masks
D EX     203.52.1.0/24 [170/20483072] via 10.79.242.13, 1w2d, Port-channel2
D EX     203.52.1.192/27 [170/20483072] via 10.79.242.13, 1w2d, Port-channel2
      203.52.2.0/28 is subnetted, 1 subnets
D EX     203.52.2.160 [170/20483072] via 10.79.242.13, 1w2d, Port-channel2
mand-02-sw1#Show inv
NAME: "1", DESCR: "WS-C3750V2-24PS"
PID: WS-C3750V2-24PS-S , VID: V05  , SN: FDO1450X0ZR

NAME: "GigabitEthernet1/0/1", DESCR: "1000BaseSX SFP"
PID: SFP-GE-S            , VID: V01  , SN: AGM1449P1MU     

NAME: "GigabitEthernet1/0/2", DESCR: "1000BaseSX SFP"
PID: SFP-GE-S            , VID: V01  , SN: AGM1449P4KB     


mand-02-sw1#exit
