=~=~=~=~=~=~=~=~=~=~=~= PuTTY log 2017.12.22 11:19:31 =~=~=~=~=~=~=~=~=~=~=~=
login as: n039941

 ********************************************************************
 * [WARNING]                                                        *
 *                                                                  *
 * This system belongs to a private organisation. If you are not    *
 * authorised to access this system, exit immediately.              *
 * Unauthorised access to this system is forbidden by company       *
 * policies, national, and international laws.                      *
 * Unauthorised users are subject to criminal and civil penalties   *
 * as well as company initiated disciplinary proceedings.           *
 * By entry into this system you acknowledge that you are           *
 * authorised access and the level of privilege you subsequently    *
 * execute on this system. You further acknowledge that by entry    *
 * into this system you expect no privacy from monitoring.          *
 *                                                                  *
 *        ALL ACCESS TO THIS SYSTEM IS MONITORED AND LOGGED         *
 *                                                                  *
 ********************************************************************

 ********************************************************************
 *             Please enter your username and password.             *
 ********************************************************************
Using keyboard-interactive authentication.
Password: 

 ********************************************************************
 * You are now logged into: WP                                      *
 * All activity is being logged for review by System Administrators *
 ********************************************************************

MERD-01-SW1>en
Password: 
MERD-01-SW1#term len 0
MERD-01-SW1#Show cdp nei
Capability Codes: R - Router, T - Trans Bridge, B - Source Route Bridge
                  S - Switch, H - Host, I - IGMP, r - Repeater, P - Phone, 
                  D - Remote, C - CVTA, M - Two-port Mac Relay 

Device ID        Local Intrfce     Holdtme    Capability  Platform  Port ID
SEP0025459342A0  Gig 1/0/46        134             H P M  IP Phone  Port 1
SEP00254593424F  Gig 1/0/38        130             H P M  IP Phone  Port 1
SEP002545934A89  Gig 1/0/7         143             H P M  IP Phone  Port 1
SEP0024C4FDBD95  Gig 1/0/19        142             H P M  IP Phone  Port 1
SEP0024C4FD3BCE  Gig 1/0/45        150             H P M  IP Phone  Port 1
SEP002545934290  Gig 1/0/20        177             H P M  IP Phone  Port 1
SEP002545934474  Gig 1/0/17        162             H P M  IP Phone  Port 1
SEP002545934163  Gig 1/0/3         138             H P M  IP Phone  Port 1
SEP0024C4FD8B76  Gig 1/0/12        174             H P M  IP Phone  Port 1
SEP0024C4FD2F69  Gig 1/0/14        173             H P M  IP Phone  Port 1
merd-01-r2.ads.westernpower.com.au
                 Gig 1/1/2         165            R B S I CISCO2921 Gig 0/0
SEP0025459341FF  Gig 1/0/18        151             H P M  IP Phone  Port 1
MERD-01-R1.ads.westernpower.com.au
                 Gig 1/1/1         157             R S I  ISR4331/K Gig 0/0/0

Total cdp entries displayed : 13
MERD-01-SW1#Show int status

Port      Name               Status       Vlan       Duplex  Speed Type 
Gi1/0/1                      notconnect   401          auto   auto 10/100/1000BaseTX
Gi1/0/2                      notconnect   401          auto   auto 10/100/1000BaseTX
Gi1/0/3                      connected    401        a-full  a-100 10/100/1000BaseTX
Gi1/0/4                      notconnect   401          auto   auto 10/100/1000BaseTX
Gi1/0/5                      connected    401        a-full  a-100 10/100/1000BaseTX
Gi1/0/6                      notconnect   401          auto   auto 10/100/1000BaseTX
Gi1/0/7                      connected    401        a-full  a-100 10/100/1000BaseTX
Gi1/0/8                      connected    401        a-full  a-100 10/100/1000BaseTX
Gi1/0/9                      notconnect   401          auto   auto 10/100/1000BaseTX
Gi1/0/10                     notconnect   401          auto   auto 10/100/1000BaseTX
Gi1/0/11  merd-01-ups1       connected    900        a-full  a-100 10/100/1000BaseTX
Gi1/0/12                     connected    401        a-full  a-100 10/100/1000BaseTX
Gi1/0/13                     connected    401        a-full  a-100 10/100/1000BaseTX
Gi1/0/14                     connected    401        a-full  a-100 10/100/1000BaseTX
Gi1/0/15                     notconnect   401          auto   auto 10/100/1000BaseTX
Gi1/0/16                     notconnect   401          auto   auto 10/100/1000BaseTX
Gi1/0/17                     connected    401        a-full  a-100 10/100/1000BaseTX
Gi1/0/18                     connected    401        a-full  a-100 10/100/1000BaseTX
Gi1/0/19                     connected    401        a-full  a-100 10/100/1000BaseTX
Gi1/0/20                     connected    401        a-full  a-100 10/100/1000BaseTX
Gi1/0/21                     notconnect   401          auto   auto 10/100/1000BaseTX
Gi1/0/22                     notconnect   401          auto   auto 10/100/1000BaseTX
Gi1/0/23                     notconnect   401          auto   auto 10/100/1000BaseTX
Gi1/0/24                     notconnect   401          auto   auto 10/100/1000BaseTX
Gi1/0/25                     notconnect   401          auto   auto 10/100/1000BaseTX
Gi1/0/26                     notconnect   401          auto   auto 10/100/1000BaseTX
Gi1/0/27                     notconnect   401          auto   auto 10/100/1000BaseTX
Gi1/0/28                     notconnect   401          auto   auto 10/100/1000BaseTX
Gi1/0/29                     notconnect   401          auto   auto 10/100/1000BaseTX
Gi1/0/30                     notconnect   401          auto   auto 10/100/1000BaseTX
Gi1/0/31                     notconnect   401          auto   auto 10/100/1000BaseTX
Gi1/0/32                     notconnect   401          auto   auto 10/100/1000BaseTX
Gi1/0/33                     notconnect   401          auto   auto 10/100/1000BaseTX
Gi1/0/34                     notconnect   401          auto   auto 10/100/1000BaseTX
Gi1/0/35                     notconnect   401          auto   auto 10/100/1000BaseTX
Gi1/0/36                     notconnect   401          auto   auto 10/100/1000BaseTX
Gi1/0/37                     connected    401        a-full  a-100 10/100/1000BaseTX
Gi1/0/38                     connected    401        a-full  a-100 10/100/1000BaseTX
Gi1/0/39                     notconnect   401          auto   auto 10/100/1000BaseTX
Gi1/0/40  sc#489474          notconnect   401          auto   auto 10/100/1000BaseTX
Gi1/0/41  STEELHEAD_PRIMARY  connected    399        a-full a-1000 10/100/1000BaseTX
Gi1/0/42                     notconnect   401          auto   auto 10/100/1000BaseTX
Gi1/0/43                     connected    401        a-full  a-100 10/100/1000BaseTX
Gi1/0/44                     notconnect   401          auto   auto 10/100/1000BaseTX
Gi1/0/45                     connected    401        a-full  a-100 10/100/1000BaseTX
Gi1/0/46                     connected    401        a-full  a-100 10/100/1000BaseTX
Gi1/0/47  trainingap AP1252  connected    trunk      a-full  a-100 10/100/1000BaseTX
Gi1/0/48  Cardex access      connected    480        a-full a-1000 10/100/1000BaseTX
Gi1/1/1   merd-01-r1 SH_WAN0 connected    routed     a-full a-1000 10/100/1000BaseTX SFP
Gi1/1/2   merd-01-r2 SH_WAN0 connected    routed     a-full a-1000 10/100/1000BaseTX SFP
Gi1/1/3                      disabled     1            auto   auto unknown
Gi1/1/4                      disabled     1            auto   auto unknown
MERD-01-SW1#Show ip arp
Protocol  Address          Age (min)  Hardware Addr   Type   Interface
Internet  10.78.64.1              -   f40f.1ba2.feef  ARPA   Vlan401
Internet  10.78.64.12            76   4ccc.6a1b.07fd  ARPA   Vlan401
Internet  10.78.64.13            11   70f3.9505.d0ab  ARPA   Vlan401
Internet  10.78.64.15             0   d485.64a6.ea74  ARPA   Vlan401
Internet  10.78.64.16            12   001b.8230.23d5  ARPA   Vlan401
Internet  10.78.64.19            73   6c0b.8423.cff0  ARPA   Vlan401
Internet  10.78.64.22             0   4ccc.6a1b.0df3  ARPA   Vlan401
Internet  10.78.64.23            38   6c0b.8423.d26b  ARPA   Vlan401
Internet  10.78.64.26             0   4ccc.6a1b.0b61  ARPA   Vlan401
Internet  10.78.64.31            18   0800.37b1.ba0b  ARPA   Vlan401
Internet  10.78.64.34            14   0800.37b1.b23b  ARPA   Vlan401
Internet  10.78.64.35             0   90ac.3f00.2387  ARPA   Vlan401
Internet  10.78.64.142          127   4ccc.6af1.df7b  ARPA   Vlan401
Internet  10.78.96.1              -   f40f.1ba2.fefe  ARPA   Vlan801
Internet  10.78.128.1             -   f40f.1ba2.fef6  ARPA   Vlan501
Internet  10.78.128.30           22   0024.c4fd.2f69  ARPA   Vlan501
Internet  10.78.128.31            9   0025.4593.4a89  ARPA   Vlan501
Internet  10.78.128.32           24   0025.4593.4290  ARPA   Vlan501
Internet  10.78.128.33           31   0025.4593.4474  ARPA   Vlan501
Internet  10.78.128.34           19   0025.4593.4163  ARPA   Vlan501
Internet  10.78.128.35           34   0025.4593.42a0  ARPA   Vlan501
Internet  10.78.128.36           11   0025.4593.424f  ARPA   Vlan501
Internet  10.78.128.37           30   0024.c4fd.3bce  ARPA   Vlan501
Internet  10.78.128.38           29   0025.4593.41ff  ARPA   Vlan501
Internet  10.78.128.39           38   0024.c4fd.8b76  ARPA   Vlan501
Internet  10.78.128.40           16   0024.c4fd.bd95  ARPA   Vlan501
Internet  10.78.224.1             -   f40f.1ba2.fedb  ARPA   Vlan480
Internet  10.78.224.10            0   001c.7f22.248a  ARPA   Vlan480
Internet  10.78.241.1             -   f40f.1ba2.fecc  ARPA   Vlan399
Internet  10.78.241.5           207   000e.b64c.edd0  ARPA   Vlan399
Internet  10.78.242.1           155   00f8.2cd8.0240  ARPA   GigabitEthernet1/1/1
Internet  10.78.242.2             -   f40f.1ba2.fec6  ARPA   GigabitEthernet1/1/1
Internet  10.78.242.3           123   000e.b6c0.8b85  ARPA   GigabitEthernet1/1/1
Internet  10.78.242.9             2   b838.61c5.be50  ARPA   GigabitEthernet1/1/2
Internet  10.78.242.10            -   f40f.1ba2.fec8  ARPA   GigabitEthernet1/1/2
Internet  10.78.242.11          143   000e.b6c0.8b87  ARPA   GigabitEthernet1/1/2
Internet  10.78.246.65            -   f40f.1ba2.fed2  ARPA   Vlan800
Internet  10.78.246.66           28   001b.d3e2.f78c  ARPA   Vlan800
Internet  10.78.254.1             -   f40f.1ba2.fec5  ARPA   Vlan900
Internet  10.78.254.4           184   0020.85fd.ebfa  ARPA   Vlan900
MERD-01-SW1#Show mac add
          Mac Address Table
-------------------------------------------

Vlan    Mac Address       Type        Ports
----    -----------       --------    -----
 All    0100.0ccc.cccc    STATIC      CPU
 All    0100.0ccc.cccd    STATIC      CPU
 All    0100.0ccc.ccce    STATIC      CPU
 All    0180.c200.0000    STATIC      CPU
 All    0180.c200.0001    STATIC      CPU
 All    0180.c200.0002    STATIC      CPU
 All    0180.c200.0003    STATIC      CPU
 All    0180.c200.0004    STATIC      CPU
 All    0180.c200.0005    STATIC      CPU
 All    0180.c200.0006    STATIC      CPU
 All    0180.c200.0007    STATIC      CPU
 All    0180.c200.0008    STATIC      CPU
 All    0180.c200.0009    STATIC      CPU
 All    0180.c200.000a    STATIC      CPU
 All    0180.c200.000b    STATIC      CPU
 All    0180.c200.000c    STATIC      CPU
 All    0180.c200.000d    STATIC      CPU
 All    0180.c200.000e    STATIC      CPU
 All    0180.c200.000f    STATIC      CPU
 All    0180.c200.0010    STATIC      CPU
 All    ffff.ffff.ffff    STATIC      CPU
 399    000e.b64c.edd0    DYNAMIC     Gi1/0/41
 399    f40f.1ba2.fecc    STATIC      Vl399 
 401    0024.c4fd.2f69    DYNAMIC     Gi1/0/14
 401    0024.c4fd.3bce    DYNAMIC     Gi1/0/45
 401    0024.c4fd.8b76    DYNAMIC     Gi1/0/12
 401    0024.c4fd.bd95    DYNAMIC     Gi1/0/19
 401    0025.4593.4163    DYNAMIC     Gi1/0/3
 401    0025.4593.41ff    DYNAMIC     Gi1/0/18
 401    0025.4593.424f    DYNAMIC     Gi1/0/38
 401    0025.4593.4290    DYNAMIC     Gi1/0/20
 401    0025.4593.42a0    DYNAMIC     Gi1/0/46
 401    0025.4593.4474    DYNAMIC     Gi1/0/17
 401    0025.4593.4a89    DYNAMIC     Gi1/0/7
 401    0800.37b1.b23b    DYNAMIC     Gi1/0/13
 401    0800.37b1.ba0b    DYNAMIC     Gi1/0/8
 401    4ccc.6a1b.0b61    DYNAMIC     Gi1/0/43
 401    4ccc.6a1b.0df3    DYNAMIC     Gi1/0/20
 401    4ccc.6af1.df7b    DYNAMIC     Gi1/0/17
 401    6c0b.8423.cff0    DYNAMIC     Gi1/0/18
 401    6c0b.8423.d26b    DYNAMIC     Gi1/0/38
 401    90ac.3f00.2387    DYNAMIC     Gi1/0/5
 401    d485.64a6.ea74    DYNAMIC     Gi1/0/7
 401    f40f.1ba2.feef    STATIC      Vl401 
 480    001c.7f22.248a    DYNAMIC     Gi1/0/48
 480    f40f.1ba2.fedb    STATIC      Vl480 
 501    0024.c4fd.3bce    DYNAMIC     Gi1/0/45
 501    0024.c4fd.8b76    DYNAMIC     Gi1/0/12
 501    0024.c4fd.bd95    DYNAMIC     Gi1/0/19
 501    0025.4593.4163    DYNAMIC     Gi1/0/3
 501    0025.4593.424f    DYNAMIC     Gi1/0/38
 501    0025.4593.4474    DYNAMIC     Gi1/0/17
 501    0025.4593.4a89    DYNAMIC     Gi1/0/7
 501    f40f.1ba2.fef6    STATIC      Vl501 
 800    001b.d3e2.f78c    DYNAMIC     Gi1/0/47
 800    f40f.1ba2.fed2    STATIC      Vl800 
 801    f40f.1ba2.fefe    STATIC      Vl801 
 900    0020.85fd.ebfa    DYNAMIC     Gi1/0/11
 900    f40f.1ba2.fec5    STATIC      Vl900 
Total Mac Addresses for this criterion: 59
MERD-01-SW1#Show int | inc (rops|otoc)
Vlan1 is administratively down, line protocol is down 
  Input queue: 0/75/0/0 (size/max/drops/flushes); Total output drops: 0
     0 unknown protocol drops
Vlan399 is up, line protocol is up 
  Input queue: 0/75/0/0 (size/max/drops/flushes); Total output drops: 0
     0 unknown protocol drops
Vlan401 is up, line protocol is up 
  Input queue: 0/75/0/0 (size/max/drops/flushes); Total output drops: 0
     1507428 unknown protocol drops
Vlan480 is up, line protocol is up 
  Input queue: 0/75/0/0 (size/max/drops/flushes); Total output drops: 0
     0 unknown protocol drops
Vlan501 is up, line protocol is up 
  Input queue: 0/75/0/0 (size/max/drops/flushes); Total output drops: 0
     0 unknown protocol drops
Vlan800 is up, line protocol is up 
  Input queue: 0/75/0/0 (size/max/drops/flushes); Total output drops: 0
     0 unknown protocol drops
Vlan801 is up, line protocol is up 
  Input queue: 0/75/0/0 (size/max/drops/flushes); Total output drops: 0
     0 unknown protocol drops
Vlan900 is up, line protocol is up 
  Input queue: 0/75/0/0 (size/max/drops/flushes); Total output drops: 0
     0 unknown protocol drops
GigabitEthernet0/0 is down, line protocol is down 
  Input queue: 0/75/0/0 (size/max/drops/flushes); Total output drops: 0
     0 unknown protocol drops
GigabitEthernet1/0/1 is down, line protocol is down (notconnect) 
  Input queue: 0/2000/0/0 (size/max/drops/flushes); Total output drops: 0
     0 unknown protocol drops
GigabitEthernet1/0/2 is down, line protocol is down (notconnect) 
  Input queue: 0/2000/0/0 (size/max/drops/flushes); Total output drops: 0
     0 unknown protocol drops
GigabitEthernet1/0/3 is up, line protocol is up (connected) 
  Input queue: 0/2000/0/0 (size/max/drops/flushes); Total output drops: 112354347
     0 unknown protocol drops
GigabitEthernet1/0/4 is down, line protocol is down (notconnect) 
  Input queue: 0/2000/0/0 (size/max/drops/flushes); Total output drops: 0
     0 unknown protocol drops
GigabitEthernet1/0/5 is up, line protocol is up (connected) 
  Input queue: 0/2000/0/0 (size/max/drops/flushes); Total output drops: 0
     0 unknown protocol drops
GigabitEthernet1/0/6 is down, line protocol is down (notconnect) 
  Input queue: 0/2000/0/0 (size/max/drops/flushes); Total output drops: 4288515539
     0 unknown protocol drops
GigabitEthernet1/0/7 is up, line protocol is up (connected) 
  Input queue: 0/2000/0/0 (size/max/drops/flushes); Total output drops: 126619648
     0 unknown protocol drops
GigabitEthernet1/0/8 is up, line protocol is up (connected) 
  Input queue: 0/2000/0/0 (size/max/drops/flushes); Total output drops: 0
     0 unknown protocol drops
GigabitEthernet1/0/9 is down, line protocol is down (notconnect) 
  Input queue: 0/2000/0/0 (size/max/drops/flushes); Total output drops: 0
     0 unknown protocol drops
GigabitEthernet1/0/10 is down, line protocol is down (notconnect) 
  Input queue: 0/2000/0/0 (size/max/drops/flushes); Total output drops: 0
     0 unknown protocol drops
GigabitEthernet1/0/11 is up, line protocol is up (connected) 
  Input queue: 0/2000/0/0 (size/max/drops/flushes); Total output drops: 0
     0 unknown protocol drops
GigabitEthernet1/0/12 is up, line protocol is up (connected) 
  Input queue: 0/2000/0/0 (size/max/drops/flushes); Total output drops: 15276406
     0 unknown protocol drops
GigabitEthernet1/0/13 is up, line protocol is up (connected) 
  Input queue: 0/2000/0/0 (size/max/drops/flushes); Total output drops: 0
     0 unknown protocol drops
GigabitEthernet1/0/14 is up, line protocol is up (connected) 
  Input queue: 0/2000/0/0 (size/max/drops/flushes); Total output drops: 0
     0 unknown protocol drops
GigabitEthernet1/0/15 is down, line protocol is down (notconnect) 
  Input queue: 0/2000/0/0 (size/max/drops/flushes); Total output drops: 0
     0 unknown protocol drops
GigabitEthernet1/0/16 is down, line protocol is down (notconnect) 
  Input queue: 0/2000/0/0 (size/max/drops/flushes); Total output drops: 0
     0 unknown protocol drops
GigabitEthernet1/0/17 is up, line protocol is up (connected) 
  Input queue: 0/2000/0/0 (size/max/drops/flushes); Total output drops: 4282336997
     0 unknown protocol drops
GigabitEthernet1/0/18 is up, line protocol is up (connected) 
  Input queue: 0/2000/0/0 (size/max/drops/flushes); Total output drops: 131785647
     0 unknown protocol drops
GigabitEthernet1/0/19 is up, line protocol is up (connected) 
  Input queue: 0/2000/0/0 (size/max/drops/flushes); Total output drops: 136881959
     0 unknown protocol drops
GigabitEthernet1/0/20 is up, line protocol is up (connected) 
  Input queue: 0/2000/0/0 (size/max/drops/flushes); Total output drops: 366388795
     0 unknown protocol drops
GigabitEthernet1/0/21 is down, line protocol is down (notconnect) 
  Input queue: 0/2000/0/0 (size/max/drops/flushes); Total output drops: 0
     0 unknown protocol drops
GigabitEthernet1/0/22 is down, line protocol is down (notconnect) 
  Input queue: 0/2000/0/0 (size/max/drops/flushes); Total output drops: 0
     0 unknown protocol drops
GigabitEthernet1/0/23 is down, line protocol is down (notconnect) 
  Input queue: 0/2000/0/0 (size/max/drops/flushes); Total output drops: 0
     0 unknown protocol drops
GigabitEthernet1/0/24 is down, line protocol is down (notconnect) 
  Input queue: 0/2000/0/0 (size/max/drops/flushes); Total output drops: 0
     0 unknown protocol drops
GigabitEthernet1/0/25 is down, line protocol is down (notconnect) 
  Input queue: 0/2000/0/0 (size/max/drops/flushes); Total output drops: 0
     0 unknown protocol drops
GigabitEthernet1/0/26 is down, line protocol is down (notconnect) 
  Input queue: 0/2000/0/0 (size/max/drops/flushes); Total output drops: 0
     0 unknown protocol drops
GigabitEthernet1/0/27 is down, line protocol is down (notconnect) 
  Input queue: 0/2000/0/0 (size/max/drops/flushes); Total output drops: 0
     0 unknown protocol drops
GigabitEthernet1/0/28 is down, line protocol is down (notconnect) 
  Input queue: 0/2000/0/0 (size/max/drops/flushes); Total output drops: 0
     0 unknown protocol drops
GigabitEthernet1/0/29 is down, line protocol is down (notconnect) 
  Input queue: 0/2000/0/0 (size/max/drops/flushes); Total output drops: 0
     0 unknown protocol drops
GigabitEthernet1/0/30 is down, line protocol is down (notconnect) 
  Input queue: 0/2000/0/0 (size/max/drops/flushes); Total output drops: 0
     0 unknown protocol drops
GigabitEthernet1/0/31 is down, line protocol is down (notconnect) 
  Input queue: 0/2000/0/0 (size/max/drops/flushes); Total output drops: 0
     0 unknown protocol drops
GigabitEthernet1/0/32 is down, line protocol is down (notconnect) 
  Input queue: 0/2000/0/0 (size/max/drops/flushes); Total output drops: 0
     0 unknown protocol drops
GigabitEthernet1/0/33 is down, line protocol is down (notconnect) 
  Input queue: 0/2000/0/0 (size/max/drops/flushes); Total output drops: 0
     0 unknown protocol drops
GigabitEthernet1/0/34 is down, line protocol is down (notconnect) 
  Input queue: 0/2000/0/0 (size/max/drops/flushes); Total output drops: 0
     0 unknown protocol drops
GigabitEthernet1/0/35 is down, line protocol is down (notconnect) 
  Input queue: 0/2000/0/0 (size/max/drops/flushes); Total output drops: 0
     0 unknown protocol drops
GigabitEthernet1/0/36 is down, line protocol is down (notconnect) 
  Input queue: 0/2000/0/0 (size/max/drops/flushes); Total output drops: 0
     0 unknown protocol drops
GigabitEthernet1/0/37 is up, line protocol is up (connected) 
  Input queue: 0/2000/0/0 (size/max/drops/flushes); Total output drops: 0
     0 unknown protocol drops
GigabitEthernet1/0/38 is up, line protocol is up (connected) 
  Input queue: 0/2000/0/0 (size/max/drops/flushes); Total output drops: 277061799
     0 unknown protocol drops
GigabitEthernet1/0/39 is down, line protocol is down (notconnect) 
  Input queue: 0/2000/0/0 (size/max/drops/flushes); Total output drops: 0
     0 unknown protocol drops
GigabitEthernet1/0/40 is down, line protocol is down (notconnect) 
  Input queue: 0/2000/0/0 (size/max/drops/flushes); Total output drops: 0
     0 unknown protocol drops
GigabitEthernet1/0/41 is up, line protocol is up (connected) 
  Input queue: 0/2000/0/0 (size/max/drops/flushes); Total output drops: 44779
     0 unknown protocol drops
GigabitEthernet1/0/42 is down, line protocol is down (notconnect) 
  Input queue: 0/2000/0/0 (size/max/drops/flushes); Total output drops: 0
     0 unknown protocol drops
GigabitEthernet1/0/43 is up, line protocol is up (connected) 
  Input queue: 0/2000/0/0 (size/max/drops/flushes); Total output drops: 735715895
     6048 unknown protocol drops
GigabitEthernet1/0/44 is down, line protocol is down (notconnect) 
  Input queue: 0/2000/0/0 (size/max/drops/flushes); Total output drops: 0
     0 unknown protocol drops
GigabitEthernet1/0/45 is up, line protocol is up (connected) 
  Input queue: 0/2000/0/0 (size/max/drops/flushes); Total output drops: 416856553
     0 unknown protocol drops
GigabitEthernet1/0/46 is up, line protocol is up (connected) 
  Input queue: 0/2000/0/0 (size/max/drops/flushes); Total output drops: 358405104
     0 unknown protocol drops
GigabitEthernet1/0/47 is up, line protocol is up (connected) 
  Input queue: 0/2000/0/0 (size/max/drops/flushes); Total output drops: 947653
     0 unknown protocol drops
GigabitEthernet1/0/48 is up, line protocol is up (connected) 
  Input queue: 0/2000/0/0 (size/max/drops/flushes); Total output drops: 0
     0 unknown protocol drops
GigabitEthernet1/1/1 is up, line protocol is up (connected) 
  Input queue: 0/75/0/0 (size/max/drops/flushes); Total output drops: 0
     0 unknown protocol drops
GigabitEthernet1/1/2 is up, line protocol is up (connected) 
  Input queue: 10/75/0/0 (size/max/drops/flushes); Total output drops: 0
     0 unknown protocol drops
GigabitEthernet1/1/3 is administratively down, line protocol is down (disabled) 
  Input queue: 0/2000/0/0 (size/max/drops/flushes); Total output drops: 0
     0 unknown protocol drops
GigabitEthernet1/1/4 is administratively down, line protocol is down (disabled) 
  Input queue: 0/2000/0/0 (size/max/drops/flushes); Total output drops: 0
     0 unknown protocol drops
Loopback1 is up, line protocol is up 
  Input queue: 0/75/0/0 (size/max/drops/flushes); Total output drops: 0
     0 unknown protocol drops
Loopback161 is up, line protocol is up 
  Input queue: 0/75/0/0 (size/max/drops/flushes); Total output drops: 0
     0 unknown protocol drops
Tunnel0 is up, line protocol is up 
  Tunnel protocol/transport PIM/IPv4
  Input queue: 0/75/0/0 (size/max/drops/flushes); Total output drops: 0
     0 unknown protocol drops
Tunnel1 is up, line protocol is up 
  Tunnel protocol/transport PIM/IPv4
  Input queue: 0/75/0/0 (size/max/drops/flushes); Total output drops: 0
     0 unknown protocol drops
MERD-01-SW1#Show run
Building configuration...

Current configuration : 29422 bytes
!
! Last configuration change at 17:28:29 WST Tue Dec 12 2017 by n040454
! NVRAM config last updated at 17:34:47 WST Tue Dec 12 2017 by n040454
!
version 15.2
no service pad
service tcp-keepalives-in
service tcp-keepalives-out
service timestamps debug datetime msec localtime show-timezone
service timestamps log datetime msec localtime show-timezone
service password-encryption
service compress-config
!
hostname MERD-01-SW1
!
boot-start-marker
boot-end-marker
!
!
vrf definition Mgmt-vrf
 !
 address-family ipv4
 exit-address-family
 !
 address-family ipv6
 exit-address-family
!
logging buffered 64000
enable secret 5 $1$RE/r$KjNuWfL1ClX/fgjhd6Xs7.
!
username westernpower privilege 15 secret 5 $1$SlQ3$86cjHcgfsmUjoTHduNn880
username anthonylam privilege 15 secret 5 $1$QBDI$xVrTWsyCcFaXGFbN.k0Rf1
aaa new-model
!
!
aaa authentication banner ^C
 ********************************************************************
 *             Please enter your username and password.             *
 ********************************************************************
^C
aaa authentication fail-message ^C
 ********************************************************************
 *      The supplied Username and/or Password is not valid.         *
 *  This failed login attempt has been recorded for audit purposes. *
 ********************************************************************
^C
aaa authentication login default group radius enable
aaa authentication login console enable
aaa authorization exec default if-authenticated 
aaa accounting send stop-record authentication failure
aaa accounting exec default start-stop group radius
!
!
!
!
!
!
aaa session-id common
clock timezone WST 8 0
switch 1 provision ws-c3650-48ps
!
!
!
!
!
ip routing
!
ip multicast-routing 
no ip domain-lookup
ip domain-name ads.westernpower.com.au
ip dhcp snooping vlan 1,401,501
no ip dhcp snooping information option
ip dhcp snooping
!
!
login on-failure log
login on-success log
qos queue-softmax-multiplier 100
vtp domain MERD
vtp mode transparent
udld enable

!
table-map policed-dscp
 map from  0 to 8
 map from  10 to 8
 map from  18 to 8
 map from  24 to 8
 map from  46 to 8
 default copy
table-map AutoQos-4.0-Trust-Dscp-Table
 default copy
!
!
key chain EIGRP_KEY_CHAIN
 key 1
  key-string 7 0203060D082F15346E
!
crypto pki trustpoint TP-self-signed-2113241199
 enrollment selfsigned
 subject-name cn=IOS-Self-Signed-Certificate-2113241199
 revocation-check none
 rsakeypair TP-self-signed-2113241199
!
!
crypto pki certificate chain TP-self-signed-2113241199
 certificate self-signed 01
  30820243 308201AC A0030201 02020101 300D0609 2A864886 F70D0101 04050030 
  31312F30 2D060355 04031326 494F532D 53656C66 2D536967 6E65642D 43657274 
  69666963 6174652D 32313133 32343131 3939301E 170D3134 31303038 30333232 
  31355A17 0D323030 31303130 30303030 305A3031 312F302D 06035504 03132649 
  4F532D53 656C662D 5369676E 65642D43 65727469 66696361 74652D32 31313332 
  34313139 3930819F 300D0609 2A864886 F70D0101 01050003 818D0030 81890281 
  8100C4F2 54BEDEAE CB9EA17C A56853EA 30E170BD CA30BAD3 FCB86EC7 C438A60F 
  88E55975 D76603E1 AD402794 07D06F80 B7E647E7 D5A98516 8FFA0EB6 3839FD3F 
  DA809539 72DEA956 77312CC6 DCDBBF25 435326B2 FE1F20EE E8ED5366 A28F98EE 
  B9A81D69 09E89E37 58F33876 37B7AA0A 15D25983 1F0DD98F B4970EA0 D9E745B5 
  FE090203 010001A3 6B306930 0F060355 1D130101 FF040530 030101FF 30160603 
  551D1104 0F300D82 0B4D4552 442D3031 2D535731 301F0603 551D2304 18301680 
  148F2615 320BF38E 7BADAFF9 62723C71 30BC0CA8 88301D06 03551D0E 04160414 
  8F261532 0BF38E7B ADAFF962 723C7130 BC0CA888 300D0609 2A864886 F70D0101 
  04050003 818100A5 C1BBDDF3 35AB956A 09B0CE9F C26BFF40 4DD4BA57 68792EBF 
  CF7DC7C3 8F4F6038 F4CAC2DE 9CFBFED3 13247A81 C40A470A CEC1B350 5EAD448D 
  2E090CDC 074CCF40 5BF4F6E7 4A12680E 2F112C1E 47479037 7AE4FA68 C0DA77BD 
  E68AC554 EAF56B5D AC40552B 5B7E59DC 00AA2AD1 F76F33B3 0ACD2B81 5FB8D89C 
  7782A204 E8A529
  	quit
errdisable recovery cause udld
errdisable recovery interval 60
diagnostic bootup level minimal
!
spanning-tree mode rapid-pvst
spanning-tree portfast bpduguard default
spanning-tree extend system-id
hw-switch switch 1 logging onboard message level 3
!
redundancy
 mode sso
!
!
vlan 399
 name STEELHEAD_MANAGEMENT
!
vlan 401
 name USER_DATA_VLAN
!
vlan 480
 name SECURITY
!
vlan 501
 name USER_VOICE_VLAN
!
vlan 800
 name WLAN_AP_Management
!
vlan 801
 name WLAN_Corp_Clients
!
vlan 900
 name ANCILLIARY_MANAGEMENT
!
!
class-map match-any AutoQos-4.0-Output-Multimedia-Conf-Queue
 match dscp af41  af42  af43 
 match cos  4 
class-map match-any AutoQos-4.0-Output-Bulk-Data-Queue
 match dscp af11  af12  af13 
 match cos  1 
class-map match-any AutoQos-4.0-Output-Priority-Queue
 match dscp cs4  cs5  ef 
 match cos  5 
class-map match-any AutoQos-4.0-Output-Multimedia-Strm-Queue
 match dscp af31  af32  af33 
class-map match-any AutoQos-4.0-Voip-Data-CiscoPhone-Class
 match cos  5 
class-map match-any AutoQos-4.0-Voip-Signal-CiscoPhone-Class
 match cos  3 
class-map match-any non-client-nrt-class
class-map match-any AutoQos-4.0-Default-Class
 match access-group name AutoQos-4.0-Acl-Default
class-map match-any AutoQos-4.0-Output-Trans-Data-Queue
 match dscp af21  af22  af23 
 match cos  2 
class-map match-any AutoQos-4.0-Output-Scavenger-Queue
 match dscp cs1 
class-map match-any AutoQos-4.0-Output-Control-Mgmt-Queue
 match dscp cs2  cs3  cs6  cs7 
 match cos  3 
!
policy-map port_child_policy
 class non-client-nrt-class
  bandwidth remaining ratio 10
policy-map AutoQos-4.0-Output-Policy
 class AutoQos-4.0-Output-Priority-Queue
  priority level 1 percent 30
 class AutoQos-4.0-Output-Control-Mgmt-Queue
  bandwidth remaining percent 10 
  queue-limit dscp cs2 percent 80
  queue-limit dscp cs3 percent 90
  queue-limit dscp cs6 percent 100
  queue-limit dscp cs7 percent 100
  queue-buffers ratio 10
 class AutoQos-4.0-Output-Multimedia-Conf-Queue
  bandwidth remaining percent 10 
  queue-buffers ratio 10
 class AutoQos-4.0-Output-Trans-Data-Queue
  bandwidth remaining percent 10 
  queue-buffers ratio 10
 class AutoQos-4.0-Output-Bulk-Data-Queue
  bandwidth remaining percent 4 
  queue-buffers ratio 10
 class AutoQos-4.0-Output-Scavenger-Queue
  bandwidth remaining percent 1 
  queue-buffers ratio 10
 class AutoQos-4.0-Output-Multimedia-Strm-Queue
  bandwidth remaining percent 10 
  queue-buffers ratio 10
 class class-default
  bandwidth remaining percent 25 
  queue-buffers ratio 25
policy-map AutoQos-4.0-Trust-Dscp-Input-Policy
 class class-default
  set dscp dscp table AutoQos-4.0-Trust-Dscp-Table
policy-map AutoQos-4.0-CiscoPhone-Input-Policy
 class AutoQos-4.0-Voip-Data-CiscoPhone-Class
  set dscp ef
  police cir 128000 bc 8000
   conform-action transmit 
   exceed-action set-dscp-transmit dscp table policed-dscp
 class AutoQos-4.0-Voip-Signal-CiscoPhone-Class
  set dscp cs3
  police cir 32000 bc 8000
   conform-action transmit 
   exceed-action set-dscp-transmit dscp table policed-dscp
 class AutoQos-4.0-Default-Class
  set dscp default
!
! 
!
!
!
!
!
!
!
!
!
!
!
!
interface Loopback1
 description MGT Address
 ip address 10.78.240.5 255.255.255.255
 ip mtu 1500
!
interface Loopback161
 description *** Anycast RP Address ONLY ***
 ip address 10.78.240.24 255.255.255.255
 ip mtu 1500
 ip pim sparse-mode
!
interface GigabitEthernet0/0
 vrf forwarding Mgmt-vrf
 no ip address
 negotiation auto
!
interface GigabitEthernet1/0/1
 switchport access vlan 401
 switchport mode access
 switchport voice vlan 501
 trust device cisco-phone
 auto qos voip cisco-phone 
 spanning-tree portfast
 service-policy input AutoQos-4.0-CiscoPhone-Input-Policy
 service-policy output AutoQos-4.0-Output-Policy
 ip dhcp snooping limit rate 20
!
interface GigabitEthernet1/0/2
 switchport access vlan 401
 switchport mode access
 switchport voice vlan 501
 trust device cisco-phone
 auto qos voip cisco-phone 
 spanning-tree portfast
 service-policy input AutoQos-4.0-CiscoPhone-Input-Policy
 service-policy output AutoQos-4.0-Output-Policy
 ip dhcp snooping limit rate 20
!
interface GigabitEthernet1/0/3
 switchport access vlan 401
 switchport mode access
 switchport voice vlan 501
 trust device cisco-phone
 auto qos voip cisco-phone 
 spanning-tree portfast
 service-policy input AutoQos-4.0-CiscoPhone-Input-Policy
 service-policy output AutoQos-4.0-Output-Policy
 ip dhcp snooping limit rate 20
!
interface GigabitEthernet1/0/4
 switchport access vlan 401
 switchport mode access
 switchport voice vlan 501
 trust device cisco-phone
 auto qos voip cisco-phone 
 spanning-tree portfast
 service-policy input AutoQos-4.0-CiscoPhone-Input-Policy
 service-policy output AutoQos-4.0-Output-Policy
 ip dhcp snooping limit rate 20
!
interface GigabitEthernet1/0/5
 switchport access vlan 401
 switchport mode access
 switchport voice vlan 501
 trust device cisco-phone
 auto qos voip cisco-phone 
 spanning-tree portfast
 service-policy input AutoQos-4.0-CiscoPhone-Input-Policy
 service-policy output AutoQos-4.0-Output-Policy
 ip dhcp snooping limit rate 20
!
interface GigabitEthernet1/0/6
 switchport access vlan 401
 switchport mode access
 switchport voice vlan 501
 trust device cisco-phone
 auto qos voip cisco-phone 
 spanning-tree portfast
 service-policy input AutoQos-4.0-CiscoPhone-Input-Policy
 service-policy output AutoQos-4.0-Output-Policy
 ip dhcp snooping limit rate 20
!
interface GigabitEthernet1/0/7
 switchport access vlan 401
 switchport mode access
 switchport voice vlan 501
 trust device cisco-phone
 auto qos voip cisco-phone 
 spanning-tree portfast
 service-policy input AutoQos-4.0-CiscoPhone-Input-Policy
 service-policy output AutoQos-4.0-Output-Policy
 ip dhcp snooping limit rate 20
!
interface GigabitEthernet1/0/8
 switchport access vlan 401
 switchport mode access
 switchport voice vlan 501
 trust device cisco-phone
 auto qos voip cisco-phone 
 spanning-tree portfast
 service-policy input AutoQos-4.0-CiscoPhone-Input-Policy
 service-policy output AutoQos-4.0-Output-Policy
 ip dhcp snooping limit rate 20
!
interface GigabitEthernet1/0/9
 switchport access vlan 401
 switchport mode access
 switchport voice vlan 501
 trust device cisco-phone
 auto qos voip cisco-phone 
 spanning-tree portfast
 service-policy input AutoQos-4.0-CiscoPhone-Input-Policy
 service-policy output AutoQos-4.0-Output-Policy
 ip dhcp snooping limit rate 20
!
interface GigabitEthernet1/0/10
 switchport access vlan 401
 switchport mode access
 switchport voice vlan 501
 trust device cisco-phone
 auto qos voip cisco-phone 
 spanning-tree portfast
 service-policy input AutoQos-4.0-CiscoPhone-Input-Policy
 service-policy output AutoQos-4.0-Output-Policy
 ip dhcp snooping limit rate 20
!
interface GigabitEthernet1/0/11
 description merd-01-ups1
 switchport access vlan 900
 switchport mode access
 switchport voice vlan 501
 trust device cisco-phone
 auto qos voip cisco-phone 
 spanning-tree portfast
 service-policy input AutoQos-4.0-CiscoPhone-Input-Policy
 service-policy output AutoQos-4.0-Output-Policy
!
interface GigabitEthernet1/0/12
 switchport access vlan 401
 switchport mode access
 switchport voice vlan 501
 trust device cisco-phone
 auto qos voip cisco-phone 
 spanning-tree portfast
 service-policy input AutoQos-4.0-CiscoPhone-Input-Policy
 service-policy output AutoQos-4.0-Output-Policy
 ip dhcp snooping limit rate 20
!
interface GigabitEthernet1/0/13
 switchport access vlan 401
 switchport mode access
 switchport voice vlan 501
 trust device cisco-phone
 auto qos voip cisco-phone 
 spanning-tree portfast
 service-policy input AutoQos-4.0-CiscoPhone-Input-Policy
 service-policy output AutoQos-4.0-Output-Policy
 ip dhcp snooping limit rate 20
!
interface GigabitEthernet1/0/14
 switchport access vlan 401
 switchport mode access
 switchport voice vlan 501
 trust device cisco-phone
 auto qos voip cisco-phone 
 spanning-tree portfast
 service-policy input AutoQos-4.0-CiscoPhone-Input-Policy
 service-policy output AutoQos-4.0-Output-Policy
 ip dhcp snooping limit rate 20
!
interface GigabitEthernet1/0/15
 switchport access vlan 401
 switchport mode access
 switchport voice vlan 501
 trust device cisco-phone
 auto qos voip cisco-phone 
 spanning-tree portfast
 service-policy input AutoQos-4.0-CiscoPhone-Input-Policy
 service-policy output AutoQos-4.0-Output-Policy
 ip dhcp snooping limit rate 20
!
interface GigabitEthernet1/0/16
 switchport access vlan 401
 switchport mode access
 switchport voice vlan 501
 trust device cisco-phone
 auto qos voip cisco-phone 
 spanning-tree portfast
 service-policy input AutoQos-4.0-CiscoPhone-Input-Policy
 service-policy output AutoQos-4.0-Output-Policy
 ip dhcp snooping limit rate 20
!
interface GigabitEthernet1/0/17
 switchport access vlan 401
 switchport mode access
 switchport voice vlan 501
 trust device cisco-phone
 auto qos voip cisco-phone 
 spanning-tree portfast
 service-policy input AutoQos-4.0-CiscoPhone-Input-Policy
 service-policy output AutoQos-4.0-Output-Policy
 ip dhcp snooping limit rate 20
!
interface GigabitEthernet1/0/18
 switchport access vlan 401
 switchport mode access
 switchport voice vlan 501
 trust device cisco-phone
 auto qos voip cisco-phone 
 spanning-tree portfast
 service-policy input AutoQos-4.0-CiscoPhone-Input-Policy
 service-policy output AutoQos-4.0-Output-Policy
 ip dhcp snooping limit rate 20
!
interface GigabitEthernet1/0/19
 switchport access vlan 401
 switchport mode access
 switchport voice vlan 501
 trust device cisco-phone
 auto qos voip cisco-phone 
 spanning-tree portfast
 service-policy input AutoQos-4.0-CiscoPhone-Input-Policy
 service-policy output AutoQos-4.0-Output-Policy
 ip dhcp snooping limit rate 20
!
interface GigabitEthernet1/0/20
 switchport access vlan 401
 switchport mode access
 switchport voice vlan 501
 trust device cisco-phone
 auto qos voip cisco-phone 
 spanning-tree portfast
 service-policy input AutoQos-4.0-CiscoPhone-Input-Policy
 service-policy output AutoQos-4.0-Output-Policy
 ip dhcp snooping limit rate 20
!
interface GigabitEthernet1/0/21
 switchport access vlan 401
 switchport mode access
 switchport voice vlan 501
 trust device cisco-phone
 auto qos voip cisco-phone 
 spanning-tree portfast
 service-policy input AutoQos-4.0-CiscoPhone-Input-Policy
 service-policy output AutoQos-4.0-Output-Policy
 ip dhcp snooping limit rate 20
!
interface GigabitEthernet1/0/22
 switchport access vlan 401
 switchport mode access
 switchport voice vlan 501
 trust device cisco-phone
 auto qos voip cisco-phone 
 spanning-tree portfast
 service-policy input AutoQos-4.0-CiscoPhone-Input-Policy
 service-policy output AutoQos-4.0-Output-Policy
 ip dhcp snooping limit rate 20
!
interface GigabitEthernet1/0/23
 switchport access vlan 401
 switchport mode access
 switchport voice vlan 501
 trust device cisco-phone
 auto qos voip cisco-phone 
 spanning-tree portfast
 service-policy input AutoQos-4.0-CiscoPhone-Input-Policy
 service-policy output AutoQos-4.0-Output-Policy
 ip dhcp snooping limit rate 20
!
interface GigabitEthernet1/0/24
 switchport access vlan 401
 switchport mode access
 switchport voice vlan 501
 trust device cisco-phone
 auto qos voip cisco-phone 
 spanning-tree portfast
 service-policy input AutoQos-4.0-CiscoPhone-Input-Policy
 service-policy output AutoQos-4.0-Output-Policy
 ip dhcp snooping limit rate 20
!
interface GigabitEthernet1/0/25
 switchport access vlan 401
 switchport mode access
 switchport voice vlan 501
 trust device cisco-phone
 auto qos voip cisco-phone 
 spanning-tree portfast
 service-policy input AutoQos-4.0-CiscoPhone-Input-Policy
 service-policy output AutoQos-4.0-Output-Policy
 ip dhcp snooping limit rate 20
!
interface GigabitEthernet1/0/26
 switchport access vlan 401
 switchport mode access
 switchport voice vlan 501
 trust device cisco-phone
 auto qos voip cisco-phone 
 spanning-tree portfast
 service-policy input AutoQos-4.0-CiscoPhone-Input-Policy
 service-policy output AutoQos-4.0-Output-Policy
 ip dhcp snooping limit rate 20
!
interface GigabitEthernet1/0/27
 switchport access vlan 401
 switchport mode access
 switchport voice vlan 501
 trust device cisco-phone
 auto qos voip cisco-phone 
 spanning-tree portfast
 service-policy input AutoQos-4.0-CiscoPhone-Input-Policy
 service-policy output AutoQos-4.0-Output-Policy
 ip dhcp snooping limit rate 20
!
interface GigabitEthernet1/0/28
 switchport access vlan 401
 switchport mode access
 switchport voice vlan 501
 trust device cisco-phone
 auto qos voip cisco-phone 
 spanning-tree portfast
 service-policy input AutoQos-4.0-CiscoPhone-Input-Policy
 service-policy output AutoQos-4.0-Output-Policy
 ip dhcp snooping limit rate 20
!
interface GigabitEthernet1/0/29
 switchport access vlan 401
 switchport mode access
 switchport voice vlan 501
 trust device cisco-phone
 auto qos voip cisco-phone 
 spanning-tree portfast
 service-policy input AutoQos-4.0-CiscoPhone-Input-Policy
 service-policy output AutoQos-4.0-Output-Policy
 ip dhcp snooping limit rate 20
!
interface GigabitEthernet1/0/30
 switchport access vlan 401
 switchport mode access
 switchport voice vlan 501
 trust device cisco-phone
 auto qos voip cisco-phone 
 spanning-tree portfast
 service-policy input AutoQos-4.0-CiscoPhone-Input-Policy
 service-policy output AutoQos-4.0-Output-Policy
 ip dhcp snooping limit rate 20
!
interface GigabitEthernet1/0/31
 switchport access vlan 401
 switchport mode access
 switchport voice vlan 501
 trust device cisco-phone
 auto qos voip cisco-phone 
 spanning-tree portfast
 service-policy input AutoQos-4.0-CiscoPhone-Input-Policy
 service-policy output AutoQos-4.0-Output-Policy
 ip dhcp snooping limit rate 20
!
interface GigabitEthernet1/0/32
 switchport access vlan 401
 switchport mode access
 switchport voice vlan 501
 trust device cisco-phone
 auto qos voip cisco-phone 
 spanning-tree portfast
 service-policy input AutoQos-4.0-CiscoPhone-Input-Policy
 service-policy output AutoQos-4.0-Output-Policy
 ip dhcp snooping limit rate 20
!
interface GigabitEthernet1/0/33
 switchport access vlan 401
 switchport mode access
 switchport voice vlan 501
 trust device cisco-phone
 auto qos voip cisco-phone 
 spanning-tree portfast
 service-policy input AutoQos-4.0-CiscoPhone-Input-Policy
 service-policy output AutoQos-4.0-Output-Policy
 ip dhcp snooping limit rate 20
!
interface GigabitEthernet1/0/34
 switchport access vlan 401
 switchport mode access
 switchport voice vlan 501
 trust device cisco-phone
 auto qos voip cisco-phone 
 spanning-tree portfast
 service-policy input AutoQos-4.0-CiscoPhone-Input-Policy
 service-policy output AutoQos-4.0-Output-Policy
 ip dhcp snooping limit rate 20
!
interface GigabitEthernet1/0/35
 switchport access vlan 401
 switchport mode access
 switchport voice vlan 501
 trust device cisco-phone
 auto qos voip cisco-phone 
 spanning-tree portfast
 service-policy input AutoQos-4.0-CiscoPhone-Input-Policy
 service-policy output AutoQos-4.0-Output-Policy
 ip dhcp snooping limit rate 20
!
interface GigabitEthernet1/0/36
 switchport access vlan 401
 switchport mode access
 switchport voice vlan 501
 trust device cisco-phone
 auto qos voip cisco-phone 
 spanning-tree portfast
 service-policy input AutoQos-4.0-CiscoPhone-Input-Policy
 service-policy output AutoQos-4.0-Output-Policy
 ip dhcp snooping limit rate 20
!
interface GigabitEthernet1/0/37
 switchport access vlan 401
 switchport mode access
 switchport voice vlan 501
 trust device cisco-phone
 auto qos voip cisco-phone 
 spanning-tree portfast
 service-policy input AutoQos-4.0-CiscoPhone-Input-Policy
 service-policy output AutoQos-4.0-Output-Policy
 ip dhcp snooping limit rate 20
!
interface GigabitEthernet1/0/38
 switchport access vlan 401
 switchport mode access
 switchport voice vlan 501
 trust device cisco-phone
 auto qos voip cisco-phone 
 spanning-tree portfast
 service-policy input AutoQos-4.0-CiscoPhone-Input-Policy
 service-policy output AutoQos-4.0-Output-Policy
 ip dhcp snooping limit rate 20
!
interface GigabitEthernet1/0/39
 switchport access vlan 401
 switchport mode access
 switchport voice vlan 501
 power inline never
 trust device cisco-phone
 auto qos voip cisco-phone 
 spanning-tree portfast
 service-policy input AutoQos-4.0-CiscoPhone-Input-Policy
 service-policy output AutoQos-4.0-Output-Policy
 ip dhcp snooping limit rate 20
!
interface GigabitEthernet1/0/40
 description sc#489474
 switchport access vlan 401
 switchport mode access
 switchport voice vlan 501
 trust device cisco-phone
 auto qos voip cisco-phone 
 spanning-tree portfast
 spanning-tree bpduguard disable
 service-policy input AutoQos-4.0-CiscoPhone-Input-Policy
 service-policy output AutoQos-4.0-Output-Policy
 ip dhcp snooping limit rate 20
!
interface GigabitEthernet1/0/41
 description STEELHEAD_PRIMARY
 switchport access vlan 399
 switchport mode access
 switchport voice vlan 501
 spanning-tree portfast
 spanning-tree bpduguard enable
!
interface GigabitEthernet1/0/42
 switchport access vlan 401
 switchport mode access
 switchport voice vlan 501
 trust device cisco-phone
 auto qos voip cisco-phone 
 spanning-tree portfast
 service-policy input AutoQos-4.0-CiscoPhone-Input-Policy
 service-policy output AutoQos-4.0-Output-Policy
 ip dhcp snooping limit rate 20
!
interface GigabitEthernet1/0/43
 switchport access vlan 401
 switchport mode access
 switchport voice vlan 501
 trust device cisco-phone
 auto qos voip cisco-phone 
 spanning-tree portfast
 service-policy input AutoQos-4.0-CiscoPhone-Input-Policy
 service-policy output AutoQos-4.0-Output-Policy
 ip dhcp snooping limit rate 20
!
interface GigabitEthernet1/0/44
 switchport access vlan 401
 switchport mode access
 switchport voice vlan 501
 trust device cisco-phone
 auto qos voip cisco-phone 
 spanning-tree portfast
 service-policy input AutoQos-4.0-CiscoPhone-Input-Policy
 service-policy output AutoQos-4.0-Output-Policy
 ip dhcp snooping limit rate 20
!
interface GigabitEthernet1/0/45
 switchport access vlan 401
 switchport mode access
 switchport voice vlan 501
 trust device cisco-phone
 auto qos voip cisco-phone 
 spanning-tree portfast
 service-policy input AutoQos-4.0-CiscoPhone-Input-Policy
 service-policy output AutoQos-4.0-Output-Policy
 ip dhcp snooping limit rate 20
!
interface GigabitEthernet1/0/46
 switchport access vlan 401
 switchport mode access
 switchport voice vlan 501
 trust device cisco-phone
 auto qos voip cisco-phone 
 spanning-tree portfast
 service-policy input AutoQos-4.0-CiscoPhone-Input-Policy
 service-policy output AutoQos-4.0-Output-Policy
 ip dhcp snooping limit rate 20
!
interface GigabitEthernet1/0/47
 description trainingap AP1252
 switchport trunk native vlan 800
 switchport trunk allowed vlan 800,801
 switchport mode trunk
!
interface GigabitEthernet1/0/48
 description Cardex access
 switchport access vlan 480
 switchport mode access
 spanning-tree portfast
 spanning-tree bpduguard enable
!
interface GigabitEthernet1/1/1
 description merd-01-r1 SH_WAN0_0
 no switchport
 ip address 10.78.242.2 255.255.255.248
 ip authentication mode eigrp 78 md5
 ip authentication key-chain eigrp 78 EIGRP_KEY_CHAIN
 ip summary-address eigrp 78 10.78.0.0 255.255.0.0
 auto qos trust 
 service-policy input AutoQos-4.0-Trust-Dscp-Input-Policy
 service-policy output AutoQos-4.0-Output-Policy
!
interface GigabitEthernet1/1/2
 description merd-01-r2 SH_WAN0_1
 no switchport
 ip address 10.78.242.10 255.255.255.248
 ip authentication mode eigrp 78 md5
 ip authentication key-chain eigrp 78 EIGRP_KEY_CHAIN
 ip summary-address eigrp 78 10.78.0.0 255.255.0.0
 auto qos trust 
 service-policy input AutoQos-4.0-Trust-Dscp-Input-Policy
 service-policy output AutoQos-4.0-Output-Policy
!
interface GigabitEthernet1/1/3
 shutdown
!
interface GigabitEthernet1/1/4
 shutdown
!
interface Vlan1
 no ip address
 shutdown
!
interface Vlan399
 ip address 10.78.241.1 255.255.255.248
!
interface Vlan401
 description T1 data
 ip address 10.78.64.1 255.255.255.0
 ip helper-address 10.19.0.66
 ip helper-address 10.21.0.66
 ip helper-address 10.19.1.18
 ip directed-broadcast 5
!
interface Vlan480
 description SECURITY
 ip address 10.78.224.1 255.255.255.0
!
interface Vlan501
 description T1 voice
 ip address 10.78.128.1 255.255.255.0
 ip helper-address 10.19.0.66
 ip helper-address 10.21.0.66
!
interface Vlan800
 description merd-wlan-ap-management
 ip address 10.78.246.65 255.255.255.224
 ip helper-address 10.19.0.66
 ip helper-address 10.21.0.66
!
interface Vlan801
 description merd-wlan-corporate-clients
 ip address 10.78.96.1 255.255.255.0
 ip helper-address 10.19.0.66
 ip helper-address 10.21.0.66
!
interface Vlan900
 description Ancilliary Device Management
 ip address 10.78.254.1 255.255.255.0
!
!
router eigrp 78
 network 10.0.0.0
 passive-interface default
 no passive-interface GigabitEthernet1/1/1
 no passive-interface GigabitEthernet1/1/2
 eigrp router-id 10.78.240.5
 eigrp stub connected static summary
!
ip forward-protocol nd
ip pim rp-address 10.78.240.24
no ip http server
ip http authentication local
no ip http secure-server
ip ssh version 2
!
ip access-list standard APIC_EM
 remark --- APIC-EM Appliance ---
 permit 10.25.253.10
 deny   any
ip access-list standard NSG_TELNET_SSH
 permit 146.195.81.24
 remark --- Nimsoft/CatTools Server Natted IP ---
 permit 146.195.81.25
 remark --- Nimsoft/CatTools Server ---
 permit 10.19.7.62
 remark --- HO Jumphost ---
 permit 172.30.0.10
 remark --- APIC EM - Controller ---
 permit 10.25.253.10
 permit 10.19.12.234
 remark --- Twister - OLD and NEW IP ---
 permit 146.195.135.0 0.0.0.127
 remark --- IT Subnet on Lvl2E ---
 permit 10.19.60.0 0.0.0.255
 remark --- SEAL WAN Subnet ---
 permit 10.250.250.0 0.0.0.255
 remark --- GWIP HO WAN Subnet ---
 permit 10.19.250.0 0.0.0.7
 remark --- Management Loopback subnet ---
 permit 10.0.240.0 0.255.0.255
 remark --- Empired Management Subnet ---
 permit 172.30.160.0 0.0.0.15
 remark --- Deny Anything Else ---
 deny   any log
ip access-list standard RO_SNMP
 remark --- Solarwinds Syslog Server ---
 permit 10.19.7.46
 remark --- Empired Management Subnet ---
 permit 172.30.160.0 0.0.0.255
 remark --- IT Subnet on Lvl2E ---
 permit 10.19.60.0 0.0.0.255
 deny   any
ip access-list standard RW_SNMP
 remark ---allow NNMi---
 permit 172.30.160.10
 deny   any
!
ip access-list extended AutoQos-4.0-Acl-Default
 permit ip any any
!
ip radius source-interface Loopback1 
logging trap debugging
logging source-interface Loopback1
logging host 10.19.7.46
logging host 172.30.160.11
logging host 172.30.160.10
logging host 172.30.161.10
access-list 5 permit 10.19.1.17 log
access-list 5 remark CSC Zetta - Allow Remote wakeup PC's
access-list 5 permit 10.19.7.49 log
access-list 5 permit 10.19.1.138 log
access-list 5 permit 10.19.1.134 log
!
snmp-server community eb6cIzuB RO RO_SNMP
snmp-server community Sp7ZyvwQ RW RW_SNMP
snmp-server community fc7cJzuC RO APIC_EM
snmp-server community gd8cKzuD RW APIC_EM
snmp-server location MERD T1
snmp-server contact Western Power IT Network
snmp ifmib ifindex persist
radius-server host 10.19.1.113
radius-server host 10.21.0.24
radius-server key 7 143E462E1809002F2A1A247026323E463408704D095758140E5B2F6D705E7A796070390B0C015611124A15336D3D010502427C242B293D2C3327470A05363B3012
radius-server load-balance method least-outstanding
!
!
!
banner exec ^C
 ********************************************************************
 * You are now logged into: WP                                      *
 * All activity is being logged for review by System Administrators *
 ********************************************************************
^C
banner login ^C
 ********************************************************************
 * [WARNING]                                                        *
 *                                                                  *
 * This system belongs to a private organisation. If you are not    *
 * authorised to access this system, exit immediately.              *
 * Unauthorised access to this system is forbidden by company       *
 * policies, national, and international laws.                      *
 * Unauthorised users are subject to criminal and civil penalties   *
 * as well as company initiated disciplinary proceedings.           *
 * By entry into this system you acknowledge that you are           *
 * authorised access and the level of privilege you subsequently    *
 * execute on this system. You further acknowledge that by entry    *
 * into this system you expect no privacy from monitoring.          *
 *                                                                  *
 *        ALL ACCESS TO THIS SYSTEM IS MONITORED AND LOGGED         *
 *                                                                  *
 ********************************************************************
^C
!
line con 0
 stopbits 1
line aux 0
 stopbits 1
line vty 0 4
 access-class NSG_TELNET_SSH in
 exec-timeout 15 0
 logging synchronous
 length 0
 transport input ssh
line vty 5 15
 access-class NSG_TELNET_SSH in
 exec-timeout 15 0
 logging synchronous
 length 0
 transport input ssh
!
ntp server 146.195.128.175
wsma agent exec
 profile httplistener
 profile httpslistener
!
wsma agent config
 profile httplistener
 profile httpslistener
!
wsma agent filesys
 profile httplistener
 profile httpslistener
!
wsma agent notify
 profile httplistener
 profile httpslistener
!
!
wsma profile listener httplistener
 transport http
!
wsma profile listener httpslistener
 transport https
!
ap group default-group
end

MERD-01-SW1#Show ver
Cisco IOS Software, IOS-XE Software, Catalyst L3 Switch Software (CAT3K_CAA-UNIVERSALK9-M), Version 03.06.05E RELEASE SOFTWARE (fc2)
Technical Support: http://www.cisco.com/techsupport
Copyright (c) 1986-2016 by Cisco Systems, Inc.
Compiled Thu 02-Jun-16 09:03 by prod_rel_team



Cisco IOS-XE software, Copyright (c) 2005-2015 by cisco Systems, Inc.
All rights reserved.  Certain components of Cisco IOS-XE software are
licensed under the GNU General Public License ("GPL") Version 2.0.  The
software code licensed under GPL Version 2.0 is free software that comes
with ABSOLUTELY NO WARRANTY.  You can redistribute and/or modify such
GPL code under the terms of GPL Version 2.0.
(http://www.gnu.org/licenses/gpl-2.0.html) For more details, see the
documentation or "License Notice" file accompanying the IOS-XE software,
or the applicable URL provided on the flyer accompanying the IOS-XE
software.



ROM: IOS-XE ROMMON
BOOTLDR: CAT3K_CAA Boot Loader (CAT3K_CAA-HBOOT-M) Version 1.2, RELEASE SOFTWARE (P)

MERD-01-SW1 uptime is 46 weeks, 14 hours, 0 minutes
Uptime for this control processor is 46 weeks, 14 hours, 3 minutes
System returned to ROM by Power Failure
System restarted at 21:20:57 WST Thu Feb 2 2017
System image file is "flash:packages.conf"
Last reload reason: Power Failure



This product contains cryptographic features and is subject to United
States and local country laws governing import, export, transfer and
use. Delivery of Cisco cryptographic products does not imply
third-party authority to import, export, distribute or use encryption.
Importers, exporters, distributors and users are responsible for
compliance with U.S. and local country laws. By using this product you
agree to comply with applicable laws and regulations. If you are unable
to comply with U.S. and local laws, return this product immediately.

A summary of U.S. laws governing Cisco cryptographic products may be found at:
http://www.cisco.com/wwl/export/crypto/tool/stqrg.html

If you require further assistance please contact us by sending email to
export@cisco.com.

License Level: Ipbase
License Type: Permanent
Next reload license Level: Ipbase

cisco WS-C3650-48PS (MIPS) processor with 4194304K bytes of physical memory.
Processor board ID FDO1820Q1NP
8 Virtual Ethernet interfaces
52 Gigabit Ethernet interfaces
2048K bytes of non-volatile configuration memory.
4194304K bytes of physical memory.
257008K bytes of Crash Files at crashinfo:.
1550272K bytes of Flash at flash:.
0K bytes of Dummy USB Flash at usbflash0:.
0K bytes of  at webui:.

Base Ethernet MAC Address          : f4:0f:1b:a2:fe:80
Motherboard Assembly Number        : 73-15131-05
Motherboard Serial Number          : FDO1820154U
Model Revision Number              : A0
Motherboard Revision Number        : A0
Model Number                       : WS-C3650-48PS
System Serial Number               : FDO1820Q1NP


Switch Ports Model              SW Version        SW Image              Mode   
------ ----- -----              ----------        ----------            ----   
*    1 52    WS-C3650-48PS      03.06.05E         cat3k_caa-universalk9 INSTALL


Configuration register is 0x102

MERD-01-SW1#Show ip route
Codes: L - local, C - connected, S - static, R - RIP, M - mobile, B - BGP
       D - EIGRP, EX - EIGRP external, O - OSPF, IA - OSPF inter area 
       N1 - OSPF NSSA external type 1, N2 - OSPF NSSA external type 2
       E1 - OSPF external type 1, E2 - OSPF external type 2
       i - IS-IS, su - IS-IS summary, L1 - IS-IS level-1, L2 - IS-IS level-2
       ia - IS-IS inter area, * - candidate default, U - per-user static route
       o - ODR, P - periodic downloaded static route, H - NHRP, l - LISP
       + - replicated route, % - next hop override

Gateway of last resort is 10.78.242.9 to network 0.0.0.0

D*EX  0.0.0.0/0 [170/2562816] via 10.78.242.9, 1w2d, GigabitEthernet1/1/2
      10.0.0.0/8 is variably subnetted, 163 subnets, 9 masks
D EX     10.18.250.0/29 
           [170/20482816] via 10.78.242.1, 1w2d, GigabitEthernet1/1/1
D EX     10.19.0.0/16 
           [170/2562816] via 10.78.242.9, 1w2d, GigabitEthernet1/1/2
D EX     10.19.240.1/32 
           [170/7682816] via 10.78.242.1, 1w2d, GigabitEthernet1/1/1
D EX     10.19.240.2/32 
           [170/2562816] via 10.78.242.9, 1w2d, GigabitEthernet1/1/2
D EX     10.19.250.0/29 
           [170/20482816] via 10.78.242.1, 1w2d, GigabitEthernet1/1/1
D EX     10.21.240.1/32 
           [170/10242816] via 10.78.242.1, 1w2d, GigabitEthernet1/1/1
D EX     10.21.250.0/29 
           [170/20482816] via 10.78.242.1, 1w2d, GigabitEthernet1/1/1
D EX     10.25.243.136/30 
           [170/20482816] via 10.78.242.9, 1w2d, GigabitEthernet1/1/2
           [170/20482816] via 10.78.242.1, 1w2d, GigabitEthernet1/1/1
D EX     10.25.252.0/28 
           [170/20482816] via 10.78.242.9, 1w2d, GigabitEthernet1/1/2
           [170/20482816] via 10.78.242.1, 1w2d, GigabitEthernet1/1/1
D EX     10.65.0.0/16 
           [170/20482816] via 10.78.242.9, 1w2d, GigabitEthernet1/1/2
           [170/20482816] via 10.78.242.1, 1w2d, GigabitEthernet1/1/1
D EX     10.65.240.2/32 
           [170/20482816] via 10.78.242.9, 1w2d, GigabitEthernet1/1/2
D EX     10.65.243.136/30 
           [170/2562816] via 10.78.242.9, 1w2d, GigabitEthernet1/1/2
D EX     10.65.250.0/29 
           [170/20482816] via 10.78.242.1, 1w2d, GigabitEthernet1/1/1
D EX     10.65.252.0/28 
           [170/2562816] via 10.78.242.9, 1w2d, GigabitEthernet1/1/2
D EX     10.66.0.0/16 
           [170/20482816] via 10.78.242.1, 3d23h, GigabitEthernet1/1/1
D EX     10.66.0.0/17 
           [170/20482816] via 10.78.242.1, 1w2d, GigabitEthernet1/1/1
D EX     10.66.128.0/17 
           [170/20482816] via 10.78.242.1, 1w2d, GigabitEthernet1/1/1
D EX     10.66.240.1/32 
           [170/20482816] via 10.78.242.1, 1w2d, GigabitEthernet1/1/1
D EX     10.66.250.0/29 
           [170/20482816] via 10.78.242.1, 1w2d, GigabitEthernet1/1/1
D EX     10.67.0.0/16 
           [170/20482816] via 10.78.242.9, 1w2d, GigabitEthernet1/1/2
           [170/20482816] via 10.78.242.1, 1w2d, GigabitEthernet1/1/1
D EX     10.67.240.1/32 
           [170/20482816] via 10.78.242.1, 1w2d, GigabitEthernet1/1/1
D EX     10.67.240.2/32 
           [170/20482816] via 10.78.242.9, 1w2d, GigabitEthernet1/1/2
D EX     10.67.250.0/29 
           [170/20482816] via 10.78.242.1, 1w2d, GigabitEthernet1/1/1
D EX     10.68.0.0/16 
           [170/20482816] via 10.78.242.9, 1w2d, GigabitEthernet1/1/2
           [170/20482816] via 10.78.242.1, 1w2d, GigabitEthernet1/1/1
D EX     10.68.240.1/32 
           [170/20482816] via 10.78.242.1, 1w2d, GigabitEthernet1/1/1
D EX     10.68.240.2/32 
           [170/20482816] via 10.78.242.9, 1w2d, GigabitEthernet1/1/2
D EX     10.68.250.0/29 
           [170/20482816] via 10.78.242.1, 1w2d, GigabitEthernet1/1/1
D EX     10.69.0.0/16 
           [170/20482816] via 10.78.242.9, 1w2d, GigabitEthernet1/1/2
           [170/20482816] via 10.78.242.1, 1w2d, GigabitEthernet1/1/1
D EX     10.69.240.1/32 
           [170/20482816] via 10.78.242.1, 1w2d, GigabitEthernet1/1/1
D EX     10.69.240.2/32 
           [170/20482816] via 10.78.242.9, 1w2d, GigabitEthernet1/1/2
D EX     10.69.250.0/29 
           [170/20482816] via 10.78.242.1, 1w2d, GigabitEthernet1/1/1
D EX     10.70.0.0/16 
           [170/20482816] via 10.78.242.1, 00:18:45, GigabitEthernet1/1/1
D EX     10.70.0.0/17 
           [170/20482816] via 10.78.242.1, 1w2d, GigabitEthernet1/1/1
D EX     10.70.128.0/17 
           [170/20482816] via 10.78.242.1, 1w2d, GigabitEthernet1/1/1
D EX     10.70.240.1/32 
           [170/20482816] via 10.78.242.1, 1w2d, GigabitEthernet1/1/1
D EX     10.70.250.0/29 
           [170/20482816] via 10.78.242.1, 1w2d, GigabitEthernet1/1/1
D EX     10.71.0.0/16 
           [170/20482816] via 10.78.242.9, 1w2d, GigabitEthernet1/1/2
           [170/20482816] via 10.78.242.1, 1w2d, GigabitEthernet1/1/1
D EX     10.71.240.1/32 
           [170/20482816] via 10.78.242.1, 1w2d, GigabitEthernet1/1/1
D EX     10.71.240.2/32 
           [170/20482816] via 10.78.242.9, 1w2d, GigabitEthernet1/1/2
D EX     10.71.250.0/29 
           [170/20482816] via 10.78.242.1, 1w2d, GigabitEthernet1/1/1
D EX     10.72.0.0/16 
           [170/20482816] via 10.78.242.1, 00:57:45, GigabitEthernet1/1/1
D EX     10.72.0.0/17 
           [170/20482816] via 10.78.242.1, 1w2d, GigabitEthernet1/1/1
D EX     10.72.128.0/17 
           [170/20482816] via 10.78.242.1, 1w2d, GigabitEthernet1/1/1
D EX     10.72.240.1/32 
           [170/20482816] via 10.78.242.1, 1w2d, GigabitEthernet1/1/1
D EX     10.72.250.0/29 
           [170/20482816] via 10.78.242.1, 1w2d, GigabitEthernet1/1/1
D EX     10.73.0.0/16 
           [170/20482816] via 10.78.242.9, 1w2d, GigabitEthernet1/1/2
           [170/20482816] via 10.78.242.1, 1w2d, GigabitEthernet1/1/1
D EX     10.73.240.1/32 
           [170/20482816] via 10.78.242.1, 1w2d, GigabitEthernet1/1/1
D EX     10.73.240.2/32 
           [170/20482816] via 10.78.242.9, 1w2d, GigabitEthernet1/1/2
D EX     10.73.250.0/29 
           [170/20482816] via 10.78.242.1, 1w2d, GigabitEthernet1/1/1
D EX     10.74.250.0/29 
           [170/20482816] via 10.78.242.1, 1w2d, GigabitEthernet1/1/1
D EX     10.75.0.0/16 
           [170/20482816] via 10.78.242.9, 1w2d, GigabitEthernet1/1/2
           [170/20482816] via 10.78.242.1, 1w2d, GigabitEthernet1/1/1
D EX     10.75.240.1/32 
           [170/20482816] via 10.78.242.1, 1w2d, GigabitEthernet1/1/1
D EX     10.75.240.2/32 
           [170/20482816] via 10.78.242.9, 1w2d, GigabitEthernet1/1/2
D EX     10.75.250.0/29 
           [170/20482816] via 10.78.242.1, 1w2d, GigabitEthernet1/1/1
D EX     10.76.0.0/16 
           [170/20482816] via 10.78.242.1, 00:19:29, GigabitEthernet1/1/1
D EX     10.76.0.0/17 
           [170/20482816] via 10.78.242.1, 1w2d, GigabitEthernet1/1/1
D EX     10.76.128.0/17 
           [170/20482816] via 10.78.242.1, 1w2d, GigabitEthernet1/1/1
D EX     10.76.240.1/32 
           [170/20482816] via 10.78.242.1, 1w2d, GigabitEthernet1/1/1
D EX     10.76.250.0/29 
           [170/20482816] via 10.78.242.1, 1w2d, GigabitEthernet1/1/1
D EX     10.77.0.0/16 
           [170/20482816] via 10.78.242.1, 01:25:25, GigabitEthernet1/1/1
D EX     10.77.0.0/17 
           [170/20482816] via 10.78.242.1, 1w2d, GigabitEthernet1/1/1
D EX     10.77.128.0/17 
           [170/20482816] via 10.78.242.1, 1w2d, GigabitEthernet1/1/1
D EX     10.77.250.0/30 
           [170/20482816] via 10.78.242.1, 1w2d, GigabitEthernet1/1/1
D        10.78.0.0/16 is a summary, 7w0d, Null0
C        10.78.64.0/24 is directly connected, Vlan401
L        10.78.64.1/32 is directly connected, Vlan401
C        10.78.96.0/24 is directly connected, Vlan801
L        10.78.96.1/32 is directly connected, Vlan801
C        10.78.128.0/24 is directly connected, Vlan501
L        10.78.128.1/32 is directly connected, Vlan501
C        10.78.224.0/24 is directly connected, Vlan480
L        10.78.224.1/32 is directly connected, Vlan480
D        10.78.240.1/32 
           [90/130816] via 10.78.242.1, 1w2d, GigabitEthernet1/1/1
D        10.78.240.2/32 
           [90/130816] via 10.78.242.9, 1w2d, GigabitEthernet1/1/2
C        10.78.240.5/32 is directly connected, Loopback1
C        10.78.240.24/32 is directly connected, Loopback161
C        10.78.241.0/29 is directly connected, Vlan399
L        10.78.241.1/32 is directly connected, Vlan399
C        10.78.242.0/29 is directly connected, GigabitEthernet1/1/1
L        10.78.242.2/32 is directly connected, GigabitEthernet1/1/1
C        10.78.242.8/29 is directly connected, GigabitEthernet1/1/2
L        10.78.242.10/32 is directly connected, GigabitEthernet1/1/2
C        10.78.246.64/27 is directly connected, Vlan800
L        10.78.246.65/32 is directly connected, Vlan800
D        10.78.250.0/29 [90/28416] via 10.78.242.1, 1w2d, GigabitEthernet1/1/1
C        10.78.254.0/24 is directly connected, Vlan900
L        10.78.254.1/32 is directly connected, Vlan900
D EX     10.79.0.0/16 
           [170/20482816] via 10.78.242.9, 1w2d, GigabitEthernet1/1/2
           [170/20482816] via 10.78.242.1, 1w2d, GigabitEthernet1/1/1
D EX     10.79.240.1/32 
           [170/20482816] via 10.78.242.1, 1w2d, GigabitEthernet1/1/1
D EX     10.79.240.2/32 
           [170/20482816] via 10.78.242.9, 1w2d, GigabitEthernet1/1/2
D EX     10.79.250.0/30 
           [170/20482816] via 10.78.242.1, 1w2d, GigabitEthernet1/1/1
D EX     10.80.0.0/16 
           [170/20482816] via 10.78.242.1, 00:28:20, GigabitEthernet1/1/1
D EX     10.80.0.0/17 
           [170/20482816] via 10.78.242.1, 1w2d, GigabitEthernet1/1/1
D EX     10.80.128.0/17 
           [170/20482816] via 10.78.242.1, 1w2d, GigabitEthernet1/1/1
D EX     10.80.240.1/32 
           [170/20482816] via 10.78.242.1, 1w2d, GigabitEthernet1/1/1
D EX     10.80.250.0/30 
           [170/20482816] via 10.78.242.1, 1w2d, GigabitEthernet1/1/1
D EX     10.81.0.0/16 
           [170/20482816] via 10.78.242.1, 00:58:10, GigabitEthernet1/1/1
D EX     10.81.0.0/17 
           [170/20482816] via 10.78.242.1, 1w2d, GigabitEthernet1/1/1
D EX     10.81.128.0/17 
           [170/20482816] via 10.78.242.1, 1w2d, GigabitEthernet1/1/1
D EX     10.81.240.1/32 
           [170/20482816] via 10.78.242.1, 1w2d, GigabitEthernet1/1/1
D EX     10.81.250.0/30 
           [170/20482816] via 10.78.242.1, 1w2d, GigabitEthernet1/1/1
D EX     10.84.0.0/16 
           [170/20482816] via 10.78.242.1, 1d15h, GigabitEthernet1/1/1
D EX     10.84.0.0/17 
           [170/20482816] via 10.78.242.1, 1d15h, GigabitEthernet1/1/1
D EX     10.84.128.0/17 
           [170/20482816] via 10.78.242.1, 1d15h, GigabitEthernet1/1/1
D EX     10.84.240.1/32 
           [170/20482816] via 10.78.242.1, 1d15h, GigabitEthernet1/1/1
D EX     10.84.250.0/30 
           [170/20482816] via 10.78.242.1, 1w2d, GigabitEthernet1/1/1
D EX     10.85.0.0/16 
           [170/20482816] via 10.78.242.1, 00:25:55, GigabitEthernet1/1/1
D EX     10.85.0.0/17 
           [170/20482816] via 10.78.242.1, 1w2d, GigabitEthernet1/1/1
D EX     10.85.128.0/17 
           [170/20482816] via 10.78.242.1, 1w2d, GigabitEthernet1/1/1
D EX     10.85.240.1/32 
           [170/20482816] via 10.78.242.1, 1w2d, GigabitEthernet1/1/1
D EX     10.85.250.0/30 
           [170/20482816] via 10.78.242.1, 1w2d, GigabitEthernet1/1/1
D EX     10.86.0.0/16 
           [170/20482816] via 10.78.242.9, 1w2d, GigabitEthernet1/1/2
           [170/20482816] via 10.78.242.1, 1w2d, GigabitEthernet1/1/1
D EX     10.86.64.16/30 
           [170/20482816] via 10.78.242.1, 1w2d, GigabitEthernet1/1/1
D EX     10.86.64.20/30 
           [170/20482816] via 10.78.242.1, 1w2d, GigabitEthernet1/1/1
D EX     10.86.65.16/30 
           [170/20482816] via 10.78.242.1, 1w2d, GigabitEthernet1/1/1
D EX     10.86.65.20/30 
           [170/20482816] via 10.78.242.1, 1w2d, GigabitEthernet1/1/1
D EX     10.86.240.1/32 
           [170/20482816] via 10.78.242.1, 1w2d, GigabitEthernet1/1/1
D EX     10.86.240.2/32 
           [170/20482816] via 10.78.242.9, 1w2d, GigabitEthernet1/1/2
D EX     10.87.0.0/16 
           [170/20482816] via 10.78.242.1, 00:01:25, GigabitEthernet1/1/1
D EX     10.87.0.0/17 
           [170/20482816] via 10.78.242.1, 1w2d, GigabitEthernet1/1/1
D EX     10.87.128.0/17 
           [170/20482816] via 10.78.242.1, 1w2d, GigabitEthernet1/1/1
D EX     10.87.240.1/32 
           [170/20482816] via 10.78.242.1, 1w2d, GigabitEthernet1/1/1
D EX     10.87.250.0/30 
           [170/20482816] via 10.78.242.1, 1w2d, GigabitEthernet1/1/1
D EX     10.88.0.0/16 
           [170/20482816] via 10.78.242.1, 21:25:31, GigabitEthernet1/1/1
D EX     10.88.0.0/17 
           [170/20482816] via 10.78.242.1, 1w2d, GigabitEthernet1/1/1
D EX     10.88.128.0/17 
           [170/20482816] via 10.78.242.1, 1w2d, GigabitEthernet1/1/1
D EX     10.88.240.1/32 
           [170/20482816] via 10.78.242.1, 1w2d, GigabitEthernet1/1/1
D EX     10.88.250.0/30 
           [170/20482816] via 10.78.242.1, 1w2d, GigabitEthernet1/1/1
D EX     10.89.0.0/16 
           [170/20482816] via 10.78.242.1, 00:28:55, GigabitEthernet1/1/1
D EX     10.89.0.0/17 
           [170/20482816] via 10.78.242.1, 1w2d, GigabitEthernet1/1/1
D EX     10.89.128.0/17 
           [170/20482816] via 10.78.242.1, 1w2d, GigabitEthernet1/1/1
D EX     10.89.240.1/32 
           [170/20482816] via 10.78.242.1, 1w2d, GigabitEthernet1/1/1
D EX     10.89.250.0/30 
           [170/20482816] via 10.78.242.1, 1w2d, GigabitEthernet1/1/1
D EX     10.90.0.0/16 
           [170/20482816] via 10.78.242.1, 00:27:35, GigabitEthernet1/1/1
D EX     10.90.0.0/17 
           [170/20482816] via 10.78.242.1, 1w2d, GigabitEthernet1/1/1
D EX     10.90.128.0/17 
           [170/20482816] via 10.78.242.1, 1w2d, GigabitEthernet1/1/1
D EX     10.90.240.1/32 
           [170/20482816] via 10.78.242.1, 1w2d, GigabitEthernet1/1/1
D EX     10.90.250.0/30 
           [170/20482816] via 10.78.242.1, 1w2d, GigabitEthernet1/1/1
D EX     10.91.0.0/16 
           [170/20482816] via 10.78.242.1, 1w2d, GigabitEthernet1/1/1
D EX     10.91.240.1/32 
           [170/20482816] via 10.78.242.1, 1w2d, GigabitEthernet1/1/1
D EX     10.91.250.0/30 
           [170/20482816] via 10.78.242.1, 1w2d, GigabitEthernet1/1/1
D EX     10.92.0.0/17 
           [170/20482816] via 10.78.242.1, 1w2d, GigabitEthernet1/1/1
D EX     10.92.128.0/17 
           [170/20482816] via 10.78.242.1, 1w2d, GigabitEthernet1/1/1
D EX     10.92.240.1/32 
           [170/20482816] via 10.78.242.1, 1w2d, GigabitEthernet1/1/1
D EX     10.92.250.0/30 
           [170/20482816] via 10.78.242.1, 1w2d, GigabitEthernet1/1/1
D EX     10.93.0.0/17 
           [170/20482816] via 10.78.242.1, 1w2d, GigabitEthernet1/1/1
D EX     10.93.128.0/17 
           [170/20482816] via 10.78.242.1, 1w2d, GigabitEthernet1/1/1
D EX     10.93.240.1/32 
           [170/20482816] via 10.78.242.1, 1w2d, GigabitEthernet1/1/1
D EX     10.93.250.0/30 
           [170/20482816] via 10.78.242.1, 1w2d, GigabitEthernet1/1/1
D EX     10.97.0.0/16 
           [170/20482816] via 10.78.242.1, 1w2d, GigabitEthernet1/1/1
D EX     10.97.250.0/29 
           [170/20482816] via 10.78.242.1, 1w2d, GigabitEthernet1/1/1
D EX     10.98.0.0/16 
           [170/20482816] via 10.78.242.1, 00:57:30, GigabitEthernet1/1/1
D EX     10.98.0.0/17 
           [170/20482816] via 10.78.242.1, 1w2d, GigabitEthernet1/1/1
D EX     10.98.128.0/17 
           [170/20482816] via 10.78.242.1, 1w2d, GigabitEthernet1/1/1
D EX     10.98.250.0/29 
           [170/20482816] via 10.78.242.1, 1w2d, GigabitEthernet1/1/1
D EX     10.107.250.0/29 
           [170/20482816] via 10.78.242.1, 1w2d, GigabitEthernet1/1/1
D EX     10.110.0.0/16 
           [170/20482816] via 10.78.242.1, 1w2d, GigabitEthernet1/1/1
D EX     10.110.240.1/32 
           [170/20482816] via 10.78.242.1, 1w2d, GigabitEthernet1/1/1
D EX     10.110.250.0/29 
           [170/20482816] via 10.78.242.1, 1w2d, GigabitEthernet1/1/1
D EX     10.248.250.0/25 
           [170/20482816] via 10.78.242.1, 1w2d, GigabitEthernet1/1/1
D EX     10.248.250.128/25 
           [170/20482816] via 10.78.242.1, 1w2d, GigabitEthernet1/1/1
D        10.250.250.0/24 
           [90/28416] via 10.78.242.9, 1w2d, GigabitEthernet1/1/2
D EX     10.252.252.0/24 
           [170/20482816] via 10.78.242.9, 1w2d, GigabitEthernet1/1/2
           [170/20482816] via 10.78.242.1, 1w2d, GigabitEthernet1/1/1
      30.0.0.0/29 is subnetted, 1 subnets
D EX     30.20.57.120 
           [170/20482816] via 10.78.242.1, 1w2d, GigabitEthernet1/1/1
      144.140.0.0/16 is variably subnetted, 14 subnets, 3 masks
D EX     144.140.162.40/29 
           [170/20482816] via 10.78.242.1, 1w2d, GigabitEthernet1/1/1
D EX     144.140.162.48/28 
           [170/20482816] via 10.78.242.1, 1w2d, GigabitEthernet1/1/1
D EX     144.140.162.80/28 
           [170/20482816] via 10.78.242.1, 1w2d, GigabitEthernet1/1/1
D EX     144.140.181.80/28 
           [170/20482816] via 10.78.242.1, 1w2d, GigabitEthernet1/1/1
D EX     144.140.201.1/32 
           [170/20482816] via 10.78.242.1, 1w2d, GigabitEthernet1/1/1
D EX     144.140.201.2/32 
           [170/20482816] via 10.78.242.1, 1w2d, GigabitEthernet1/1/1
D EX     144.140.201.3/32 
           [170/20482816] via 10.78.242.1, 1w2d, GigabitEthernet1/1/1
D EX     144.140.201.16/28 
           [170/20482816] via 10.78.242.1, 1w2d, GigabitEthernet1/1/1
D EX     144.140.208.16/29 
           [170/20482816] via 10.78.242.1, 1w2d, GigabitEthernet1/1/1
D EX     144.140.208.32/28 
           [170/20482816] via 10.78.242.1, 1w2d, GigabitEthernet1/1/1
D EX     144.140.208.80/28 
           [170/20482816] via 10.78.242.1, 1w2d, GigabitEthernet1/1/1
D EX     144.140.218.96/28 
           [170/20482816] via 10.78.242.1, 1w2d, GigabitEthernet1/1/1
D EX     144.140.222.32/28 
           [170/20482816] via 10.78.242.1, 1w2d, GigabitEthernet1/1/1
D EX     144.140.224.32/28 
           [170/20482816] via 10.78.242.1, 1w2d, GigabitEthernet1/1/1
      146.195.0.0/16 is variably subnetted, 6 subnets, 4 masks
D EX     146.195.21.0/29 
           [170/2562816] via 10.78.242.9, 1w2d, GigabitEthernet1/1/2
D EX     146.195.30.0/24 
           [170/2562816] via 10.78.242.9, 1w2d, GigabitEthernet1/1/2
D EX     146.195.31.0/24 
           [170/2562816] via 10.78.242.9, 1w2d, GigabitEthernet1/1/2
D EX     146.195.39.0/24 
           [170/2562816] via 10.78.242.9, 1w2d, GigabitEthernet1/1/2
D EX     146.195.180.0/22 
           [170/2562816] via 10.78.242.9, 1w2d, GigabitEthernet1/1/2
D EX     146.195.255.20/32 
           [170/7682816] via 10.78.242.1, 1w2d, GigabitEthernet1/1/1
      172.16.0.0/24 is subnetted, 1 subnets
D EX     172.16.65.0 
           [170/20482816] via 10.78.242.9, 1w2d, GigabitEthernet1/1/2
           [170/20482816] via 10.78.242.1, 1w2d, GigabitEthernet1/1/1
      172.17.0.0/24 is subnetted, 1 subnets
D EX     172.17.65.0 
           [170/20482816] via 10.78.242.9, 1w2d, GigabitEthernet1/1/2
           [170/20482816] via 10.78.242.1, 1w2d, GigabitEthernet1/1/1
      172.24.0.0/16 is variably subnetted, 6 subnets, 3 masks
D EX     172.24.96.0/21 
           [170/20482816] via 10.78.242.9, 1w2d, GigabitEthernet1/1/2
           [170/20482816] via 10.78.242.1, 1w2d, GigabitEthernet1/1/1
D EX     172.24.108.0/24 
           [170/20482816] via 10.78.242.9, 1w2d, GigabitEthernet1/1/2
           [170/20482816] via 10.78.242.1, 1w2d, GigabitEthernet1/1/1
D EX     172.24.109.0/24 
           [170/20482816] via 10.78.242.9, 1w2d, GigabitEthernet1/1/2
           [170/20482816] via 10.78.242.1, 1w2d, GigabitEthernet1/1/1
D EX     172.24.112.0/22 
           [170/20482816] via 10.78.242.9, 1w2d, GigabitEthernet1/1/2
           [170/20482816] via 10.78.242.1, 1w2d, GigabitEthernet1/1/1
D EX     172.24.120.0/24 
           [170/20482816] via 10.78.242.9, 1w2d, GigabitEthernet1/1/2
           [170/20482816] via 10.78.242.1, 1w2d, GigabitEthernet1/1/1
D EX     172.24.192.0/24 
           [170/20482816] via 10.78.242.9, 1w2d, GigabitEthernet1/1/2
           [170/20482816] via 10.78.242.1, 1w2d, GigabitEthernet1/1/1
      172.25.0.0/16 is variably subnetted, 2 subnets, 2 masks
D EX     172.25.104.0/24 
           [170/20482816] via 10.78.242.9, 1w2d, GigabitEthernet1/1/2
           [170/20482816] via 10.78.242.1, 1w2d, GigabitEthernet1/1/1
D EX     172.25.105.0/26 
           [170/20482816] via 10.78.242.9, 1w2d, GigabitEthernet1/1/2
           [170/20482816] via 10.78.242.1, 1w2d, GigabitEthernet1/1/1
      172.27.0.0/26 is subnetted, 1 subnets
D EX     172.27.0.0 [170/20482816] via 10.78.242.9, 1w2d, GigabitEthernet1/1/2
                    [170/20482816] via 10.78.242.1, 1w2d, GigabitEthernet1/1/1
      172.28.0.0/26 is subnetted, 1 subnets
D EX     172.28.8.64 
           [170/20482816] via 10.78.242.9, 1w2d, GigabitEthernet1/1/2
           [170/20482816] via 10.78.242.1, 1w2d, GigabitEthernet1/1/1
      172.29.0.0/24 is subnetted, 1 subnets
D EX     172.29.1.0 [170/20482816] via 10.78.242.9, 1w2d, GigabitEthernet1/1/2
                    [170/20482816] via 10.78.242.1, 1w2d, GigabitEthernet1/1/1
      203.41.188.0/28 is subnetted, 1 subnets
D EX     203.41.188.96 
           [170/20482816] via 10.78.242.1, 1w2d, GigabitEthernet1/1/1
      203.42.70.0/28 is subnetted, 1 subnets
D EX     203.42.70.224 
           [170/20482816] via 10.78.242.1, 1w2d, GigabitEthernet1/1/1
      203.52.0.0/24 is variably subnetted, 2 subnets, 2 masks
D EX     203.52.0.0/24 
           [170/20482816] via 10.78.242.1, 1w2d, GigabitEthernet1/1/1
D EX     203.52.0.192/27 
           [170/20482816] via 10.78.242.1, 1w2d, GigabitEthernet1/1/1
      203.52.1.0/24 is variably subnetted, 2 subnets, 2 masks
D EX     203.52.1.0/24 
           [170/20482816] via 10.78.242.1, 1w2d, GigabitEthernet1/1/1
D EX     203.52.1.192/27 
           [170/20482816] via 10.78.242.1, 1w2d, GigabitEthernet1/1/1
      203.52.2.0/28 is subnetted, 1 subnets
D EX     203.52.2.160 
           [170/20482816] via 10.78.242.1, 1w2d, GigabitEthernet1/1/1
MERD-01-SW1#Show inv
NAME: "c36xx Stack", DESCR: "c36xx Stack"
PID: WS-C3650-48PS     , VID: V01  , SN: FDO1820Q1NP

NAME: "Switch 1", DESCR: "WS-C3650-48PS-S"
PID: WS-C3650-48PS-S   , VID: V01  , SN: FDO1820Q1NP

NAME: "Switch 1 - Power Supply A", DESCR: "Switch 1 - Power Supply A"
PID: PWR-C2-640WAC     , VID: V01  , SN: LIT18160L95

NAME: "GigabitEthernet1/1/1", DESCR: "10/100/1000BaseTX SFP"
PID:                    , VID:      , SN: AGM152221AC    

NAME: "GigabitEthernet1/1/2", DESCR: "10/100/1000BaseTX SFP"
PID: GLC-T              , VID:      , SN: 00000MTC150605G


MERD-01-SW1#
MERD-01-SW1#exit
