=~=~=~=~=~=~=~=~=~=~=~= PuTTY log 2017.12.22 11:08:09 =~=~=~=~=~=~=~=~=~=~=~=
login as: n039941

 ********************************************************************
 * [WARNING]                                                        *
 *                                                                  *
 * This system belongs to a private organisation. If you are not    *
 * authorised to access this system, exit immediately.              *
 * Unauthorised access to this system is forbidden by company       *
 * policies, national, and international laws.                      *
 * Unauthorised users are subject to criminal and civil penalties   *
 * as well as company initiated disciplinary proceedings.           *
 * By entry into this system you acknowledge that you are           *
 * authorised access and the level of privilege you subsequently    *
 * execute on this system. You further acknowledge that by entry    *
 * into this system you expect no privacy from monitoring.          *
 *                                                                  *
 *        ALL ACCESS TO THIS SYSTEM IS MONITORED AND LOGGED         *
 *                                                                  *
 ********************************************************************
Using keyboard-interactive authentication.
Password: 

 ********************************************************************
 * You are now logged into: WP                                      *
 * All activity is being logged for review by System Administrators *
 ********************************************************************

nthm-03-sw1>en
Password: 
nthm-03-sw1#term len 0
nthm-03-sw1#Show cdp nei
Capability Codes: R - Router, T - Trans Bridge, B - Source Route Bridge
                  S - Switch, H - Host, I - IGMP, r - Repeater, P - Phone, 
                  D - Remote, C - CVTA, M - Two-port Mac Relay 

Device ID        Local Intrfce     Holdtme    Capability  Platform  Port ID
SEP0004f2f06f09  Fas 1/0/46        150              H P   IP Phone  port 1
SEP0004f2f06e97  Fas 1/0/22        141              H P   IP Phone  port 1
nthm-01-sw1.ads.westernpower.com.au
                 Gig 1/0/1         124             R S I  WS-C3750G Gig 1/0/26
nthm-03-AP1      Fas 1/0/48        137             T B I  AIR-CAP35 Gig 0
SEP0004f2f06261  Fas 1/0/3         140              H P   IP Phone  port 1
SEPC8F9F9D6A01C  Fas 1/0/13        166             H P M  IP Phone  Port 1
ITT05984         Fas 1/0/12        157               H    MSI on Wi Local Area Connection
ITT12302         Fas 1/0/7         160               H    MSI on Wi Local Area Connection
nthm-03-sw1#Show int status

Port      Name               Status       Vlan       Duplex  Speed Type
Fa1/0/1                      notconnect   401          auto   auto 10/100BaseTX
Fa1/0/2                      notconnect   401          auto   auto 10/100BaseTX
Fa1/0/3                      connected    401        a-full  a-100 10/100BaseTX
Fa1/0/4                      notconnect   401          auto   auto 10/100BaseTX
Fa1/0/5                      notconnect   401          auto   auto 10/100BaseTX
Fa1/0/6                      notconnect   401          auto   auto 10/100BaseTX
Fa1/0/7                      connected    401        a-full  a-100 10/100BaseTX
Fa1/0/8                      notconnect   401          auto   auto 10/100BaseTX
Fa1/0/9                      notconnect   401          auto   auto 10/100BaseTX
Fa1/0/10                     connected    401        a-full  a-100 10/100BaseTX
Fa1/0/11                     notconnect   401          auto   auto 10/100BaseTX
Fa1/0/12                     connected    401        a-full  a-100 10/100BaseTX
Fa1/0/13                     connected    401        a-full  a-100 10/100BaseTX
Fa1/0/14                     notconnect   401          auto   auto 10/100BaseTX
Fa1/0/15                     notconnect   401          auto   auto 10/100BaseTX
Fa1/0/16                     notconnect   401          auto   auto 10/100BaseTX
Fa1/0/17                     notconnect   401          auto   auto 10/100BaseTX
Fa1/0/18                     notconnect   401          auto   auto 10/100BaseTX
Fa1/0/19                     notconnect   401          auto   auto 10/100BaseTX
Fa1/0/20                     notconnect   401          auto   auto 10/100BaseTX
Fa1/0/21                     notconnect   401          auto   auto 10/100BaseTX
Fa1/0/22                     connected    401        a-full  a-100 10/100BaseTX
Fa1/0/23                     notconnect   401          auto   auto 10/100BaseTX
Fa1/0/24                     connected    401        a-full  a-100 10/100BaseTX
Fa1/0/25                     notconnect   401          auto   auto 10/100BaseTX
Fa1/0/26                     notconnect   401          auto   auto 10/100BaseTX
Fa1/0/27                     notconnect   401          auto   auto 10/100BaseTX
Fa1/0/28                     notconnect   401          auto   auto 10/100BaseTX
Fa1/0/29                     notconnect   401          auto   auto 10/100BaseTX
Fa1/0/30                     notconnect   401          auto   auto 10/100BaseTX
Fa1/0/31                     notconnect   401          auto   auto 10/100BaseTX
Fa1/0/32                     notconnect   401          auto   auto 10/100BaseTX
Fa1/0/33  noticeboard        connected    401        a-full  a-100 10/100BaseTX
Fa1/0/34                     notconnect   401          auto   auto 10/100BaseTX
Fa1/0/35                     notconnect   401          auto   auto 10/100BaseTX
Fa1/0/36                     notconnect   401          auto   auto 10/100BaseTX
Fa1/0/37                     notconnect   401          auto   auto 10/100BaseTX
Fa1/0/38                     notconnect   401          auto   auto 10/100BaseTX
Fa1/0/39                     notconnect   401          auto   auto 10/100BaseTX
Fa1/0/40                     notconnect   401          auto   auto 10/100BaseTX
Fa1/0/41                     notconnect   401          auto   auto 10/100BaseTX
Fa1/0/42                     notconnect   401          auto   auto 10/100BaseTX
Fa1/0/43                     notconnect   401          auto   auto 10/100BaseTX
Fa1/0/44                     notconnect   401          auto   auto 10/100BaseTX
Fa1/0/45                     connected    401        a-full  a-100 10/100BaseTX
Fa1/0/46                     connected    401        a-full  a-100 10/100BaseTX
Fa1/0/47                     notconnect   401          auto   auto 10/100BaseTX
Fa1/0/48  nthm-03-AP1        connected    trunk      a-full  a-100 10/100BaseTX
Gi1/0/1   nthm-01-sw1 gi1/0/ connected    routed     a-full a-1000 1000BaseSX SFP
Gi1/0/2                      disabled     1            auto   auto Not Present
Gi1/0/3                      notconnect   1            auto   auto Not Present
Gi1/0/4                      notconnect   1            auto   auto Not Present
nthm-03-sw1#Show ip arp
Protocol  Address          Age (min)  Hardware Addr   Type   Interface
Internet  10.70.66.1              -   a418.756b.5242  ARPA   Vlan401
Internet  10.70.66.5             68   90ac.3f00.2348  ARPA   Vlan401
Internet  10.70.66.6              0   0800.37c7.f04f  ARPA   Vlan401
Internet  10.70.66.7              0   70f3.950e.c7d7  ARPA   Vlan401
Internet  10.70.66.8              4   0060.0c82.d65b  ARPA   Vlan401
Internet  10.70.66.9              2   6c0b.843d.2f97  ARPA   Vlan401
Internet  10.70.66.10             1   cc52.af4b.4c27  ARPA   Vlan401
Internet  10.70.66.17             0   70f3.9505.d4c4  ARPA   Vlan401
Internet  10.70.98.1              -   a418.756b.5245  ARPA   Vlan801
Internet  10.70.130.1             -   a418.756b.5243  ARPA   Vlan501
Internet  10.70.130.30            4   0004.f2f0.6261  ARPA   Vlan501
Internet  10.70.130.31            9   c8f9.f9d6.a01c  ARPA   Vlan501
Internet  10.70.130.32            9   0004.f2f0.6f09  ARPA   Vlan501
Internet  10.70.130.34            1   0004.f2f0.6e97  ARPA   Vlan501
Internet  10.70.242.33          213   fcfb.fba2.0046  ARPA   GigabitEthernet1/0/1
Internet  10.70.242.34            -   a418.756b.5241  ARPA   GigabitEthernet1/0/1
Internet  10.70.246.129           -   a418.756b.5244  ARPA   Vlan800
Internet  10.70.246.133           0   2c54.2d9e.0017  ARPA   Vlan800
nthm-03-sw1#Show mac add
          Mac Address Table
-------------------------------------------

Vlan    Mac Address       Type        Ports
----    -----------       --------    -----
 All    0100.0ccc.cccc    STATIC      CPU
 All    0100.0ccc.cccd    STATIC      CPU
 All    0180.c200.0000    STATIC      CPU
 All    0180.c200.0001    STATIC      CPU
 All    0180.c200.0002    STATIC      CPU
 All    0180.c200.0003    STATIC      CPU
 All    0180.c200.0004    STATIC      CPU
 All    0180.c200.0005    STATIC      CPU
 All    0180.c200.0006    STATIC      CPU
 All    0180.c200.0007    STATIC      CPU
 All    0180.c200.0008    STATIC      CPU
 All    0180.c200.0009    STATIC      CPU
 All    0180.c200.000a    STATIC      CPU
 All    0180.c200.000b    STATIC      CPU
 All    0180.c200.000c    STATIC      CPU
 All    0180.c200.000d    STATIC      CPU
 All    0180.c200.000e    STATIC      CPU
 All    0180.c200.000f    STATIC      CPU
 All    0180.c200.0010    STATIC      CPU
 All    ffff.ffff.ffff    STATIC      CPU
 401    0004.f2f0.6261    DYNAMIC     Fa1/0/3
 401    0004.f2f0.6e97    DYNAMIC     Fa1/0/22
 401    0004.f2f0.6f09    DYNAMIC     Fa1/0/46
 401    0060.0c82.d65b    DYNAMIC     Fa1/0/45
 401    0800.37c7.f04f    DYNAMIC     Fa1/0/10
 401    6c0b.843d.2f97    DYNAMIC     Fa1/0/24
 401    70f3.9505.d4c4    DYNAMIC     Fa1/0/13
 401    70f3.950e.c7d7    DYNAMIC     Fa1/0/12
 401    90ac.3f00.2348    DYNAMIC     Fa1/0/33
 401    c8f9.f9d6.a01c    DYNAMIC     Fa1/0/13
 401    cc52.af4b.4c27    DYNAMIC     Fa1/0/7
 501    0004.f2f0.6261    DYNAMIC     Fa1/0/3
 501    0004.f2f0.6e97    DYNAMIC     Fa1/0/22
 501    0004.f2f0.6f09    DYNAMIC     Fa1/0/46
 501    c8f9.f9d6.a01c    DYNAMIC     Fa1/0/13
 800    2c54.2d9e.0017    DYNAMIC     Fa1/0/48
Total Mac Addresses for this criterion: 36
nthm-03-sw1#Show int | inc (rops|otoc)
Vlan1 is administratively down, line protocol is down 
  Input queue: 0/75/0/0 (size/max/drops/flushes); Total output drops: 0
     0 unknown protocol drops
Vlan401 is up, line protocol is up 
  Input queue: 0/75/0/0 (size/max/drops/flushes); Total output drops: 0
     0 unknown protocol drops
Vlan501 is up, line protocol is up 
  Input queue: 0/75/0/0 (size/max/drops/flushes); Total output drops: 0
     0 unknown protocol drops
Vlan800 is up, line protocol is up 
  Input queue: 0/75/0/0 (size/max/drops/flushes); Total output drops: 0
     0 unknown protocol drops
Vlan801 is up, line protocol is up 
  Input queue: 0/75/0/0 (size/max/drops/flushes); Total output drops: 0
     0 unknown protocol drops
FastEthernet1/0/1 is down, line protocol is down (notconnect) 
  Input queue: 0/75/0/0 (size/max/drops/flushes); Total output drops: 0
     0 unknown protocol drops
FastEthernet1/0/2 is down, line protocol is down (notconnect) 
  Input queue: 0/75/0/0 (size/max/drops/flushes); Total output drops: 0
     0 unknown protocol drops
FastEthernet1/0/3 is up, line protocol is up (connected) 
  Input queue: 0/75/0/0 (size/max/drops/flushes); Total output drops: 0
     0 unknown protocol drops
FastEthernet1/0/4 is down, line protocol is down (notconnect) 
  Input queue: 0/75/0/0 (size/max/drops/flushes); Total output drops: 0
     0 unknown protocol drops
FastEthernet1/0/5 is down, line protocol is down (notconnect) 
  Input queue: 0/75/0/0 (size/max/drops/flushes); Total output drops: 0
     0 unknown protocol drops
FastEthernet1/0/6 is down, line protocol is down (notconnect) 
  Input queue: 0/75/0/0 (size/max/drops/flushes); Total output drops: 0
     0 unknown protocol drops
FastEthernet1/0/7 is up, line protocol is up (connected) 
  Input queue: 0/75/0/0 (size/max/drops/flushes); Total output drops: 135836
     0 unknown protocol drops
FastEthernet1/0/8 is down, line protocol is down (notconnect) 
  Input queue: 0/75/0/0 (size/max/drops/flushes); Total output drops: 0
     0 unknown protocol drops
FastEthernet1/0/9 is down, line protocol is down (notconnect) 
  Input queue: 0/75/0/0 (size/max/drops/flushes); Total output drops: 0
     0 unknown protocol drops
FastEthernet1/0/10 is up, line protocol is up (connected) 
  Input queue: 0/75/0/0 (size/max/drops/flushes); Total output drops: 0
     0 unknown protocol drops
FastEthernet1/0/11 is down, line protocol is down (notconnect) 
  Input queue: 0/75/0/0 (size/max/drops/flushes); Total output drops: 0
     0 unknown protocol drops
FastEthernet1/0/12 is up, line protocol is up (connected) 
  Input queue: 0/75/0/0 (size/max/drops/flushes); Total output drops: 117443
     0 unknown protocol drops
FastEthernet1/0/13 is up, line protocol is up (connected) 
  Input queue: 0/75/0/0 (size/max/drops/flushes); Total output drops: 142937
     0 unknown protocol drops
FastEthernet1/0/14 is down, line protocol is down (notconnect) 
  Input queue: 0/75/0/0 (size/max/drops/flushes); Total output drops: 0
     0 unknown protocol drops
FastEthernet1/0/15 is down, line protocol is down (notconnect) 
  Input queue: 0/75/0/0 (size/max/drops/flushes); Total output drops: 0
     0 unknown protocol drops
FastEthernet1/0/16 is down, line protocol is down (notconnect) 
  Input queue: 0/75/0/0 (size/max/drops/flushes); Total output drops: 0
     0 unknown protocol drops
FastEthernet1/0/17 is down, line protocol is down (notconnect) 
  Input queue: 0/75/0/0 (size/max/drops/flushes); Total output drops: 0
     0 unknown protocol drops
FastEthernet1/0/18 is down, line protocol is down (notconnect) 
  Input queue: 0/75/0/0 (size/max/drops/flushes); Total output drops: 0
     0 unknown protocol drops
FastEthernet1/0/19 is down, line protocol is down (notconnect) 
  Input queue: 0/75/0/0 (size/max/drops/flushes); Total output drops: 0
     0 unknown protocol drops
FastEthernet1/0/20 is down, line protocol is down (notconnect) 
  Input queue: 0/75/0/0 (size/max/drops/flushes); Total output drops: 0
     0 unknown protocol drops
FastEthernet1/0/21 is down, line protocol is down (notconnect) 
  Input queue: 0/75/0/0 (size/max/drops/flushes); Total output drops: 0
     0 unknown protocol drops
FastEthernet1/0/22 is up, line protocol is up (connected) 
  Input queue: 0/75/0/0 (size/max/drops/flushes); Total output drops: 0
     0 unknown protocol drops
FastEthernet1/0/23 is down, line protocol is down (notconnect) 
  Input queue: 0/75/0/0 (size/max/drops/flushes); Total output drops: 0
     0 unknown protocol drops
FastEthernet1/0/24 is up, line protocol is up (connected) 
  Input queue: 0/75/0/0 (size/max/drops/flushes); Total output drops: 11659
     0 unknown protocol drops
FastEthernet1/0/25 is down, line protocol is down (notconnect) 
  Input queue: 0/75/0/0 (size/max/drops/flushes); Total output drops: 0
     0 unknown protocol drops
FastEthernet1/0/26 is down, line protocol is down (notconnect) 
  Input queue: 0/75/0/0 (size/max/drops/flushes); Total output drops: 0
     0 unknown protocol drops
FastEthernet1/0/27 is down, line protocol is down (notconnect) 
  Input queue: 0/75/0/0 (size/max/drops/flushes); Total output drops: 0
     0 unknown protocol drops
FastEthernet1/0/28 is down, line protocol is down (notconnect) 
  Input queue: 0/75/0/0 (size/max/drops/flushes); Total output drops: 2218
     0 unknown protocol drops
FastEthernet1/0/29 is down, line protocol is down (notconnect) 
  Input queue: 0/75/0/0 (size/max/drops/flushes); Total output drops: 0
     0 unknown protocol drops
FastEthernet1/0/30 is down, line protocol is down (notconnect) 
  Input queue: 0/75/0/0 (size/max/drops/flushes); Total output drops: 0
     0 unknown protocol drops
FastEthernet1/0/31 is down, line protocol is down (notconnect) 
  Input queue: 0/75/0/0 (size/max/drops/flushes); Total output drops: 0
     0 unknown protocol drops
FastEthernet1/0/32 is down, line protocol is down (notconnect) 
  Input queue: 0/75/0/0 (size/max/drops/flushes); Total output drops: 0
     0 unknown protocol drops
FastEthernet1/0/33 is up, line protocol is up (connected) 
  Input queue: 0/75/0/0 (size/max/drops/flushes); Total output drops: 0
     0 unknown protocol drops
FastEthernet1/0/34 is down, line protocol is down (notconnect) 
  Input queue: 0/75/0/0 (size/max/drops/flushes); Total output drops: 18565
     0 unknown protocol drops
FastEthernet1/0/35 is down, line protocol is down (notconnect) 
  Input queue: 0/75/0/0 (size/max/drops/flushes); Total output drops: 0
     0 unknown protocol drops
FastEthernet1/0/36 is down, line protocol is down (notconnect) 
  Input queue: 0/75/0/0 (size/max/drops/flushes); Total output drops: 0
     0 unknown protocol drops
FastEthernet1/0/37 is down, line protocol is down (notconnect) 
  Input queue: 0/75/0/0 (size/max/drops/flushes); Total output drops: 0
     0 unknown protocol drops
FastEthernet1/0/38 is down, line protocol is down (notconnect) 
  Input queue: 0/75/0/0 (size/max/drops/flushes); Total output drops: 0
     0 unknown protocol drops
FastEthernet1/0/39 is down, line protocol is down (notconnect) 
  Input queue: 0/75/0/0 (size/max/drops/flushes); Total output drops: 0
     0 unknown protocol drops
FastEthernet1/0/40 is down, line protocol is down (notconnect) 
  Input queue: 0/75/0/0 (size/max/drops/flushes); Total output drops: 0
     0 unknown protocol drops
FastEthernet1/0/41 is down, line protocol is down (notconnect) 
  Input queue: 0/75/0/0 (size/max/drops/flushes); Total output drops: 0
     0 unknown protocol drops
FastEthernet1/0/42 is down, line protocol is down (notconnect) 
  Input queue: 0/75/0/0 (size/max/drops/flushes); Total output drops: 0
     0 unknown protocol drops
FastEthernet1/0/43 is down, line protocol is down (notconnect) 
  Input queue: 0/75/0/0 (size/max/drops/flushes); Total output drops: 0
     0 unknown protocol drops
FastEthernet1/0/44 is down, line protocol is down (notconnect) 
  Input queue: 0/75/0/0 (size/max/drops/flushes); Total output drops: 0
     0 unknown protocol drops
FastEthernet1/0/45 is up, line protocol is up (connected) 
  Input queue: 0/75/0/0 (size/max/drops/flushes); Total output drops: 0
     0 unknown protocol drops
FastEthernet1/0/46 is up, line protocol is up (connected) 
  Input queue: 0/75/0/0 (size/max/drops/flushes); Total output drops: 0
     0 unknown protocol drops
FastEthernet1/0/47 is down, line protocol is down (notconnect) 
  Input queue: 0/75/0/0 (size/max/drops/flushes); Total output drops: 0
     0 unknown protocol drops
FastEthernet1/0/48 is up, line protocol is up (connected) 
  Input queue: 0/75/0/0 (size/max/drops/flushes); Total output drops: 0
     0 unknown protocol drops
GigabitEthernet1/0/1 is up, line protocol is up (connected) 
  Input queue: 9/75/0/0 (size/max/drops/flushes); Total output drops: 0
     0 unknown protocol drops
GigabitEthernet1/0/2 is administratively down, line protocol is down (disabled) 
  Input queue: 0/75/0/0 (size/max/drops/flushes); Total output drops: 0
     0 unknown protocol drops
GigabitEthernet1/0/3 is down, line protocol is down (notconnect) 
  Input queue: 0/75/0/0 (size/max/drops/flushes); Total output drops: 0
     0 unknown protocol drops
GigabitEthernet1/0/4 is down, line protocol is down (notconnect) 
  Input queue: 0/75/0/0 (size/max/drops/flushes); Total output drops: 0
     0 unknown protocol drops
Loopback1 is up, line protocol is up 
  Input queue: 0/75/0/0 (size/max/drops/flushes); Total output drops: 0
     0 unknown protocol drops
nthm-03-sw1#Show run
Building configuration...

Current configuration : 33965 bytes
!
! Last configuration change at 17:11:08 WST Thu Dec 14 2017 by n040303
! NVRAM config last updated at 17:11:10 WST Thu Dec 14 2017 by n040303
!
version 15.0
no service pad
service timestamps debug datetime msec localtime
service timestamps log datetime msec localtime
service password-encryption
!
hostname nthm-03-sw1
!
boot-start-marker
boot-end-marker
!
logging buffered 64000
no logging console
enable secret 4 26Y5WbmBWDgWHIvNLDC6rcFPZFfZmn/Bmjb2/s10MhI
!
username westernpower privilege 15 secret 4 26Y5WbmBWDgWHIvNLDC6rcFPZFfZmn/Bmjb2/s10MhI
aaa new-model
!
!
aaa authentication fail-message ^C
 ********************************************************************
 *      The supplied Username and/or Password is not valid.         *
 *  This failed login attempt has been recorded for audit purposes. *
 ********************************************************************
^C
aaa authentication login default group radius local
aaa authentication login console enable
aaa authorization exec default if-authenticated 
aaa accounting send stop-record authentication failure
aaa accounting exec default start-stop group radius
!
!
!
!
!
!
aaa session-id common
clock timezone WST 8 0
switch 1 provision ws-c3750v2-48ps
system mtu routing 1500
vtp domain nthm
vtp mode transparent
udld enable

no ip source-route
ip routing
no ip domain-lookup
ip domain-name ads.westernpower.com.au
!
!
ip dhcp snooping vlan 1,401,501
no ip dhcp snooping information option
ip dhcp snooping
ip multicast-routing distributed
login on-failure log
login on-success log
!
mls qos map policed-dscp  24 26 46 to 0
mls qos map cos-dscp 0 8 16 24 32 46 48 56
mls qos srr-queue input bandwidth 90 10
mls qos srr-queue input threshold 1 8 16
mls qos srr-queue input threshold 2 34 66
mls qos srr-queue input buffers 67 33 
mls qos srr-queue input cos-map queue 1 threshold 2 1
mls qos srr-queue input cos-map queue 1 threshold 3 0
mls qos srr-queue input cos-map queue 2 threshold 1 2
mls qos srr-queue input cos-map queue 2 threshold 2 4 6 7
mls qos srr-queue input cos-map queue 2 threshold 3 3 5
mls qos srr-queue input dscp-map queue 1 threshold 2 9 10 11 12 13 14 15
mls qos srr-queue input dscp-map queue 1 threshold 3 0 1 2 3 4 5 6 7
mls qos srr-queue input dscp-map queue 1 threshold 3 32
mls qos srr-queue input dscp-map queue 2 threshold 1 16 17 18 19 20 21 22 23
mls qos srr-queue input dscp-map queue 2 threshold 2 33 34 35 36 37 38 39 48
mls qos srr-queue input dscp-map queue 2 threshold 2 49 50 51 52 53 54 55 56
mls qos srr-queue input dscp-map queue 2 threshold 2 57 58 59 60 61 62 63
mls qos srr-queue input dscp-map queue 2 threshold 3 24 25 26 27 28 29 30 31
mls qos srr-queue input dscp-map queue 2 threshold 3 40 41 42 43 44 45 46 47
mls qos srr-queue output cos-map queue 1 threshold 3 5
mls qos srr-queue output cos-map queue 2 threshold 3 3 6 7
mls qos srr-queue output cos-map queue 3 threshold 3 2 4
mls qos srr-queue output cos-map queue 4 threshold 2 1
mls qos srr-queue output cos-map queue 4 threshold 3 0
mls qos srr-queue output dscp-map queue 1 threshold 3 40 41 42 43 44 45 46 47
mls qos srr-queue output dscp-map queue 2 threshold 3 24 25 26 27 28 29 30 31
mls qos srr-queue output dscp-map queue 2 threshold 3 48 49 50 51 52 53 54 55
mls qos srr-queue output dscp-map queue 2 threshold 3 56 57 58 59 60 61 62 63
mls qos srr-queue output dscp-map queue 3 threshold 3 16 17 18 19 20 21 22 23
mls qos srr-queue output dscp-map queue 3 threshold 3 32 33 34 35 36 37 38 39
mls qos srr-queue output dscp-map queue 4 threshold 1 8
mls qos srr-queue output dscp-map queue 4 threshold 2 9 10 11 12 13 14 15
mls qos srr-queue output dscp-map queue 4 threshold 3 0 1 2 3 4 5 6 7
mls qos queue-set output 1 threshold 1 138 138 92 138
mls qos queue-set output 1 threshold 2 138 138 92 400
mls qos queue-set output 1 threshold 3 36 77 100 318
mls qos queue-set output 1 threshold 4 20 50 67 400
mls qos queue-set output 2 threshold 1 149 149 100 149
mls qos queue-set output 2 threshold 2 118 118 100 235
mls qos queue-set output 2 threshold 3 41 68 100 272
mls qos queue-set output 2 threshold 4 42 72 100 242
mls qos queue-set output 1 buffers 10 10 26 54
mls qos queue-set output 2 buffers 16 6 17 61
mls qos
!
crypto pki trustpoint TP-self-signed-1969967616
 enrollment selfsigned
 subject-name cn=IOS-Self-Signed-Certificate-1969967616
 revocation-check none
 rsakeypair TP-self-signed-1969967616
!
!
crypto pki certificate chain TP-self-signed-1969967616
 certificate self-signed 01
  3082025D 308201C6 A0030201 02020101 300D0609 2A864886 F70D0101 04050030 
  31312F30 2D060355 04031326 494F532D 53656C66 2D536967 6E65642D 43657274 
  69666963 6174652D 31393639 39363736 3136301E 170D3933 30333031 30303032 
  34315A17 0D323030 31303130 30303030 305A3031 312F302D 06035504 03132649 
  4F532D53 656C662D 5369676E 65642D43 65727469 66696361 74652D31 39363939 
  36373631 3630819F 300D0609 2A864886 F70D0101 01050003 818D0030 81890281 
  8100DA35 684ED046 95CC11E1 58104A08 4EC2D76D E821AE0A 7F46A390 EA11F077 
  98A6F0FE 0C5EF218 2C446237 0D18556E F6C56359 C159FB4C F2252EFE 18379FA9 
  5695F343 73DE6507 CD796B19 656349D8 30D32E4C 3A3693A4 6B0E941C B7D22401 
  2686479D 6C4AB56D C4318B04 FC459F74 6937C7FD 56539C0B B5D7FD28 D224942A 
  DFE50203 010001A3 81843081 81300F06 03551D13 0101FF04 05300301 01FF302E 
  0603551D 11042730 2582236E 74686D2D 30332D73 77312E61 64732E77 65737465 
  726E706F 7765722E 636F6D2E 6175301F 0603551D 23041830 168014DE D0B59429 
  C8A0FBDE E63A3C74 4754BB07 61344130 1D060355 1D0E0416 0414DED0 B59429C8 
  A0FBDEE6 3A3C7447 54BB0761 3441300D 06092A86 4886F70D 01010405 00038181 
  00CB35CB 6F555B3F 0FAA34BE 6C4868D3 406D7062 90E86829 2948ECD3 55B55183 
  3B26EF80 BA958812 9833FA12 FAC41917 1E3BD4D1 2338B017 ACB714D4 F2574570 
  DA1F608A 3BD7D94C CA4FAB26 A9D25A18 D6C56C7E 45DC1B94 17138743 CB6EA5CC 
  2A081044 B0A066DD 8C8D3FE3 FDEEB929 0FA30F7D 118856D1 EB719FAA BEC61C1F 15
  	quit
!
!
!
!
!
spanning-tree mode pvst
no spanning-tree optimize bpdu transmission
spanning-tree extend system-id
!
vlan internal allocation policy ascending
!
vlan 401
 name USER_DATA_VLAN
!
vlan 501
 name USER_VOICE_VLAN
!
vlan 800
 name WLAN_AP_Management
!
vlan 801
 name WLAN_Corp_Clients
!
ip telnet source-interface Loopback1
ip ssh version 2
!
class-map match-all AutoQoS-VoIP-RTP-Trust
  match ip dscp ef 
class-map match-all AutoQoS-VoIP-Control-Trust
  match ip dscp cs3  af31 
!
policy-map AutoQoS-Police-CiscoPhone
 class AutoQoS-VoIP-RTP-Trust
   set dscp ef
  police 320000 8000 exceed-action policed-dscp-transmit
 class AutoQoS-VoIP-Control-Trust
   set dscp cs3
  police 32000 8000 exceed-action policed-dscp-transmit
!
!
! 
!
!
!
!
!
!
!
!
!
!
!
interface Loopback1
 description T1 management interface
 ip address 10.70.240.10 255.255.255.255
!
interface FastEthernet1/0/1
 switchport access vlan 401
 switchport mode access
 switchport voice vlan 501
 no logging event link-status
 srr-queue bandwidth share 10 10 60 20
 priority-queue out 
 mls qos trust device cisco-phone
 mls qos trust cos
 no snmp trap link-status
 auto qos voip cisco-phone 
 no mdix auto
 spanning-tree portfast
 spanning-tree bpduguard enable
 service-policy input AutoQoS-Police-CiscoPhone
 ip dhcp snooping limit rate 20
!
interface FastEthernet1/0/2
 switchport access vlan 401
 switchport mode access
 switchport voice vlan 501
 no logging event link-status
 srr-queue bandwidth share 10 10 60 20
 priority-queue out 
 mls qos trust device cisco-phone
 mls qos trust cos
 no snmp trap link-status
 auto qos voip cisco-phone 
 no mdix auto
 spanning-tree portfast
 spanning-tree bpduguard enable
 service-policy input AutoQoS-Police-CiscoPhone
 ip dhcp snooping limit rate 20
!
interface FastEthernet1/0/3
 switchport access vlan 401
 switchport mode access
 switchport voice vlan 501
 no logging event link-status
 srr-queue bandwidth share 10 10 60 20
 priority-queue out 
 mls qos trust device cisco-phone
 mls qos trust cos
 no snmp trap link-status
 auto qos voip cisco-phone 
 no mdix auto
 spanning-tree portfast
 spanning-tree bpduguard enable
 service-policy input AutoQoS-Police-CiscoPhone
 ip dhcp snooping limit rate 20
!
interface FastEthernet1/0/4
 switchport access vlan 401
 switchport mode access
 switchport voice vlan 501
 no logging event link-status
 srr-queue bandwidth share 10 10 60 20
 priority-queue out 
 mls qos trust device cisco-phone
 mls qos trust cos
 no snmp trap link-status
 auto qos voip cisco-phone 
 no mdix auto
 spanning-tree portfast
 spanning-tree bpduguard enable
 service-policy input AutoQoS-Police-CiscoPhone
 ip dhcp snooping limit rate 20
!
interface FastEthernet1/0/5
 switchport access vlan 401
 switchport mode access
 switchport voice vlan 501
 no logging event link-status
 srr-queue bandwidth share 10 10 60 20
 priority-queue out 
 mls qos trust device cisco-phone
 mls qos trust cos
 no snmp trap link-status
 auto qos voip cisco-phone 
 no mdix auto
 spanning-tree portfast
 spanning-tree bpduguard enable
 service-policy input AutoQoS-Police-CiscoPhone
 ip dhcp snooping limit rate 20
!
interface FastEthernet1/0/6
 switchport access vlan 401
 switchport mode access
 switchport voice vlan 501
 no logging event link-status
 srr-queue bandwidth share 10 10 60 20
 priority-queue out 
 mls qos trust device cisco-phone
 mls qos trust cos
 no snmp trap link-status
 auto qos voip cisco-phone 
 no mdix auto
 spanning-tree portfast
 spanning-tree bpduguard enable
 service-policy input AutoQoS-Police-CiscoPhone
 ip dhcp snooping limit rate 20
!
interface FastEthernet1/0/7
 switchport access vlan 401
 switchport mode access
 switchport voice vlan 501
 no logging event link-status
 srr-queue bandwidth share 10 10 60 20
 priority-queue out 
 mls qos trust device cisco-phone
 mls qos trust cos
 no snmp trap link-status
 auto qos voip cisco-phone 
 no mdix auto
 spanning-tree portfast
 spanning-tree bpduguard enable
 service-policy input AutoQoS-Police-CiscoPhone
 ip dhcp snooping limit rate 20
!
interface FastEthernet1/0/8
 switchport access vlan 401
 switchport mode access
 switchport voice vlan 501
 no logging event link-status
 srr-queue bandwidth share 10 10 60 20
 priority-queue out 
 mls qos trust device cisco-phone
 mls qos trust cos
 no snmp trap link-status
 auto qos voip cisco-phone 
 no mdix auto
 spanning-tree portfast
 spanning-tree bpduguard enable
 service-policy input AutoQoS-Police-CiscoPhone
 ip dhcp snooping limit rate 20
!
interface FastEthernet1/0/9
 switchport access vlan 401
 switchport mode access
 switchport voice vlan 501
 no logging event link-status
 srr-queue bandwidth share 10 10 60 20
 priority-queue out 
 mls qos trust device cisco-phone
 mls qos trust cos
 no snmp trap link-status
 auto qos voip cisco-phone 
 no mdix auto
 spanning-tree portfast
 spanning-tree bpduguard enable
 service-policy input AutoQoS-Police-CiscoPhone
 ip dhcp snooping limit rate 20
!
interface FastEthernet1/0/10
 switchport access vlan 401
 switchport mode access
 switchport voice vlan 501
 no logging event link-status
 srr-queue bandwidth share 10 10 60 20
 priority-queue out 
 mls qos trust device cisco-phone
 mls qos trust cos
 no snmp trap link-status
 auto qos voip cisco-phone 
 no mdix auto
 spanning-tree portfast
 spanning-tree bpduguard enable
 service-policy input AutoQoS-Police-CiscoPhone
 ip dhcp snooping limit rate 20
!
interface FastEthernet1/0/11
 switchport access vlan 401
 switchport mode access
 switchport voice vlan 501
 no logging event link-status
 srr-queue bandwidth share 10 10 60 20
 priority-queue out 
 mls qos trust device cisco-phone
 mls qos trust cos
 no snmp trap link-status
 auto qos voip cisco-phone 
 no mdix auto
 spanning-tree portfast
 spanning-tree bpduguard enable
 service-policy input AutoQoS-Police-CiscoPhone
 ip dhcp snooping limit rate 20
!
interface FastEthernet1/0/12
 switchport access vlan 401
 switchport mode access
 switchport voice vlan 501
 no logging event link-status
 srr-queue bandwidth share 10 10 60 20
 priority-queue out 
 mls qos trust device cisco-phone
 mls qos trust cos
 no snmp trap link-status
 auto qos voip cisco-phone 
 no mdix auto
 spanning-tree portfast
 spanning-tree bpduguard enable
 service-policy input AutoQoS-Police-CiscoPhone
 ip dhcp snooping limit rate 20
!
interface FastEthernet1/0/13
 switchport access vlan 401
 switchport mode access
 switchport voice vlan 501
 no logging event link-status
 srr-queue bandwidth share 10 10 60 20
 priority-queue out 
 mls qos trust device cisco-phone
 mls qos trust cos
 no snmp trap link-status
 auto qos voip cisco-phone 
 no mdix auto
 spanning-tree portfast
 spanning-tree bpduguard enable
 service-policy input AutoQoS-Police-CiscoPhone
 ip dhcp snooping limit rate 20
!
interface FastEthernet1/0/14
 switchport access vlan 401
 switchport mode access
 switchport voice vlan 501
 no logging event link-status
 srr-queue bandwidth share 10 10 60 20
 priority-queue out 
 mls qos trust device cisco-phone
 mls qos trust cos
 no snmp trap link-status
 auto qos voip cisco-phone 
 no mdix auto
 spanning-tree portfast
 spanning-tree bpduguard enable
 service-policy input AutoQoS-Police-CiscoPhone
 ip dhcp snooping limit rate 20
!
interface FastEthernet1/0/15
 switchport access vlan 401
 switchport mode access
 switchport voice vlan 501
 no logging event link-status
 no logging event power-inline-status
 srr-queue bandwidth share 10 10 60 20
 priority-queue out 
 mls qos trust device cisco-phone
 mls qos trust cos
 no snmp trap link-status
 auto qos voip cisco-phone 
 no mdix auto
 spanning-tree portfast
 spanning-tree bpduguard enable
 service-policy input AutoQoS-Police-CiscoPhone
 ip dhcp snooping limit rate 20
!
interface FastEthernet1/0/16
 switchport access vlan 401
 switchport mode access
 switchport voice vlan 501
 no logging event link-status
 srr-queue bandwidth share 10 10 60 20
 priority-queue out 
 mls qos trust device cisco-phone
 mls qos trust cos
 no snmp trap link-status
 auto qos voip cisco-phone 
 no mdix auto
 spanning-tree portfast
 spanning-tree bpduguard enable
 service-policy input AutoQoS-Police-CiscoPhone
 ip dhcp snooping limit rate 20
!
interface FastEthernet1/0/17
 switchport access vlan 401
 switchport mode access
 switchport voice vlan 501
 no logging event link-status
 srr-queue bandwidth share 10 10 60 20
 priority-queue out 
 mls qos trust device cisco-phone
 mls qos trust cos
 no snmp trap link-status
 auto qos voip cisco-phone 
 no mdix auto
 spanning-tree portfast
 spanning-tree bpduguard enable
 service-policy input AutoQoS-Police-CiscoPhone
 ip dhcp snooping limit rate 20
!
interface FastEthernet1/0/18
 switchport access vlan 401
 switchport mode access
 switchport voice vlan 501
 no logging event link-status
 srr-queue bandwidth share 10 10 60 20
 priority-queue out 
 mls qos trust device cisco-phone
 mls qos trust cos
 no snmp trap link-status
 auto qos voip cisco-phone 
 no mdix auto
 spanning-tree portfast
 spanning-tree bpduguard enable
 service-policy input AutoQoS-Police-CiscoPhone
 ip dhcp snooping limit rate 20
!
interface FastEthernet1/0/19
 switchport access vlan 401
 switchport mode access
 switchport voice vlan 501
 no logging event link-status
 srr-queue bandwidth share 10 10 60 20
 priority-queue out 
 mls qos trust device cisco-phone
 mls qos trust cos
 no snmp trap link-status
 auto qos voip cisco-phone 
 no mdix auto
 spanning-tree portfast
 spanning-tree bpduguard enable
 service-policy input AutoQoS-Police-CiscoPhone
 ip dhcp snooping limit rate 20
!
interface FastEthernet1/0/20
 switchport access vlan 401
 switchport mode access
 switchport voice vlan 501
 no logging event link-status
 srr-queue bandwidth share 10 10 60 20
 priority-queue out 
 mls qos trust device cisco-phone
 mls qos trust cos
 no snmp trap link-status
 auto qos voip cisco-phone 
 no mdix auto
 spanning-tree portfast
 spanning-tree bpduguard enable
 service-policy input AutoQoS-Police-CiscoPhone
 ip dhcp snooping limit rate 20
!
interface FastEthernet1/0/21
 switchport access vlan 401
 switchport mode access
 switchport voice vlan 501
 no logging event link-status
 srr-queue bandwidth share 10 10 60 20
 priority-queue out 
 mls qos trust device cisco-phone
 mls qos trust cos
 no snmp trap link-status
 auto qos voip cisco-phone 
 no mdix auto
 spanning-tree portfast
 spanning-tree bpduguard enable
 service-policy input AutoQoS-Police-CiscoPhone
 ip dhcp snooping limit rate 20
!
interface FastEthernet1/0/22
 switchport access vlan 401
 switchport mode access
 switchport voice vlan 501
 no logging event link-status
 srr-queue bandwidth share 10 10 60 20
 priority-queue out 
 mls qos trust device cisco-phone
 mls qos trust cos
 no snmp trap link-status
 auto qos voip cisco-phone 
 no mdix auto
 spanning-tree portfast
 spanning-tree bpduguard enable
 service-policy input AutoQoS-Police-CiscoPhone
 ip dhcp snooping limit rate 20
!
interface FastEthernet1/0/23
 switchport access vlan 401
 switchport mode access
 switchport voice vlan 501
 no logging event link-status
 srr-queue bandwidth share 10 10 60 20
 priority-queue out 
 mls qos trust device cisco-phone
 mls qos trust cos
 no snmp trap link-status
 auto qos voip cisco-phone 
 no mdix auto
 spanning-tree portfast
 spanning-tree bpduguard enable
 service-policy input AutoQoS-Police-CiscoPhone
 ip dhcp snooping limit rate 20
!
interface FastEthernet1/0/24
 switchport access vlan 401
 switchport mode access
 switchport voice vlan 501
 no logging event link-status
 srr-queue bandwidth share 10 10 60 20
 priority-queue out 
 mls qos trust device cisco-phone
 mls qos trust cos
 no snmp trap link-status
 auto qos voip cisco-phone 
 no mdix auto
 spanning-tree portfast
 spanning-tree bpduguard enable
 service-policy input AutoQoS-Police-CiscoPhone
 ip dhcp snooping limit rate 20
!
interface FastEthernet1/0/25
 switchport access vlan 401
 switchport mode access
 switchport voice vlan 501
 no logging event link-status
 srr-queue bandwidth share 10 10 60 20
 priority-queue out 
 mls qos trust device cisco-phone
 mls qos trust cos
 no snmp trap link-status
 auto qos voip cisco-phone 
 no mdix auto
 spanning-tree portfast
 spanning-tree bpduguard enable
 service-policy input AutoQoS-Police-CiscoPhone
 ip dhcp snooping limit rate 20
!
interface FastEthernet1/0/26
 switchport access vlan 401
 switchport mode access
 switchport voice vlan 501
 no logging event link-status
 srr-queue bandwidth share 10 10 60 20
 priority-queue out 
 mls qos trust device cisco-phone
 mls qos trust cos
 no snmp trap link-status
 auto qos voip cisco-phone 
 no mdix auto
 spanning-tree portfast
 spanning-tree bpduguard enable
 service-policy input AutoQoS-Police-CiscoPhone
 ip dhcp snooping limit rate 20
!
interface FastEthernet1/0/27
 switchport access vlan 401
 switchport mode access
 switchport voice vlan 501
 no logging event link-status
 srr-queue bandwidth share 10 10 60 20
 priority-queue out 
 mls qos trust device cisco-phone
 mls qos trust cos
 no snmp trap link-status
 auto qos voip cisco-phone 
 no mdix auto
 spanning-tree portfast
 spanning-tree bpduguard enable
 service-policy input AutoQoS-Police-CiscoPhone
 ip dhcp snooping limit rate 20
!
interface FastEthernet1/0/28
 switchport access vlan 401
 switchport mode access
 switchport voice vlan 501
 no logging event link-status
 srr-queue bandwidth share 10 10 60 20
 priority-queue out 
 mls qos trust device cisco-phone
 mls qos trust cos
 no snmp trap link-status
 auto qos voip cisco-phone 
 no mdix auto
 spanning-tree portfast
 spanning-tree bpduguard enable
 service-policy input AutoQoS-Police-CiscoPhone
 ip dhcp snooping limit rate 20
!
interface FastEthernet1/0/29
 switchport access vlan 401
 switchport mode access
 switchport voice vlan 501
 no logging event link-status
 srr-queue bandwidth share 10 10 60 20
 priority-queue out 
 mls qos trust device cisco-phone
 mls qos trust cos
 no snmp trap link-status
 auto qos voip cisco-phone 
 no mdix auto
 spanning-tree portfast
 spanning-tree bpduguard enable
 service-policy input AutoQoS-Police-CiscoPhone
 ip dhcp snooping limit rate 20
!
interface FastEthernet1/0/30
 switchport access vlan 401
 switchport mode access
 switchport voice vlan 501
 no logging event link-status
 srr-queue bandwidth share 10 10 60 20
 priority-queue out 
 mls qos trust device cisco-phone
 mls qos trust cos
 no snmp trap link-status
 auto qos voip cisco-phone 
 no mdix auto
 spanning-tree portfast
 spanning-tree bpduguard enable
 service-policy input AutoQoS-Police-CiscoPhone
 ip dhcp snooping limit rate 20
!
interface FastEthernet1/0/31
 switchport access vlan 401
 switchport mode access
 switchport voice vlan 501
 no logging event link-status
 srr-queue bandwidth share 10 10 60 20
 priority-queue out 
 mls qos trust device cisco-phone
 mls qos trust cos
 no snmp trap link-status
 auto qos voip cisco-phone 
 no mdix auto
 spanning-tree portfast
 spanning-tree bpduguard enable
 service-policy input AutoQoS-Police-CiscoPhone
 ip dhcp snooping limit rate 20
!
interface FastEthernet1/0/32
 switchport access vlan 401
 switchport mode access
 switchport voice vlan 501
 no logging event link-status
 srr-queue bandwidth share 10 10 60 20
 priority-queue out 
 mls qos trust device cisco-phone
 mls qos trust cos
 no snmp trap link-status
 auto qos voip cisco-phone 
 no mdix auto
 spanning-tree portfast
 spanning-tree bpduguard enable
 service-policy input AutoQoS-Police-CiscoPhone
 ip dhcp snooping limit rate 20
!
interface FastEthernet1/0/33
 description noticeboard
 switchport access vlan 401
 switchport mode access
 switchport voice vlan 501
 no logging event link-status
 srr-queue bandwidth share 10 10 60 20
 priority-queue out 
 mls qos trust device cisco-phone
 mls qos trust cos
 no snmp trap link-status
 auto qos voip cisco-phone 
 no mdix auto
 spanning-tree portfast
 spanning-tree bpduguard enable
 service-policy input AutoQoS-Police-CiscoPhone
 ip dhcp snooping limit rate 20
!
interface FastEthernet1/0/34
 switchport access vlan 401
 switchport mode access
 switchport voice vlan 501
 no logging event link-status
 srr-queue bandwidth share 10 10 60 20
 priority-queue out 
 mls qos trust device cisco-phone
 mls qos trust cos
 no snmp trap link-status
 auto qos voip cisco-phone 
 no mdix auto
 spanning-tree portfast
 spanning-tree bpduguard enable
 service-policy input AutoQoS-Police-CiscoPhone
 ip dhcp snooping limit rate 20
!
interface FastEthernet1/0/35
 switchport access vlan 401
 switchport mode access
 switchport voice vlan 501
 no logging event link-status
 srr-queue bandwidth share 10 10 60 20
 priority-queue out 
 mls qos trust device cisco-phone
 mls qos trust cos
 no snmp trap link-status
 auto qos voip cisco-phone 
 no mdix auto
 spanning-tree portfast
 spanning-tree bpduguard enable
 service-policy input AutoQoS-Police-CiscoPhone
 ip dhcp snooping limit rate 20
!
interface FastEthernet1/0/36
 switchport access vlan 401
 switchport mode access
 switchport voice vlan 501
 no logging event link-status
 srr-queue bandwidth share 10 10 60 20
 priority-queue out 
 mls qos trust device cisco-phone
 mls qos trust cos
 no snmp trap link-status
 auto qos voip cisco-phone 
 no mdix auto
 spanning-tree portfast
 spanning-tree bpduguard enable
 service-policy input AutoQoS-Police-CiscoPhone
 ip dhcp snooping limit rate 20
!
interface FastEthernet1/0/37
 switchport access vlan 401
 switchport mode access
 switchport voice vlan 501
 no logging event link-status
 srr-queue bandwidth share 10 10 60 20
 priority-queue out 
 mls qos trust device cisco-phone
 mls qos trust cos
 no snmp trap link-status
 auto qos voip cisco-phone 
 no mdix auto
 spanning-tree portfast
 spanning-tree bpduguard enable
 service-policy input AutoQoS-Police-CiscoPhone
 ip dhcp snooping limit rate 20
!
interface FastEthernet1/0/38
 switchport access vlan 401
 switchport mode access
 switchport voice vlan 501
 no logging event link-status
 srr-queue bandwidth share 10 10 60 20
 priority-queue out 
 mls qos trust device cisco-phone
 mls qos trust cos
 no snmp trap link-status
 auto qos voip cisco-phone 
 no mdix auto
 spanning-tree portfast
 spanning-tree bpduguard enable
 service-policy input AutoQoS-Police-CiscoPhone
 ip dhcp snooping limit rate 20
!
interface FastEthernet1/0/39
 switchport access vlan 401
 switchport mode access
 switchport voice vlan 501
 no logging event link-status
 srr-queue bandwidth share 10 10 60 20
 priority-queue out 
 mls qos trust device cisco-phone
 mls qos trust cos
 no snmp trap link-status
 auto qos voip cisco-phone 
 no mdix auto
 spanning-tree portfast
 spanning-tree bpduguard enable
 service-policy input AutoQoS-Police-CiscoPhone
 ip dhcp snooping limit rate 20
!
interface FastEthernet1/0/40
 switchport access vlan 401
 switchport mode access
 switchport voice vlan 501
 no logging event link-status
 srr-queue bandwidth share 10 10 60 20
 priority-queue out 
 mls qos trust device cisco-phone
 mls qos trust cos
 no snmp trap link-status
 auto qos voip cisco-phone 
 no mdix auto
 spanning-tree portfast
 spanning-tree bpduguard enable
 service-policy input AutoQoS-Police-CiscoPhone
 ip dhcp snooping limit rate 20
!
interface FastEthernet1/0/41
 switchport access vlan 401
 switchport mode access
 switchport voice vlan 501
 no logging event link-status
 srr-queue bandwidth share 10 10 60 20
 priority-queue out 
 mls qos trust device cisco-phone
 mls qos trust cos
 no snmp trap link-status
 auto qos voip cisco-phone 
 no mdix auto
 spanning-tree portfast
 spanning-tree bpduguard enable
 service-policy input AutoQoS-Police-CiscoPhone
 ip dhcp snooping limit rate 20
!
interface FastEthernet1/0/42
 switchport access vlan 401
 switchport mode access
 switchport voice vlan 501
 no logging event link-status
 srr-queue bandwidth share 10 10 60 20
 priority-queue out 
 mls qos trust device cisco-phone
 mls qos trust cos
 no snmp trap link-status
 auto qos voip cisco-phone 
 no mdix auto
 spanning-tree portfast
 spanning-tree bpduguard enable
 service-policy input AutoQoS-Police-CiscoPhone
 ip dhcp snooping limit rate 20
!
interface FastEthernet1/0/43
 switchport access vlan 401
 switchport mode access
 switchport voice vlan 501
 no logging event link-status
 srr-queue bandwidth share 10 10 60 20
 priority-queue out 
 mls qos trust device cisco-phone
 mls qos trust cos
 no snmp trap link-status
 auto qos voip cisco-phone 
 no mdix auto
 spanning-tree portfast
 spanning-tree bpduguard enable
 service-policy input AutoQoS-Police-CiscoPhone
 ip dhcp snooping limit rate 20
!
interface FastEthernet1/0/44
 switchport access vlan 401
 switchport mode access
 switchport voice vlan 501
 no logging event link-status
 srr-queue bandwidth share 10 10 60 20
 priority-queue out 
 mls qos trust device cisco-phone
 mls qos trust cos
 no snmp trap link-status
 auto qos voip cisco-phone 
 no mdix auto
 spanning-tree portfast
 spanning-tree bpduguard enable
 service-policy input AutoQoS-Police-CiscoPhone
 ip dhcp snooping limit rate 20
!
interface FastEthernet1/0/45
 switchport access vlan 401
 switchport mode access
 switchport voice vlan 501
 no logging event link-status
 srr-queue bandwidth share 10 10 60 20
 priority-queue out 
 mls qos trust device cisco-phone
 mls qos trust cos
 no snmp trap link-status
 auto qos voip cisco-phone 
 no mdix auto
 spanning-tree portfast
 spanning-tree bpduguard enable
 service-policy input AutoQoS-Police-CiscoPhone
 ip dhcp snooping limit rate 20
!
interface FastEthernet1/0/46
 switchport access vlan 401
 switchport mode access
 switchport voice vlan 501
 no logging event link-status
 srr-queue bandwidth share 10 10 60 20
 priority-queue out 
 mls qos trust device cisco-phone
 mls qos trust cos
 no snmp trap link-status
 auto qos voip cisco-phone 
 no mdix auto
 spanning-tree portfast
 spanning-tree bpduguard enable
 service-policy input AutoQoS-Police-CiscoPhone
 ip dhcp snooping limit rate 20
!
interface FastEthernet1/0/47
 switchport access vlan 401
 switchport mode access
 switchport voice vlan 501
 no logging event link-status
 srr-queue bandwidth share 10 10 60 20
 priority-queue out 
 mls qos trust device cisco-phone
 mls qos trust cos
 no snmp trap link-status
 auto qos voip cisco-phone 
 no mdix auto
 spanning-tree portfast
 spanning-tree bpduguard enable
 service-policy input AutoQoS-Police-CiscoPhone
 ip dhcp snooping limit rate 20
!
interface FastEthernet1/0/48
 description nthm-03-AP1
 switchport trunk encapsulation dot1q
 switchport trunk native vlan 800
 switchport trunk allowed vlan 800,801
 switchport mode trunk
 no mdix auto
!
interface GigabitEthernet1/0/1
 description nthm-01-sw1 gi1/0/26
 no switchport
 ip address 10.70.242.34 255.255.255.252
 ip hello-interval eigrp 70 1
 ip hold-time eigrp 70 3
 ip pim sparse-mode
!
interface GigabitEthernet1/0/2
 shutdown
 ip dhcp snooping limit rate 20
!
interface GigabitEthernet1/0/3
 ip dhcp snooping limit rate 20
!
interface GigabitEthernet1/0/4
 ip dhcp snooping limit rate 20
!
interface Vlan1
 no ip address
 shutdown
!
interface Vlan401
 description T2 data
 ip address 10.70.66.1 255.255.255.0
 ip helper-address 10.70.0.5
 ip helper-address 10.70.0.20
 ip directed-broadcast 5
!
interface Vlan501
 description T2 voice
 ip address 10.70.130.1 255.255.255.0
 ip helper-address 10.70.0.5
 ip pim passive
!
interface Vlan800
 description nthm-wlan-ap-management
 ip address 10.70.246.129 255.255.255.224
 ip helper-address 10.70.0.5
!
interface Vlan801
 description nthm-wlan-corporate-clients
 ip address 10.70.98.1 255.255.255.0
 ip helper-address 10.70.0.5
!
!
router eigrp 70
 network 10.70.242.0 0.0.0.255
 redistribute connected
 eigrp stub connected summary
!
no ip http server
ip http secure-server
!
ip pim rp-address 10.70.240.24
!
ip access-list standard APIC_EM
 remark --- APIC-EM Appliance ---
 permit 10.25.253.10
 deny   any
ip access-list standard NSG_TELNET_SSH
 permit 146.195.81.24
 remark --- Nimsoft/CatTools Server Natted IP ---
 permit 146.195.81.25
 remark --- Nimsoft/CatTools Server ---
 permit 10.19.7.62
 remark --- HO Jumphost ---
 permit 172.30.0.10
 remark --- APIC EM - Controller ---
 permit 10.25.253.10
 permit 10.19.12.234
 remark --- Twister - OLD and NEW IP ---
 permit 146.195.135.0 0.0.0.127
 remark --- IT Subnet on Lvl2E ---
 permit 10.19.60.0 0.0.0.255
 remark --- SEAL WAN Subnet ---
 permit 10.250.250.0 0.0.0.255
 remark --- GWIP HO WAN Subnet ---
 permit 10.19.250.0 0.0.0.7
 remark --- Management Loopback subnet ---
 permit 10.0.240.0 0.255.0.255
 remark --- Empired Management Subnet ---
 permit 172.30.160.0 0.0.0.15
 remark --- Deny Anything Else ---
 deny   any log
ip access-list standard RO_SNMP
 remark --- Solarwinds Syslog Server ---
 permit 10.19.7.46
 remark --- Empired Management Subnet ---
 permit 172.30.160.0 0.0.0.255
 remark --- IT Subnet on Lvl2E ---
 permit 10.19.60.0 0.0.0.255
 deny   any
ip access-list standard RW_SNMP
 remark ---allow NNMi---
 permit 172.30.160.10
 deny   any
!
ip radius source-interface Loopback1 
logging trap debugging
logging source-interface Loopback1
logging host 10.19.7.46
logging host 172.30.160.11
logging host 172.30.160.10
logging host 172.30.161.10
access-list 5 permit 10.19.1.17 log
access-list 5 remark CSC Zetta - Allow Remote wakeup PC's
access-list 5 permit 10.19.7.49 log
access-list 5 permit 10.19.1.138 log
access-list 5 permit 10.19.1.134 log
snmp-server community eb6cIzuB RO RO_SNMP
snmp-server community Sp7ZyvwQ RW RW_SNMP
snmp-server community fc7cJzuC RO APIC_EM
snmp-server community gd8cKzuD RW APIC_EM
snmp-server location T3 Lot 14 Northam-York Road, Northam, WA 6401
snmp-server contact Network Systems x5444
snmp-server enable traps envmon fan shutdown supply temperature status
snmp-server enable traps license
snmp-server enable traps config
snmp-server enable traps hsrp
snmp-server enable traps syslog
snmp-server host 146.195.135.50 eb6cIzuB 
!
radius-server host 10.19.1.113
radius-server host 10.21.0.24
radius-server key 7 1120401C04283B145213330012301C0F01560E28555A0C48434C3F21493C57785D46734144007C330B407E0B3302117F132D360F6B47133F0631031A5A50013872
radius-server load-balance method least-outstanding
!
!
banner exec ^C
 ********************************************************************
 * You are now logged into: WP                                      *
 * All activity is being logged for review by System Administrators *
 ********************************************************************
^C
banner login ^C
 ********************************************************************
 * [WARNING]                                                        *
 *                                                                  *
 * This system belongs to a private organisation. If you are not    *
 * authorised to access this system, exit immediately.              *
 * Unauthorised access to this system is forbidden by company       *
 * policies, national, and international laws.                      *
 * Unauthorised users are subject to criminal and civil penalties   *
 * as well as company initiated disciplinary proceedings.           *
 * By entry into this system you acknowledge that you are           *
 * authorised access and the level of privilege you subsequently    *
 * execute on this system. You further acknowledge that by entry    *
 * into this system you expect no privacy from monitoring.          *
 *                                                                  *
 *        ALL ACCESS TO THIS SYSTEM IS MONITORED AND LOGGED         *
 *                                                                  *
 ********************************************************************
^C
!
line con 0
 exec-timeout 15 0
 logging synchronous
 login authentication console
 transport output telnet
line vty 0 4
 access-class NSG_TELNET_SSH in
 exec-timeout 15 0
 length 0
 transport input ssh
 transport output ssh
line vty 5 15
 access-class NSG_TELNET_SSH in
 exec-timeout 15 0
 transport input ssh
 transport output ssh
!
ntp server 146.195.128.175
end

nthm-03-sw1#Show ver
Cisco IOS Software, C3750 Software (C3750-IPBASEK9-M), Version 15.0(2)SE10, RELEASE SOFTWARE (fc2)
Technical Support: http://www.cisco.com/techsupport
Copyright (c) 1986-2016 by Cisco Systems, Inc.
Compiled Mon 18-Jul-16 02:11 by prod_rel_team

ROM: Bootstrap program is C3750 boot loader
BOOTLDR: C3750 Boot Loader (C3750-HBOOT-M) Version 12.2(50r)SE, RELEASE SOFTWARE (fc1)

nthm-03-sw1 uptime is 2 weeks, 5 days, 1 hour, 32 minutes
System returned to ROM by power-on
System restarted at 09:36:03 WST Sun Dec 3 2017
System image file is "flash:/c3750-ipbasek9-mz.150-2.SE10.bin"


This product contains cryptographic features and is subject to United
States and local country laws governing import, export, transfer and
use. Delivery of Cisco cryptographic products does not imply
third-party authority to import, export, distribute or use encryption.
Importers, exporters, distributors and users are responsible for
compliance with U.S. and local country laws. By using this product you
agree to comply with applicable laws and regulations. If you are unable
to comply with U.S. and local laws, return this product immediately.

A summary of U.S. laws governing Cisco cryptographic products may be found at:
http://www.cisco.com/wwl/export/crypto/tool/stqrg.html

If you require further assistance please contact us by sending email to
export@cisco.com.

cisco WS-C3750V2-48PS (PowerPC405) processor (revision R0) with 131072K bytes of memory.
Processor board ID FDO1615Y25G
Last reset from power-on
5 Virtual Ethernet interfaces
48 FastEthernet interfaces
4 Gigabit Ethernet interfaces
The password-recovery mechanism is enabled.

512K bytes of flash-simulated non-volatile configuration memory.
Base ethernet MAC Address       : A4:18:75:6B:52:00
Motherboard assembly number     : 73-11705-13
Power supply part number        : 341-0266-03
Motherboard serial number       : FDO16151K4D
Power supply serial number      : LIT16080NCU
Model revision number           : R0
Motherboard revision number     : A0
Model number                    : WS-C3750V2-48PS-S
System serial number            : FDO1615Y25G
Top Assembly Part Number        : 800-31041-06
Top Assembly Revision Number    : B0
Version ID                      : V08
CLEI Code Number                : COMP600ARC
Hardware Board Revision Number  : 0x03


Switch Ports Model              SW Version            SW Image                 
------ ----- -----              ----------            ----------               
*    1 52    WS-C3750V2-48PS    15.0(2)SE10           C3750-IPBASEK9-M         


Configuration register is 0xF

nthm-03-sw1#Show ip route
Codes: L - local, C - connected, S - static, R - RIP, M - mobile, B - BGP
       D - EIGRP, EX - EIGRP external, O - OSPF, IA - OSPF inter area 
       N1 - OSPF NSSA external type 1, N2 - OSPF NSSA external type 2
       E1 - OSPF external type 1, E2 - OSPF external type 2
       i - IS-IS, su - IS-IS summary, L1 - IS-IS level-1, L2 - IS-IS level-2
       ia - IS-IS inter area, * - candidate default, U - per-user static route
       o - ODR, P - periodic downloaded static route, H - NHRP, l - LISP
       + - replicated route, % - next hop override

Gateway of last resort is 10.70.242.33 to network 0.0.0.0

D*EX  0.0.0.0/0 [170/2563072] via 10.70.242.33, 2w5d, GigabitEthernet1/0/1
      10.0.0.0/8 is variably subnetted, 161 subnets, 9 masks
D EX     10.18.250.0/29 
           [170/25603072] via 10.70.242.33, 2w5d, GigabitEthernet1/0/1
D EX     10.19.0.0/16 
           [170/2563072] via 10.70.242.33, 2w5d, GigabitEthernet1/0/1
D EX     10.19.240.1/32 
           [170/2563072] via 10.70.242.33, 2w5d, GigabitEthernet1/0/1
D EX     10.19.250.0/29 
           [170/25603072] via 10.70.242.33, 2w5d, GigabitEthernet1/0/1
D EX     10.21.240.1/32 
           [170/5123072] via 10.70.242.33, 2w5d, GigabitEthernet1/0/1
D EX     10.21.250.0/29 
           [170/25603072] via 10.70.242.33, 2w5d, GigabitEthernet1/0/1
D EX     10.25.243.136/30 
           [170/25603072] via 10.70.242.33, 2w5d, GigabitEthernet1/0/1
D EX     10.25.252.0/28 
           [170/25603072] via 10.70.242.33, 2w5d, GigabitEthernet1/0/1
D EX     10.65.0.0/16 
           [170/25603072] via 10.70.242.33, 2w5d, GigabitEthernet1/0/1
D EX     10.65.243.136/30 
           [170/2563072] via 10.70.242.33, 2w5d, GigabitEthernet1/0/1
D EX     10.65.250.0/29 
           [170/25603072] via 10.70.242.33, 2w5d, GigabitEthernet1/0/1
D EX     10.65.252.0/28 
           [170/2563072] via 10.70.242.33, 2w5d, GigabitEthernet1/0/1
D EX     10.66.0.0/16 
           [170/25603072] via 10.70.242.33, 3d23h, GigabitEthernet1/0/1
D EX     10.66.0.0/17 
           [170/25603072] via 10.70.242.33, 2w5d, GigabitEthernet1/0/1
D EX     10.66.128.0/17 
           [170/25603072] via 10.70.242.33, 2w5d, GigabitEthernet1/0/1
D EX     10.66.240.1/32 
           [170/25603072] via 10.70.242.33, 2w5d, GigabitEthernet1/0/1
D EX     10.66.250.0/29 
           [170/25603072] via 10.70.242.33, 2w5d, GigabitEthernet1/0/1
D EX     10.67.0.0/16 
           [170/25603072] via 10.70.242.33, 2w5d, GigabitEthernet1/0/1
D EX     10.67.240.1/32 
           [170/25603072] via 10.70.242.33, 2w5d, GigabitEthernet1/0/1
D EX     10.67.250.0/29 
           [170/25603072] via 10.70.242.33, 2w5d, GigabitEthernet1/0/1
D EX     10.68.0.0/16 
           [170/25603072] via 10.70.242.33, 2w5d, GigabitEthernet1/0/1
D EX     10.68.240.1/32 
           [170/25603072] via 10.70.242.33, 2w5d, GigabitEthernet1/0/1
D EX     10.68.250.0/29 
           [170/25603072] via 10.70.242.33, 2w5d, GigabitEthernet1/0/1
D EX     10.69.0.0/16 
           [170/25603072] via 10.70.242.33, 2w5d, GigabitEthernet1/0/1
D EX     10.69.240.1/32 
           [170/25603072] via 10.70.242.33, 2w5d, GigabitEthernet1/0/1
D EX     10.69.250.0/29 
           [170/25603072] via 10.70.242.33, 2w5d, GigabitEthernet1/0/1
D EX     10.70.0.0/16 
           [170/25603072] via 10.70.242.33, 00:06:29, GigabitEthernet1/0/1
D EX     10.70.0.0/24 [170/3072] via 10.70.242.33, 2w5d, GigabitEthernet1/0/1
D EX     10.70.6.0/24 [170/3072] via 10.70.242.33, 2w5d, GigabitEthernet1/0/1
D EX     10.70.7.0/24 [170/3072] via 10.70.242.33, 2w5d, GigabitEthernet1/0/1
D EX     10.70.24.0/24 [170/3072] via 10.70.242.33, 2w5d, GigabitEthernet1/0/1
D        10.70.64.0/24 [90/3328] via 10.70.242.33, 2w5d, GigabitEthernet1/0/1
D        10.70.65.0/24 [90/3328] via 10.70.242.33, 2w5d, GigabitEthernet1/0/1
C        10.70.66.0/24 is directly connected, Vlan401
L        10.70.66.1/32 is directly connected, Vlan401
C        10.70.98.0/24 is directly connected, Vlan801
L        10.70.98.1/32 is directly connected, Vlan801
D        10.70.128.0/24 [90/3328] via 10.70.242.33, 2w5d, GigabitEthernet1/0/1
D        10.70.129.0/24 [90/3328] via 10.70.242.33, 2w5d, GigabitEthernet1/0/1
C        10.70.130.0/24 is directly connected, Vlan501
L        10.70.130.1/32 is directly connected, Vlan501
D EX     10.70.224.0/24 
           [170/3072] via 10.70.242.33, 2w5d, GigabitEthernet1/0/1
D        10.70.240.1/32 
           [90/131072] via 10.70.242.33, 2w5d, GigabitEthernet1/0/1
D EX     10.70.240.5/32 
           [170/130816] via 10.70.242.33, 2w5d, GigabitEthernet1/0/1
D        10.70.240.7/32 
           [90/156416] via 10.70.242.33, 2w5d, GigabitEthernet1/0/1
D        10.70.240.8/32 
           [90/131072] via 10.70.242.33, 2w5d, GigabitEthernet1/0/1
D        10.70.240.9/32 
           [90/131072] via 10.70.242.33, 2w5d, GigabitEthernet1/0/1
C        10.70.240.10/32 is directly connected, Loopback1
D EX     10.70.240.24/32 
           [170/130816] via 10.70.242.33, 2w5d, GigabitEthernet1/0/1
D        10.70.242.0/30 [90/3072] via 10.70.242.33, 2w5d, GigabitEthernet1/0/1
D        10.70.242.20/30 
           [90/28416] via 10.70.242.33, 2w5d, GigabitEthernet1/0/1
D        10.70.242.24/30 
           [90/3072] via 10.70.242.33, 2w5d, GigabitEthernet1/0/1
D        10.70.242.28/30 
           [90/3072] via 10.70.242.33, 2w5d, GigabitEthernet1/0/1
C        10.70.242.32/30 is directly connected, GigabitEthernet1/0/1
L        10.70.242.34/32 is directly connected, GigabitEthernet1/0/1
D        10.70.242.64/30 
           [90/3072] via 10.70.242.33, 2w5d, GigabitEthernet1/0/1
C        10.70.246.128/27 is directly connected, Vlan800
L        10.70.246.129/32 is directly connected, Vlan800
D        10.70.250.0/29 
           [90/259072] via 10.70.242.33, 2w5d, GigabitEthernet1/0/1
D EX     10.70.254.0/24 
           [170/3072] via 10.70.242.33, 2w5d, GigabitEthernet1/0/1
D EX     10.71.0.0/16 
           [170/25603072] via 10.70.242.33, 2w5d, GigabitEthernet1/0/1
D EX     10.71.240.1/32 
           [170/25603072] via 10.70.242.33, 2w5d, GigabitEthernet1/0/1
D EX     10.71.250.0/29 
           [170/25603072] via 10.70.242.33, 2w5d, GigabitEthernet1/0/1
D EX     10.72.0.0/16 
           [170/25603072] via 10.70.242.33, 00:45:29, GigabitEthernet1/0/1
D EX     10.72.0.0/17 
           [170/25603072] via 10.70.242.33, 2w5d, GigabitEthernet1/0/1
D EX     10.72.128.0/17 
           [170/25603072] via 10.70.242.33, 2w5d, GigabitEthernet1/0/1
D EX     10.72.240.1/32 
           [170/25603072] via 10.70.242.33, 2w5d, GigabitEthernet1/0/1
D EX     10.72.250.0/29 
           [170/25603072] via 10.70.242.33, 2w5d, GigabitEthernet1/0/1
D EX     10.73.0.0/16 
           [170/25603072] via 10.70.242.33, 2w5d, GigabitEthernet1/0/1
D EX     10.73.240.1/32 
           [170/25603072] via 10.70.242.33, 2w5d, GigabitEthernet1/0/1
D EX     10.73.250.0/29 
           [170/25603072] via 10.70.242.33, 2w5d, GigabitEthernet1/0/1
D EX     10.74.250.0/29 
           [170/25603072] via 10.70.242.33, 2w5d, GigabitEthernet1/0/1
D EX     10.75.0.0/16 
           [170/25603072] via 10.70.242.33, 2w5d, GigabitEthernet1/0/1
D EX     10.75.240.1/32 
           [170/25603072] via 10.70.242.33, 2w5d, GigabitEthernet1/0/1
D EX     10.75.250.0/29 
           [170/25603072] via 10.70.242.33, 2w5d, GigabitEthernet1/0/1
D EX     10.76.0.0/16 
           [170/25603072] via 10.70.242.33, 00:07:13, GigabitEthernet1/0/1
D EX     10.76.0.0/17 
           [170/25603072] via 10.70.242.33, 1w3d, GigabitEthernet1/0/1
D EX     10.76.128.0/17 
           [170/25603072] via 10.70.242.33, 1w3d, GigabitEthernet1/0/1
D EX     10.76.240.1/32 
           [170/25603072] via 10.70.242.33, 2w5d, GigabitEthernet1/0/1
D EX     10.76.250.0/29 
           [170/25603072] via 10.70.242.33, 2w5d, GigabitEthernet1/0/1
D EX     10.77.0.0/16 
           [170/25603072] via 10.70.242.33, 01:13:09, GigabitEthernet1/0/1
D EX     10.77.0.0/17 
           [170/25603072] via 10.70.242.33, 2w5d, GigabitEthernet1/0/1
D EX     10.77.128.0/17 
           [170/25603072] via 10.70.242.33, 2w5d, GigabitEthernet1/0/1
D EX     10.77.250.0/30 
           [170/25603072] via 10.70.242.33, 2w5d, GigabitEthernet1/0/1
D EX     10.78.0.0/16 
           [170/25603072] via 10.70.242.33, 2w5d, GigabitEthernet1/0/1
D EX     10.78.240.1/32 
           [170/25603072] via 10.70.242.33, 2w5d, GigabitEthernet1/0/1
D EX     10.78.250.0/29 
           [170/25603072] via 10.70.242.33, 2w5d, GigabitEthernet1/0/1
D EX     10.79.0.0/16 
           [170/25603072] via 10.70.242.33, 1w2d, GigabitEthernet1/0/1
D EX     10.79.240.1/32 
           [170/25603072] via 10.70.242.33, 2w1d, GigabitEthernet1/0/1
D EX     10.79.250.0/30 
           [170/25603072] via 10.70.242.33, 2w1d, GigabitEthernet1/0/1
D EX     10.80.0.0/16 
           [170/25603072] via 10.70.242.33, 00:16:04, GigabitEthernet1/0/1
D EX     10.80.0.0/17 
           [170/25603072] via 10.70.242.33, 2w5d, GigabitEthernet1/0/1
D EX     10.80.128.0/17 
           [170/25603072] via 10.70.242.33, 2w5d, GigabitEthernet1/0/1
D EX     10.80.240.1/32 
           [170/25603072] via 10.70.242.33, 2w5d, GigabitEthernet1/0/1
D EX     10.80.250.0/30 
           [170/25603072] via 10.70.242.33, 2w5d, GigabitEthernet1/0/1
D EX     10.81.0.0/16 
           [170/25603072] via 10.70.242.33, 00:45:54, GigabitEthernet1/0/1
D EX     10.81.0.0/17 
           [170/25603072] via 10.70.242.33, 2w5d, GigabitEthernet1/0/1
D EX     10.81.128.0/17 
           [170/25603072] via 10.70.242.33, 2w5d, GigabitEthernet1/0/1
D EX     10.81.240.1/32 
           [170/25603072] via 10.70.242.33, 2w5d, GigabitEthernet1/0/1
D EX     10.81.250.0/30 
           [170/25603072] via 10.70.242.33, 2w5d, GigabitEthernet1/0/1
D EX     10.84.0.0/16 
           [170/25603072] via 10.70.242.33, 1d14h, GigabitEthernet1/0/1
D EX     10.84.0.0/17 
           [170/25603072] via 10.70.242.33, 1d14h, GigabitEthernet1/0/1
D EX     10.84.128.0/17 
           [170/25603072] via 10.70.242.33, 1d14h, GigabitEthernet1/0/1
D EX     10.84.240.1/32 
           [170/25603072] via 10.70.242.33, 1d14h, GigabitEthernet1/0/1
D EX     10.84.250.0/30 
           [170/25603072] via 10.70.242.33, 2w5d, GigabitEthernet1/0/1
D EX     10.85.0.0/16 
           [170/25603072] via 10.70.242.33, 00:13:39, GigabitEthernet1/0/1
D EX     10.85.0.0/17 
           [170/25603072] via 10.70.242.33, 2w3d, GigabitEthernet1/0/1
D EX     10.85.128.0/17 
           [170/25603072] via 10.70.242.33, 2w3d, GigabitEthernet1/0/1
D EX     10.85.240.1/32 
           [170/25603072] via 10.70.242.33, 2w3d, GigabitEthernet1/0/1
D EX     10.85.250.0/30 
           [170/25603072] via 10.70.242.33, 2w3d, GigabitEthernet1/0/1
D EX     10.86.0.0/16 
           [170/25603072] via 10.70.242.33, 2w5d, GigabitEthernet1/0/1
D EX     10.86.64.16/30 
           [170/25603072] via 10.70.242.33, 2w5d, GigabitEthernet1/0/1
D EX     10.86.64.20/30 
           [170/25603072] via 10.70.242.33, 2w5d, GigabitEthernet1/0/1
D EX     10.86.65.16/30 
           [170/25603072] via 10.70.242.33, 2w5d, GigabitEthernet1/0/1
D EX     10.86.65.20/30 
           [170/25603072] via 10.70.242.33, 2w5d, GigabitEthernet1/0/1
D EX     10.86.240.1/32 
           [170/25603072] via 10.70.242.33, 2w5d, GigabitEthernet1/0/1
D EX     10.87.0.0/16 
           [170/25603072] via 10.70.242.33, 00:19:34, GigabitEthernet1/0/1
D EX     10.87.0.0/17 
           [170/25603072] via 10.70.242.33, 2w5d, GigabitEthernet1/0/1
D EX     10.87.128.0/17 
           [170/25603072] via 10.70.242.33, 2w5d, GigabitEthernet1/0/1
D EX     10.87.240.1/32 
           [170/25603072] via 10.70.242.33, 2w5d, GigabitEthernet1/0/1
D EX     10.87.250.0/30 
           [170/25603072] via 10.70.242.33, 2w5d, GigabitEthernet1/0/1
D EX     10.88.0.0/16 
           [170/25603072] via 10.70.242.33, 21:13:16, GigabitEthernet1/0/1
D EX     10.88.0.0/17 
           [170/25603072] via 10.70.242.33, 2w5d, GigabitEthernet1/0/1
D EX     10.88.128.0/17 
           [170/25603072] via 10.70.242.33, 2w5d, GigabitEthernet1/0/1
D EX     10.88.240.1/32 
           [170/25603072] via 10.70.242.33, 2w5d, GigabitEthernet1/0/1
D EX     10.88.250.0/30 
           [170/25603072] via 10.70.242.33, 2w5d, GigabitEthernet1/0/1
D EX     10.89.0.0/16 
           [170/25603072] via 10.70.242.33, 00:16:39, GigabitEthernet1/0/1
D EX     10.89.0.0/17 
           [170/25603072] via 10.70.242.33, 2w5d, GigabitEthernet1/0/1
D EX     10.89.128.0/17 
           [170/25603072] via 10.70.242.33, 2w5d, GigabitEthernet1/0/1
D EX     10.89.240.1/32 
           [170/25603072] via 10.70.242.33, 2w5d, GigabitEthernet1/0/1
D EX     10.89.250.0/30 
           [170/25603072] via 10.70.242.33, 2w5d, GigabitEthernet1/0/1
D EX     10.90.0.0/16 
           [170/25603072] via 10.70.242.33, 00:15:19, GigabitEthernet1/0/1
D EX     10.90.0.0/17 
           [170/25603072] via 10.70.242.33, 2w3d, GigabitEthernet1/0/1
D EX     10.90.128.0/17 
           [170/25603072] via 10.70.242.33, 2w3d, GigabitEthernet1/0/1
D EX     10.90.240.1/32 
           [170/25603072] via 10.70.242.33, 2w3d, GigabitEthernet1/0/1
D EX     10.90.250.0/30 
           [170/25603072] via 10.70.242.33, 2w3d, GigabitEthernet1/0/1
D EX     10.91.0.0/16 
           [170/25603072] via 10.70.242.33, 2w3d, GigabitEthernet1/0/1
D EX     10.91.240.1/32 
           [170/25603072] via 10.70.242.33, 2w3d, GigabitEthernet1/0/1
D EX     10.91.250.0/30 
           [170/25603072] via 10.70.242.33, 2w3d, GigabitEthernet1/0/1
D EX     10.92.0.0/17 
           [170/25603072] via 10.70.242.33, 1w3d, GigabitEthernet1/0/1
D EX     10.92.128.0/17 
           [170/25603072] via 10.70.242.33, 2w5d, GigabitEthernet1/0/1
D EX     10.92.240.1/32 
           [170/25603072] via 10.70.242.33, 2w5d, GigabitEthernet1/0/1
D EX     10.92.250.0/30 
           [170/25603072] via 10.70.242.33, 2w5d, GigabitEthernet1/0/1
D EX     10.93.0.0/17 
           [170/25603072] via 10.70.242.33, 2w5d, GigabitEthernet1/0/1
D EX     10.93.128.0/17 
           [170/25603072] via 10.70.242.33, 2w5d, GigabitEthernet1/0/1
D EX     10.93.240.1/32 
           [170/25603072] via 10.70.242.33, 2w5d, GigabitEthernet1/0/1
D EX     10.93.250.0/30 
           [170/25603072] via 10.70.242.33, 2w5d, GigabitEthernet1/0/1
D EX     10.97.0.0/16 
           [170/25603072] via 10.70.242.33, 2w4d, GigabitEthernet1/0/1
D EX     10.97.250.0/29 
           [170/25603072] via 10.70.242.33, 2w4d, GigabitEthernet1/0/1
D EX     10.98.0.0/16 
           [170/25603072] via 10.70.242.33, 00:45:14, GigabitEthernet1/0/1
D EX     10.98.0.0/17 
           [170/25603072] via 10.70.242.33, 2w5d, GigabitEthernet1/0/1
D EX     10.98.128.0/17 
           [170/25603072] via 10.70.242.33, 2w5d, GigabitEthernet1/0/1
D EX     10.98.250.0/29 
           [170/25603072] via 10.70.242.33, 2w5d, GigabitEthernet1/0/1
D EX     10.107.250.0/29 
           [170/25603072] via 10.70.242.33, 2w5d, GigabitEthernet1/0/1
D EX     10.110.0.0/16 
           [170/25603072] via 10.70.242.33, 2w5d, GigabitEthernet1/0/1
D EX     10.110.240.1/32 
           [170/25603072] via 10.70.242.33, 2w5d, GigabitEthernet1/0/1
D EX     10.110.250.0/29 
           [170/25603072] via 10.70.242.33, 2w5d, GigabitEthernet1/0/1
D EX     10.248.250.0/25 
           [170/25603072] via 10.70.242.33, 2w5d, GigabitEthernet1/0/1
D        10.248.250.15/32 
           [90/563712] via 10.70.242.33, 00:06:16, GigabitEthernet1/0/1
D EX     10.248.250.128/25 
           [170/25603072] via 10.70.242.33, 2w5d, GigabitEthernet1/0/1
D EX     10.252.252.0/24 
           [170/25603072] via 10.70.242.33, 2w5d, GigabitEthernet1/0/1
      30.0.0.0/29 is subnetted, 1 subnets
D EX     30.20.57.120 
           [170/25603072] via 10.70.242.33, 2w5d, GigabitEthernet1/0/1
      144.140.0.0/16 is variably subnetted, 14 subnets, 3 masks
D EX     144.140.162.40/29 
           [170/25603072] via 10.70.242.33, 2w5d, GigabitEthernet1/0/1
D EX     144.140.162.48/28 
           [170/25603072] via 10.70.242.33, 2w5d, GigabitEthernet1/0/1
D EX     144.140.162.80/28 
           [170/25603072] via 10.70.242.33, 2w5d, GigabitEthernet1/0/1
D EX     144.140.181.80/28 
           [170/25603072] via 10.70.242.33, 2w5d, GigabitEthernet1/0/1
D EX     144.140.201.1/32 
           [170/25603072] via 10.70.242.33, 2w3d, GigabitEthernet1/0/1
D EX     144.140.201.2/32 
           [170/25603072] via 10.70.242.33, 2w3d, GigabitEthernet1/0/1
D EX     144.140.201.3/32 
           [170/25603072] via 10.70.242.33, 2w3d, GigabitEthernet1/0/1
D EX     144.140.201.16/28 
           [170/25603072] via 10.70.242.33, 2w3d, GigabitEthernet1/0/1
D EX     144.140.208.16/29 
           [170/25603072] via 10.70.242.33, 2w5d, GigabitEthernet1/0/1
D EX     144.140.208.32/28 
           [170/25603072] via 10.70.242.33, 2w5d, GigabitEthernet1/0/1
D EX     144.140.208.80/28 
           [170/25603072] via 10.70.242.33, 2w5d, GigabitEthernet1/0/1
D EX     144.140.218.96/28 
           [170/25603072] via 10.70.242.33, 2w5d, GigabitEthernet1/0/1
D EX     144.140.222.32/28 
           [170/25603072] via 10.70.242.33, 2w5d, GigabitEthernet1/0/1
D EX     144.140.224.32/28 
           [170/25603072] via 10.70.242.33, 2w5d, GigabitEthernet1/0/1
      146.195.0.0/16 is variably subnetted, 6 subnets, 4 masks
D EX     146.195.21.0/29 
           [170/25603072] via 10.70.242.33, 2w5d, GigabitEthernet1/0/1
D EX     146.195.30.0/24 
           [170/25603072] via 10.70.242.33, 2w5d, GigabitEthernet1/0/1
D EX     146.195.31.0/24 
           [170/25603072] via 10.70.242.33, 2w5d, GigabitEthernet1/0/1
D EX     146.195.39.0/24 
           [170/25603072] via 10.70.242.33, 2w5d, GigabitEthernet1/0/1
D EX     146.195.180.0/22 
           [170/25603072] via 10.70.242.33, 2w5d, GigabitEthernet1/0/1
D EX     146.195.255.20/32 
           [170/2563072] via 10.70.242.33, 2w5d, GigabitEthernet1/0/1
      172.16.0.0/24 is subnetted, 1 subnets
D EX     172.16.65.0 
           [170/25603072] via 10.70.242.33, 2w5d, GigabitEthernet1/0/1
      172.17.0.0/24 is subnetted, 1 subnets
D EX     172.17.65.0 
           [170/25603072] via 10.70.242.33, 2w5d, GigabitEthernet1/0/1
      172.24.0.0/16 is variably subnetted, 6 subnets, 3 masks
D EX     172.24.96.0/21 
           [170/25603072] via 10.70.242.33, 2w5d, GigabitEthernet1/0/1
D EX     172.24.108.0/24 
           [170/25603072] via 10.70.242.33, 2w5d, GigabitEthernet1/0/1
D EX     172.24.109.0/24 
           [170/25603072] via 10.70.242.33, 2w5d, GigabitEthernet1/0/1
D EX     172.24.112.0/22 
           [170/25603072] via 10.70.242.33, 2w5d, GigabitEthernet1/0/1
D EX     172.24.120.0/24 
           [170/25603072] via 10.70.242.33, 2w5d, GigabitEthernet1/0/1
D EX     172.24.192.0/24 
           [170/25603072] via 10.70.242.33, 2w5d, GigabitEthernet1/0/1
      172.25.0.0/16 is variably subnetted, 2 subnets, 2 masks
D EX     172.25.104.0/24 
           [170/25603072] via 10.70.242.33, 2w5d, GigabitEthernet1/0/1
D EX     172.25.105.0/26 
           [170/25603072] via 10.70.242.33, 2w5d, GigabitEthernet1/0/1
      172.27.0.0/26 is subnetted, 1 subnets
D EX     172.27.0.0 
           [170/25603072] via 10.70.242.33, 2w5d, GigabitEthernet1/0/1
      172.28.0.0/26 is subnetted, 1 subnets
D EX     172.28.8.64 
           [170/25603072] via 10.70.242.33, 2w5d, GigabitEthernet1/0/1
      172.29.0.0/24 is subnetted, 1 subnets
D EX     172.29.1.0 
           [170/25603072] via 10.70.242.33, 2w5d, GigabitEthernet1/0/1
      203.41.188.0/28 is subnetted, 1 subnets
D EX     203.41.188.96 
           [170/25603072] via 10.70.242.33, 2w5d, GigabitEthernet1/0/1
      203.42.70.0/28 is subnetted, 1 subnets
D EX     203.42.70.224 
           [170/25603072] via 10.70.242.33, 2w5d, GigabitEthernet1/0/1
      203.52.0.0/24 is variably subnetted, 2 subnets, 2 masks
D EX     203.52.0.0/24 
           [170/25603072] via 10.70.242.33, 2w5d, GigabitEthernet1/0/1
D EX     203.52.0.192/27 
           [170/25603072] via 10.70.242.33, 2w5d, GigabitEthernet1/0/1
      203.52.1.0/24 is variably subnetted, 2 subnets, 2 masks
D EX     203.52.1.0/24 
           [170/25603072] via 10.70.242.33, 2w5d, GigabitEthernet1/0/1
D EX     203.52.1.192/27 
           [170/25603072] via 10.70.242.33, 2w5d, GigabitEthernet1/0/1
      203.52.2.0/28 is subnetted, 1 subnets
D EX     203.52.2.160 
           [170/25603072] via 10.70.242.33, 2w5d, GigabitEthernet1/0/1
nthm-03-sw1#Show inv
NAME: "1", DESCR: "WS-C3750V2-48PS"
PID: WS-C3750V2-48PS-S , VID: V08  , SN: FDO1615Y25G

NAME: "GigabitEthernet1/0/1", DESCR: "1000BaseSX SFP"
PID: Unspecified       , VID:      , SN: FNS111115YE     


nthm-03-sw1#
nthm-03-sw1#exit
