=~=~=~=~=~=~=~=~=~=~=~= PuTTY log 2017.12.22 11:07:57 =~=~=~=~=~=~=~=~=~=~=~=
login as: n039941
C
 ********************************************************************
 * [WARNING]                                                        *
 *                                                                  *
 * This system belongs to a private organisation. If you are not    *
 * authorised to access this system, exit immediately.              *
 * Unauthorised access to this system is forbidden by company       *
 * policies, national, and international laws.                      *
 * Unauthorised users are subject to criminal and civil penalties   *
 * as well as company initiated disciplinary proceedings.           *
 * By entry into this system you acknowledge that you are           *
 * authorised access and the level of privilege you subsequently    *
 * execute on this system. You further acknowledge that by entry    *
 * into this system you expect no privacy from monitoring.          *
 *                                                                  *
 *        ALL ACCESS TO THIS SYSTEM IS MONITORED AND LOGGED         *
 *                                                                  *
 ********************************************************************
C
 ********************************************************************
 *             Please enter your username and password.             *
 ********************************************************************
Using keyboard-interactive authentication.
Password: 
C
 ********************************************************************
 * You are now logged into: WP                                      *
 * All activity is being logged for review by System Administrators *
 ********************************************************************

NTHM-02-SW1>en
Password: 
NTHM-02-SW1#term len 0
NTHM-02-SW1#Show cdp nei
Capability Codes: R - Router, T - Trans Bridge, B - Source Route Bridge
                  S - Switch, H - Host, I - IGMP, r - Repeater, P - Phone, 
                  D - Remote, C - CVTA, M - Two-port Mac Relay 

Device ID        Local Intrfce     Holdtme    Capability  Platform  Port ID
SEP002545956F82  Gig 1/0/9         166             H P M  IP Phone  Port 1
nthm-01-sw1.ads.westernpower.com.au
                 Gig 1/1/1         121             R S I  WS-C3750G Gig 1/0/25
SEP00254595ACE6  Gig 1/0/15        132             H P M  IP Phone  Port 1

Total cdp entries displayed : 3
NTHM-02-SW1#Show int status

Port      Name               Status       Vlan       Duplex  Speed Type 
Gi1/0/1                      notconnect   401          auto   auto 10/100/1000BaseTX
Gi1/0/2                      notconnect   401          auto   auto 10/100/1000BaseTX
Gi1/0/3                      notconnect   401          auto   auto 10/100/1000BaseTX
Gi1/0/4                      notconnect   401          auto   auto 10/100/1000BaseTX
Gi1/0/5                      connected    401        a-full   a-10 10/100/1000BaseTX
Gi1/0/6                      notconnect   401          auto   auto 10/100/1000BaseTX
Gi1/0/7                      connected    401        a-half   a-10 10/100/1000BaseTX
Gi1/0/8                      connected    401        a-full a-1000 10/100/1000BaseTX
Gi1/0/9                      connected    401        a-full  a-100 10/100/1000BaseTX
Gi1/0/10                     notconnect   401          auto   auto 10/100/1000BaseTX
Gi1/0/11                     notconnect   401          auto   auto 10/100/1000BaseTX
Gi1/0/12                     notconnect   401          auto   auto 10/100/1000BaseTX
Gi1/0/13                     notconnect   401          auto   auto 10/100/1000BaseTX
Gi1/0/14                     err-disabled 401          auto   auto 10/100/1000BaseTX
Gi1/0/15                     connected    401        a-full  a-100 10/100/1000BaseTX
Gi1/0/16                     notconnect   401          auto   auto 10/100/1000BaseTX
Gi1/0/17                     notconnect   401          auto   auto 10/100/1000BaseTX
Gi1/0/18                     err-disabled 401          auto   auto 10/100/1000BaseTX
Gi1/0/19                     notconnect   401          auto   auto 10/100/1000BaseTX
Gi1/0/20                     err-disabled 401          auto   auto 10/100/1000BaseTX
Gi1/0/21                     notconnect   401          auto   auto 10/100/1000BaseTX
Gi1/0/22                     notconnect   401          auto   auto 10/100/1000BaseTX
Gi1/0/23                     notconnect   401          auto   auto 10/100/1000BaseTX
Gi1/0/24  trainingap AP1252  notconnect   1            auto   auto 10/100/1000BaseTX
Gi1/1/1   nthm-01-sw1 gi1/0/ connected    routed       full   1000 1000BaseSX SFP
Gi1/1/2                      notconnect   1            auto   auto unknown
Gi1/1/3                      notconnect   1            auto   auto unknown
Gi1/1/4                      notconnect   1            auto   auto unknown
NTHM-02-SW1#Show ip arp
Protocol  Address          Age (min)  Hardware Addr   Type   Interface
Internet  10.70.65.1              -   f40f.1b97.25ef  ARPA   Vlan401
Internet  10.70.65.4              5   0800.37b1.767a  ARPA   Vlan401
Internet  10.70.65.5              0   4437.e69a.e75d  ARPA   Vlan401
Internet  10.70.65.6              0   fc4d.d43d.9ecf  ARPA   Vlan401
Internet  10.70.65.8             18   0000.aace.a521  ARPA   Vlan401
Internet  10.70.97.1              -   f40f.1b97.25fe  ARPA   Vlan801
Internet  10.70.129.1             -   f40f.1b97.25f6  ARPA   Vlan501
Internet  10.70.129.30           24   0025.4595.ace6  ARPA   Vlan501
Internet  10.70.129.32           37   0025.4595.6f82  ARPA   Vlan501
Internet  10.70.242.29          208   fcfb.fba2.0045  ARPA   GigabitEthernet1/1/1
Internet  10.70.242.30            -   f40f.1b97.25c6  ARPA   GigabitEthernet1/1/1
Internet  10.70.246.97            -   f40f.1b97.25d2  ARPA   Vlan800
NTHM-02-SW1#Show mac add
          Mac Address Table
-------------------------------------------

Vlan    Mac Address       Type        Ports
----    -----------       --------    -----
 All    0100.0ccc.cccc    STATIC      CPU
 All    0100.0ccc.cccd    STATIC      CPU
 All    0100.0ccc.ccce    STATIC      CPU
 All    0180.c200.0000    STATIC      CPU
 All    0180.c200.0001    STATIC      CPU
 All    0180.c200.0002    STATIC      CPU
 All    0180.c200.0003    STATIC      CPU
 All    0180.c200.0004    STATIC      CPU
 All    0180.c200.0005    STATIC      CPU
 All    0180.c200.0006    STATIC      CPU
 All    0180.c200.0007    STATIC      CPU
 All    0180.c200.0008    STATIC      CPU
 All    0180.c200.0009    STATIC      CPU
 All    0180.c200.000a    STATIC      CPU
 All    0180.c200.000b    STATIC      CPU
 All    0180.c200.000c    STATIC      CPU
 All    0180.c200.000d    STATIC      CPU
 All    0180.c200.000e    STATIC      CPU
 All    0180.c200.000f    STATIC      CPU
 All    0180.c200.0010    STATIC      CPU
 All    ffff.ffff.ffff    STATIC      CPU
 401    0000.aace.a521    DYNAMIC     Gi1/0/8
 401    0025.4595.6f82    DYNAMIC     Gi1/0/9
 401    0025.4595.ace6    DYNAMIC     Gi1/0/15
 401    0800.37b1.767a    DYNAMIC     Gi1/0/7
 401    4437.e69a.e75d    DYNAMIC     Gi1/0/15
 401    f40f.1b97.25ef    STATIC      Vl401 
 401    fc4d.d43d.9ecf    DYNAMIC     Gi1/0/9
 501    0025.4595.6f82    DYNAMIC     Gi1/0/9
 501    0025.4595.ace6    DYNAMIC     Gi1/0/15
 501    f40f.1b97.25f6    STATIC      Vl501 
 800    f40f.1b97.25d2    STATIC      Vl800 
 801    f40f.1b97.25fe    STATIC      Vl801 
Total Mac Addresses for this criterion: 33
NTHM-02-SW1#Show int | inc (rops|otoc)
Vlan1 is administratively down, line protocol is down 
  Input queue: 0/75/0/0 (size/max/drops/flushes); Total output drops: 0
     0 unknown protocol drops
Vlan401 is up, line protocol is up 
  Input queue: 0/75/0/0 (size/max/drops/flushes); Total output drops: 0
     949444 unknown protocol drops
Vlan501 is up, line protocol is up 
  Input queue: 0/75/0/0 (size/max/drops/flushes); Total output drops: 0
     0 unknown protocol drops
Vlan800 is up, line protocol is down 
  Input queue: 0/75/0/0 (size/max/drops/flushes); Total output drops: 0
     0 unknown protocol drops
Vlan801 is up, line protocol is down 
  Input queue: 0/75/0/0 (size/max/drops/flushes); Total output drops: 0
     0 unknown protocol drops
GigabitEthernet0/0 is down, line protocol is down 
  Input queue: 0/75/0/0 (size/max/drops/flushes); Total output drops: 0
     0 unknown protocol drops
GigabitEthernet1/0/1 is down, line protocol is down (notconnect) 
  Input queue: 0/2000/0/0 (size/max/drops/flushes); Total output drops: 0
     0 unknown protocol drops
GigabitEthernet1/0/2 is down, line protocol is down (notconnect) 
  Input queue: 0/2000/0/0 (size/max/drops/flushes); Total output drops: 0
     0 unknown protocol drops
GigabitEthernet1/0/3 is down, line protocol is down (notconnect) 
  Input queue: 0/2000/0/0 (size/max/drops/flushes); Total output drops: 0
     0 unknown protocol drops
GigabitEthernet1/0/4 is down, line protocol is down (notconnect) 
  Input queue: 0/2000/0/0 (size/max/drops/flushes); Total output drops: 0
     0 unknown protocol drops
GigabitEthernet1/0/5 is up, line protocol is up (connected) 
  Input queue: 0/2000/0/0 (size/max/drops/flushes); Total output drops: 0
     0 unknown protocol drops
GigabitEthernet1/0/6 is down, line protocol is down (notconnect) 
  Input queue: 0/2000/0/0 (size/max/drops/flushes); Total output drops: 0
     0 unknown protocol drops
GigabitEthernet1/0/7 is up, line protocol is up (connected) 
  Input queue: 0/2000/0/0 (size/max/drops/flushes); Total output drops: 0
     0 unknown protocol drops
GigabitEthernet1/0/8 is up, line protocol is up (connected) 
  Input queue: 0/2000/0/0 (size/max/drops/flushes); Total output drops: 0
     0 unknown protocol drops
GigabitEthernet1/0/9 is up, line protocol is up (connected) 
  Input queue: 0/2000/0/0 (size/max/drops/flushes); Total output drops: 795970441
     0 unknown protocol drops
GigabitEthernet1/0/10 is down, line protocol is down (notconnect) 
  Input queue: 0/2000/0/0 (size/max/drops/flushes); Total output drops: 0
     0 unknown protocol drops
GigabitEthernet1/0/11 is down, line protocol is down (notconnect) 
  Input queue: 0/2000/0/0 (size/max/drops/flushes); Total output drops: 0
     0 unknown protocol drops
GigabitEthernet1/0/12 is down, line protocol is down (notconnect) 
  Input queue: 0/2000/0/0 (size/max/drops/flushes); Total output drops: 0
     0 unknown protocol drops
GigabitEthernet1/0/13 is down, line protocol is down (notconnect) 
  Input queue: 0/2000/0/0 (size/max/drops/flushes); Total output drops: 0
     0 unknown protocol drops
GigabitEthernet1/0/14 is down, line protocol is down (err-disabled) 
  Input queue: 0/2000/0/0 (size/max/drops/flushes); Total output drops: 0
     0 unknown protocol drops
GigabitEthernet1/0/15 is up, line protocol is up (connected) 
  Input queue: 0/2000/0/0 (size/max/drops/flushes); Total output drops: 499186315
     0 unknown protocol drops
GigabitEthernet1/0/16 is down, line protocol is down (notconnect) 
  Input queue: 0/2000/0/0 (size/max/drops/flushes); Total output drops: 0
     0 unknown protocol drops
GigabitEthernet1/0/17 is down, line protocol is down (notconnect) 
  Input queue: 0/2000/0/0 (size/max/drops/flushes); Total output drops: 0
     0 unknown protocol drops
GigabitEthernet1/0/18 is down, line protocol is down (err-disabled) 
  Input queue: 0/2000/0/0 (size/max/drops/flushes); Total output drops: 0
     0 unknown protocol drops
GigabitEthernet1/0/19 is down, line protocol is down (notconnect) 
  Input queue: 0/2000/0/0 (size/max/drops/flushes); Total output drops: 0
     0 unknown protocol drops
GigabitEthernet1/0/20 is down, line protocol is down (err-disabled) 
  Input queue: 0/2000/0/0 (size/max/drops/flushes); Total output drops: 0
     0 unknown protocol drops
GigabitEthernet1/0/21 is down, line protocol is down (notconnect) 
  Input queue: 0/2000/0/0 (size/max/drops/flushes); Total output drops: 0
     0 unknown protocol drops
GigabitEthernet1/0/22 is down, line protocol is down (notconnect) 
  Input queue: 0/2000/0/0 (size/max/drops/flushes); Total output drops: 0
     0 unknown protocol drops
GigabitEthernet1/0/23 is down, line protocol is down (notconnect) 
  Input queue: 0/2000/0/0 (size/max/drops/flushes); Total output drops: 0
     0 unknown protocol drops
GigabitEthernet1/0/24 is down, line protocol is down (notconnect) 
  Input queue: 0/2000/0/0 (size/max/drops/flushes); Total output drops: 0
     0 unknown protocol drops
GigabitEthernet1/1/1 is up, line protocol is up (connected) 
  Input queue: 0/75/0/0 (size/max/drops/flushes); Total output drops: 0
     0 unknown protocol drops
GigabitEthernet1/1/2 is down, line protocol is down (notconnect) 
  Input queue: 0/2000/0/0 (size/max/drops/flushes); Total output drops: 0
     0 unknown protocol drops
GigabitEthernet1/1/3 is down, line protocol is down (notconnect) 
  Input queue: 0/2000/0/0 (size/max/drops/flushes); Total output drops: 0
     0 unknown protocol drops
GigabitEthernet1/1/4 is down, line protocol is down (notconnect) 
  Input queue: 0/2000/0/0 (size/max/drops/flushes); Total output drops: 0
     0 unknown protocol drops
Loopback1 is up, line protocol is up 
  Input queue: 0/75/0/0 (size/max/drops/flushes); Total output drops: 0
     0 unknown protocol drops
Tunnel0 is up, line protocol is up 
  Tunnel protocol/transport PIM/IPv4
  Input queue: 0/75/0/0 (size/max/drops/flushes); Total output drops: 0
     0 unknown protocol drops
NTHM-02-SW1#Show run
Building configuration...

Current configuration : 20456 bytes
!
! Last configuration change at 17:10:30 WST Thu Dec 14 2017 by n040303
! NVRAM config last updated at 17:10:32 WST Thu Dec 14 2017 by n040303
!
version 15.2
no service pad
service tcp-keepalives-in
service tcp-keepalives-out
service timestamps debug datetime msec localtime show-timezone
service timestamps log datetime msec localtime show-timezone
service password-encryption
service compress-config
!
hostname NTHM-02-SW1
!
boot-start-marker
boot-end-marker
!
!
vrf definition Mgmt-vrf
 !
 address-family ipv4
 exit-address-family
 !
 address-family ipv6
 exit-address-family
!
logging buffered 64000
enable secret 5 $1$CkyU$a.gE.xMWU3B6N3Trk7xoZ0
!
username westernpower privilege 15 secret 5 $1$yVkT$BGdUXaiJ1VHbcCFs5uE6E/
username anthonylam privilege 15 secret 5 $1$r6e7$dziOmUYfvfKynH3iHdD3E0
username maraida privilege 15 secret 5 $1$OX3H$BoEeBROI3NqDvq0D/RXvj1
aaa new-model
!
!
aaa authentication banner ^CC
 ********************************************************************
 *             Please enter your username and password.             *
 ********************************************************************
^C
aaa authentication fail-message ^CC
 ********************************************************************
 *      The supplied Username and/or Password is not valid.         *
 *  This failed login attempt has been recorded for audit purposes. *
 ********************************************************************
^C
aaa authentication login default group radius enable
aaa authentication login console enable
aaa authorization exec default if-authenticated 
aaa accounting send stop-record authentication failure
aaa accounting exec default start-stop group radius
!
!
!
!
!
!
aaa session-id common
clock timezone WST 8 0
switch 1 provision ws-c3650-24ps
!
!
!
!
!
ip routing
!
ip multicast-routing 
no ip domain-lookup
ip domain-name ads.westernpower.com.au
ip dhcp snooping vlan 1,401,501
no ip dhcp snooping information option
ip dhcp snooping
!
!
login on-failure log
login on-success log
qos queue-softmax-multiplier 100
vtp domain NTHM
vtp mode transparent
udld enable

!
table-map policed-dscp
 map from  0 to 8
 map from  10 to 8
 map from  18 to 8
 map from  24 to 8
 map from  46 to 8
 default copy
table-map AutoQos-4.0-Trust-Dscp-Table
 default copy
!
!
crypto pki trustpoint TP-self-signed-974981499
 enrollment selfsigned
 subject-name cn=IOS-Self-Signed-Certificate-974981499
 revocation-check none
 rsakeypair TP-self-signed-974981499
!
!
crypto pki certificate chain TP-self-signed-974981499
 certificate self-signed 01
  3082023C 308201A5 A0030201 02020101 300D0609 2A864886 F70D0101 04050030 
  30312E30 2C060355 04031325 494F532D 53656C66 2D536967 6E65642D 43657274 
  69666963 6174652D 39373439 38313439 39301E17 0D313431 30303730 32313833 
  385A170D 32303031 30313030 30303030 5A303031 2E302C06 03550403 1325494F 
  532D5365 6C662D53 69676E65 642D4365 72746966 69636174 652D3937 34393831 
  34393930 819F300D 06092A86 4886F70D 01010105 0003818D 00308189 02818100 
  AE6D529E 5BEED46F 7154D7D4 5EBDF1A1 77620317 1E12BCC3 5CC746DB F076038A 
  4CE2D826 941C43D7 CFB19947 D922D31A 6A69CEF1 E9A3F78D 95DE683A B6491724 
  6E7ECBAE 9BAC53B5 9C54E18E DDD527A3 EE1427AC 25607B37 AA91E048 B6EAA232 
  BEB31A6E C2CD6AE1 247EF2E6 C300EC5B 3A098D09 9089735F 41EAE1EE 35706DE7 
  02030100 01A36630 64300F06 03551D13 0101FF04 05300301 01FF3011 0603551D 
  11040A30 08820653 77697463 68301F06 03551D23 04183016 80144F64 FA943015 
  345837B9 D35FBD68 027C8904 09C6301D 0603551D 0E041604 144F64FA 94301534 
  5837B9D3 5FBD6802 7C890409 C6300D06 092A8648 86F70D01 01040500 03818100 
  58229591 03E1632E B98A117F 3DCF08C2 586B186B 845B2FCD 225A58D6 995FE377 
  53B38912 A38C1D23 9ABEEB71 7738C86E E2EFFC28 041C1701 EFFD378D B668EE01 
  EFED7170 92F0F1FC F53DF133 73690CF6 2E51BC60 61E15292 643B1488 BB56096F 
  E54E2D5E 798A0D8A 5328F310 EEDB941F 588E12CC CF2EA0B3 16610FB5 F80133B7
  	quit
errdisable recovery cause udld
errdisable recovery interval 60
diagnostic bootup level minimal
!
spanning-tree mode rapid-pvst
spanning-tree portfast bpduguard default
spanning-tree extend system-id
hw-switch switch 1 logging onboard message level 3
!
redundancy
 mode sso
!
!
vlan 401
 name USER_DATA_VLAN
!
vlan 501
 name USER_VOICE_VLAN
!
vlan 800
 name WLAN_AP_Management
!
vlan 801
 name WLAN_Corp_Clients
!
!
class-map match-any AutoQos-4.0-Output-Multimedia-Conf-Queue
 match dscp af41  af42  af43 
 match cos  4 
class-map match-any AutoQos-4.0-Output-Bulk-Data-Queue
 match dscp af11  af12  af13 
 match cos  1 
class-map match-any AutoQos-4.0-Output-Priority-Queue
 match dscp cs4  cs5  ef 
 match cos  5 
class-map match-any AutoQos-4.0-Output-Multimedia-Strm-Queue
 match dscp af31  af32  af33 
class-map match-any AutoQos-4.0-Voip-Data-CiscoPhone-Class
 match cos  5 
class-map match-any AutoQos-4.0-Voip-Signal-CiscoPhone-Class
 match cos  3 
class-map match-any non-client-nrt-class
class-map match-any AutoQos-4.0-Default-Class
 match access-group name AutoQos-4.0-Acl-Default
class-map match-any AutoQos-4.0-Output-Trans-Data-Queue
 match dscp af21  af22  af23 
 match cos  2 
class-map match-any AutoQos-4.0-Output-Scavenger-Queue
 match dscp cs1 
class-map match-any AutoQos-4.0-Output-Control-Mgmt-Queue
 match dscp cs2  cs3  cs6  cs7 
 match cos  3 
!
policy-map port_child_policy
 class non-client-nrt-class
  bandwidth remaining ratio 10
policy-map AutoQos-4.0-Output-Policy
 class AutoQos-4.0-Output-Priority-Queue
  priority level 1 percent 30
 class AutoQos-4.0-Output-Control-Mgmt-Queue
  bandwidth remaining percent 10 
  queue-limit dscp cs2 percent 80
  queue-limit dscp cs3 percent 90
  queue-limit dscp cs6 percent 100
  queue-limit dscp cs7 percent 100
  queue-buffers ratio 10
 class AutoQos-4.0-Output-Multimedia-Conf-Queue
  bandwidth remaining percent 10 
  queue-buffers ratio 10
 class AutoQos-4.0-Output-Trans-Data-Queue
  bandwidth remaining percent 10 
  queue-buffers ratio 10
 class AutoQos-4.0-Output-Bulk-Data-Queue
  bandwidth remaining percent 4 
  queue-buffers ratio 10
 class AutoQos-4.0-Output-Scavenger-Queue
  bandwidth remaining percent 1 
  queue-buffers ratio 10
 class AutoQos-4.0-Output-Multimedia-Strm-Queue
  bandwidth remaining percent 10 
  queue-buffers ratio 10
 class class-default
  bandwidth remaining percent 25 
  queue-buffers ratio 25
policy-map AutoQos-4.0-Trust-Dscp-Input-Policy
 class class-default
  set dscp dscp table AutoQos-4.0-Trust-Dscp-Table
policy-map AutoQos-4.0-CiscoPhone-Input-Policy
 class AutoQos-4.0-Voip-Data-CiscoPhone-Class
  set dscp ef
  police cir 128000 bc 8000
   conform-action transmit 
   exceed-action set-dscp-transmit dscp table policed-dscp
 class AutoQos-4.0-Voip-Signal-CiscoPhone-Class
  set dscp cs3
  police cir 32000 bc 8000
   conform-action transmit 
   exceed-action set-dscp-transmit dscp table policed-dscp
 class AutoQos-4.0-Default-Class
  set dscp default
!
! 
!
!
!
!
!
!
!
!
!
!
!
!
interface Loopback1
 description T1 management interface
 ip address 10.70.240.9 255.255.255.255
 ip mtu 1500
!
interface GigabitEthernet0/0
 vrf forwarding Mgmt-vrf
 no ip address
 negotiation auto
!
interface GigabitEthernet1/0/1
 switchport access vlan 401
 switchport mode access
 switchport voice vlan 501
 trust device cisco-phone
 auto qos voip cisco-phone 
 spanning-tree portfast
 service-policy input AutoQos-4.0-CiscoPhone-Input-Policy
 service-policy output AutoQos-4.0-Output-Policy
 ip dhcp snooping limit rate 20
!
interface GigabitEthernet1/0/2
 switchport access vlan 401
 switchport mode access
 switchport voice vlan 501
 trust device cisco-phone
 auto qos voip cisco-phone 
 spanning-tree portfast
 service-policy input AutoQos-4.0-CiscoPhone-Input-Policy
 service-policy output AutoQos-4.0-Output-Policy
 ip dhcp snooping limit rate 20
!
interface GigabitEthernet1/0/3
 switchport access vlan 401
 switchport mode access
 switchport voice vlan 501
 trust device cisco-phone
 auto qos voip cisco-phone 
 spanning-tree portfast
 service-policy input AutoQos-4.0-CiscoPhone-Input-Policy
 service-policy output AutoQos-4.0-Output-Policy
 ip dhcp snooping limit rate 20
!
interface GigabitEthernet1/0/4
 switchport access vlan 401
 switchport mode access
 switchport voice vlan 501
 trust device cisco-phone
 auto qos voip cisco-phone 
 spanning-tree portfast
 service-policy input AutoQos-4.0-CiscoPhone-Input-Policy
 service-policy output AutoQos-4.0-Output-Policy
 ip dhcp snooping limit rate 20
!
interface GigabitEthernet1/0/5
 switchport access vlan 401
 switchport mode access
 switchport voice vlan 501
 trust device cisco-phone
 auto qos voip cisco-phone 
 spanning-tree portfast
 service-policy input AutoQos-4.0-CiscoPhone-Input-Policy
 service-policy output AutoQos-4.0-Output-Policy
 ip dhcp snooping limit rate 20
!
interface GigabitEthernet1/0/6
 switchport access vlan 401
 switchport mode access
 switchport voice vlan 501
 trust device cisco-phone
 auto qos voip cisco-phone 
 spanning-tree portfast
 service-policy input AutoQos-4.0-CiscoPhone-Input-Policy
 service-policy output AutoQos-4.0-Output-Policy
 ip dhcp snooping limit rate 20
!
interface GigabitEthernet1/0/7
 switchport access vlan 401
 switchport mode access
 switchport voice vlan 501
 trust device cisco-phone
 auto qos voip cisco-phone 
 spanning-tree portfast
 service-policy input AutoQos-4.0-CiscoPhone-Input-Policy
 service-policy output AutoQos-4.0-Output-Policy
 ip dhcp snooping limit rate 20
!
interface GigabitEthernet1/0/8
 switchport access vlan 401
 switchport mode access
 switchport voice vlan 501
 trust device cisco-phone
 auto qos voip cisco-phone 
 spanning-tree portfast
 service-policy input AutoQos-4.0-CiscoPhone-Input-Policy
 service-policy output AutoQos-4.0-Output-Policy
 ip dhcp snooping limit rate 20
!
interface GigabitEthernet1/0/9
 switchport access vlan 401
 switchport mode access
 switchport voice vlan 501
 trust device cisco-phone
 auto qos voip cisco-phone 
 spanning-tree portfast
 service-policy input AutoQos-4.0-CiscoPhone-Input-Policy
 service-policy output AutoQos-4.0-Output-Policy
 ip dhcp snooping limit rate 20
!
interface GigabitEthernet1/0/10
 switchport access vlan 401
 switchport mode access
 switchport voice vlan 501
 trust device cisco-phone
 auto qos voip cisco-phone 
 spanning-tree portfast
 service-policy input AutoQos-4.0-CiscoPhone-Input-Policy
 service-policy output AutoQos-4.0-Output-Policy
 ip dhcp snooping limit rate 20
!
interface GigabitEthernet1/0/11
 switchport access vlan 401
 switchport mode access
 switchport voice vlan 501
 trust device cisco-phone
 auto qos voip cisco-phone 
 spanning-tree portfast
 service-policy input AutoQos-4.0-CiscoPhone-Input-Policy
 service-policy output AutoQos-4.0-Output-Policy
 ip dhcp snooping limit rate 20
!
interface GigabitEthernet1/0/12
 switchport access vlan 401
 switchport mode access
 switchport voice vlan 501
 trust device cisco-phone
 auto qos voip cisco-phone 
 spanning-tree portfast
 service-policy input AutoQos-4.0-CiscoPhone-Input-Policy
 service-policy output AutoQos-4.0-Output-Policy
 ip dhcp snooping limit rate 20
!
interface GigabitEthernet1/0/13
 switchport access vlan 401
 switchport mode access
 switchport voice vlan 501
 trust device cisco-phone
 auto qos voip cisco-phone 
 spanning-tree portfast
 service-policy input AutoQos-4.0-CiscoPhone-Input-Policy
 service-policy output AutoQos-4.0-Output-Policy
 ip dhcp snooping limit rate 20
!
interface GigabitEthernet1/0/14
 switchport access vlan 401
 switchport mode access
 switchport voice vlan 501
 trust device cisco-phone
 auto qos voip cisco-phone 
 spanning-tree portfast
 service-policy input AutoQos-4.0-CiscoPhone-Input-Policy
 service-policy output AutoQos-4.0-Output-Policy
 ip dhcp snooping limit rate 20
!
interface GigabitEthernet1/0/15
 switchport access vlan 401
 switchport mode access
 switchport voice vlan 501
 trust device cisco-phone
 auto qos voip cisco-phone 
 spanning-tree portfast
 service-policy input AutoQos-4.0-CiscoPhone-Input-Policy
 service-policy output AutoQos-4.0-Output-Policy
 ip dhcp snooping limit rate 20
!
interface GigabitEthernet1/0/16
 switchport access vlan 401
 switchport mode access
 switchport voice vlan 501
 trust device cisco-phone
 auto qos voip cisco-phone 
 spanning-tree portfast
 service-policy input AutoQos-4.0-CiscoPhone-Input-Policy
 service-policy output AutoQos-4.0-Output-Policy
 ip dhcp snooping limit rate 20
!
interface GigabitEthernet1/0/17
 switchport access vlan 401
 switchport mode access
 switchport voice vlan 501
 trust device cisco-phone
 auto qos voip cisco-phone 
 spanning-tree portfast
 service-policy input AutoQos-4.0-CiscoPhone-Input-Policy
 service-policy output AutoQos-4.0-Output-Policy
 ip dhcp snooping limit rate 20
!
interface GigabitEthernet1/0/18
 switchport access vlan 401
 switchport mode access
 switchport voice vlan 501
 trust device cisco-phone
 auto qos voip cisco-phone 
 spanning-tree portfast
 service-policy input AutoQos-4.0-CiscoPhone-Input-Policy
 service-policy output AutoQos-4.0-Output-Policy
 ip dhcp snooping limit rate 20
!
interface GigabitEthernet1/0/19
 switchport access vlan 401
 switchport mode access
 switchport voice vlan 501
 trust device cisco-phone
 auto qos voip cisco-phone 
 spanning-tree portfast
 service-policy input AutoQos-4.0-CiscoPhone-Input-Policy
 service-policy output AutoQos-4.0-Output-Policy
 ip dhcp snooping limit rate 20
!
interface GigabitEthernet1/0/20
 switchport access vlan 401
 switchport mode access
 switchport voice vlan 501
 trust device cisco-phone
 auto qos voip cisco-phone 
 spanning-tree portfast
 service-policy input AutoQos-4.0-CiscoPhone-Input-Policy
 service-policy output AutoQos-4.0-Output-Policy
 ip dhcp snooping limit rate 20
!
interface GigabitEthernet1/0/21
 switchport access vlan 401
 switchport mode access
 switchport voice vlan 501
 trust device cisco-phone
 auto qos voip cisco-phone 
 spanning-tree portfast
 service-policy input AutoQos-4.0-CiscoPhone-Input-Policy
 service-policy output AutoQos-4.0-Output-Policy
 ip dhcp snooping limit rate 20
!
interface GigabitEthernet1/0/22
 switchport access vlan 401
 switchport mode access
 switchport voice vlan 501
 trust device cisco-phone
 auto qos voip cisco-phone 
 spanning-tree portfast
 service-policy input AutoQos-4.0-CiscoPhone-Input-Policy
 service-policy output AutoQos-4.0-Output-Policy
 ip dhcp snooping limit rate 20
!
interface GigabitEthernet1/0/23
 switchport access vlan 401
 switchport mode access
 switchport voice vlan 501
 trust device cisco-phone
 auto qos voip cisco-phone 
 spanning-tree portfast
 service-policy input AutoQos-4.0-CiscoPhone-Input-Policy
 service-policy output AutoQos-4.0-Output-Policy
 ip dhcp snooping limit rate 20
!
interface GigabitEthernet1/0/24
 description trainingap AP1252
 switchport trunk native vlan 800
 switchport trunk allowed vlan 800,801
 switchport mode trunk
 ip dhcp snooping limit rate 20
!
interface GigabitEthernet1/1/1
 description nthm-01-sw1 gi1/0/25
 no switchport
 ip address 10.70.242.30 255.255.255.252
 ip pim sparse-mode
 auto qos trust 
 service-policy input AutoQos-4.0-Trust-Dscp-Input-Policy
 service-policy output AutoQos-4.0-Output-Policy
!
interface GigabitEthernet1/1/2
 ip dhcp snooping limit rate 20
!
interface GigabitEthernet1/1/3
 ip dhcp snooping limit rate 20
!
interface GigabitEthernet1/1/4
 ip dhcp snooping limit rate 20
!
interface Vlan1
 no ip address
 shutdown
!
interface Vlan401
 description T2 data
 ip address 10.70.65.1 255.255.255.0
 ip helper-address 10.70.0.5
 ip helper-address 10.70.0.20
 ip helper-address 10.19.0.108
 ip helper-address 10.19.0.109
 ip directed-broadcast 5
!
interface Vlan501
 description T2 voice
 ip address 10.70.129.1 255.255.255.0
 ip helper-address 10.70.0.5
!
interface Vlan800
 description nthm-wlan-ap-management
 ip address 10.70.246.97 255.255.255.224
 ip helper-address 10.70.0.5
!
interface Vlan801
 description nthm-wlan-corporate-clients
 ip address 10.70.97.1 255.255.255.0
 ip helper-address 10.70.0.5
!
!
router eigrp 70
 network 10.0.0.0
 passive-interface default
 no passive-interface GigabitEthernet1/1/1
 eigrp router-id 10.70.240.9
 eigrp stub connected static summary
!
ip forward-protocol nd
ip pim rp-address 10.70.240.24
no ip http server
ip http authentication local
no ip http secure-server
ip ssh version 2
!
ip access-list standard NSG_TELNET_SSH
 permit 146.195.81.24
 remark --- Nimsoft/CatTools Server Natted IP ---
 permit 146.195.81.25
 remark --- Nimsoft/CatTools Server ---
 permit 10.19.7.62
 remark --- HO Jumphost ---
 permit 172.30.0.10
 permit 10.19.12.234
 remark --- Twister - OLD and NEW IP ---
 permit 146.195.135.0 0.0.0.127
 remark --- IT Subnet on Lvl2E ---
 permit 10.19.60.0 0.0.0.255
 remark --- SEAL WAN Subnet ---
 permit 10.250.250.0 0.0.0.255
 remark --- GWIP HO WAN Subnet ---
 permit 10.19.250.0 0.0.0.7
 remark --- Management Loopback subnet ---
 permit 10.0.240.0 0.255.0.255
 permit 10.0.242.0 0.255.0.255
 remark --- Empired Management Subnet ---
 permit 172.30.160.0 0.0.0.15
 remark --- Deny Anything Else ---
 deny   any log
ip access-list standard RO_SNMP
 remark --- Solarwinds Syslog Server ---
 permit 10.19.7.46
 remark --- Empired Management Subnet ---
 permit 172.30.160.0 0.0.0.255
 remark --- IT Subnet on Lvl2E ---
 permit 10.19.60.0 0.0.0.255
 deny   any
ip access-list standard RW_SNMP
 remark ---allow NNMi---
 permit 172.30.160.10
 deny   any
!
ip access-list extended AutoQos-4.0-Acl-Default
 permit ip any any
!
ip radius source-interface Loopback1 
logging trap debugging
logging source-interface Loopback1
logging host 10.19.7.46
logging host 172.30.160.11
logging host 172.30.161.10
access-list 5 permit 10.19.1.17 log
access-list 5 remark CSC Zetta - Allow Remote wakeup PC's
access-list 5 permit 10.19.7.49 log
access-list 5 permit 10.19.1.138 log
access-list 5 permit 10.19.1.134 log
!
snmp-server community eb6cIzuB RO RO_SNMP
snmp-server community Sp7ZyvwQ RW RW_SNMP
snmp-server location NTHM T2
snmp-server contact Western Power IT Network
snmp ifmib ifindex persist
radius-server host 10.19.1.113
radius-server host 10.21.0.24
radius-server key 7 153B521517101B3C7E0A2D0629043F2E1307417307585B13080E687A06795C755E1E7A12175370311F1E2D542B021A0554653037221E082D0F223B3A727C182674
radius-server load-balance method least-outstanding
!
!
!
banner exec ^CC
 ********************************************************************
 * You are now logged into: WP                                      *
 * All activity is being logged for review by System Administrators *
 ********************************************************************
^C
banner login ^CC
 ********************************************************************
 * [WARNING]                                                        *
 *                                                                  *
 * This system belongs to a private organisation. If you are not    *
 * authorised to access this system, exit immediately.              *
 * Unauthorised access to this system is forbidden by company       *
 * policies, national, and international laws.                      *
 * Unauthorised users are subject to criminal and civil penalties   *
 * as well as company initiated disciplinary proceedings.           *
 * By entry into this system you acknowledge that you are           *
 * authorised access and the level of privilege you subsequently    *
 * execute on this system. You further acknowledge that by entry    *
 * into this system you expect no privacy from monitoring.          *
 *                                                                  *
 *        ALL ACCESS TO THIS SYSTEM IS MONITORED AND LOGGED         *
 *                                                                  *
 ********************************************************************
^C
!
line con 0
 stopbits 1
line aux 0
 stopbits 1
line vty 0 4
 exec-timeout 15 0
 logging synchronous
 length 0
 transport input ssh
line vty 5 15
 exec-timeout 15 0
 logging synchronous
 length 0
 transport input ssh
!
ntp server 146.195.128.175
wsma agent exec
 profile httplistener
 profile httpslistener
!
wsma agent config
 profile httplistener
 profile httpslistener
!
wsma agent filesys
 profile httplistener
 profile httpslistener
!
wsma agent notify
 profile httplistener
 profile httpslistener
!
!
wsma profile listener httplistener
 transport http
!
wsma profile listener httpslistener
 transport https
!
ap group default-group
end

NTHM-02-SW1#Show ver
Cisco IOS Software, IOS-XE Software, Catalyst L3 Switch Software (CAT3K_CAA-UNIVERSALK9-M), Version 03.06.05E RELEASE SOFTWARE (fc2)
Technical Support: http://www.cisco.com/techsupport
Copyright (c) 1986-2016 by Cisco Systems, Inc.
Compiled Thu 02-Jun-16 09:03 by prod_rel_team



Cisco IOS-XE software, Copyright (c) 2005-2015 by cisco Systems, Inc.
All rights reserved.  Certain components of Cisco IOS-XE software are
licensed under the GNU General Public License ("GPL") Version 2.0.  The
software code licensed under GPL Version 2.0 is free software that comes
with ABSOLUTELY NO WARRANTY.  You can redistribute and/or modify such
GPL code under the terms of GPL Version 2.0.
(http://www.gnu.org/licenses/gpl-2.0.html) For more details, see the
documentation or "License Notice" file accompanying the IOS-XE software,
or the applicable URL provided on the flyer accompanying the IOS-XE
software.



ROM: IOS-XE ROMMON
BOOTLDR: CAT3K_CAA Boot Loader (CAT3K_CAA-HBOOT-M) Version 1.2, RELEASE SOFTWARE (P)

NTHM-02-SW1 uptime is 23 weeks, 3 days, 17 hours, 25 minutes
Uptime for this control processor is 23 weeks, 3 days, 17 hours, 27 minutes
System returned to ROM by Power Failure at 13:47:30 WST Mon Jan 11 2016
System restarted at 17:43:43 WST Mon Jul 10 2017
System image file is "flash:packages.conf"
Last reload reason: Power Failure



This product contains cryptographic features and is subject to United
States and local country laws governing import, export, transfer and
use. Delivery of Cisco cryptographic products does not imply
third-party authority to import, export, distribute or use encryption.
Importers, exporters, distributors and users are responsible for
compliance with U.S. and local country laws. By using this product you
agree to comply with applicable laws and regulations. If you are unable
to comply with U.S. and local laws, return this product immediately.

A summary of U.S. laws governing Cisco cryptographic products may be found at:
http://www.cisco.com/wwl/export/crypto/tool/stqrg.html

If you require further assistance please contact us by sending email to
export@cisco.com.

License Level: Ipbase
License Type: Permanent
Next reload license Level: Ipbase

cisco WS-C3650-24PS (MIPS) processor with 4194304K bytes of physical memory.
Processor board ID FDO1820Q1DL
5 Virtual Ethernet interfaces
28 Gigabit Ethernet interfaces
2048K bytes of non-volatile configuration memory.
4194304K bytes of physical memory.
250456K bytes of Crash Files at crashinfo:.
1609272K bytes of Flash at flash:.
0K bytes of Dummy USB Flash at usbflash0:.
0K bytes of  at webui:.

Base Ethernet MAC Address          : f4:0f:1b:97:25:80
Motherboard Assembly Number        : 73-15128-05
Motherboard Serial Number          : FDO18200YWP
Model Revision Number              : A0
Motherboard Revision Number        : A0
Model Number                       : WS-C3650-24PS
System Serial Number               : FDO1820Q1DL


Switch Ports Model              SW Version        SW Image              Mode   
------ ----- -----              ----------        ----------            ----   
*    1 28    WS-C3650-24PS      03.06.05E         cat3k_caa-universalk9 INSTALL


Configuration register is 0x102

NTHM-02-SW1#Show ip route
Codes: L - local, C - connected, S - static, R - RIP, M - mobile, B - BGP
       D - EIGRP, EX - EIGRP external, O - OSPF, IA - OSPF inter area 
       N1 - OSPF NSSA external type 1, N2 - OSPF NSSA external type 2
       E1 - OSPF external type 1, E2 - OSPF external type 2
       i - IS-IS, su - IS-IS summary, L1 - IS-IS level-1, L2 - IS-IS level-2
       ia - IS-IS inter area, * - candidate default, U - per-user static route
       o - ODR, P - periodic downloaded static route, H - NHRP, l - LISP
       + - replicated route, % - next hop override

Gateway of last resort is 10.70.242.29 to network 0.0.0.0

D*EX  0.0.0.0/0 [170/2563072] via 10.70.242.29, 5w3d, GigabitEthernet1/1/1
      10.0.0.0/8 is variably subnetted, 159 subnets, 9 masks
D EX     10.18.250.0/29 
           [170/25603072] via 10.70.242.29, 7w0d, GigabitEthernet1/1/1
D EX     10.19.0.0/16 
           [170/2563072] via 10.70.242.29, 7w0d, GigabitEthernet1/1/1
D EX     10.19.240.1/32 
           [170/2563072] via 10.70.242.29, 7w0d, GigabitEthernet1/1/1
D EX     10.19.250.0/29 
           [170/25603072] via 10.70.242.29, 7w0d, GigabitEthernet1/1/1
D EX     10.21.240.1/32 
           [170/5123072] via 10.70.242.29, 5w3d, GigabitEthernet1/1/1
D EX     10.21.250.0/29 
           [170/25603072] via 10.70.242.29, 5w3d, GigabitEthernet1/1/1
D EX     10.25.243.136/30 
           [170/25603072] via 10.70.242.29, 2w5d, GigabitEthernet1/1/1
D EX     10.25.252.0/28 
           [170/25603072] via 10.70.242.29, 2w5d, GigabitEthernet1/1/1
D EX     10.65.0.0/16 
           [170/25603072] via 10.70.242.29, 2w5d, GigabitEthernet1/1/1
D EX     10.65.243.136/30 
           [170/2563072] via 10.70.242.29, 7w0d, GigabitEthernet1/1/1
D EX     10.65.250.0/29 
           [170/25603072] via 10.70.242.29, 7w0d, GigabitEthernet1/1/1
D EX     10.65.252.0/28 
           [170/2563072] via 10.70.242.29, 7w0d, GigabitEthernet1/1/1
D EX     10.66.0.0/16 
           [170/25603072] via 10.70.242.29, 3d23h, GigabitEthernet1/1/1
D EX     10.66.0.0/17 
           [170/25603072] via 10.70.242.29, 7w0d, GigabitEthernet1/1/1
D EX     10.66.128.0/17 
           [170/25603072] via 10.70.242.29, 7w0d, GigabitEthernet1/1/1
D EX     10.66.240.1/32 
           [170/25603072] via 10.70.242.29, 7w0d, GigabitEthernet1/1/1
D EX     10.66.250.0/29 
           [170/25603072] via 10.70.242.29, 7w0d, GigabitEthernet1/1/1
D EX     10.67.0.0/16 
           [170/25603072] via 10.70.242.29, 7w0d, GigabitEthernet1/1/1
D EX     10.67.240.1/32 
           [170/25603072] via 10.70.242.29, 7w0d, GigabitEthernet1/1/1
D EX     10.67.250.0/29 
           [170/25603072] via 10.70.242.29, 7w0d, GigabitEthernet1/1/1
D EX     10.68.0.0/16 
           [170/25603072] via 10.70.242.29, 7w0d, GigabitEthernet1/1/1
D EX     10.68.240.1/32 
           [170/25603072] via 10.70.242.29, 7w0d, GigabitEthernet1/1/1
D EX     10.68.250.0/29 
           [170/25603072] via 10.70.242.29, 7w0d, GigabitEthernet1/1/1
D EX     10.69.0.0/16 
           [170/25603072] via 10.70.242.29, 6w0d, GigabitEthernet1/1/1
D EX     10.69.240.1/32 
           [170/25603072] via 10.70.242.29, 7w0d, GigabitEthernet1/1/1
D EX     10.69.250.0/29 
           [170/25603072] via 10.70.242.29, 7w0d, GigabitEthernet1/1/1
D EX     10.70.0.0/16 
           [170/25603072] via 10.70.242.29, 00:06:28, GigabitEthernet1/1/1
D EX     10.70.0.0/24 [170/3072] via 10.70.242.29, 7w0d, GigabitEthernet1/1/1
D EX     10.70.6.0/24 [170/3072] via 10.70.242.29, 7w0d, GigabitEthernet1/1/1
D EX     10.70.7.0/24 [170/3072] via 10.70.242.29, 7w0d, GigabitEthernet1/1/1
D EX     10.70.24.0/24 [170/3072] via 10.70.242.29, 7w0d, GigabitEthernet1/1/1
D        10.70.64.0/24 [90/3328] via 10.70.242.29, 7w0d, GigabitEthernet1/1/1
C        10.70.65.0/24 is directly connected, Vlan401
L        10.70.65.1/32 is directly connected, Vlan401
D EX     10.70.66.0/24 [170/3328] via 10.70.242.29, 2w5d, GigabitEthernet1/1/1
D EX     10.70.98.0/24 [170/3328] via 10.70.242.29, 2w5d, GigabitEthernet1/1/1
D        10.70.128.0/24 [90/3328] via 10.70.242.29, 7w0d, GigabitEthernet1/1/1
C        10.70.129.0/24 is directly connected, Vlan501
L        10.70.129.1/32 is directly connected, Vlan501
D EX     10.70.130.0/24 
           [170/3328] via 10.70.242.29, 2w5d, GigabitEthernet1/1/1
D EX     10.70.224.0/24 
           [170/3072] via 10.70.242.29, 7w0d, GigabitEthernet1/1/1
D        10.70.240.1/32 
           [90/131072] via 10.70.242.29, 7w0d, GigabitEthernet1/1/1
D EX     10.70.240.5/32 
           [170/130816] via 10.70.242.29, 7w0d, GigabitEthernet1/1/1
D        10.70.240.7/32 
           [90/156416] via 10.70.242.29, 7w0d, GigabitEthernet1/1/1
D        10.70.240.8/32 
           [90/131072] via 10.70.242.29, 7w0d, GigabitEthernet1/1/1
C        10.70.240.9/32 is directly connected, Loopback1
D EX     10.70.240.10/32 
           [170/131072] via 10.70.242.29, 2w5d, GigabitEthernet1/1/1
D EX     10.70.240.24/32 
           [170/130816] via 10.70.242.29, 7w0d, GigabitEthernet1/1/1
D        10.70.242.0/30 [90/3072] via 10.70.242.29, 7w0d, GigabitEthernet1/1/1
D        10.70.242.20/30 
           [90/28416] via 10.70.242.29, 7w0d, GigabitEthernet1/1/1
D        10.70.242.24/30 
           [90/3072] via 10.70.242.29, 7w0d, GigabitEthernet1/1/1
C        10.70.242.28/30 is directly connected, GigabitEthernet1/1/1
L        10.70.242.30/32 is directly connected, GigabitEthernet1/1/1
D        10.70.242.32/30 
           [90/3072] via 10.70.242.29, 2w5d, GigabitEthernet1/1/1
D        10.70.242.64/30 
           [90/3072] via 10.70.242.29, 7w0d, GigabitEthernet1/1/1
D EX     10.70.246.128/27 
           [170/3328] via 10.70.242.29, 2w5d, GigabitEthernet1/1/1
D        10.70.250.0/29 
           [90/259072] via 10.70.242.29, 7w0d, GigabitEthernet1/1/1
D EX     10.70.254.0/24 
           [170/3072] via 10.70.242.29, 7w0d, GigabitEthernet1/1/1
D EX     10.71.0.0/16 
           [170/25603072] via 10.70.242.29, 7w0d, GigabitEthernet1/1/1
D EX     10.71.240.1/32 
           [170/25603072] via 10.70.242.29, 7w0d, GigabitEthernet1/1/1
D EX     10.71.250.0/29 
           [170/25603072] via 10.70.242.29, 7w0d, GigabitEthernet1/1/1
D EX     10.72.0.0/16 
           [170/25603072] via 10.70.242.29, 00:45:28, GigabitEthernet1/1/1
D EX     10.72.0.0/17 
           [170/25603072] via 10.70.242.29, 7w0d, GigabitEthernet1/1/1
D EX     10.72.128.0/17 
           [170/25603072] via 10.70.242.29, 7w0d, GigabitEthernet1/1/1
D EX     10.72.240.1/32 
           [170/25603072] via 10.70.242.29, 7w0d, GigabitEthernet1/1/1
D EX     10.72.250.0/29 
           [170/25603072] via 10.70.242.29, 7w0d, GigabitEthernet1/1/1
D EX     10.73.0.0/16 
           [170/25603072] via 10.70.242.29, 7w0d, GigabitEthernet1/1/1
D EX     10.73.240.1/32 
           [170/25603072] via 10.70.242.29, 7w0d, GigabitEthernet1/1/1
D EX     10.73.250.0/29 
           [170/25603072] via 10.70.242.29, 7w0d, GigabitEthernet1/1/1
D EX     10.74.250.0/29 
           [170/25603072] via 10.70.242.29, 7w0d, GigabitEthernet1/1/1
D EX     10.75.0.0/16 
           [170/25603072] via 10.70.242.29, 7w0d, GigabitEthernet1/1/1
D EX     10.75.240.1/32 
           [170/25603072] via 10.70.242.29, 7w0d, GigabitEthernet1/1/1
D EX     10.75.250.0/29 
           [170/25603072] via 10.70.242.29, 7w0d, GigabitEthernet1/1/1
D EX     10.76.0.0/16 
           [170/25603072] via 10.70.242.29, 00:07:12, GigabitEthernet1/1/1
D EX     10.76.0.0/17 
           [170/25603072] via 10.70.242.29, 1w3d, GigabitEthernet1/1/1
D EX     10.76.128.0/17 
           [170/25603072] via 10.70.242.29, 1w3d, GigabitEthernet1/1/1
D EX     10.76.240.1/32 
           [170/25603072] via 10.70.242.29, 4w5d, GigabitEthernet1/1/1
D EX     10.76.250.0/29 
           [170/25603072] via 10.70.242.29, 7w0d, GigabitEthernet1/1/1
D EX     10.77.0.0/16 
           [170/25603072] via 10.70.242.29, 01:13:08, GigabitEthernet1/1/1
D EX     10.77.0.0/17 
           [170/25603072] via 10.70.242.29, 5w1d, GigabitEthernet1/1/1
D EX     10.77.128.0/17 
           [170/25603072] via 10.70.242.29, 5w1d, GigabitEthernet1/1/1
D EX     10.77.250.0/30 
           [170/25603072] via 10.70.242.29, 5w1d, GigabitEthernet1/1/1
D EX     10.78.0.0/16 
           [170/25603072] via 10.70.242.29, 7w0d, GigabitEthernet1/1/1
D EX     10.78.240.1/32 
           [170/25603072] via 10.70.242.29, 7w0d, GigabitEthernet1/1/1
D EX     10.78.250.0/29 
           [170/25603072] via 10.70.242.29, 7w0d, GigabitEthernet1/1/1
D EX     10.79.0.0/16 
           [170/25603072] via 10.70.242.29, 1w2d, GigabitEthernet1/1/1
D EX     10.79.240.1/32 
           [170/25603072] via 10.70.242.29, 2w1d, GigabitEthernet1/1/1
D EX     10.79.250.0/30 
           [170/25603072] via 10.70.242.29, 2w1d, GigabitEthernet1/1/1
D EX     10.80.0.0/16 
           [170/25603072] via 10.70.242.29, 00:16:03, GigabitEthernet1/1/1
D EX     10.80.0.0/17 
           [170/25603072] via 10.70.242.29, 7w0d, GigabitEthernet1/1/1
D EX     10.80.128.0/17 
           [170/25603072] via 10.70.242.29, 7w0d, GigabitEthernet1/1/1
D EX     10.80.240.1/32 
           [170/25603072] via 10.70.242.29, 7w0d, GigabitEthernet1/1/1
D EX     10.80.250.0/30 
           [170/25603072] via 10.70.242.29, 7w0d, GigabitEthernet1/1/1
D EX     10.81.0.0/16 
           [170/25603072] via 10.70.242.29, 00:45:53, GigabitEthernet1/1/1
D EX     10.81.0.0/17 
           [170/25603072] via 10.70.242.29, 5w3d, GigabitEthernet1/1/1
D EX     10.81.128.0/17 
           [170/25603072] via 10.70.242.29, 5w3d, GigabitEthernet1/1/1
D EX     10.81.240.1/32 
           [170/25603072] via 10.70.242.29, 5w3d, GigabitEthernet1/1/1
D EX     10.81.250.0/30 
           [170/25603072] via 10.70.242.29, 5w3d, GigabitEthernet1/1/1
D EX     10.84.0.0/16 
           [170/25603072] via 10.70.242.29, 1d14h, GigabitEthernet1/1/1
D EX     10.84.0.0/17 
           [170/25603072] via 10.70.242.29, 1d14h, GigabitEthernet1/1/1
D EX     10.84.128.0/17 
           [170/25603072] via 10.70.242.29, 1d14h, GigabitEthernet1/1/1
D EX     10.84.240.1/32 
           [170/25603072] via 10.70.242.29, 1d14h, GigabitEthernet1/1/1
D EX     10.84.250.0/30 
           [170/25603072] via 10.70.242.29, 3w1d, GigabitEthernet1/1/1
D EX     10.85.0.0/16 
           [170/25603072] via 10.70.242.29, 00:13:38, GigabitEthernet1/1/1
D EX     10.85.0.0/17 
           [170/25603072] via 10.70.242.29, 2w3d, GigabitEthernet1/1/1
D EX     10.85.128.0/17 
           [170/25603072] via 10.70.242.29, 2w3d, GigabitEthernet1/1/1
D EX     10.85.240.1/32 
           [170/25603072] via 10.70.242.29, 2w3d, GigabitEthernet1/1/1
D EX     10.85.250.0/30 
           [170/25603072] via 10.70.242.29, 2w3d, GigabitEthernet1/1/1
D EX     10.86.0.0/16 
           [170/25603072] via 10.70.242.29, 7w0d, GigabitEthernet1/1/1
D EX     10.86.64.16/30 
           [170/25603072] via 10.70.242.29, 7w0d, GigabitEthernet1/1/1
D EX     10.86.64.20/30 
           [170/25603072] via 10.70.242.29, 7w0d, GigabitEthernet1/1/1
D EX     10.86.65.16/30 
           [170/25603072] via 10.70.242.29, 7w0d, GigabitEthernet1/1/1
D EX     10.86.65.20/30 
           [170/25603072] via 10.70.242.29, 7w0d, GigabitEthernet1/1/1
D EX     10.86.240.1/32 
           [170/25603072] via 10.70.242.29, 7w0d, GigabitEthernet1/1/1
D EX     10.87.0.0/16 
           [170/25603072] via 10.70.242.29, 00:19:33, GigabitEthernet1/1/1
D EX     10.87.0.0/17 
           [170/25603072] via 10.70.242.29, 7w0d, GigabitEthernet1/1/1
D EX     10.87.128.0/17 
           [170/25603072] via 10.70.242.29, 7w0d, GigabitEthernet1/1/1
D EX     10.87.240.1/32 
           [170/25603072] via 10.70.242.29, 7w0d, GigabitEthernet1/1/1
D EX     10.87.250.0/30 
           [170/25603072] via 10.70.242.29, 7w0d, GigabitEthernet1/1/1
D EX     10.88.0.0/16 
           [170/25603072] via 10.70.242.29, 21:13:14, GigabitEthernet1/1/1
D EX     10.88.0.0/17 
           [170/25603072] via 10.70.242.29, 7w0d, GigabitEthernet1/1/1
D EX     10.88.128.0/17 
           [170/25603072] via 10.70.242.29, 7w0d, GigabitEthernet1/1/1
D EX     10.88.240.1/32 
           [170/25603072] via 10.70.242.29, 7w0d, GigabitEthernet1/1/1
D EX     10.88.250.0/30 
           [170/25603072] via 10.70.242.29, 7w0d, GigabitEthernet1/1/1
D EX     10.89.0.0/16 
           [170/25603072] via 10.70.242.29, 00:16:37, GigabitEthernet1/1/1
D EX     10.89.0.0/17 
           [170/25603072] via 10.70.242.29, 7w0d, GigabitEthernet1/1/1
D EX     10.89.128.0/17 
           [170/25603072] via 10.70.242.29, 7w0d, GigabitEthernet1/1/1
D EX     10.89.240.1/32 
           [170/25603072] via 10.70.242.29, 7w0d, GigabitEthernet1/1/1
D EX     10.89.250.0/30 
           [170/25603072] via 10.70.242.29, 7w0d, GigabitEthernet1/1/1
D EX     10.90.0.0/16 
           [170/25603072] via 10.70.242.29, 00:15:18, GigabitEthernet1/1/1
D EX     10.90.0.0/17 
           [170/25603072] via 10.70.242.29, 2w3d, GigabitEthernet1/1/1
D EX     10.90.128.0/17 
           [170/25603072] via 10.70.242.29, 2w3d, GigabitEthernet1/1/1
D EX     10.90.240.1/32 
           [170/25603072] via 10.70.242.29, 2w3d, GigabitEthernet1/1/1
D EX     10.90.250.0/30 
           [170/25603072] via 10.70.242.29, 2w3d, GigabitEthernet1/1/1
D EX     10.91.0.0/16 
           [170/25603072] via 10.70.242.29, 2w3d, GigabitEthernet1/1/1
D EX     10.91.240.1/32 
           [170/25603072] via 10.70.242.29, 2w3d, GigabitEthernet1/1/1
D EX     10.91.250.0/30 
           [170/25603072] via 10.70.242.29, 2w3d, GigabitEthernet1/1/1
D EX     10.92.0.0/17 
           [170/25603072] via 10.70.242.29, 1w3d, GigabitEthernet1/1/1
D EX     10.92.128.0/17 
           [170/25603072] via 10.70.242.29, 5w5d, GigabitEthernet1/1/1
D EX     10.92.240.1/32 
           [170/25603072] via 10.70.242.29, 5w5d, GigabitEthernet1/1/1
D EX     10.92.250.0/30 
           [170/25603072] via 10.70.242.29, 5w5d, GigabitEthernet1/1/1
D EX     10.93.0.0/17 
           [170/25603072] via 10.70.242.29, 7w0d, GigabitEthernet1/1/1
D EX     10.93.128.0/17 
           [170/25603072] via 10.70.242.29, 7w0d, GigabitEthernet1/1/1
D EX     10.93.240.1/32 
           [170/25603072] via 10.70.242.29, 7w0d, GigabitEthernet1/1/1
D EX     10.93.250.0/30 
           [170/25603072] via 10.70.242.29, 7w0d, GigabitEthernet1/1/1
D EX     10.97.0.0/16 
           [170/25603072] via 10.70.242.29, 2w4d, GigabitEthernet1/1/1
D EX     10.97.250.0/29 
           [170/25603072] via 10.70.242.29, 2w4d, GigabitEthernet1/1/1
D EX     10.98.0.0/16 
           [170/25603072] via 10.70.242.29, 00:45:13, GigabitEthernet1/1/1
D EX     10.98.0.0/17 
           [170/25603072] via 10.70.242.29, 7w0d, GigabitEthernet1/1/1
D EX     10.98.128.0/17 
           [170/25603072] via 10.70.242.29, 7w0d, GigabitEthernet1/1/1
D EX     10.98.250.0/29 
           [170/25603072] via 10.70.242.29, 7w0d, GigabitEthernet1/1/1
D EX     10.107.250.0/29 
           [170/25603072] via 10.70.242.29, 7w0d, GigabitEthernet1/1/1
D EX     10.110.0.0/16 
           [170/25603072] via 10.70.242.29, 3w4d, GigabitEthernet1/1/1
D EX     10.110.240.1/32 
           [170/25603072] via 10.70.242.29, 3w4d, GigabitEthernet1/1/1
D EX     10.110.250.0/29 
           [170/25603072] via 10.70.242.29, 7w0d, GigabitEthernet1/1/1
D EX     10.248.250.0/25 
           [170/25603072] via 10.70.242.29, 7w0d, GigabitEthernet1/1/1
D        10.248.250.15/32 
           [90/563712] via 10.70.242.29, 00:06:14, GigabitEthernet1/1/1
D EX     10.248.250.128/25 
           [170/25603072] via 10.70.242.29, 7w0d, GigabitEthernet1/1/1
D EX     10.252.252.0/24 
           [170/25603072] via 10.70.242.29, 2w5d, GigabitEthernet1/1/1
      30.0.0.0/29 is subnetted, 1 subnets
D EX     30.20.57.120 
           [170/25603072] via 10.70.242.29, 7w0d, GigabitEthernet1/1/1
      144.140.0.0/16 is variably subnetted, 14 subnets, 3 masks
D EX     144.140.162.40/29 
           [170/25603072] via 10.70.242.29, 7w0d, GigabitEthernet1/1/1
D EX     144.140.162.48/28 
           [170/25603072] via 10.70.242.29, 7w0d, GigabitEthernet1/1/1
D EX     144.140.162.80/28 
           [170/25603072] via 10.70.242.29, 7w0d, GigabitEthernet1/1/1
D EX     144.140.181.80/28 
           [170/25603072] via 10.70.242.29, 7w0d, GigabitEthernet1/1/1
D EX     144.140.201.1/32 
           [170/25603072] via 10.70.242.29, 2w3d, GigabitEthernet1/1/1
D EX     144.140.201.2/32 
           [170/25603072] via 10.70.242.29, 2w3d, GigabitEthernet1/1/1
D EX     144.140.201.3/32 
           [170/25603072] via 10.70.242.29, 2w3d, GigabitEthernet1/1/1
D EX     144.140.201.16/28 
           [170/25603072] via 10.70.242.29, 2w3d, GigabitEthernet1/1/1
D EX     144.140.208.16/29 
           [170/25603072] via 10.70.242.29, 7w0d, GigabitEthernet1/1/1
D EX     144.140.208.32/28 
           [170/25603072] via 10.70.242.29, 7w0d, GigabitEthernet1/1/1
D EX     144.140.208.80/28 
           [170/25603072] via 10.70.242.29, 7w0d, GigabitEthernet1/1/1
D EX     144.140.218.96/28 
           [170/25603072] via 10.70.242.29, 7w0d, GigabitEthernet1/1/1
D EX     144.140.222.32/28 
           [170/25603072] via 10.70.242.29, 7w0d, GigabitEthernet1/1/1
D EX     144.140.224.32/28 
           [170/25603072] via 10.70.242.29, 7w0d, GigabitEthernet1/1/1
      146.195.0.0/16 is variably subnetted, 6 subnets, 4 masks
D EX     146.195.21.0/29 
           [170/25603072] via 10.70.242.29, 2w5d, GigabitEthernet1/1/1
D EX     146.195.30.0/24 
           [170/25603072] via 10.70.242.29, 2w5d, GigabitEthernet1/1/1
D EX     146.195.31.0/24 
           [170/25603072] via 10.70.242.29, 2w5d, GigabitEthernet1/1/1
D EX     146.195.39.0/24 
           [170/25603072] via 10.70.242.29, 2w5d, GigabitEthernet1/1/1
D EX     146.195.180.0/22 
           [170/25603072] via 10.70.242.29, 2w5d, GigabitEthernet1/1/1
D EX     146.195.255.20/32 
           [170/2563072] via 10.70.242.29, 7w0d, GigabitEthernet1/1/1
      172.16.0.0/24 is subnetted, 1 subnets
D EX     172.16.65.0 
           [170/25603072] via 10.70.242.29, 2w5d, GigabitEthernet1/1/1
      172.17.0.0/24 is subnetted, 1 subnets
D EX     172.17.65.0 
           [170/25603072] via 10.70.242.29, 2w5d, GigabitEthernet1/1/1
      172.24.0.0/16 is variably subnetted, 6 subnets, 3 masks
D EX     172.24.96.0/21 
           [170/25603072] via 10.70.242.29, 2w5d, GigabitEthernet1/1/1
D EX     172.24.108.0/24 
           [170/25603072] via 10.70.242.29, 2w5d, GigabitEthernet1/1/1
D EX     172.24.109.0/24 
           [170/25603072] via 10.70.242.29, 2w5d, GigabitEthernet1/1/1
D EX     172.24.112.0/22 
           [170/25603072] via 10.70.242.29, 2w5d, GigabitEthernet1/1/1
D EX     172.24.120.0/24 
           [170/25603072] via 10.70.242.29, 2w5d, GigabitEthernet1/1/1
D EX     172.24.192.0/24 
           [170/25603072] via 10.70.242.29, 2w5d, GigabitEthernet1/1/1
      172.25.0.0/16 is variably subnetted, 2 subnets, 2 masks
D EX     172.25.104.0/24 
           [170/25603072] via 10.70.242.29, 2w5d, GigabitEthernet1/1/1
D EX     172.25.105.0/26 
           [170/25603072] via 10.70.242.29, 2w5d, GigabitEthernet1/1/1
      172.27.0.0/26 is subnetted, 1 subnets
D EX     172.27.0.0 
           [170/25603072] via 10.70.242.29, 2w5d, GigabitEthernet1/1/1
      172.28.0.0/26 is subnetted, 1 subnets
D EX     172.28.8.64 
           [170/25603072] via 10.70.242.29, 2w5d, GigabitEthernet1/1/1
      172.29.0.0/24 is subnetted, 1 subnets
D EX     172.29.1.0 
           [170/25603072] via 10.70.242.29, 6w0d, GigabitEthernet1/1/1
      203.41.188.0/28 is subnetted, 1 subnets
D EX     203.41.188.96 
           [170/25603072] via 10.70.242.29, 7w0d, GigabitEthernet1/1/1
      203.42.70.0/28 is subnetted, 1 subnets
D EX     203.42.70.224 
           [170/25603072] via 10.70.242.29, 7w0d, GigabitEthernet1/1/1
      203.52.0.0/24 is variably subnetted, 2 subnets, 2 masks
D EX     203.52.0.0/24 
           [170/25603072] via 10.70.242.29, 7w0d, GigabitEthernet1/1/1
D EX     203.52.0.192/27 
           [170/25603072] via 10.70.242.29, 7w0d, GigabitEthernet1/1/1
      203.52.1.0/24 is variably subnetted, 2 subnets, 2 masks
D EX     203.52.1.0/24 
           [170/25603072] via 10.70.242.29, 7w0d, GigabitEthernet1/1/1
D EX     203.52.1.192/27 
           [170/25603072] via 10.70.242.29, 7w0d, GigabitEthernet1/1/1
      203.52.2.0/28 is subnetted, 1 subnets
D EX     203.52.2.160 
           [170/25603072] via 10.70.242.29, 7w0d, GigabitEthernet1/1/1
NTHM-02-SW1#Show inv
NAME: "c36xx Stack", DESCR: "c36xx Stack"
PID: WS-C3650-24PS     , VID: V01  , SN: FDO1820Q1DL

NAME: "Switch 1", DESCR: "WS-C3650-24PS-S"
PID: WS-C3650-24PS-S   , VID: V01  , SN: FDO1820Q1DL

NAME: "Switch 1 - Power Supply A", DESCR: "Switch 1 - Power Supply A"
PID: PWR-C2-640WAC     , VID: V01  , SN: LIT18160L6S

NAME: "GigabitEthernet1/1/1", DESCR: "1000BaseSX SFP"
PID:                    , VID:      , SN: FNS111119TT    


NTHM-02-SW1#
NTHM-02-SW1#exit
