=~=~=~=~=~=~=~=~=~=~=~= PuTTY log 2017.12.22 11:22:36 =~=~=~=~=~=~=~=~=~=~=~=
login as: n039941

 ********************************************************************
 * [WARNING]                                                        *
 *                                                                  *
 * This system belongs to a private organisation. If you are not    *
 * authorised to access this system, exit immediately.              *
 * Unauthorised access to this system is forbidden by company       *
 * policies, national, and international laws.                      *
 * Unauthorised users are subject to criminal and civil penalties   *
 * as well as company initiated disciplinary proceedings.           *
 * By entry into this system you acknowledge that you are           *
 * authorised access and the level of privilege you subsequently    *
 * execute on this system. You further acknowledge that by entry    *
 * into this system you expect no privacy from monitoring.          *
 *                                                                  *
 *        ALL ACCESS TO THIS SYSTEM IS MONITORED AND LOGGED         *
 *                                                                  *
 ********************************************************************

 ********************************************************************
 *             Please enter your username and password.             *
 ********************************************************************
Using keyboard-interactive authentication.
Password: 

 ********************************************************************
 * You are now logged into: WP                                      *
 * All activity is being logged for review by System Administrators *
 ********************************************************************

STHX-01-SW1>en
Password: 
STHX-01-SW1#term len 0
STHX-01-SW1#Show cdp nei
Capability Codes: R - Router, T - Trans Bridge, B - Source Route Bridge
                  S - Switch, H - Host, I - IGMP, r - Repeater, P - Phone, 
                  D - Remote, C - CVTA, M - Two-port Mac Relay 

Device ID        Local Intrfce     Holdtme    Capability  Platform  Port ID
STHX-C02P-SW1.ads.westernpower.com.au
                 Gig 1/1/1         165             R S I  WS-C3560C Gig 0/10
STHX-01-R1.ads.westernpower.com.au
                 Gig 1/0/23        125             R B S  CISCO2911 Gig 0/0

Total cdp entries displayed : 2
STHX-01-SW1#Show int status

Port      Name               Status       Vlan       Duplex  Speed Type 
Gi1/0/1                      connected    401        a-full  a-100 10/100/1000BaseTX
Gi1/0/2                      err-disabled 401          auto   auto 10/100/1000BaseTX
Gi1/0/3                      notconnect   401          auto   auto 10/100/1000BaseTX
Gi1/0/4                      notconnect   401          auto   auto 10/100/1000BaseTX
Gi1/0/5                      notconnect   401          auto   auto 10/100/1000BaseTX
Gi1/0/6                      err-disabled 401          auto   auto 10/100/1000BaseTX
Gi1/0/7                      notconnect   401          auto   auto 10/100/1000BaseTX
Gi1/0/8   STEELHEAD_PRIMARY  connected    399        a-full a-1000 10/100/1000BaseTX
Gi1/0/9                      notconnect   401          auto   auto 10/100/1000BaseTX
Gi1/0/10                     notconnect   401          auto   auto 10/100/1000BaseTX
Gi1/0/11                     notconnect   401          auto   auto 10/100/1000BaseTX
Gi1/0/12                     notconnect   401          auto   auto 10/100/1000BaseTX
Gi1/0/13                     err-disabled 401          auto   auto 10/100/1000BaseTX
Gi1/0/14                     notconnect   401          auto   auto 10/100/1000BaseTX
Gi1/0/15                     notconnect   401          auto   auto 10/100/1000BaseTX
Gi1/0/16                     notconnect   401          auto   auto 10/100/1000BaseTX
Gi1/0/17                     notconnect   401          auto   auto 10/100/1000BaseTX
Gi1/0/18                     notconnect   401          auto   auto 10/100/1000BaseTX
Gi1/0/19                     notconnect   401          auto   auto 10/100/1000BaseTX
Gi1/0/20                     notconnect   401          auto   auto 10/100/1000BaseTX
Gi1/0/21  Cardex access      connected    480        a-full  a-100 10/100/1000BaseTX
Gi1/0/22  Southern Cross-UPS connected    901        a-full  a-100 10/100/1000BaseTX
Gi1/0/23  sthx-01-r1 SH_LAN0 connected    routed     a-full a-1000 10/100/1000BaseTX
Gi1/0/24                     notconnect   401          auto   auto 10/100/1000BaseTX
Gi1/1/1   sthx-c02p-sw1 Gi0/ connected    routed       full   1000 1000BaseSX SFP
Gi1/1/2                      notconnect   1            auto   auto unknown
Gi1/1/3                      notconnect   1            auto   auto unknown
Gi1/1/4                      notconnect   1            auto   auto unknown
STHX-01-SW1#Show ip arp
Protocol  Address          Age (min)  Hardware Addr   Type   Interface
Internet  10.92.64.1              -   f40f.1b97.326f  ARPA   Vlan401
Internet  10.92.64.13             1   90ac.3f00.2339  ARPA   Vlan401
Internet  10.92.128.1             -   f40f.1b97.3276  ARPA   Vlan501
Internet  10.92.224.1             -   f40f.1b97.325b  ARPA   Vlan480
Internet  10.92.224.10            0   001c.7f22.249e  ARPA   Vlan480
Internet  10.92.241.1             -   f40f.1b97.324c  ARPA   Vlan399
Internet  10.92.241.5            30   000e.b64c.eef0  ARPA   Vlan399
Internet  10.92.242.1           151   e865.497c.a910  ARPA   GigabitEthernet1/0/23
Internet  10.92.242.2             -   f40f.1b97.3267  ARPA   GigabitEthernet1/0/23
Internet  10.92.242.3            20   000e.b6c0.93e0  ARPA   GigabitEthernet1/0/23
Internet  10.92.242.9             -   f40f.1b97.3246  ARPA   GigabitEthernet1/1/1
Internet  10.92.242.10          172   44ad.d9d3.7641  ARPA   GigabitEthernet1/1/1
Internet  10.92.254.1             -   f40f.1b97.3248  ARPA   Vlan901
Internet  10.92.254.10          118   0020.85fd.eb5f  ARPA   Vlan901
STHX-01-SW1#Show mac add
          Mac Address Table
-------------------------------------------

Vlan    Mac Address       Type        Ports
----    -----------       --------    -----
 All    0100.0ccc.cccc    STATIC      CPU
 All    0100.0ccc.cccd    STATIC      CPU
 All    0100.0ccc.ccce    STATIC      CPU
 All    0180.c200.0000    STATIC      CPU
 All    0180.c200.0001    STATIC      CPU
 All    0180.c200.0002    STATIC      CPU
 All    0180.c200.0003    STATIC      CPU
 All    0180.c200.0004    STATIC      CPU
 All    0180.c200.0005    STATIC      CPU
 All    0180.c200.0006    STATIC      CPU
 All    0180.c200.0007    STATIC      CPU
 All    0180.c200.0008    STATIC      CPU
 All    0180.c200.0009    STATIC      CPU
 All    0180.c200.000a    STATIC      CPU
 All    0180.c200.000b    STATIC      CPU
 All    0180.c200.000c    STATIC      CPU
 All    0180.c200.000d    STATIC      CPU
 All    0180.c200.000e    STATIC      CPU
 All    0180.c200.000f    STATIC      CPU
 All    0180.c200.0010    STATIC      CPU
 All    ffff.ffff.ffff    STATIC      CPU
 399    000e.b64c.eef0    DYNAMIC     Gi1/0/8
 399    f40f.1b97.324c    STATIC      Vl399 
 401    90ac.3f00.2339    DYNAMIC     Gi1/0/1
 401    f40f.1b97.326f    STATIC      Vl401 
 480    001c.7f22.249e    DYNAMIC     Gi1/0/21
 480    f40f.1b97.325b    STATIC      Vl480 
 501    f40f.1b97.3276    STATIC      Vl501 
 901    0020.85fd.eb5f    DYNAMIC     Gi1/0/22
 901    f40f.1b97.3248    STATIC      Vl901 
Total Mac Addresses for this criterion: 30
STHX-01-SW1#Show int | inc (rops|otoc)
Vlan1 is administratively down, line protocol is down 
  Input queue: 0/75/0/0 (size/max/drops/flushes); Total output drops: 0
     0 unknown protocol drops
Vlan399 is up, line protocol is up 
  Input queue: 0/75/0/0 (size/max/drops/flushes); Total output drops: 0
     0 unknown protocol drops
Vlan401 is up, line protocol is up 
  Input queue: 0/75/0/0 (size/max/drops/flushes); Total output drops: 0
     1330916 unknown protocol drops
Vlan480 is up, line protocol is up 
  Input queue: 0/75/0/0 (size/max/drops/flushes); Total output drops: 0
     0 unknown protocol drops
Vlan501 is up, line protocol is up 
  Input queue: 0/75/0/0 (size/max/drops/flushes); Total output drops: 0
     0 unknown protocol drops
Vlan901 is up, line protocol is up 
  Input queue: 0/75/0/0 (size/max/drops/flushes); Total output drops: 0
     0 unknown protocol drops
GigabitEthernet0/0 is down, line protocol is down 
  Input queue: 0/75/0/0 (size/max/drops/flushes); Total output drops: 0
     0 unknown protocol drops
GigabitEthernet1/0/1 is up, line protocol is up (connected) 
  Input queue: 0/2000/0/0 (size/max/drops/flushes); Total output drops: 0
     0 unknown protocol drops
GigabitEthernet1/0/2 is down, line protocol is down (err-disabled) 
  Input queue: 0/2000/0/0 (size/max/drops/flushes); Total output drops: 303600
     0 unknown protocol drops
GigabitEthernet1/0/3 is down, line protocol is down (notconnect) 
  Input queue: 0/2000/0/0 (size/max/drops/flushes); Total output drops: 34845809
     0 unknown protocol drops
GigabitEthernet1/0/4 is down, line protocol is down (notconnect) 
  Input queue: 0/2000/0/0 (size/max/drops/flushes); Total output drops: 381913321
     0 unknown protocol drops
GigabitEthernet1/0/5 is down, line protocol is down (notconnect) 
  Input queue: 0/2000/0/0 (size/max/drops/flushes); Total output drops: 0
     0 unknown protocol drops
GigabitEthernet1/0/6 is down, line protocol is down (err-disabled) 
  Input queue: 0/2000/0/0 (size/max/drops/flushes); Total output drops: 256542
     0 unknown protocol drops
GigabitEthernet1/0/7 is down, line protocol is down (notconnect) 
  Input queue: 0/2000/0/0 (size/max/drops/flushes); Total output drops: 0
     0 unknown protocol drops
GigabitEthernet1/0/8 is up, line protocol is up (connected) 
  Input queue: 0/2000/0/0 (size/max/drops/flushes); Total output drops: 0
     0 unknown protocol drops
GigabitEthernet1/0/9 is down, line protocol is down (notconnect) 
  Input queue: 0/2000/0/0 (size/max/drops/flushes); Total output drops: 11634721
     0 unknown protocol drops
GigabitEthernet1/0/10 is down, line protocol is down (notconnect) 
  Input queue: 0/2000/0/0 (size/max/drops/flushes); Total output drops: 0
     0 unknown protocol drops
GigabitEthernet1/0/11 is down, line protocol is down (notconnect) 
  Input queue: 0/2000/0/0 (size/max/drops/flushes); Total output drops: 0
     0 unknown protocol drops
GigabitEthernet1/0/12 is down, line protocol is down (notconnect) 
  Input queue: 0/2000/0/0 (size/max/drops/flushes); Total output drops: 0
     0 unknown protocol drops
GigabitEthernet1/0/13 is down, line protocol is down (err-disabled) 
  Input queue: 0/2000/0/0 (size/max/drops/flushes); Total output drops: 0
     0 unknown protocol drops
GigabitEthernet1/0/14 is down, line protocol is down (notconnect) 
  Input queue: 0/2000/0/0 (size/max/drops/flushes); Total output drops: 0
     0 unknown protocol drops
GigabitEthernet1/0/15 is down, line protocol is down (notconnect) 
  Input queue: 0/2000/0/0 (size/max/drops/flushes); Total output drops: 0
     0 unknown protocol drops
GigabitEthernet1/0/16 is down, line protocol is down (notconnect) 
  Input queue: 0/2000/0/0 (size/max/drops/flushes); Total output drops: 0
     0 unknown protocol drops
GigabitEthernet1/0/17 is down, line protocol is down (notconnect) 
  Input queue: 0/2000/0/0 (size/max/drops/flushes); Total output drops: 0
     0 unknown protocol drops
GigabitEthernet1/0/18 is down, line protocol is down (notconnect) 
  Input queue: 0/2000/0/0 (size/max/drops/flushes); Total output drops: 0
     0 unknown protocol drops
GigabitEthernet1/0/19 is down, line protocol is down (notconnect) 
  Input queue: 0/2000/0/0 (size/max/drops/flushes); Total output drops: 0
     0 unknown protocol drops
GigabitEthernet1/0/20 is down, line protocol is down (notconnect) 
  Input queue: 0/2000/0/0 (size/max/drops/flushes); Total output drops: 0
     0 unknown protocol drops
GigabitEthernet1/0/21 is up, line protocol is up (connected) 
  Input queue: 0/2000/0/0 (size/max/drops/flushes); Total output drops: 0
     0 unknown protocol drops
GigabitEthernet1/0/22 is up, line protocol is up (connected) 
  Input queue: 0/2000/0/0 (size/max/drops/flushes); Total output drops: 0
     0 unknown protocol drops
GigabitEthernet1/0/23 is up, line protocol is up (connected) 
  Input queue: 0/75/0/0 (size/max/drops/flushes); Total output drops: 0
     0 unknown protocol drops
GigabitEthernet1/0/24 is down, line protocol is down (notconnect) 
  Input queue: 0/2000/0/0 (size/max/drops/flushes); Total output drops: 0
     0 unknown protocol drops
GigabitEthernet1/1/1 is up, line protocol is up (connected) 
  Input queue: 0/75/0/0 (size/max/drops/flushes); Total output drops: 0
     0 unknown protocol drops
GigabitEthernet1/1/2 is down, line protocol is down (notconnect) 
  Input queue: 0/2000/0/0 (size/max/drops/flushes); Total output drops: 0
     0 unknown protocol drops
GigabitEthernet1/1/3 is down, line protocol is down (notconnect) 
  Input queue: 0/2000/0/0 (size/max/drops/flushes); Total output drops: 0
     0 unknown protocol drops
GigabitEthernet1/1/4 is down, line protocol is down (notconnect) 
  Input queue: 0/2000/0/0 (size/max/drops/flushes); Total output drops: 0
     0 unknown protocol drops
Loopback1 is up, line protocol is up 
  Input queue: 0/75/0/0 (size/max/drops/flushes); Total output drops: 0
     0 unknown protocol drops
Loopback161 is up, line protocol is up 
  Input queue: 0/75/0/0 (size/max/drops/flushes); Total output drops: 0
     0 unknown protocol drops
Tunnel0 is up, line protocol is up 
  Tunnel protocol/transport PIM/IPv4
  Input queue: 0/75/0/0 (size/max/drops/flushes); Total output drops: 0
     0 unknown protocol drops
Tunnel1 is up, line protocol is up 
  Tunnel protocol/transport PIM/IPv4
  Input queue: 0/75/0/0 (size/max/drops/flushes); Total output drops: 0
     0 unknown protocol drops
STHX-01-SW1#Show run
Building configuration...

Current configuration : 20837 bytes
!
! Last configuration change at 17:12:08 WST Thu Dec 14 2017 by n040303
! NVRAM config last updated at 17:12:10 WST Thu Dec 14 2017 by n040303
!
version 15.2
no service pad
service tcp-keepalives-in
service tcp-keepalives-out
service timestamps debug datetime msec localtime show-timezone
service timestamps log datetime msec localtime show-timezone
service password-encryption
service compress-config
!
hostname STHX-01-SW1
!
boot-start-marker
boot-end-marker
!
!
vrf definition Mgmt-vrf
 !
 address-family ipv4
 exit-address-family
 !
 address-family ipv6
 exit-address-family
!
logging buffered 64000
enable secret 5 $1$RBER$bwVT2io3tdmY/0WJBSB1/.
!
username westernpower privilege 15 secret 5 $1$r.tK$gSmgqkY7/TqMtEMoIz2y41
username anthonylam privilege 15 secret 5 $1$wD7G$OjgQFLK/dWDpLPV6DqtX1/
aaa new-model
!
!
aaa authentication banner ^C
 ********************************************************************
 *             Please enter your username and password.             *
 ********************************************************************
^C
aaa authentication fail-message ^C
 ********************************************************************
 *      The supplied Username and/or Password is not valid.         *
 *  This failed login attempt has been recorded for audit purposes. *
 ********************************************************************
^C
aaa authentication login default group radius enable
aaa authentication login console enable
aaa authorization exec default if-authenticated 
aaa accounting send stop-record authentication failure
aaa accounting exec default start-stop group radius
!
!
!
!
!
!
aaa session-id common
clock timezone WST 8 0
switch 1 provision ws-c3650-24ps
!
!
!
!
!
ip routing
!
ip multicast-routing 
no ip domain-lookup
ip domain-name ads.westernpower.com.au
ip dhcp snooping vlan 1,401,501
no ip dhcp snooping information option
ip dhcp snooping
!
!
login on-failure log
login on-success log
qos queue-softmax-multiplier 100
vtp domain STHX
vtp mode transparent
udld enable

!
table-map policed-dscp
 map from  0 to 8
 map from  10 to 8
 map from  18 to 8
 map from  24 to 8
 map from  46 to 8
 default copy
table-map AutoQos-4.0-Trust-Dscp-Table
 default copy
!
!
crypto pki trustpoint TP-self-signed-1028303123
 enrollment selfsigned
 subject-name cn=IOS-Self-Signed-Certificate-1028303123
 revocation-check none
 rsakeypair TP-self-signed-1028303123
!
!
crypto pki certificate chain TP-self-signed-1028303123
 certificate self-signed 01
  3082023E 308201A7 A0030201 02020101 300D0609 2A864886 F70D0101 04050030 
  31312F30 2D060355 04031326 494F532D 53656C66 2D536967 6E65642D 43657274 
  69666963 6174652D 31303238 33303331 3233301E 170D3134 31303133 30323237 
  30395A17 0D323030 31303130 30303030 305A3031 312F302D 06035504 03132649 
  4F532D53 656C662D 5369676E 65642D43 65727469 66696361 74652D31 30323833 
  30333132 3330819F 300D0609 2A864886 F70D0101 01050003 818D0030 81890281 
  8100A818 5A84295D FD3D3E79 8C6876A5 9882809B 5D9EC50F 6F9B3B81 AD14CFD3 
  6AE45384 3E8C7984 1C3F45ED B4860BFE F2C64A4D 0DADB7D4 9806BB8E 3687BCB5 
  8507607F 5D8FE0D8 2D258E94 40E9BAE4 3D44A593 E2B7AD06 A16342F5 3999ECBA 
  C06C24C5 9A2A2CB6 34BAA20D B740A938 C71C50D4 CD66A972 918B2329 A434B224 
  A3350203 010001A3 66306430 0F060355 1D130101 FF040530 030101FF 30110603 
  551D1104 0A300882 06537769 74636830 1F060355 1D230418 30168014 18793834 
  64F3C635 2C54E2D9 848B9776 F6469841 301D0603 551D0E04 16041418 79383464 
  F3C6352C 54E2D984 8B9776F6 46984130 0D06092A 864886F7 0D010104 05000381 
  810013FD 4A7BE7C7 83F66E2D 187414FD 2C39EF57 147FF825 9F149C68 AC260017 
  BEEDBE22 353347BB 73582978 8BACCC1F 59454536 056BAACC 6ABD8376 3F987C90 
  E9759048 B58B5327 5B71E1C2 70A2583C 10FD7C62 93E89935 6FCE12ED 5038E732 
  33E889A6 C7CD6260 9D80F265 E95B9472 43FBC6F3 1D218015 F59FC26A 2DFE9091 5684
  	quit
errdisable recovery cause udld
errdisable recovery interval 60
diagnostic bootup level minimal
!
spanning-tree mode rapid-pvst
spanning-tree portfast bpduguard default
spanning-tree extend system-id
hw-switch switch 1 logging onboard message level 3
!
redundancy
 mode sso
!
!
vlan 399
 name STEELHEAD_MANAGEMENT
!
vlan 401
 name USER_DATA_VLAN
!
vlan 480
 name SECURITY
!
vlan 501
 name USER_VOICE_VLAN
!
vlan 901
 name ANCILLIARY_MANAGEMENT
!
!
class-map match-any AutoQos-4.0-Output-Multimedia-Conf-Queue
 match dscp af41  af42  af43 
 match cos  4 
class-map match-any AutoQos-4.0-Output-Bulk-Data-Queue
 match dscp af11  af12  af13 
 match cos  1 
class-map match-any AutoQos-4.0-Output-Priority-Queue
 match dscp cs4  cs5  ef 
 match cos  5 
class-map match-any AutoQos-4.0-Output-Multimedia-Strm-Queue
 match dscp af31  af32  af33 
class-map match-any AutoQos-4.0-Voip-Data-CiscoPhone-Class
 match cos  5 
class-map match-any AutoQos-4.0-Voip-Signal-CiscoPhone-Class
 match cos  3 
class-map match-any non-client-nrt-class
class-map match-any AutoQos-4.0-Default-Class
 match access-group name AutoQos-4.0-Acl-Default
class-map match-any AutoQos-4.0-Output-Trans-Data-Queue
 match dscp af21  af22  af23 
 match cos  2 
class-map match-any AutoQos-4.0-Output-Scavenger-Queue
 match dscp cs1 
class-map match-any AutoQos-4.0-Output-Control-Mgmt-Queue
 match dscp cs2  cs3  cs6  cs7 
 match cos  3 
!
policy-map port_child_policy
 class non-client-nrt-class
  bandwidth remaining ratio 10
policy-map AutoQos-4.0-Output-Policy
 class AutoQos-4.0-Output-Priority-Queue
  priority level 1 percent 30
 class AutoQos-4.0-Output-Control-Mgmt-Queue
  bandwidth remaining percent 10 
  queue-limit dscp cs2 percent 80
  queue-limit dscp cs3 percent 90
  queue-limit dscp cs6 percent 100
  queue-limit dscp cs7 percent 100
  queue-buffers ratio 10
 class AutoQos-4.0-Output-Multimedia-Conf-Queue
  bandwidth remaining percent 10 
  queue-buffers ratio 10
 class AutoQos-4.0-Output-Trans-Data-Queue
  bandwidth remaining percent 10 
  queue-buffers ratio 10
 class AutoQos-4.0-Output-Bulk-Data-Queue
  bandwidth remaining percent 4 
  queue-buffers ratio 10
 class AutoQos-4.0-Output-Scavenger-Queue
  bandwidth remaining percent 1 
  queue-buffers ratio 10
 class AutoQos-4.0-Output-Multimedia-Strm-Queue
  bandwidth remaining percent 10 
  queue-buffers ratio 10
 class class-default
  bandwidth remaining percent 25 
  queue-buffers ratio 25
policy-map AutoQos-4.0-Trust-Dscp-Input-Policy
 class class-default
  set dscp dscp table AutoQos-4.0-Trust-Dscp-Table
policy-map AutoQos-4.0-CiscoPhone-Input-Policy
 class AutoQos-4.0-Voip-Data-CiscoPhone-Class
  set dscp ef
  police cir 128000 bc 8000
   conform-action transmit 
   exceed-action set-dscp-transmit dscp table policed-dscp
 class AutoQos-4.0-Voip-Signal-CiscoPhone-Class
  set dscp cs3
  police cir 32000 bc 8000
   conform-action transmit 
   exceed-action set-dscp-transmit dscp table policed-dscp
 class AutoQos-4.0-Default-Class
  set dscp default
!
! 
!
!
!
!
!
!
!
!
!
!
!
!
interface Loopback1
 description T1 management interface
 ip address 10.92.240.5 255.255.255.255
 ip mtu 1500
!
interface Loopback161
 description *** Anycast RP Address ONLY ***
 ip address 10.92.240.24 255.255.255.255
 ip mtu 1500
 ip pim sparse-mode
!
interface GigabitEthernet0/0
 vrf forwarding Mgmt-vrf
 no ip address
 negotiation auto
!
interface GigabitEthernet1/0/1
 switchport access vlan 401
 switchport mode access
 switchport voice vlan 501
 trust device cisco-phone
 auto qos voip cisco-phone 
 spanning-tree portfast
 service-policy input AutoQos-4.0-CiscoPhone-Input-Policy
 service-policy output AutoQos-4.0-Output-Policy
 ip dhcp snooping limit rate 20
!
interface GigabitEthernet1/0/2
 switchport access vlan 401
 switchport mode access
 switchport voice vlan 501
 trust device cisco-phone
 auto qos voip cisco-phone 
 spanning-tree portfast
 service-policy input AutoQos-4.0-CiscoPhone-Input-Policy
 service-policy output AutoQos-4.0-Output-Policy
 ip dhcp snooping limit rate 20
!
interface GigabitEthernet1/0/3
 switchport access vlan 401
 switchport mode access
 switchport voice vlan 501
 trust device cisco-phone
 auto qos voip cisco-phone 
 spanning-tree portfast
 service-policy input AutoQos-4.0-CiscoPhone-Input-Policy
 service-policy output AutoQos-4.0-Output-Policy
 ip dhcp snooping limit rate 20
!
interface GigabitEthernet1/0/4
 switchport access vlan 401
 switchport mode access
 switchport voice vlan 501
 trust device cisco-phone
 auto qos voip cisco-phone 
 spanning-tree portfast
 service-policy input AutoQos-4.0-CiscoPhone-Input-Policy
 service-policy output AutoQos-4.0-Output-Policy
 ip dhcp snooping limit rate 20
!
interface GigabitEthernet1/0/5
 switchport access vlan 401
 switchport mode access
 switchport voice vlan 501
 trust device cisco-phone
 auto qos voip cisco-phone 
 spanning-tree portfast
 service-policy input AutoQos-4.0-CiscoPhone-Input-Policy
 service-policy output AutoQos-4.0-Output-Policy
 ip dhcp snooping limit rate 20
!
interface GigabitEthernet1/0/6
 switchport access vlan 401
 switchport mode access
 switchport voice vlan 501
 trust device cisco-phone
 auto qos voip cisco-phone 
 spanning-tree portfast
 service-policy input AutoQos-4.0-CiscoPhone-Input-Policy
 service-policy output AutoQos-4.0-Output-Policy
 ip dhcp snooping limit rate 20
!
interface GigabitEthernet1/0/7
 switchport access vlan 401
 switchport mode access
 switchport voice vlan 501
 trust device cisco-phone
 auto qos voip cisco-phone 
 spanning-tree portfast
 service-policy input AutoQos-4.0-CiscoPhone-Input-Policy
 service-policy output AutoQos-4.0-Output-Policy
 ip dhcp snooping limit rate 20
!
interface GigabitEthernet1/0/8
 description STEELHEAD_PRIMARY
 switchport access vlan 399
 switchport mode access
 switchport voice vlan 501
 trust device cisco-phone
 auto qos voip cisco-phone 
 spanning-tree portfast
 service-policy input AutoQos-4.0-CiscoPhone-Input-Policy
 service-policy output AutoQos-4.0-Output-Policy
!
interface GigabitEthernet1/0/9
 switchport access vlan 401
 switchport mode access
 switchport voice vlan 501
 trust device cisco-phone
 auto qos voip cisco-phone 
 spanning-tree portfast
 service-policy input AutoQos-4.0-CiscoPhone-Input-Policy
 service-policy output AutoQos-4.0-Output-Policy
 ip dhcp snooping limit rate 20
!
interface GigabitEthernet1/0/10
 switchport access vlan 401
 switchport mode access
 switchport voice vlan 501
 trust device cisco-phone
 auto qos voip cisco-phone 
 spanning-tree portfast
 service-policy input AutoQos-4.0-CiscoPhone-Input-Policy
 service-policy output AutoQos-4.0-Output-Policy
 ip dhcp snooping limit rate 20
!
interface GigabitEthernet1/0/11
 switchport access vlan 401
 switchport mode access
 switchport voice vlan 501
 trust device cisco-phone
 auto qos voip cisco-phone 
 spanning-tree portfast
 service-policy input AutoQos-4.0-CiscoPhone-Input-Policy
 service-policy output AutoQos-4.0-Output-Policy
 ip dhcp snooping limit rate 20
!
interface GigabitEthernet1/0/12
 switchport access vlan 401
 switchport mode access
 switchport voice vlan 501
 trust device cisco-phone
 auto qos voip cisco-phone 
 spanning-tree portfast
 service-policy input AutoQos-4.0-CiscoPhone-Input-Policy
 service-policy output AutoQos-4.0-Output-Policy
 ip dhcp snooping limit rate 20
!
interface GigabitEthernet1/0/13
 switchport access vlan 401
 switchport mode access
 switchport voice vlan 501
 trust device cisco-phone
 auto qos voip cisco-phone 
 spanning-tree portfast
 service-policy input AutoQos-4.0-CiscoPhone-Input-Policy
 service-policy output AutoQos-4.0-Output-Policy
 ip dhcp snooping limit rate 20
!
interface GigabitEthernet1/0/14
 switchport access vlan 401
 switchport mode access
 switchport voice vlan 501
 trust device cisco-phone
 auto qos voip cisco-phone 
 spanning-tree portfast
 service-policy input AutoQos-4.0-CiscoPhone-Input-Policy
 service-policy output AutoQos-4.0-Output-Policy
 ip dhcp snooping limit rate 20
!
interface GigabitEthernet1/0/15
 switchport access vlan 401
 switchport mode access
 switchport voice vlan 501
 trust device cisco-phone
 auto qos voip cisco-phone 
 spanning-tree portfast
 service-policy input AutoQos-4.0-CiscoPhone-Input-Policy
 service-policy output AutoQos-4.0-Output-Policy
 ip dhcp snooping limit rate 20
!
interface GigabitEthernet1/0/16
 switchport access vlan 401
 switchport mode access
 switchport voice vlan 501
 trust device cisco-phone
 auto qos voip cisco-phone 
 spanning-tree portfast
 service-policy input AutoQos-4.0-CiscoPhone-Input-Policy
 service-policy output AutoQos-4.0-Output-Policy
 ip dhcp snooping limit rate 20
!
interface GigabitEthernet1/0/17
 switchport access vlan 401
 switchport mode access
 switchport voice vlan 501
 trust device cisco-phone
 auto qos voip cisco-phone 
 spanning-tree portfast
 service-policy input AutoQos-4.0-CiscoPhone-Input-Policy
 service-policy output AutoQos-4.0-Output-Policy
 ip dhcp snooping limit rate 20
!
interface GigabitEthernet1/0/18
 switchport access vlan 401
 switchport mode access
 switchport voice vlan 501
 trust device cisco-phone
 auto qos voip cisco-phone 
 spanning-tree portfast
 service-policy input AutoQos-4.0-CiscoPhone-Input-Policy
 service-policy output AutoQos-4.0-Output-Policy
 ip dhcp snooping limit rate 20
!
interface GigabitEthernet1/0/19
 switchport access vlan 401
 switchport mode access
 switchport voice vlan 501
 trust device cisco-phone
 auto qos voip cisco-phone 
 spanning-tree portfast
 service-policy input AutoQos-4.0-CiscoPhone-Input-Policy
 service-policy output AutoQos-4.0-Output-Policy
 ip dhcp snooping limit rate 20
!
interface GigabitEthernet1/0/20
 switchport access vlan 401
 switchport mode access
 switchport voice vlan 501
 trust device cisco-phone
 auto qos voip cisco-phone 
 spanning-tree portfast
 service-policy input AutoQos-4.0-CiscoPhone-Input-Policy
 service-policy output AutoQos-4.0-Output-Policy
 ip dhcp snooping limit rate 20
!
interface GigabitEthernet1/0/21
 description Cardex access
 switchport access vlan 480
 switchport mode access
 spanning-tree portfast
 spanning-tree bpduguard enable
!
interface GigabitEthernet1/0/22
 description Southern Cross-UPS
 switchport access vlan 901
 switchport mode access
 spanning-tree portfast
!
interface GigabitEthernet1/0/23
 description sthx-01-r1 SH_LAN0_0
 no switchport
 ip address 10.92.242.2 255.255.255.248
 ip pim sparse-mode
 ip summary-address eigrp 92 10.92.0.0 255.255.128.0
 ip summary-address eigrp 92 10.92.128.0 255.255.128.0
 auto qos trust 
 service-policy input AutoQos-4.0-Trust-Dscp-Input-Policy
 service-policy output AutoQos-4.0-Output-Policy
!
interface GigabitEthernet1/0/24
 switchport access vlan 401
 switchport mode access
 switchport voice vlan 501
 trust device cisco-phone
 auto qos voip cisco-phone 
 spanning-tree portfast
 service-policy input AutoQos-4.0-CiscoPhone-Input-Policy
 service-policy output AutoQos-4.0-Output-Policy
 ip dhcp snooping limit rate 20
!
interface GigabitEthernet1/1/1
 description sthx-c02p-sw1 Gi0/10
 no switchport
 ip address 10.92.242.9 255.255.255.252
 ip pim sparse-mode
 auto qos trust 
 service-policy input AutoQos-4.0-Trust-Dscp-Input-Policy
 service-policy output AutoQos-4.0-Output-Policy
!
interface GigabitEthernet1/1/2
 ip dhcp snooping limit rate 20
!
interface GigabitEthernet1/1/3
 ip dhcp snooping limit rate 20
!
interface GigabitEthernet1/1/4
 ip dhcp snooping limit rate 20
!
interface Vlan1
 no ip address
 shutdown
!
interface Vlan399
 description STEELHEAD_MANAGEMENT
 ip address 10.92.241.1 255.255.255.248
!
interface Vlan401
 description T1 data
 ip address 10.92.64.1 255.255.255.0
 ip helper-address 10.19.0.66
 ip helper-address 10.21.0.66
 ip helper-address 10.19.1.18
 ip directed-broadcast 5
!
interface Vlan480
 description SECURITY
 ip address 10.92.224.1 255.255.255.0
!
interface Vlan501
 description T1 voice
 ip address 10.92.128.1 255.255.255.0
 ip helper-address 10.19.0.66
 ip helper-address 10.21.0.66
!
interface Vlan901
 description Ancilliary Device Management
 ip address 10.92.254.1 255.255.255.0
!
!
router eigrp 92
 network 10.0.0.0
 passive-interface default
 no passive-interface GigabitEthernet1/0/23
 eigrp router-id 10.92.240.5
 eigrp stub connected static summary
!
ip forward-protocol nd
ip pim rp-address 10.92.240.24
no ip http server
ip http authentication local
no ip http secure-server
ip route 10.92.65.0 255.255.255.0 10.92.242.10
ip route 10.92.129.0 255.255.255.0 10.92.242.10
ip route 10.92.240.6 255.255.255.255 10.92.242.10
ip ssh version 2
!
ip access-list standard APIC_EM
 remark --- APIC-EM Appliance ---
 permit 10.25.253.10
 deny   any
ip access-list standard NSG_TELNET_SSH
 permit 146.195.81.24
 remark --- Nimsoft/CatTools Server Natted IP ---
 permit 146.195.81.25
 remark --- Nimsoft/CatTools Server ---
 permit 10.19.7.62
 remark --- HO Jumphost ---
 permit 172.30.0.10
 remark --- APIC EM - Controller ---
 permit 10.25.253.10
 permit 10.19.12.234
 remark --- Twister - OLD and NEW IP ---
 permit 146.195.135.0 0.0.0.127
 remark --- IT Subnet on Lvl2E ---
 permit 10.19.60.0 0.0.0.255
 remark --- SEAL WAN Subnet ---
 permit 10.250.250.0 0.0.0.255
 remark --- GWIP HO WAN Subnet ---
 permit 10.19.250.0 0.0.0.7
 remark --- Management Loopback subnet ---
 permit 10.0.240.0 0.255.0.255
 remark --- Empired Management Subnet ---
 permit 172.30.160.0 0.0.0.15
 remark --- Deny Anything Else ---
 deny   any log
ip access-list standard RO_SNMP
 remark --- Solarwinds Syslog Server ---
 permit 10.19.7.46
 remark --- Empired Management Subnet ---
 permit 172.30.160.0 0.0.0.255
 remark --- IT Subnet on Lvl2E ---
 permit 10.19.60.0 0.0.0.255
 deny   any
ip access-list standard RW_SNMP
 remark ---allow NNMi---
 permit 172.30.160.10
 deny   any
!
ip access-list extended AutoQos-4.0-Acl-Default
 permit ip any any
!
ip radius source-interface Loopback1 
logging trap debugging
logging source-interface Loopback1
logging host 10.19.7.46
logging host 172.30.160.10
logging host 172.30.161.10
access-list 5 permit 10.19.1.17 log
access-list 5 remark CSC Zetta - Allow Remote wakeup PC's
access-list 5 permit 10.19.7.49 log
access-list 5 permit 10.19.1.138 log
access-list 5 permit 10.19.1.134 log
!
snmp-server community eb6cIzuB RO RO_SNMP
snmp-server community Sp7ZyvwQ RW RW_SNMP
snmp-server community fc7cJzuC RO APIC_EM
snmp-server community gd8cKzuD RW APIC_EM
snmp-server location STHX T1
snmp-server contact Western Power IT Network
snmp ifmib ifindex persist
radius-server host 10.19.1.113
radius-server host 10.21.0.24
radius-server key 7 06454B015956270123121B1D4D0C1E091D3A34363B2A56535119405642787614142D477E0D61696452474D76112A7B13554A1623781E080D1B65620C37160D432B
radius-server load-balance method least-outstanding
!
!
!
banner exec ^C
 ********************************************************************
 * You are now logged into: WP                                      *
 * All activity is being logged for review by System Administrators *
 ********************************************************************
^C
banner login ^C
 ********************************************************************
 * [WARNING]                                                        *
 *                                                                  *
 * This system belongs to a private organisation. If you are not    *
 * authorised to access this system, exit immediately.              *
 * Unauthorised access to this system is forbidden by company       *
 * policies, national, and international laws.                      *
 * Unauthorised users are subject to criminal and civil penalties   *
 * as well as company initiated disciplinary proceedings.           *
 * By entry into this system you acknowledge that you are           *
 * authorised access and the level of privilege you subsequently    *
 * execute on this system. You further acknowledge that by entry    *
 * into this system you expect no privacy from monitoring.          *
 *                                                                  *
 *        ALL ACCESS TO THIS SYSTEM IS MONITORED AND LOGGED         *
 *                                                                  *
 ********************************************************************
^C
!
line con 0
 stopbits 1
line aux 0
 stopbits 1
line vty 0 4
 access-class NSG_TELNET_SSH in
 exec-timeout 15 0
 logging synchronous
 length 0
 transport input ssh
line vty 5 15
 access-class NSG_TELNET_SSH in
 exec-timeout 15 0
 logging synchronous
 length 0
 transport input ssh
!
ntp server 146.195.128.175
wsma agent exec
 profile httplistener
 profile httpslistener
!
wsma agent config
 profile httplistener
 profile httpslistener
!
wsma agent filesys
 profile httplistener
 profile httpslistener
!
wsma agent notify
 profile httplistener
 profile httpslistener
!
!
wsma profile listener httplistener
 transport http
!
wsma profile listener httpslistener
 transport https
!
ap group default-group
end

STHX-01-SW1#Show ver
Cisco IOS Software, IOS-XE Software, Catalyst L3 Switch Software (CAT3K_CAA-UNIVERSALK9-M), Version 03.06.05E RELEASE SOFTWARE (fc2)
Technical Support: http://www.cisco.com/techsupport
Copyright (c) 1986-2016 by Cisco Systems, Inc.
Compiled Thu 02-Jun-16 09:03 by prod_rel_team



Cisco IOS-XE software, Copyright (c) 2005-2015 by cisco Systems, Inc.
All rights reserved.  Certain components of Cisco IOS-XE software are
licensed under the GNU General Public License ("GPL") Version 2.0.  The
software code licensed under GPL Version 2.0 is free software that comes
with ABSOLUTELY NO WARRANTY.  You can redistribute and/or modify such
GPL code under the terms of GPL Version 2.0.
(http://www.gnu.org/licenses/gpl-2.0.html) For more details, see the
documentation or "License Notice" file accompanying the IOS-XE software,
or the applicable URL provided on the flyer accompanying the IOS-XE
software.



ROM: IOS-XE ROMMON
BOOTLDR: CAT3K_CAA Boot Loader (CAT3K_CAA-HBOOT-M) Version 1.2, RELEASE SOFTWARE (P)

STHX-01-SW1 uptime is 46 weeks, 14 hours, 56 minutes
Uptime for this control processor is 46 weeks, 14 hours, 59 minutes
System returned to ROM by Power Failure
System restarted at 20:27:23 WST Thu Feb 2 2017
System image file is "flash:packages.conf"
Last reload reason: Power Failure



This product contains cryptographic features and is subject to United
States and local country laws governing import, export, transfer and
use. Delivery of Cisco cryptographic products does not imply
third-party authority to import, export, distribute or use encryption.
Importers, exporters, distributors and users are responsible for
compliance with U.S. and local country laws. By using this product you
agree to comply with applicable laws and regulations. If you are unable
to comply with U.S. and local laws, return this product immediately.

A summary of U.S. laws governing Cisco cryptographic products may be found at:
http://www.cisco.com/wwl/export/crypto/tool/stqrg.html

If you require further assistance please contact us by sending email to
export@cisco.com.

License Level: Ipbase
License Type: Permanent
Next reload license Level: Ipbase

cisco WS-C3650-24PS (MIPS) processor with 4194304K bytes of physical memory.
Processor board ID FDO1820Q1D1
6 Virtual Ethernet interfaces
28 Gigabit Ethernet interfaces
2048K bytes of non-volatile configuration memory.
4194304K bytes of physical memory.
250456K bytes of Crash Files at crashinfo:.
1609272K bytes of Flash at flash:.
0K bytes of Dummy USB Flash at usbflash0:.
0K bytes of  at webui:.

Base Ethernet MAC Address          : f4:0f:1b:97:32:00
Motherboard Assembly Number        : 73-15128-05
Motherboard Serial Number          : FDO18200Z2A
Model Revision Number              : A0
Motherboard Revision Number        : A0
Model Number                       : WS-C3650-24PS
System Serial Number               : FDO1820Q1D1


Switch Ports Model              SW Version        SW Image              Mode   
------ ----- -----              ----------        ----------            ----   
*    1 28    WS-C3650-24PS      03.06.05E         cat3k_caa-universalk9 INSTALL


Configuration register is 0x102

STHX-01-SW1#Show ip route
Codes: L - local, C - connected, S - static, R - RIP, M - mobile, B - BGP
       D - EIGRP, EX - EIGRP external, O - OSPF, IA - OSPF inter area 
       N1 - OSPF NSSA external type 1, N2 - OSPF NSSA external type 2
       E1 - OSPF external type 1, E2 - OSPF external type 2
       i - IS-IS, su - IS-IS summary, L1 - IS-IS level-1, L2 - IS-IS level-2
       ia - IS-IS inter area, * - candidate default, U - per-user static route
       o - ODR, P - periodic downloaded static route, H - NHRP, l - LISP
       + - replicated route, % - next hop override

Gateway of last resort is 10.92.242.1 to network 0.0.0.0

D*EX  0.0.0.0/0 [170/2562816] via 10.92.242.1, 5w3d, GigabitEthernet1/0/23
      10.0.0.0/8 is variably subnetted, 149 subnets, 8 masks
D EX     10.18.250.0/29 
           [170/25602816] via 10.92.242.1, 5w5d, GigabitEthernet1/0/23
D EX     10.19.0.0/16 
           [170/2562816] via 10.92.242.1, 5w5d, GigabitEthernet1/0/23
D EX     10.19.240.1/32 
           [170/2562816] via 10.92.242.1, 5w5d, GigabitEthernet1/0/23
D EX     10.19.250.0/29 
           [170/25602816] via 10.92.242.1, 5w5d, GigabitEthernet1/0/23
D EX     10.21.240.1/32 
           [170/5122816] via 10.92.242.1, 5w3d, GigabitEthernet1/0/23
D EX     10.21.250.0/29 
           [170/25602816] via 10.92.242.1, 5w3d, GigabitEthernet1/0/23
D EX     10.25.243.136/30 
           [170/25602816] via 10.92.242.1, 2w5d, GigabitEthernet1/0/23
D EX     10.25.252.0/28 
           [170/25602816] via 10.92.242.1, 2w5d, GigabitEthernet1/0/23
D EX     10.65.0.0/16 
           [170/25602816] via 10.92.242.1, 2w5d, GigabitEthernet1/0/23
D EX     10.65.243.136/30 
           [170/2562816] via 10.92.242.1, 5w5d, GigabitEthernet1/0/23
D EX     10.65.250.0/29 
           [170/25602816] via 10.92.242.1, 5w5d, GigabitEthernet1/0/23
D EX     10.65.252.0/28 
           [170/2562816] via 10.92.242.1, 5w5d, GigabitEthernet1/0/23
D EX     10.66.0.0/16 
           [170/25602816] via 10.92.242.1, 3d23h, GigabitEthernet1/0/23
D EX     10.66.0.0/17 
           [170/25602816] via 10.92.242.1, 5w5d, GigabitEthernet1/0/23
D EX     10.66.128.0/17 
           [170/25602816] via 10.92.242.1, 5w5d, GigabitEthernet1/0/23
D EX     10.66.240.1/32 
           [170/25602816] via 10.92.242.1, 5w5d, GigabitEthernet1/0/23
D EX     10.66.250.0/29 
           [170/25602816] via 10.92.242.1, 5w5d, GigabitEthernet1/0/23
D EX     10.67.0.0/16 
           [170/25602816] via 10.92.242.1, 5w5d, GigabitEthernet1/0/23
D EX     10.67.240.1/32 
           [170/25602816] via 10.92.242.1, 5w5d, GigabitEthernet1/0/23
D EX     10.67.250.0/29 
           [170/25602816] via 10.92.242.1, 5w5d, GigabitEthernet1/0/23
D EX     10.68.0.0/16 
           [170/25602816] via 10.92.242.1, 5w5d, GigabitEthernet1/0/23
D EX     10.68.240.1/32 
           [170/25602816] via 10.92.242.1, 5w5d, GigabitEthernet1/0/23
D EX     10.68.250.0/29 
           [170/25602816] via 10.92.242.1, 5w5d, GigabitEthernet1/0/23
D EX     10.69.0.0/16 
           [170/25602816] via 10.92.242.1, 5w5d, GigabitEthernet1/0/23
D EX     10.69.240.1/32 
           [170/25602816] via 10.92.242.1, 5w5d, GigabitEthernet1/0/23
D EX     10.69.250.0/29 
           [170/25602816] via 10.92.242.1, 5w5d, GigabitEthernet1/0/23
D EX     10.70.0.0/16 
           [170/25602816] via 10.92.242.1, 00:21:21, GigabitEthernet1/0/23
D EX     10.70.0.0/17 
           [170/25602816] via 10.92.242.1, 5w5d, GigabitEthernet1/0/23
D EX     10.70.128.0/17 
           [170/25602816] via 10.92.242.1, 5w5d, GigabitEthernet1/0/23
D EX     10.70.240.1/32 
           [170/25602816] via 10.92.242.1, 5w5d, GigabitEthernet1/0/23
D EX     10.70.250.0/29 
           [170/25602816] via 10.92.242.1, 5w5d, GigabitEthernet1/0/23
D EX     10.71.0.0/16 
           [170/25602816] via 10.92.242.1, 5w5d, GigabitEthernet1/0/23
D EX     10.71.240.1/32 
           [170/25602816] via 10.92.242.1, 5w5d, GigabitEthernet1/0/23
D EX     10.71.250.0/29 
           [170/25602816] via 10.92.242.1, 5w5d, GigabitEthernet1/0/23
D EX     10.72.0.0/16 
           [170/25602816] via 10.92.242.1, 00:00:11, GigabitEthernet1/0/23
D EX     10.72.0.0/17 
           [170/25602816] via 10.92.242.1, 5w5d, GigabitEthernet1/0/23
D EX     10.72.128.0/17 
           [170/25602816] via 10.92.242.1, 5w5d, GigabitEthernet1/0/23
D EX     10.72.240.1/32 
           [170/25602816] via 10.92.242.1, 5w5d, GigabitEthernet1/0/23
D EX     10.72.250.0/29 
           [170/25602816] via 10.92.242.1, 5w5d, GigabitEthernet1/0/23
D EX     10.73.0.0/16 
           [170/25602816] via 10.92.242.1, 5w5d, GigabitEthernet1/0/23
D EX     10.73.240.1/32 
           [170/25602816] via 10.92.242.1, 5w5d, GigabitEthernet1/0/23
D EX     10.73.250.0/29 
           [170/25602816] via 10.92.242.1, 5w5d, GigabitEthernet1/0/23
D EX     10.74.250.0/29 
           [170/25602816] via 10.92.242.1, 5w5d, GigabitEthernet1/0/23
D EX     10.75.0.0/16 
           [170/25602816] via 10.92.242.1, 5w5d, GigabitEthernet1/0/23
D EX     10.75.240.1/32 
           [170/25602816] via 10.92.242.1, 5w5d, GigabitEthernet1/0/23
D EX     10.75.250.0/29 
           [170/25602816] via 10.92.242.1, 5w5d, GigabitEthernet1/0/23
D EX     10.76.0.0/16 
           [170/25602816] via 10.92.242.1, 00:22:05, GigabitEthernet1/0/23
D EX     10.76.0.0/17 
           [170/25602816] via 10.92.242.1, 1w3d, GigabitEthernet1/0/23
D EX     10.76.128.0/17 
           [170/25602816] via 10.92.242.1, 1w3d, GigabitEthernet1/0/23
D EX     10.76.240.1/32 
           [170/25602816] via 10.92.242.1, 4w5d, GigabitEthernet1/0/23
D EX     10.76.250.0/29 
           [170/25602816] via 10.92.242.1, 5w5d, GigabitEthernet1/0/23
D EX     10.77.0.0/16 
           [170/25602816] via 10.92.242.1, 01:28:02, GigabitEthernet1/0/23
D EX     10.77.0.0/17 
           [170/25602816] via 10.92.242.1, 5w1d, GigabitEthernet1/0/23
D EX     10.77.128.0/17 
           [170/25602816] via 10.92.242.1, 5w1d, GigabitEthernet1/0/23
D EX     10.77.250.0/30 
           [170/25602816] via 10.92.242.1, 5w1d, GigabitEthernet1/0/23
D EX     10.78.0.0/16 
           [170/25602816] via 10.92.242.1, 5w5d, GigabitEthernet1/0/23
D EX     10.78.240.1/32 
           [170/25602816] via 10.92.242.1, 5w5d, GigabitEthernet1/0/23
D EX     10.78.250.0/29 
           [170/25602816] via 10.92.242.1, 5w5d, GigabitEthernet1/0/23
D EX     10.79.0.0/16 
           [170/25602816] via 10.92.242.1, 1w2d, GigabitEthernet1/0/23
D EX     10.79.240.1/32 
           [170/25602816] via 10.92.242.1, 2w1d, GigabitEthernet1/0/23
D EX     10.79.250.0/30 
           [170/25602816] via 10.92.242.1, 2w1d, GigabitEthernet1/0/23
D EX     10.80.0.0/16 
           [170/25602816] via 10.92.242.1, 00:00:51, GigabitEthernet1/0/23
D EX     10.80.0.0/17 
           [170/25602816] via 10.92.242.1, 5w5d, GigabitEthernet1/0/23
D EX     10.80.128.0/17 
           [170/25602816] via 10.92.242.1, 5w5d, GigabitEthernet1/0/23
D EX     10.80.240.1/32 
           [170/25602816] via 10.92.242.1, 5w5d, GigabitEthernet1/0/23
D EX     10.80.250.0/30 
           [170/25602816] via 10.92.242.1, 5w5d, GigabitEthernet1/0/23
D EX     10.81.0.0/16 
           [170/25602816] via 10.92.242.1, 00:00:36, GigabitEthernet1/0/23
D EX     10.81.0.0/17 
           [170/25602816] via 10.92.242.1, 5w3d, GigabitEthernet1/0/23
D EX     10.81.128.0/17 
           [170/25602816] via 10.92.242.1, 5w3d, GigabitEthernet1/0/23
D EX     10.81.240.1/32 
           [170/25602816] via 10.92.242.1, 5w3d, GigabitEthernet1/0/23
D EX     10.81.250.0/30 
           [170/25602816] via 10.92.242.1, 5w3d, GigabitEthernet1/0/23
D EX     10.84.0.0/16 
           [170/25602816] via 10.92.242.1, 1d15h, GigabitEthernet1/0/23
D EX     10.84.0.0/17 
           [170/25602816] via 10.92.242.1, 1d15h, GigabitEthernet1/0/23
D EX     10.84.128.0/17 
           [170/25602816] via 10.92.242.1, 1d15h, GigabitEthernet1/0/23
D EX     10.84.240.1/32 
           [170/25602816] via 10.92.242.1, 1d15h, GigabitEthernet1/0/23
D EX     10.84.250.0/30 
           [170/25602816] via 10.92.242.1, 3w1d, GigabitEthernet1/0/23
D EX     10.85.0.0/16 
           [170/25602816] via 10.92.242.1, 00:28:31, GigabitEthernet1/0/23
D EX     10.85.0.0/17 
           [170/25602816] via 10.92.242.1, 2w3d, GigabitEthernet1/0/23
D EX     10.85.128.0/17 
           [170/25602816] via 10.92.242.1, 2w3d, GigabitEthernet1/0/23
D EX     10.85.240.1/32 
           [170/25602816] via 10.92.242.1, 2w3d, GigabitEthernet1/0/23
D EX     10.85.250.0/30 
           [170/25602816] via 10.92.242.1, 2w3d, GigabitEthernet1/0/23
D EX     10.86.0.0/16 
           [170/25602816] via 10.92.242.1, 5w5d, GigabitEthernet1/0/23
D EX     10.86.64.16/30 
           [170/25602816] via 10.92.242.1, 5w5d, GigabitEthernet1/0/23
D EX     10.86.64.20/30 
           [170/25602816] via 10.92.242.1, 5w5d, GigabitEthernet1/0/23
D EX     10.86.65.16/30 
           [170/25602816] via 10.92.242.1, 5w5d, GigabitEthernet1/0/23
D EX     10.86.65.20/30 
           [170/25602816] via 10.92.242.1, 5w5d, GigabitEthernet1/0/23
D EX     10.86.240.1/32 
           [170/25602816] via 10.92.242.1, 5w5d, GigabitEthernet1/0/23
D EX     10.87.0.0/16 
           [170/25602816] via 10.92.242.1, 00:04:01, GigabitEthernet1/0/23
D EX     10.87.0.0/17 
           [170/25602816] via 10.92.242.1, 5w5d, GigabitEthernet1/0/23
D EX     10.87.128.0/17 
           [170/25602816] via 10.92.242.1, 5w5d, GigabitEthernet1/0/23
D EX     10.87.240.1/32 
           [170/25602816] via 10.92.242.1, 5w5d, GigabitEthernet1/0/23
D EX     10.87.250.0/30 
           [170/25602816] via 10.92.242.1, 5w5d, GigabitEthernet1/0/23
D EX     10.88.0.0/16 
           [170/25602816] via 10.92.242.1, 21:28:08, GigabitEthernet1/0/23
D EX     10.88.0.0/17 
           [170/25602816] via 10.92.242.1, 5w5d, GigabitEthernet1/0/23
D EX     10.88.128.0/17 
           [170/25602816] via 10.92.242.1, 5w5d, GigabitEthernet1/0/23
D EX     10.88.240.1/32 
           [170/25602816] via 10.92.242.1, 5w5d, GigabitEthernet1/0/23
D EX     10.88.250.0/30 
           [170/25602816] via 10.92.242.1, 5w5d, GigabitEthernet1/0/23
D EX     10.89.0.0/16 
           [170/25602816] via 10.92.242.1, 00:31:31, GigabitEthernet1/0/23
D EX     10.89.0.0/17 
           [170/25602816] via 10.92.242.1, 5w5d, GigabitEthernet1/0/23
D EX     10.89.128.0/17 
           [170/25602816] via 10.92.242.1, 5w5d, GigabitEthernet1/0/23
D EX     10.89.240.1/32 
           [170/25602816] via 10.92.242.1, 5w5d, GigabitEthernet1/0/23
D EX     10.89.250.0/30 
           [170/25602816] via 10.92.242.1, 5w5d, GigabitEthernet1/0/23
D EX     10.90.0.0/17 
           [170/25602816] via 10.92.242.1, 2w3d, GigabitEthernet1/0/23
D EX     10.90.128.0/17 
           [170/25602816] via 10.92.242.1, 2w3d, GigabitEthernet1/0/23
D EX     10.90.240.1/32 
           [170/25602816] via 10.92.242.1, 2w3d, GigabitEthernet1/0/23
D EX     10.90.250.0/30 
           [170/25602816] via 10.92.242.1, 2w3d, GigabitEthernet1/0/23
D EX     10.91.0.0/16 
           [170/25602816] via 10.92.242.1, 2w3d, GigabitEthernet1/0/23
D EX     10.91.240.1/32 
           [170/25602816] via 10.92.242.1, 2w3d, GigabitEthernet1/0/23
D EX     10.91.250.0/30 
           [170/25602816] via 10.92.242.1, 2w3d, GigabitEthernet1/0/23
D        10.92.0.0/17 is a summary, 1w3d, Null0
C        10.92.64.0/24 is directly connected, Vlan401
L        10.92.64.1/32 is directly connected, Vlan401
S        10.92.65.0/24 [1/0] via 10.92.242.10
D        10.92.128.0/17 is a summary, 7w0d, Null0
C        10.92.128.0/24 is directly connected, Vlan501
L        10.92.128.1/32 is directly connected, Vlan501
S        10.92.129.0/24 [1/0] via 10.92.242.10
C        10.92.224.0/24 is directly connected, Vlan480
L        10.92.224.1/32 is directly connected, Vlan480
D        10.92.240.1/32 
           [90/130816] via 10.92.242.1, 7w0d, GigabitEthernet1/0/23
C        10.92.240.5/32 is directly connected, Loopback1
S        10.92.240.6/32 [1/0] via 10.92.242.10
C        10.92.240.24/32 is directly connected, Loopback161
C        10.92.241.0/29 is directly connected, Vlan399
L        10.92.241.1/32 is directly connected, Vlan399
C        10.92.242.0/29 is directly connected, GigabitEthernet1/0/23
L        10.92.242.2/32 is directly connected, GigabitEthernet1/0/23
C        10.92.242.8/30 is directly connected, GigabitEthernet1/1/1
L        10.92.242.9/32 is directly connected, GigabitEthernet1/1/1
D        10.92.250.0/30 
           [90/3072256] via 10.92.242.1, 5w5d, GigabitEthernet1/0/23
C        10.92.254.0/24 is directly connected, Vlan901
L        10.92.254.1/32 is directly connected, Vlan901
D EX     10.93.0.0/17 
           [170/25602816] via 10.92.242.1, 5w5d, GigabitEthernet1/0/23
D EX     10.93.128.0/17 
           [170/25602816] via 10.92.242.1, 5w5d, GigabitEthernet1/0/23
D EX     10.93.240.1/32 
           [170/25602816] via 10.92.242.1, 5w5d, GigabitEthernet1/0/23
D EX     10.93.250.0/30 
           [170/25602816] via 10.92.242.1, 5w5d, GigabitEthernet1/0/23
D EX     10.97.0.0/16 
           [170/25602816] via 10.92.242.1, 2w4d, GigabitEthernet1/0/23
D EX     10.97.250.0/29 
           [170/25602816] via 10.92.242.1, 2w4d, GigabitEthernet1/0/23
D EX     10.98.0.0/16 
           [170/25602816] via 10.92.242.1, 01:00:06, GigabitEthernet1/0/23
D EX     10.98.0.0/17 
           [170/25602816] via 10.92.242.1, 5w5d, GigabitEthernet1/0/23
D EX     10.98.128.0/17 
           [170/25602816] via 10.92.242.1, 5w5d, GigabitEthernet1/0/23
D EX     10.98.250.0/29 
           [170/25602816] via 10.92.242.1, 5w5d, GigabitEthernet1/0/23
D EX     10.107.250.0/29 
           [170/25602816] via 10.92.242.1, 5w5d, GigabitEthernet1/0/23
D EX     10.110.0.0/16 
           [170/25602816] via 10.92.242.1, 3w4d, GigabitEthernet1/0/23
D EX     10.110.240.1/32 
           [170/25602816] via 10.92.242.1, 3w4d, GigabitEthernet1/0/23
D EX     10.110.250.0/29 
           [170/25602816] via 10.92.242.1, 5w5d, GigabitEthernet1/0/23
D EX     10.248.250.0/25 
           [170/25602816] via 10.92.242.1, 5w5d, GigabitEthernet1/0/23
D EX     10.248.250.128/25 
           [170/25602816] via 10.92.242.1, 5w5d, GigabitEthernet1/0/23
D EX     10.252.252.0/24 
           [170/25602816] via 10.92.242.1, 2w5d, GigabitEthernet1/0/23
      30.0.0.0/29 is subnetted, 1 subnets
D EX     30.20.57.120 
           [170/25602816] via 10.92.242.1, 5w5d, GigabitEthernet1/0/23
      144.140.0.0/16 is variably subnetted, 14 subnets, 3 masks
D EX     144.140.162.40/29 
           [170/25602816] via 10.92.242.1, 5w5d, GigabitEthernet1/0/23
D EX     144.140.162.48/28 
           [170/25602816] via 10.92.242.1, 5w5d, GigabitEthernet1/0/23
D EX     144.140.162.80/28 
           [170/25602816] via 10.92.242.1, 5w5d, GigabitEthernet1/0/23
D EX     144.140.181.80/28 
           [170/25602816] via 10.92.242.1, 5w5d, GigabitEthernet1/0/23
D EX     144.140.201.1/32 
           [170/25602816] via 10.92.242.1, 2w3d, GigabitEthernet1/0/23
D EX     144.140.201.2/32 
           [170/25602816] via 10.92.242.1, 2w3d, GigabitEthernet1/0/23
D EX     144.140.201.3/32 
           [170/25602816] via 10.92.242.1, 2w3d, GigabitEthernet1/0/23
D EX     144.140.201.16/28 
           [170/25602816] via 10.92.242.1, 2w3d, GigabitEthernet1/0/23
D EX     144.140.208.16/29 
           [170/25602816] via 10.92.242.1, 5w5d, GigabitEthernet1/0/23
D EX     144.140.208.32/28 
           [170/25602816] via 10.92.242.1, 5w5d, GigabitEthernet1/0/23
D EX     144.140.208.80/28 
           [170/25602816] via 10.92.242.1, 5w5d, GigabitEthernet1/0/23
D EX     144.140.218.96/28 
           [170/25602816] via 10.92.242.1, 5w5d, GigabitEthernet1/0/23
D EX     144.140.222.32/28 
           [170/25602816] via 10.92.242.1, 5w5d, GigabitEthernet1/0/23
D EX     144.140.224.32/28 
           [170/25602816] via 10.92.242.1, 5w5d, GigabitEthernet1/0/23
      146.195.0.0/16 is variably subnetted, 6 subnets, 4 masks
D EX     146.195.21.0/29 
           [170/25602816] via 10.92.242.1, 2w5d, GigabitEthernet1/0/23
D EX     146.195.30.0/24 
           [170/25602816] via 10.92.242.1, 2w5d, GigabitEthernet1/0/23
D EX     146.195.31.0/24 
           [170/25602816] via 10.92.242.1, 2w5d, GigabitEthernet1/0/23
D EX     146.195.39.0/24 
           [170/25602816] via 10.92.242.1, 2w5d, GigabitEthernet1/0/23
D EX     146.195.180.0/22 
           [170/25602816] via 10.92.242.1, 2w5d, GigabitEthernet1/0/23
D EX     146.195.255.20/32 
           [170/2562816] via 10.92.242.1, 5w5d, GigabitEthernet1/0/23
      172.16.0.0/24 is subnetted, 1 subnets
D EX     172.16.65.0 
           [170/25602816] via 10.92.242.1, 2w5d, GigabitEthernet1/0/23
      172.17.0.0/24 is subnetted, 1 subnets
D EX     172.17.65.0 
           [170/25602816] via 10.92.242.1, 2w5d, GigabitEthernet1/0/23
      172.24.0.0/16 is variably subnetted, 6 subnets, 3 masks
D EX     172.24.96.0/21 
           [170/25602816] via 10.92.242.1, 2w5d, GigabitEthernet1/0/23
D EX     172.24.108.0/24 
           [170/25602816] via 10.92.242.1, 2w5d, GigabitEthernet1/0/23
D EX     172.24.109.0/24 
           [170/25602816] via 10.92.242.1, 2w5d, GigabitEthernet1/0/23
D EX     172.24.112.0/22 
           [170/25602816] via 10.92.242.1, 2w5d, GigabitEthernet1/0/23
D EX     172.24.120.0/24 
           [170/25602816] via 10.92.242.1, 2w5d, GigabitEthernet1/0/23
D EX     172.24.192.0/24 
           [170/25602816] via 10.92.242.1, 2w5d, GigabitEthernet1/0/23
      172.25.0.0/16 is variably subnetted, 2 subnets, 2 masks
D EX     172.25.104.0/24 
           [170/25602816] via 10.92.242.1, 2w5d, GigabitEthernet1/0/23
D EX     172.25.105.0/26 
           [170/25602816] via 10.92.242.1, 2w5d, GigabitEthernet1/0/23
      172.27.0.0/26 is subnetted, 1 subnets
D EX     172.27.0.0 
           [170/25602816] via 10.92.242.1, 2w5d, GigabitEthernet1/0/23
      172.28.0.0/26 is subnetted, 1 subnets
D EX     172.28.8.64 
           [170/25602816] via 10.92.242.1, 2w5d, GigabitEthernet1/0/23
      172.29.0.0/24 is subnetted, 1 subnets
D EX     172.29.1.0 
           [170/25602816] via 10.92.242.1, 5w5d, GigabitEthernet1/0/23
      202.12.199.0/32 is subnetted, 6 subnets
D EX     202.12.199.90 
           [170/25602816] via 10.92.242.1, 5w5d, GigabitEthernet1/0/23
D EX     202.12.199.91 
           [170/25602816] via 10.92.242.1, 5w5d, GigabitEthernet1/0/23
D EX     202.12.199.92 
           [170/25602816] via 10.92.242.1, 5w5d, GigabitEthernet1/0/23
D EX     202.12.199.93 
           [170/25602816] via 10.92.242.1, 5w5d, GigabitEthernet1/0/23
D EX     202.12.199.187 
           [170/25602816] via 10.92.242.1, 5w5d, GigabitEthernet1/0/23
D EX     202.12.199.199 
           [170/25602816] via 10.92.242.1, 5w5d, GigabitEthernet1/0/23
      203.41.188.0/28 is subnetted, 1 subnets
D EX     203.41.188.96 
           [170/25602816] via 10.92.242.1, 5w5d, GigabitEthernet1/0/23
      203.42.70.0/28 is subnetted, 1 subnets
D EX     203.42.70.224 
           [170/25602816] via 10.92.242.1, 5w5d, GigabitEthernet1/0/23
      203.52.0.0/24 is variably subnetted, 2 subnets, 2 masks
D EX     203.52.0.0/24 
           [170/25602816] via 10.92.242.1, 5w5d, GigabitEthernet1/0/23
D EX     203.52.0.192/27 
           [170/25602816] via 10.92.242.1, 5w5d, GigabitEthernet1/0/23
      203.52.1.0/24 is variably subnetted, 2 subnets, 2 masks
D EX     203.52.1.0/24 
           [170/25602816] via 10.92.242.1, 5w5d, GigabitEthernet1/0/23
D EX     203.52.1.192/27 
           [170/25602816] via 10.92.242.1, 5w5d, GigabitEthernet1/0/23
      203.52.2.0/28 is subnetted, 1 subnets
D EX     203.52.2.160 
           [170/25602816] via 10.92.242.1, 5w5d, GigabitEthernet1/0/23
STHX-01-SW1#Show inv
NAME: "c36xx Stack", DESCR: "c36xx Stack"
PID: WS-C3650-24PS     , VID: V01  , SN: FDO1820Q1D1

NAME: "Switch 1", DESCR: "WS-C3650-24PS-S"
PID: WS-C3650-24PS-S   , VID: V01  , SN: FDO1820Q1D1

NAME: "Switch 1 - Power Supply A", DESCR: "Switch 1 - Power Supply A"
PID: PWR-C2-640WAC     , VID: V01  , SN: LIT18160LB8

NAME: "GigabitEthernet1/1/1", DESCR: "1000BaseSX SFP"
PID: GLC-SX-MMD         , VID: V01  , SN: AGJ1826R4P6    


STHX-01-SW1#exit
